[ 2017-05-11T19:19:46+08:00 ] 127.0.0.1 /index.php?m=Home&c=Book&a=index
NOTIC: [8] Use of undefined constant index - assumed 'index' E:\xampp\htdocs\book\data\runtime\Cache\Home\11d56a22871513308fc02b15e919a6ac.php 第 36 行.
NOTIC: [8] Use of undefined constant index - assumed 'index' E:\xampp\htdocs\book\data\runtime\Cache\Home\11d56a22871513308fc02b15e919a6ac.php 第 39 行.
NOTIC: [8] Use of undefined constant index - assumed 'index' E:\xampp\htdocs\book\data\runtime\Cache\Home\11d56a22871513308fc02b15e919a6ac.php 第 39 行.
NOTIC: [8] Use of undefined constant index - assumed 'index' E:\xampp\htdocs\book\data\runtime\Cache\Home\11d56a22871513308fc02b15e919a6ac.php 第 39 行.

[ 2017-05-11T19:31:35+08:00 ] 127.0.0.1 /index.php?m=Home&c=Book&a=index
NOTIC: [8] Use of undefined constant index - assumed 'index' E:\xampp\htdocs\book\data\runtime\Cache\Home\11d56a22871513308fc02b15e919a6ac.php 第 36 行.
NOTIC: [8] Use of undefined constant index - assumed 'index' E:\xampp\htdocs\book\data\runtime\Cache\Home\11d56a22871513308fc02b15e919a6ac.php 第 39 行.
NOTIC: [8] Use of undefined constant index - assumed 'index' E:\xampp\htdocs\book\data\runtime\Cache\Home\11d56a22871513308fc02b15e919a6ac.php 第 39 行.
NOTIC: [8] Use of undefined constant index - assumed 'index' E:\xampp\htdocs\book\data\runtime\Cache\Home\11d56a22871513308fc02b15e919a6ac.php 第 39 行.

[ 2017-05-11T19:36:29+08:00 ] 127.0.0.1 /index.php?m=Home&c=Book&a=index&id=2
NOTIC: [8] Use of undefined constant index - assumed 'index' E:\xampp\htdocs\book\data\runtime\Cache\Home\11d56a22871513308fc02b15e919a6ac.php 第 36 行.
NOTIC: [8] Use of undefined constant index - assumed 'index' E:\xampp\htdocs\book\data\runtime\Cache\Home\11d56a22871513308fc02b15e919a6ac.php 第 39 行.
NOTIC: [8] Use of undefined constant index - assumed 'index' E:\xampp\htdocs\book\data\runtime\Cache\Home\11d56a22871513308fc02b15e919a6ac.php 第 39 行.
NOTIC: [8] Use of undefined constant index - assumed 'index' E:\xampp\htdocs\book\data\runtime\Cache\Home\11d56a22871513308fc02b15e919a6ac.php 第 39 行.

[ 2017-05-11T19:36:34+08:00 ] 127.0.0.1 /index.php?m=Home&c=Book&a=index&id=3
NOTIC: [8] Use of undefined constant index - assumed 'index' E:\xampp\htdocs\book\data\runtime\Cache\Home\11d56a22871513308fc02b15e919a6ac.php 第 36 行.
NOTIC: [8] Use of undefined constant index - assumed 'index' E:\xampp\htdocs\book\data\runtime\Cache\Home\11d56a22871513308fc02b15e919a6ac.php 第 39 行.
NOTIC: [8] Use of undefined constant index - assumed 'index' E:\xampp\htdocs\book\data\runtime\Cache\Home\11d56a22871513308fc02b15e919a6ac.php 第 39 行.
NOTIC: [8] Use of undefined constant index - assumed 'index' E:\xampp\htdocs\book\data\runtime\Cache\Home\11d56a22871513308fc02b15e919a6ac.php 第 39 行.

[ 2017-05-11T19:36:38+08:00 ] 127.0.0.1 /index.php?m=Home&c=Book&a=index&id=5
NOTIC: [8] Use of undefined constant index - assumed 'index' E:\xampp\htdocs\book\data\runtime\Cache\Home\11d56a22871513308fc02b15e919a6ac.php 第 36 行.
NOTIC: [8] Use of undefined constant index - assumed 'index' E:\xampp\htdocs\book\data\runtime\Cache\Home\11d56a22871513308fc02b15e919a6ac.php 第 39 行.
NOTIC: [8] Use of undefined constant index - assumed 'index' E:\xampp\htdocs\book\data\runtime\Cache\Home\11d56a22871513308fc02b15e919a6ac.php 第 39 行.
NOTIC: [8] Use of undefined constant index - assumed 'index' E:\xampp\htdocs\book\data\runtime\Cache\Home\11d56a22871513308fc02b15e919a6ac.php 第 39 行.

[ 2017-05-11T19:36:43+08:00 ] 127.0.0.1 /index.php?m=Home&c=Book&a=index&id=3
NOTIC: [8] Use of undefined constant index - assumed 'index' E:\xampp\htdocs\book\data\runtime\Cache\Home\11d56a22871513308fc02b15e919a6ac.php 第 36 行.
NOTIC: [8] Use of undefined constant index - assumed 'index' E:\xampp\htdocs\book\data\runtime\Cache\Home\11d56a22871513308fc02b15e919a6ac.php 第 39 行.
NOTIC: [8] Use of undefined constant index - assumed 'index' E:\xampp\htdocs\book\data\runtime\Cache\Home\11d56a22871513308fc02b15e919a6ac.php 第 39 行.
NOTIC: [8] Use of undefined constant index - assumed 'index' E:\xampp\htdocs\book\data\runtime\Cache\Home\11d56a22871513308fc02b15e919a6ac.php 第 39 行.

[ 2017-05-11T19:36:58+08:00 ] 127.0.0.1 /index.php?m=Home&c=Book&a=index
NOTIC: [8] Use of undefined constant index - assumed 'index' E:\xampp\htdocs\book\data\runtime\Cache\Home\11d56a22871513308fc02b15e919a6ac.php 第 36 行.
NOTIC: [8] Use of undefined constant index - assumed 'index' E:\xampp\htdocs\book\data\runtime\Cache\Home\11d56a22871513308fc02b15e919a6ac.php 第 39 行.
NOTIC: [8] Use of undefined constant index - assumed 'index' E:\xampp\htdocs\book\data\runtime\Cache\Home\11d56a22871513308fc02b15e919a6ac.php 第 39 行.
NOTIC: [8] Use of undefined constant index - assumed 'index' E:\xampp\htdocs\book\data\runtime\Cache\Home\11d56a22871513308fc02b15e919a6ac.php 第 39 行.

[ 2017-05-11T19:37:03+08:00 ] 127.0.0.1 /index.php?m=Home&c=Book&a=index&id=2
NOTIC: [8] Use of undefined constant index - assumed 'index' E:\xampp\htdocs\book\data\runtime\Cache\Home\11d56a22871513308fc02b15e919a6ac.php 第 36 行.
NOTIC: [8] Use of undefined constant index - assumed 'index' E:\xampp\htdocs\book\data\runtime\Cache\Home\11d56a22871513308fc02b15e919a6ac.php 第 39 行.
NOTIC: [8] Use of undefined constant index - assumed 'index' E:\xampp\htdocs\book\data\runtime\Cache\Home\11d56a22871513308fc02b15e919a6ac.php 第 39 行.
NOTIC: [8] Use of undefined constant index - assumed 'index' E:\xampp\htdocs\book\data\runtime\Cache\Home\11d56a22871513308fc02b15e919a6ac.php 第 39 行.

[ 2017-05-11T19:38:30+08:00 ] 127.0.0.1 /index.php?m=Home&c=Book&a=index
NOTIC: [8] Use of undefined constant index - assumed 'index' E:\xampp\htdocs\book\data\runtime\Cache\Home\11d56a22871513308fc02b15e919a6ac.php 第 36 行.
NOTIC: [8] Use of undefined constant index - assumed 'index' E:\xampp\htdocs\book\data\runtime\Cache\Home\11d56a22871513308fc02b15e919a6ac.php 第 39 行.
NOTIC: [8] Use of undefined constant index - assumed 'index' E:\xampp\htdocs\book\data\runtime\Cache\Home\11d56a22871513308fc02b15e919a6ac.php 第 39 行.
NOTIC: [8] Use of undefined constant index - assumed 'index' E:\xampp\htdocs\book\data\runtime\Cache\Home\11d56a22871513308fc02b15e919a6ac.php 第 39 行.

[ 2017-05-11T19:39:10+08:00 ] 127.0.0.1 /index.php?m=Home&c=Book&a=index&id=2
NOTIC: [8] Use of undefined constant index - assumed 'index' E:\xampp\htdocs\book\data\runtime\Cache\Home\11d56a22871513308fc02b15e919a6ac.php 第 36 行.
NOTIC: [8] Use of undefined constant index - assumed 'index' E:\xampp\htdocs\book\data\runtime\Cache\Home\11d56a22871513308fc02b15e919a6ac.php 第 39 行.
NOTIC: [8] Use of undefined constant index - assumed 'index' E:\xampp\htdocs\book\data\runtime\Cache\Home\11d56a22871513308fc02b15e919a6ac.php 第 39 行.
NOTIC: [8] Use of undefined constant index - assumed 'index' E:\xampp\htdocs\book\data\runtime\Cache\Home\11d56a22871513308fc02b15e919a6ac.php 第 39 行.

[ 2017-05-11T19:39:45+08:00 ] 127.0.0.1 /index.php?m=Home&c=Book&a=index
NOTIC: [8] Use of undefined constant index - assumed 'index' E:\xampp\htdocs\book\data\runtime\Cache\Home\11d56a22871513308fc02b15e919a6ac.php 第 36 行.
NOTIC: [8] Use of undefined constant index - assumed 'index' E:\xampp\htdocs\book\data\runtime\Cache\Home\11d56a22871513308fc02b15e919a6ac.php 第 39 行.
NOTIC: [8] Use of undefined constant index - assumed 'index' E:\xampp\htdocs\book\data\runtime\Cache\Home\11d56a22871513308fc02b15e919a6ac.php 第 39 行.
NOTIC: [8] Use of undefined constant index - assumed 'index' E:\xampp\htdocs\book\data\runtime\Cache\Home\11d56a22871513308fc02b15e919a6ac.php 第 39 行.

[ 2017-05-11T19:40:43+08:00 ] 127.0.0.1 /index.php?m=Home&c=Book&a=index
NOTIC: [8] Use of undefined constant index - assumed 'index' E:\xampp\htdocs\book\data\runtime\Cache\Home\11d56a22871513308fc02b15e919a6ac.php 第 36 行.
NOTIC: [8] Use of undefined constant index - assumed 'index' E:\xampp\htdocs\book\data\runtime\Cache\Home\11d56a22871513308fc02b15e919a6ac.php 第 39 行.
NOTIC: [8] Use of undefined constant index - assumed 'index' E:\xampp\htdocs\book\data\runtime\Cache\Home\11d56a22871513308fc02b15e919a6ac.php 第 39 行.
NOTIC: [8] Use of undefined constant index - assumed 'index' E:\xampp\htdocs\book\data\runtime\Cache\Home\11d56a22871513308fc02b15e919a6ac.php 第 39 行.

[ 2017-05-11T19:43:49+08:00 ] 127.0.0.1 /index.php?m=Home&c=Book&a=index
NOTIC: [8] Use of undefined constant index - assumed 'index' E:\xampp\htdocs\book\data\runtime\Cache\Home\11d56a22871513308fc02b15e919a6ac.php 第 36 行.
NOTIC: [8] Use of undefined constant index - assumed 'index' E:\xampp\htdocs\book\data\runtime\Cache\Home\11d56a22871513308fc02b15e919a6ac.php 第 39 行.
NOTIC: [8] Use of undefined constant index - assumed 'index' E:\xampp\htdocs\book\data\runtime\Cache\Home\11d56a22871513308fc02b15e919a6ac.php 第 39 行.
NOTIC: [8] Use of undefined constant index - assumed 'index' E:\xampp\htdocs\book\data\runtime\Cache\Home\11d56a22871513308fc02b15e919a6ac.php 第 39 行.

[ 2017-05-11T19:47:04+08:00 ] 127.0.0.1 /index.php?m=Home&c=Book&a=index
NOTIC: [8] Use of undefined constant index - assumed 'index' E:\xampp\htdocs\book\data\runtime\Cache\Home\11d56a22871513308fc02b15e919a6ac.php 第 36 行.
NOTIC: [8] Use of undefined constant index - assumed 'index' E:\xampp\htdocs\book\data\runtime\Cache\Home\11d56a22871513308fc02b15e919a6ac.php 第 39 行.
NOTIC: [8] Use of undefined constant index - assumed 'index' E:\xampp\htdocs\book\data\runtime\Cache\Home\11d56a22871513308fc02b15e919a6ac.php 第 39 行.
NOTIC: [8] Use of undefined constant index - assumed 'index' E:\xampp\htdocs\book\data\runtime\Cache\Home\11d56a22871513308fc02b15e919a6ac.php 第 39 行.

[ 2017-05-11T19:47:11+08:00 ] 127.0.0.1 /index.php?m=Home&c=Book&a=index&id=2
NOTIC: [8] Use of undefined constant index - assumed 'index' E:\xampp\htdocs\book\data\runtime\Cache\Home\11d56a22871513308fc02b15e919a6ac.php 第 36 行.
NOTIC: [8] Use of undefined constant index - assumed 'index' E:\xampp\htdocs\book\data\runtime\Cache\Home\11d56a22871513308fc02b15e919a6ac.php 第 39 行.
NOTIC: [8] Use of undefined constant index - assumed 'index' E:\xampp\htdocs\book\data\runtime\Cache\Home\11d56a22871513308fc02b15e919a6ac.php 第 39 行.
NOTIC: [8] Use of undefined constant index - assumed 'index' E:\xampp\htdocs\book\data\runtime\Cache\Home\11d56a22871513308fc02b15e919a6ac.php 第 39 行.

[ 2017-05-11T19:47:16+08:00 ] 127.0.0.1 /index.php?m=Home&c=Book&a=index&id=3
NOTIC: [8] Use of undefined constant index - assumed 'index' E:\xampp\htdocs\book\data\runtime\Cache\Home\11d56a22871513308fc02b15e919a6ac.php 第 36 行.
NOTIC: [8] Use of undefined constant index - assumed 'index' E:\xampp\htdocs\book\data\runtime\Cache\Home\11d56a22871513308fc02b15e919a6ac.php 第 39 行.
NOTIC: [8] Use of undefined constant index - assumed 'index' E:\xampp\htdocs\book\data\runtime\Cache\Home\11d56a22871513308fc02b15e919a6ac.php 第 39 行.
NOTIC: [8] Use of undefined constant index - assumed 'index' E:\xampp\htdocs\book\data\runtime\Cache\Home\11d56a22871513308fc02b15e919a6ac.php 第 39 行.

[ 2017-05-11T19:48:21+08:00 ] 127.0.0.1 /index.php?m=Home&c=Book&a=index&id=3
NOTIC: [8] Use of undefined constant index - assumed 'index' E:\xampp\htdocs\book\data\runtime\Cache\Home\11d56a22871513308fc02b15e919a6ac.php 第 36 行.
NOTIC: [8] Use of undefined constant index - assumed 'index' E:\xampp\htdocs\book\data\runtime\Cache\Home\11d56a22871513308fc02b15e919a6ac.php 第 39 行.
NOTIC: [8] Use of undefined constant index - assumed 'index' E:\xampp\htdocs\book\data\runtime\Cache\Home\11d56a22871513308fc02b15e919a6ac.php 第 39 行.
NOTIC: [8] Use of undefined constant index - assumed 'index' E:\xampp\htdocs\book\data\runtime\Cache\Home\11d56a22871513308fc02b15e919a6ac.php 第 39 行.

[ 2017-05-11T19:48:23+08:00 ] 127.0.0.1 /index.php?m=Home&c=Book&a=index&id=2
NOTIC: [8] Use of undefined constant index - assumed 'index' E:\xampp\htdocs\book\data\runtime\Cache\Home\11d56a22871513308fc02b15e919a6ac.php 第 36 行.
NOTIC: [8] Use of undefined constant index - assumed 'index' E:\xampp\htdocs\book\data\runtime\Cache\Home\11d56a22871513308fc02b15e919a6ac.php 第 39 行.
NOTIC: [8] Use of undefined constant index - assumed 'index' E:\xampp\htdocs\book\data\runtime\Cache\Home\11d56a22871513308fc02b15e919a6ac.php 第 39 行.
NOTIC: [8] Use of undefined constant index - assumed 'index' E:\xampp\htdocs\book\data\runtime\Cache\Home\11d56a22871513308fc02b15e919a6ac.php 第 39 行.

[ 2017-05-11T19:49:24+08:00 ] 127.0.0.1 /index.php?m=Home&c=Book&a=index&id=2
NOTIC: [8] Use of undefined constant index - assumed 'index' E:\xampp\htdocs\book\data\runtime\Cache\Home\11d56a22871513308fc02b15e919a6ac.php 第 36 行.
NOTIC: [8] Use of undefined constant index - assumed 'index' E:\xampp\htdocs\book\data\runtime\Cache\Home\11d56a22871513308fc02b15e919a6ac.php 第 39 行.
NOTIC: [8] Use of undefined constant index - assumed 'index' E:\xampp\htdocs\book\data\runtime\Cache\Home\11d56a22871513308fc02b15e919a6ac.php 第 39 行.
NOTIC: [8] Use of undefined constant index - assumed 'index' E:\xampp\htdocs\book\data\runtime\Cache\Home\11d56a22871513308fc02b15e919a6ac.php 第 39 行.

[ 2017-05-11T19:49:29+08:00 ] 127.0.0.1 /index.php?m=Home&c=Book&a=index
NOTIC: [8] Use of undefined constant index - assumed 'index' E:\xampp\htdocs\book\data\runtime\Cache\Home\11d56a22871513308fc02b15e919a6ac.php 第 36 行.
NOTIC: [8] Use of undefined constant index - assumed 'index' E:\xampp\htdocs\book\data\runtime\Cache\Home\11d56a22871513308fc02b15e919a6ac.php 第 39 行.
NOTIC: [8] Use of undefined constant index - assumed 'index' E:\xampp\htdocs\book\data\runtime\Cache\Home\11d56a22871513308fc02b15e919a6ac.php 第 39 行.
NOTIC: [8] Use of undefined constant index - assumed 'index' E:\xampp\htdocs\book\data\runtime\Cache\Home\11d56a22871513308fc02b15e919a6ac.php 第 39 行.

[ 2017-05-11T19:49:38+08:00 ] 127.0.0.1 /index.php?m=Home&c=Book&a=index&id=2
NOTIC: [8] Use of undefined constant index - assumed 'index' E:\xampp\htdocs\book\data\runtime\Cache\Home\11d56a22871513308fc02b15e919a6ac.php 第 36 行.
NOTIC: [8] Use of undefined constant index - assumed 'index' E:\xampp\htdocs\book\data\runtime\Cache\Home\11d56a22871513308fc02b15e919a6ac.php 第 39 行.
NOTIC: [8] Use of undefined constant index - assumed 'index' E:\xampp\htdocs\book\data\runtime\Cache\Home\11d56a22871513308fc02b15e919a6ac.php 第 39 行.
NOTIC: [8] Use of undefined constant index - assumed 'index' E:\xampp\htdocs\book\data\runtime\Cache\Home\11d56a22871513308fc02b15e919a6ac.php 第 39 行.

[ 2017-05-11T19:49:45+08:00 ] 127.0.0.1 /index.php?m=Home&c=Book&a=index&id=2
NOTIC: [8] Use of undefined constant index - assumed 'index' E:\xampp\htdocs\book\data\runtime\Cache\Home\11d56a22871513308fc02b15e919a6ac.php 第 36 行.
NOTIC: [8] Use of undefined constant index - assumed 'index' E:\xampp\htdocs\book\data\runtime\Cache\Home\11d56a22871513308fc02b15e919a6ac.php 第 39 行.
NOTIC: [8] Use of undefined constant index - assumed 'index' E:\xampp\htdocs\book\data\runtime\Cache\Home\11d56a22871513308fc02b15e919a6ac.php 第 39 行.
NOTIC: [8] Use of undefined constant index - assumed 'index' E:\xampp\htdocs\book\data\runtime\Cache\Home\11d56a22871513308fc02b15e919a6ac.php 第 39 行.

[ 2017-05-11T19:50:24+08:00 ] 127.0.0.1 /index.php?m=Home&c=Book&a=index&id=3
NOTIC: [8] Use of undefined constant index - assumed 'index' E:\xampp\htdocs\book\data\runtime\Cache\Home\11d56a22871513308fc02b15e919a6ac.php 第 36 行.
NOTIC: [8] Use of undefined constant index - assumed 'index' E:\xampp\htdocs\book\data\runtime\Cache\Home\11d56a22871513308fc02b15e919a6ac.php 第 39 行.
NOTIC: [8] Use of undefined constant index - assumed 'index' E:\xampp\htdocs\book\data\runtime\Cache\Home\11d56a22871513308fc02b15e919a6ac.php 第 39 行.
NOTIC: [8] Use of undefined constant index - assumed 'index' E:\xampp\htdocs\book\data\runtime\Cache\Home\11d56a22871513308fc02b15e919a6ac.php 第 39 行.

[ 2017-05-11T19:50:29+08:00 ] 127.0.0.1 /index.php?m=Home&c=Book&a=index&id=5
NOTIC: [8] Use of undefined constant index - assumed 'index' E:\xampp\htdocs\book\data\runtime\Cache\Home\11d56a22871513308fc02b15e919a6ac.php 第 36 行.
NOTIC: [8] Use of undefined constant index - assumed 'index' E:\xampp\htdocs\book\data\runtime\Cache\Home\11d56a22871513308fc02b15e919a6ac.php 第 39 行.
NOTIC: [8] Use of undefined constant index - assumed 'index' E:\xampp\htdocs\book\data\runtime\Cache\Home\11d56a22871513308fc02b15e919a6ac.php 第 39 行.
NOTIC: [8] Use of undefined constant index - assumed 'index' E:\xampp\htdocs\book\data\runtime\Cache\Home\11d56a22871513308fc02b15e919a6ac.php 第 39 行.

[ 2017-05-11T19:56:09+08:00 ] 127.0.0.1 /index.php?m=Home&c=Book&a=hot
NOTIC: [8] Undefined variable: v E:\xampp\htdocs\book\data\runtime\Cache\Home\2364bec948d3a8afd47a83d00e75c21e.php 第 31 行.
NOTIC: [8] Undefined variable: v E:\xampp\htdocs\book\data\runtime\Cache\Home\2364bec948d3a8afd47a83d00e75c21e.php 第 31 行.
NOTIC: [8] Undefined variable: v E:\xampp\htdocs\book\data\runtime\Cache\Home\2364bec948d3a8afd47a83d00e75c21e.php 第 31 行.
NOTIC: [8] Undefined variable: v E:\xampp\htdocs\book\data\runtime\Cache\Home\2364bec948d3a8afd47a83d00e75c21e.php 第 31 行.
NOTIC: [8] Undefined variable: v E:\xampp\htdocs\book\data\runtime\Cache\Home\2364bec948d3a8afd47a83d00e75c21e.php 第 31 行.
NOTIC: [8] Undefined variable: v E:\xampp\htdocs\book\data\runtime\Cache\Home\2364bec948d3a8afd47a83d00e75c21e.php 第 31 行.

[ 2017-05-11T19:56:12+08:00 ] 127.0.0.1 /index.php?m=Home&c=Book&a=hotsell
NOTIC: [8] Undefined variable: v E:\xampp\htdocs\book\data\runtime\Cache\Home\8edeace2a18b1f4996ed51e98919e3ef.php 第 31 行.
NOTIC: [8] Undefined variable: v E:\xampp\htdocs\book\data\runtime\Cache\Home\8edeace2a18b1f4996ed51e98919e3ef.php 第 31 行.
NOTIC: [8] Undefined variable: v E:\xampp\htdocs\book\data\runtime\Cache\Home\8edeace2a18b1f4996ed51e98919e3ef.php 第 31 行.
NOTIC: [8] Undefined variable: v E:\xampp\htdocs\book\data\runtime\Cache\Home\8edeace2a18b1f4996ed51e98919e3ef.php 第 31 行.
NOTIC: [8] Undefined variable: v E:\xampp\htdocs\book\data\runtime\Cache\Home\8edeace2a18b1f4996ed51e98919e3ef.php 第 31 行.
NOTIC: [8] Undefined variable: v E:\xampp\htdocs\book\data\runtime\Cache\Home\8edeace2a18b1f4996ed51e98919e3ef.php 第 31 行.

[ 2017-05-11T20:05:14+08:00 ] 127.0.0.1 /index.php?m=Home&c=Book&a=hot
NOTIC: [8] Undefined variable: v E:\xampp\htdocs\book\data\runtime\Cache\Home\2364bec948d3a8afd47a83d00e75c21e.php 第 31 行.
NOTIC: [8] Undefined variable: v E:\xampp\htdocs\book\data\runtime\Cache\Home\2364bec948d3a8afd47a83d00e75c21e.php 第 31 行.
NOTIC: [8] Undefined variable: v E:\xampp\htdocs\book\data\runtime\Cache\Home\2364bec948d3a8afd47a83d00e75c21e.php 第 31 行.
NOTIC: [8] Undefined variable: v E:\xampp\htdocs\book\data\runtime\Cache\Home\2364bec948d3a8afd47a83d00e75c21e.php 第 31 行.
NOTIC: [8] Undefined variable: v E:\xampp\htdocs\book\data\runtime\Cache\Home\2364bec948d3a8afd47a83d00e75c21e.php 第 31 行.
NOTIC: [8] Undefined variable: v E:\xampp\htdocs\book\data\runtime\Cache\Home\2364bec948d3a8afd47a83d00e75c21e.php 第 31 行.

[ 2017-05-11T20:05:17+08:00 ] 127.0.0.1 /index.php?m=Home&c=Book&a=hotsell
NOTIC: [8] Undefined variable: v E:\xampp\htdocs\book\data\runtime\Cache\Home\8edeace2a18b1f4996ed51e98919e3ef.php 第 31 行.
NOTIC: [8] Undefined variable: v E:\xampp\htdocs\book\data\runtime\Cache\Home\8edeace2a18b1f4996ed51e98919e3ef.php 第 31 行.
NOTIC: [8] Undefined variable: v E:\xampp\htdocs\book\data\runtime\Cache\Home\8edeace2a18b1f4996ed51e98919e3ef.php 第 31 行.
NOTIC: [8] Undefined variable: v E:\xampp\htdocs\book\data\runtime\Cache\Home\8edeace2a18b1f4996ed51e98919e3ef.php 第 31 行.
NOTIC: [8] Undefined variable: v E:\xampp\htdocs\book\data\runtime\Cache\Home\8edeace2a18b1f4996ed51e98919e3ef.php 第 31 行.
NOTIC: [8] Undefined variable: v E:\xampp\htdocs\book\data\runtime\Cache\Home\8edeace2a18b1f4996ed51e98919e3ef.php 第 31 行.

[ 2017-05-11T20:05:19+08:00 ] 127.0.0.1 /index.php?m=Home&c=Book&a=hot
NOTIC: [8] Undefined variable: v E:\xampp\htdocs\book\data\runtime\Cache\Home\2364bec948d3a8afd47a83d00e75c21e.php 第 31 行.
NOTIC: [8] Undefined variable: v E:\xampp\htdocs\book\data\runtime\Cache\Home\2364bec948d3a8afd47a83d00e75c21e.php 第 31 行.
NOTIC: [8] Undefined variable: v E:\xampp\htdocs\book\data\runtime\Cache\Home\2364bec948d3a8afd47a83d00e75c21e.php 第 31 行.
NOTIC: [8] Undefined variable: v E:\xampp\htdocs\book\data\runtime\Cache\Home\2364bec948d3a8afd47a83d00e75c21e.php 第 31 行.
NOTIC: [8] Undefined variable: v E:\xampp\htdocs\book\data\runtime\Cache\Home\2364bec948d3a8afd47a83d00e75c21e.php 第 31 行.
NOTIC: [8] Undefined variable: v E:\xampp\htdocs\book\data\runtime\Cache\Home\2364bec948d3a8afd47a83d00e75c21e.php 第 31 行.

[ 2017-05-11T20:05:20+08:00 ] 127.0.0.1 /index.php?m=Home&c=Book&a=index
NOTIC: [8] Use of undefined constant index - assumed 'index' E:\xampp\htdocs\book\data\runtime\Cache\Home\11d56a22871513308fc02b15e919a6ac.php 第 36 行.
NOTIC: [8] Use of undefined constant index - assumed 'index' E:\xampp\htdocs\book\data\runtime\Cache\Home\11d56a22871513308fc02b15e919a6ac.php 第 39 行.
NOTIC: [8] Use of undefined constant index - assumed 'index' E:\xampp\htdocs\book\data\runtime\Cache\Home\11d56a22871513308fc02b15e919a6ac.php 第 39 行.
NOTIC: [8] Use of undefined constant index - assumed 'index' E:\xampp\htdocs\book\data\runtime\Cache\Home\11d56a22871513308fc02b15e919a6ac.php 第 39 行.

[ 2017-05-11T20:05:28+08:00 ] 127.0.0.1 /index.php?m=Home&c=Book&a=so&so=
NOTIC: [8] Undefined variable: v E:\xampp\htdocs\book\data\runtime\Cache\Home\506ca348ff48fa2d77d52276fcc469b3.php 第 31 行.
NOTIC: [8] Undefined variable: v E:\xampp\htdocs\book\data\runtime\Cache\Home\506ca348ff48fa2d77d52276fcc469b3.php 第 31 行.
NOTIC: [8] Undefined variable: v E:\xampp\htdocs\book\data\runtime\Cache\Home\506ca348ff48fa2d77d52276fcc469b3.php 第 31 行.
NOTIC: [8] Undefined variable: v E:\xampp\htdocs\book\data\runtime\Cache\Home\506ca348ff48fa2d77d52276fcc469b3.php 第 31 行.
NOTIC: [8] Undefined variable: v E:\xampp\htdocs\book\data\runtime\Cache\Home\506ca348ff48fa2d77d52276fcc469b3.php 第 31 行.
NOTIC: [8] Undefined variable: v E:\xampp\htdocs\book\data\runtime\Cache\Home\506ca348ff48fa2d77d52276fcc469b3.php 第 31 行.
NOTIC: [8] Undefined variable: v E:\xampp\htdocs\book\data\runtime\Cache\Home\506ca348ff48fa2d77d52276fcc469b3.php 第 31 行.

[ 2017-05-11T20:05:34+08:00 ] 127.0.0.1 /index.php?m=Home&c=Book&a=index
NOTIC: [8] Use of undefined constant index - assumed 'index' E:\xampp\htdocs\book\data\runtime\Cache\Home\11d56a22871513308fc02b15e919a6ac.php 第 36 行.
NOTIC: [8] Use of undefined constant index - assumed 'index' E:\xampp\htdocs\book\data\runtime\Cache\Home\11d56a22871513308fc02b15e919a6ac.php 第 39 行.
NOTIC: [8] Use of undefined constant index - assumed 'index' E:\xampp\htdocs\book\data\runtime\Cache\Home\11d56a22871513308fc02b15e919a6ac.php 第 39 行.
NOTIC: [8] Use of undefined constant index - assumed 'index' E:\xampp\htdocs\book\data\runtime\Cache\Home\11d56a22871513308fc02b15e919a6ac.php 第 39 行.

[ 2017-05-11T20:05:36+08:00 ] 127.0.0.1 /index.php?m=Home&c=Book&a=so&so=
NOTIC: [8] Undefined variable: v E:\xampp\htdocs\book\data\runtime\Cache\Home\506ca348ff48fa2d77d52276fcc469b3.php 第 31 行.
NOTIC: [8] Undefined variable: v E:\xampp\htdocs\book\data\runtime\Cache\Home\506ca348ff48fa2d77d52276fcc469b3.php 第 31 行.
NOTIC: [8] Undefined variable: v E:\xampp\htdocs\book\data\runtime\Cache\Home\506ca348ff48fa2d77d52276fcc469b3.php 第 31 行.
NOTIC: [8] Undefined variable: v E:\xampp\htdocs\book\data\runtime\Cache\Home\506ca348ff48fa2d77d52276fcc469b3.php 第 31 行.
NOTIC: [8] Undefined variable: v E:\xampp\htdocs\book\data\runtime\Cache\Home\506ca348ff48fa2d77d52276fcc469b3.php 第 31 行.
NOTIC: [8] Undefined variable: v E:\xampp\htdocs\book\data\runtime\Cache\Home\506ca348ff48fa2d77d52276fcc469b3.php 第 31 行.
NOTIC: [8] Undefined variable: v E:\xampp\htdocs\book\data\runtime\Cache\Home\506ca348ff48fa2d77d52276fcc469b3.php 第 31 行.

[ 2017-05-11T20:05:57+08:00 ] 127.0.0.1 /index.php?m=Home&c=Book&a=index
NOTIC: [8] Use of undefined constant index - assumed 'index' E:\xampp\htdocs\book\data\runtime\Cache\Home\11d56a22871513308fc02b15e919a6ac.php 第 36 行.
NOTIC: [8] Use of undefined constant index - assumed 'index' E:\xampp\htdocs\book\data\runtime\Cache\Home\11d56a22871513308fc02b15e919a6ac.php 第 39 行.
NOTIC: [8] Use of undefined constant index - assumed 'index' E:\xampp\htdocs\book\data\runtime\Cache\Home\11d56a22871513308fc02b15e919a6ac.php 第 39 行.
NOTIC: [8] Use of undefined constant index - assumed 'index' E:\xampp\htdocs\book\data\runtime\Cache\Home\11d56a22871513308fc02b15e919a6ac.php 第 39 行.

[ 2017-05-11T20:06:19+08:00 ] 127.0.0.1 /index.php?m=Home&c=Book&a=so&so=%E5%A7%9A%E9%84%82%E6%A2%85
NOTIC: [8] Undefined variable: v E:\xampp\htdocs\book\data\runtime\Cache\Home\506ca348ff48fa2d77d52276fcc469b3.php 第 31 行.
NOTIC: [8] Undefined variable: v E:\xampp\htdocs\book\data\runtime\Cache\Home\506ca348ff48fa2d77d52276fcc469b3.php 第 31 行.
NOTIC: [8] Undefined variable: v E:\xampp\htdocs\book\data\runtime\Cache\Home\506ca348ff48fa2d77d52276fcc469b3.php 第 31 行.
NOTIC: [8] Undefined variable: v E:\xampp\htdocs\book\data\runtime\Cache\Home\506ca348ff48fa2d77d52276fcc469b3.php 第 31 行.
NOTIC: [8] Undefined variable: v E:\xampp\htdocs\book\data\runtime\Cache\Home\506ca348ff48fa2d77d52276fcc469b3.php 第 31 行.
NOTIC: [8] Undefined variable: v E:\xampp\htdocs\book\data\runtime\Cache\Home\506ca348ff48fa2d77d52276fcc469b3.php 第 31 行.

[ 2017-05-11T20:06:29+08:00 ] 127.0.0.1 /index.php?m=Home&c=Book&a=index
NOTIC: [8] Use of undefined constant index - assumed 'index' E:\xampp\htdocs\book\data\runtime\Cache\Home\11d56a22871513308fc02b15e919a6ac.php 第 36 行.
NOTIC: [8] Use of undefined constant index - assumed 'index' E:\xampp\htdocs\book\data\runtime\Cache\Home\11d56a22871513308fc02b15e919a6ac.php 第 39 行.
NOTIC: [8] Use of undefined constant index - assumed 'index' E:\xampp\htdocs\book\data\runtime\Cache\Home\11d56a22871513308fc02b15e919a6ac.php 第 39 行.
NOTIC: [8] Use of undefined constant index - assumed 'index' E:\xampp\htdocs\book\data\runtime\Cache\Home\11d56a22871513308fc02b15e919a6ac.php 第 39 行.

[ 2017-05-11T20:06:44+08:00 ] 127.0.0.1 /index.php?m=Home&c=Book&a=so&so=%E5%A7%9A%E9%84%82%E6%A2%85
NOTIC: [8] Undefined variable: v E:\xampp\htdocs\book\data\runtime\Cache\Home\506ca348ff48fa2d77d52276fcc469b3.php 第 31 行.
NOTIC: [8] Undefined variable: v E:\xampp\htdocs\book\data\runtime\Cache\Home\506ca348ff48fa2d77d52276fcc469b3.php 第 31 行.
NOTIC: [8] Undefined variable: v E:\xampp\htdocs\book\data\runtime\Cache\Home\506ca348ff48fa2d77d52276fcc469b3.php 第 31 行.
NOTIC: [8] Undefined variable: v E:\xampp\htdocs\book\data\runtime\Cache\Home\506ca348ff48fa2d77d52276fcc469b3.php 第 31 行.
NOTIC: [8] Undefined variable: v E:\xampp\htdocs\book\data\runtime\Cache\Home\506ca348ff48fa2d77d52276fcc469b3.php 第 31 行.
NOTIC: [8] Undefined variable: v E:\xampp\htdocs\book\data\runtime\Cache\Home\506ca348ff48fa2d77d52276fcc469b3.php 第 31 行.

[ 2017-05-11T20:06:51+08:00 ] 127.0.0.1 /index.php?m=Home&c=Book&a=index
NOTIC: [8] Use of undefined constant index - assumed 'index' E:\xampp\htdocs\book\data\runtime\Cache\Home\11d56a22871513308fc02b15e919a6ac.php 第 36 行.
NOTIC: [8] Use of undefined constant index - assumed 'index' E:\xampp\htdocs\book\data\runtime\Cache\Home\11d56a22871513308fc02b15e919a6ac.php 第 39 行.
NOTIC: [8] Use of undefined constant index - assumed 'index' E:\xampp\htdocs\book\data\runtime\Cache\Home\11d56a22871513308fc02b15e919a6ac.php 第 39 行.
NOTIC: [8] Use of undefined constant index - assumed 'index' E:\xampp\htdocs\book\data\runtime\Cache\Home\11d56a22871513308fc02b15e919a6ac.php 第 39 行.

[ 2017-05-11T20:07:03+08:00 ] 127.0.0.1 /index.php?m=Home&c=Book&a=so&so=%E8%AF%BB%E8%80%85
NOTIC: [8] Undefined variable: v E:\xampp\htdocs\book\data\runtime\Cache\Home\506ca348ff48fa2d77d52276fcc469b3.php 第 31 行.
NOTIC: [8] Undefined variable: v E:\xampp\htdocs\book\data\runtime\Cache\Home\506ca348ff48fa2d77d52276fcc469b3.php 第 31 行.
NOTIC: [8] Undefined variable: v E:\xampp\htdocs\book\data\runtime\Cache\Home\506ca348ff48fa2d77d52276fcc469b3.php 第 31 行.
NOTIC: [8] Undefined variable: v E:\xampp\htdocs\book\data\runtime\Cache\Home\506ca348ff48fa2d77d52276fcc469b3.php 第 31 行.
NOTIC: [8] Undefined variable: v E:\xampp\htdocs\book\data\runtime\Cache\Home\506ca348ff48fa2d77d52276fcc469b3.php 第 31 行.
NOTIC: [8] Undefined variable: v E:\xampp\htdocs\book\data\runtime\Cache\Home\506ca348ff48fa2d77d52276fcc469b3.php 第 31 行.

