[ 2017-04-18T15:43:49+08:00 ] 127.0.0.1 /index.php?m=Home&c=Book&a=index
NOTIC: [8] Use of undefined constant index - assumed 'index' E:\xampp\htdocs\book\data\runtime\Cache\Home\11d56a22871513308fc02b15e919a6ac.php 第 26 行.
NOTIC: [8] Use of undefined constant index - assumed 'index' E:\xampp\htdocs\book\data\runtime\Cache\Home\11d56a22871513308fc02b15e919a6ac.php 第 29 行.
NOTIC: [8] Use of undefined constant index - assumed 'index' E:\xampp\htdocs\book\data\runtime\Cache\Home\11d56a22871513308fc02b15e919a6ac.php 第 29 行.
NOTIC: [8] Use of undefined constant index - assumed 'index' E:\xampp\htdocs\book\data\runtime\Cache\Home\11d56a22871513308fc02b15e919a6ac.php 第 29 行.

[ 2017-04-18T15:43:54+08:00 ] 127.0.0.1 /index.php?m=Home&c=Book&a=index
NOTIC: [8] Use of undefined constant index - assumed 'index' E:\xampp\htdocs\book\data\runtime\Cache\Home\11d56a22871513308fc02b15e919a6ac.php 第 26 行.
NOTIC: [8] Use of undefined constant index - assumed 'index' E:\xampp\htdocs\book\data\runtime\Cache\Home\11d56a22871513308fc02b15e919a6ac.php 第 29 行.
NOTIC: [8] Use of undefined constant index - assumed 'index' E:\xampp\htdocs\book\data\runtime\Cache\Home\11d56a22871513308fc02b15e919a6ac.php 第 29 行.
NOTIC: [8] Use of undefined constant index - assumed 'index' E:\xampp\htdocs\book\data\runtime\Cache\Home\11d56a22871513308fc02b15e919a6ac.php 第 29 行.

[ 2017-04-18T15:43:56+08:00 ] 127.0.0.1 /index.php?m=Home&c=Book&a=index&id=2
NOTIC: [8] Use of undefined constant index - assumed 'index' E:\xampp\htdocs\book\data\runtime\Cache\Home\11d56a22871513308fc02b15e919a6ac.php 第 26 行.
NOTIC: [8] Use of undefined constant index - assumed 'index' E:\xampp\htdocs\book\data\runtime\Cache\Home\11d56a22871513308fc02b15e919a6ac.php 第 29 行.
NOTIC: [8] Use of undefined constant index - assumed 'index' E:\xampp\htdocs\book\data\runtime\Cache\Home\11d56a22871513308fc02b15e919a6ac.php 第 29 行.
NOTIC: [8] Use of undefined constant index - assumed 'index' E:\xampp\htdocs\book\data\runtime\Cache\Home\11d56a22871513308fc02b15e919a6ac.php 第 29 行.

[ 2017-04-18T15:44:11+08:00 ] 127.0.0.1 /index.php?m=Home&c=Book&a=index&id=3
NOTIC: [8] Use of undefined constant index - assumed 'index' E:\xampp\htdocs\book\data\runtime\Cache\Home\11d56a22871513308fc02b15e919a6ac.php 第 26 行.
NOTIC: [8] Use of undefined constant index - assumed 'index' E:\xampp\htdocs\book\data\runtime\Cache\Home\11d56a22871513308fc02b15e919a6ac.php 第 29 行.
NOTIC: [8] Use of undefined constant index - assumed 'index' E:\xampp\htdocs\book\data\runtime\Cache\Home\11d56a22871513308fc02b15e919a6ac.php 第 29 行.
NOTIC: [8] Use of undefined constant index - assumed 'index' E:\xampp\htdocs\book\data\runtime\Cache\Home\11d56a22871513308fc02b15e919a6ac.php 第 29 行.

[ 2017-04-18T15:44:12+08:00 ] 127.0.0.1 /index.php?m=Home&c=Book&a=index&id=3
NOTIC: [8] Use of undefined constant index - assumed 'index' E:\xampp\htdocs\book\data\runtime\Cache\Home\11d56a22871513308fc02b15e919a6ac.php 第 26 行.
NOTIC: [8] Use of undefined constant index - assumed 'index' E:\xampp\htdocs\book\data\runtime\Cache\Home\11d56a22871513308fc02b15e919a6ac.php 第 29 行.
NOTIC: [8] Use of undefined constant index - assumed 'index' E:\xampp\htdocs\book\data\runtime\Cache\Home\11d56a22871513308fc02b15e919a6ac.php 第 29 行.
NOTIC: [8] Use of undefined constant index - assumed 'index' E:\xampp\htdocs\book\data\runtime\Cache\Home\11d56a22871513308fc02b15e919a6ac.php 第 29 行.

[ 2017-04-18T15:44:12+08:00 ] 127.0.0.1 /index.php?m=Home&c=Book&a=index&id=5
NOTIC: [8] Use of undefined constant index - assumed 'index' E:\xampp\htdocs\book\data\runtime\Cache\Home\11d56a22871513308fc02b15e919a6ac.php 第 26 行.
NOTIC: [8] Use of undefined constant index - assumed 'index' E:\xampp\htdocs\book\data\runtime\Cache\Home\11d56a22871513308fc02b15e919a6ac.php 第 29 行.
NOTIC: [8] Use of undefined constant index - assumed 'index' E:\xampp\htdocs\book\data\runtime\Cache\Home\11d56a22871513308fc02b15e919a6ac.php 第 29 行.
NOTIC: [8] Use of undefined constant index - assumed 'index' E:\xampp\htdocs\book\data\runtime\Cache\Home\11d56a22871513308fc02b15e919a6ac.php 第 29 行.

[ 2017-04-18T15:44:14+08:00 ] 127.0.0.1 /index.php?m=Home&c=Book&a=index&id=3
NOTIC: [8] Use of undefined constant index - assumed 'index' E:\xampp\htdocs\book\data\runtime\Cache\Home\11d56a22871513308fc02b15e919a6ac.php 第 26 行.
NOTIC: [8] Use of undefined constant index - assumed 'index' E:\xampp\htdocs\book\data\runtime\Cache\Home\11d56a22871513308fc02b15e919a6ac.php 第 29 行.
NOTIC: [8] Use of undefined constant index - assumed 'index' E:\xampp\htdocs\book\data\runtime\Cache\Home\11d56a22871513308fc02b15e919a6ac.php 第 29 行.
NOTIC: [8] Use of undefined constant index - assumed 'index' E:\xampp\htdocs\book\data\runtime\Cache\Home\11d56a22871513308fc02b15e919a6ac.php 第 29 行.

[ 2017-04-18T15:44:14+08:00 ] 127.0.0.1 /index.php?m=Home&c=Book&a=index&id=2
NOTIC: [8] Use of undefined constant index - assumed 'index' E:\xampp\htdocs\book\data\runtime\Cache\Home\11d56a22871513308fc02b15e919a6ac.php 第 26 行.
NOTIC: [8] Use of undefined constant index - assumed 'index' E:\xampp\htdocs\book\data\runtime\Cache\Home\11d56a22871513308fc02b15e919a6ac.php 第 29 行.
NOTIC: [8] Use of undefined constant index - assumed 'index' E:\xampp\htdocs\book\data\runtime\Cache\Home\11d56a22871513308fc02b15e919a6ac.php 第 29 行.
NOTIC: [8] Use of undefined constant index - assumed 'index' E:\xampp\htdocs\book\data\runtime\Cache\Home\11d56a22871513308fc02b15e919a6ac.php 第 29 行.

[ 2017-04-18T15:44:15+08:00 ] 127.0.0.1 /index.php?m=Home&c=Book&a=index
NOTIC: [8] Use of undefined constant index - assumed 'index' E:\xampp\htdocs\book\data\runtime\Cache\Home\11d56a22871513308fc02b15e919a6ac.php 第 26 行.
NOTIC: [8] Use of undefined constant index - assumed 'index' E:\xampp\htdocs\book\data\runtime\Cache\Home\11d56a22871513308fc02b15e919a6ac.php 第 29 行.
NOTIC: [8] Use of undefined constant index - assumed 'index' E:\xampp\htdocs\book\data\runtime\Cache\Home\11d56a22871513308fc02b15e919a6ac.php 第 29 行.
NOTIC: [8] Use of undefined constant index - assumed 'index' E:\xampp\htdocs\book\data\runtime\Cache\Home\11d56a22871513308fc02b15e919a6ac.php 第 29 行.

[ 2017-04-18T15:44:18+08:00 ] 127.0.0.1 /index.php?m=Home&c=Book&a=index&id=2
NOTIC: [8] Use of undefined constant index - assumed 'index' E:\xampp\htdocs\book\data\runtime\Cache\Home\11d56a22871513308fc02b15e919a6ac.php 第 26 行.
NOTIC: [8] Use of undefined constant index - assumed 'index' E:\xampp\htdocs\book\data\runtime\Cache\Home\11d56a22871513308fc02b15e919a6ac.php 第 29 行.
NOTIC: [8] Use of undefined constant index - assumed 'index' E:\xampp\htdocs\book\data\runtime\Cache\Home\11d56a22871513308fc02b15e919a6ac.php 第 29 行.
NOTIC: [8] Use of undefined constant index - assumed 'index' E:\xampp\htdocs\book\data\runtime\Cache\Home\11d56a22871513308fc02b15e919a6ac.php 第 29 行.

[ 2017-04-18T15:44:19+08:00 ] 127.0.0.1 /index.php?m=Home&c=Book&a=index&id=3
NOTIC: [8] Use of undefined constant index - assumed 'index' E:\xampp\htdocs\book\data\runtime\Cache\Home\11d56a22871513308fc02b15e919a6ac.php 第 26 行.
NOTIC: [8] Use of undefined constant index - assumed 'index' E:\xampp\htdocs\book\data\runtime\Cache\Home\11d56a22871513308fc02b15e919a6ac.php 第 29 行.
NOTIC: [8] Use of undefined constant index - assumed 'index' E:\xampp\htdocs\book\data\runtime\Cache\Home\11d56a22871513308fc02b15e919a6ac.php 第 29 行.
NOTIC: [8] Use of undefined constant index - assumed 'index' E:\xampp\htdocs\book\data\runtime\Cache\Home\11d56a22871513308fc02b15e919a6ac.php 第 29 行.

[ 2017-04-18T15:45:02+08:00 ] 127.0.0.1 /index.php?m=Home&c=Book&a=index&id=2
NOTIC: [8] Use of undefined constant index - assumed 'index' E:\xampp\htdocs\book\data\runtime\Cache\Home\11d56a22871513308fc02b15e919a6ac.php 第 26 行.
NOTIC: [8] Use of undefined constant index - assumed 'index' E:\xampp\htdocs\book\data\runtime\Cache\Home\11d56a22871513308fc02b15e919a6ac.php 第 29 行.
NOTIC: [8] Use of undefined constant index - assumed 'index' E:\xampp\htdocs\book\data\runtime\Cache\Home\11d56a22871513308fc02b15e919a6ac.php 第 29 行.
NOTIC: [8] Use of undefined constant index - assumed 'index' E:\xampp\htdocs\book\data\runtime\Cache\Home\11d56a22871513308fc02b15e919a6ac.php 第 29 行.

[ 2017-04-18T15:45:06+08:00 ] 127.0.0.1 /index.php?m=Home&c=Book&a=index
NOTIC: [8] Use of undefined constant index - assumed 'index' E:\xampp\htdocs\book\data\runtime\Cache\Home\11d56a22871513308fc02b15e919a6ac.php 第 26 行.
NOTIC: [8] Use of undefined constant index - assumed 'index' E:\xampp\htdocs\book\data\runtime\Cache\Home\11d56a22871513308fc02b15e919a6ac.php 第 29 行.
NOTIC: [8] Use of undefined constant index - assumed 'index' E:\xampp\htdocs\book\data\runtime\Cache\Home\11d56a22871513308fc02b15e919a6ac.php 第 29 行.
NOTIC: [8] Use of undefined constant index - assumed 'index' E:\xampp\htdocs\book\data\runtime\Cache\Home\11d56a22871513308fc02b15e919a6ac.php 第 29 行.

[ 2017-04-18T15:45:07+08:00 ] 127.0.0.1 /index.php?m=Home&c=Book&a=index&id=2
NOTIC: [8] Use of undefined constant index - assumed 'index' E:\xampp\htdocs\book\data\runtime\Cache\Home\11d56a22871513308fc02b15e919a6ac.php 第 26 行.
NOTIC: [8] Use of undefined constant index - assumed 'index' E:\xampp\htdocs\book\data\runtime\Cache\Home\11d56a22871513308fc02b15e919a6ac.php 第 29 行.
NOTIC: [8] Use of undefined constant index - assumed 'index' E:\xampp\htdocs\book\data\runtime\Cache\Home\11d56a22871513308fc02b15e919a6ac.php 第 29 行.
NOTIC: [8] Use of undefined constant index - assumed 'index' E:\xampp\htdocs\book\data\runtime\Cache\Home\11d56a22871513308fc02b15e919a6ac.php 第 29 行.

[ 2017-04-18T15:46:38+08:00 ] 127.0.0.1 /index.php?m=Home&c=Book&a=index
NOTIC: [8] Use of undefined constant index - assumed 'index' E:\xampp\htdocs\book\data\runtime\Cache\Home\11d56a22871513308fc02b15e919a6ac.php 第 26 行.
NOTIC: [8] Use of undefined constant index - assumed 'index' E:\xampp\htdocs\book\data\runtime\Cache\Home\11d56a22871513308fc02b15e919a6ac.php 第 29 行.
NOTIC: [8] Use of undefined constant index - assumed 'index' E:\xampp\htdocs\book\data\runtime\Cache\Home\11d56a22871513308fc02b15e919a6ac.php 第 29 行.
NOTIC: [8] Use of undefined constant index - assumed 'index' E:\xampp\htdocs\book\data\runtime\Cache\Home\11d56a22871513308fc02b15e919a6ac.php 第 29 行.

[ 2017-04-18T15:47:08+08:00 ] 127.0.0.1 /index.php?m=Home&c=Book&a=index&id=2
NOTIC: [8] Use of undefined constant index - assumed 'index' E:\xampp\htdocs\book\data\runtime\Cache\Home\11d56a22871513308fc02b15e919a6ac.php 第 26 行.
NOTIC: [8] Use of undefined constant index - assumed 'index' E:\xampp\htdocs\book\data\runtime\Cache\Home\11d56a22871513308fc02b15e919a6ac.php 第 29 行.
NOTIC: [8] Use of undefined constant index - assumed 'index' E:\xampp\htdocs\book\data\runtime\Cache\Home\11d56a22871513308fc02b15e919a6ac.php 第 29 行.
NOTIC: [8] Use of undefined constant index - assumed 'index' E:\xampp\htdocs\book\data\runtime\Cache\Home\11d56a22871513308fc02b15e919a6ac.php 第 29 行.

[ 2017-04-18T15:47:09+08:00 ] 127.0.0.1 /index.php?m=Home&c=Book&a=index&id=3
NOTIC: [8] Use of undefined constant index - assumed 'index' E:\xampp\htdocs\book\data\runtime\Cache\Home\11d56a22871513308fc02b15e919a6ac.php 第 26 行.
NOTIC: [8] Use of undefined constant index - assumed 'index' E:\xampp\htdocs\book\data\runtime\Cache\Home\11d56a22871513308fc02b15e919a6ac.php 第 29 行.
NOTIC: [8] Use of undefined constant index - assumed 'index' E:\xampp\htdocs\book\data\runtime\Cache\Home\11d56a22871513308fc02b15e919a6ac.php 第 29 行.
NOTIC: [8] Use of undefined constant index - assumed 'index' E:\xampp\htdocs\book\data\runtime\Cache\Home\11d56a22871513308fc02b15e919a6ac.php 第 29 行.

[ 2017-04-18T15:47:10+08:00 ] 127.0.0.1 /index.php?m=Home&c=Book&a=index&id=5
NOTIC: [8] Use of undefined constant index - assumed 'index' E:\xampp\htdocs\book\data\runtime\Cache\Home\11d56a22871513308fc02b15e919a6ac.php 第 26 行.
NOTIC: [8] Use of undefined constant index - assumed 'index' E:\xampp\htdocs\book\data\runtime\Cache\Home\11d56a22871513308fc02b15e919a6ac.php 第 29 行.
NOTIC: [8] Use of undefined constant index - assumed 'index' E:\xampp\htdocs\book\data\runtime\Cache\Home\11d56a22871513308fc02b15e919a6ac.php 第 29 行.
NOTIC: [8] Use of undefined constant index - assumed 'index' E:\xampp\htdocs\book\data\runtime\Cache\Home\11d56a22871513308fc02b15e919a6ac.php 第 29 行.

[ 2017-04-18T15:47:11+08:00 ] 127.0.0.1 /index.php?m=Home&c=Book&a=index&id=3
NOTIC: [8] Use of undefined constant index - assumed 'index' E:\xampp\htdocs\book\data\runtime\Cache\Home\11d56a22871513308fc02b15e919a6ac.php 第 26 行.
NOTIC: [8] Use of undefined constant index - assumed 'index' E:\xampp\htdocs\book\data\runtime\Cache\Home\11d56a22871513308fc02b15e919a6ac.php 第 29 行.
NOTIC: [8] Use of undefined constant index - assumed 'index' E:\xampp\htdocs\book\data\runtime\Cache\Home\11d56a22871513308fc02b15e919a6ac.php 第 29 行.
NOTIC: [8] Use of undefined constant index - assumed 'index' E:\xampp\htdocs\book\data\runtime\Cache\Home\11d56a22871513308fc02b15e919a6ac.php 第 29 行.

[ 2017-04-18T15:47:11+08:00 ] 127.0.0.1 /index.php?m=Home&c=Book&a=index&id=2
NOTIC: [8] Use of undefined constant index - assumed 'index' E:\xampp\htdocs\book\data\runtime\Cache\Home\11d56a22871513308fc02b15e919a6ac.php 第 26 行.
NOTIC: [8] Use of undefined constant index - assumed 'index' E:\xampp\htdocs\book\data\runtime\Cache\Home\11d56a22871513308fc02b15e919a6ac.php 第 29 行.
NOTIC: [8] Use of undefined constant index - assumed 'index' E:\xampp\htdocs\book\data\runtime\Cache\Home\11d56a22871513308fc02b15e919a6ac.php 第 29 行.
NOTIC: [8] Use of undefined constant index - assumed 'index' E:\xampp\htdocs\book\data\runtime\Cache\Home\11d56a22871513308fc02b15e919a6ac.php 第 29 行.

[ 2017-04-18T15:47:12+08:00 ] 127.0.0.1 /index.php?m=Home&c=Book&a=index
NOTIC: [8] Use of undefined constant index - assumed 'index' E:\xampp\htdocs\book\data\runtime\Cache\Home\11d56a22871513308fc02b15e919a6ac.php 第 26 行.
NOTIC: [8] Use of undefined constant index - assumed 'index' E:\xampp\htdocs\book\data\runtime\Cache\Home\11d56a22871513308fc02b15e919a6ac.php 第 29 行.
NOTIC: [8] Use of undefined constant index - assumed 'index' E:\xampp\htdocs\book\data\runtime\Cache\Home\11d56a22871513308fc02b15e919a6ac.php 第 29 行.
NOTIC: [8] Use of undefined constant index - assumed 'index' E:\xampp\htdocs\book\data\runtime\Cache\Home\11d56a22871513308fc02b15e919a6ac.php 第 29 行.

[ 2017-04-18T15:47:18+08:00 ] 127.0.0.1 /index.php?m=Home&c=Book&a=index&id=2
NOTIC: [8] Use of undefined constant index - assumed 'index' E:\xampp\htdocs\book\data\runtime\Cache\Home\11d56a22871513308fc02b15e919a6ac.php 第 26 行.
NOTIC: [8] Use of undefined constant index - assumed 'index' E:\xampp\htdocs\book\data\runtime\Cache\Home\11d56a22871513308fc02b15e919a6ac.php 第 29 行.
NOTIC: [8] Use of undefined constant index - assumed 'index' E:\xampp\htdocs\book\data\runtime\Cache\Home\11d56a22871513308fc02b15e919a6ac.php 第 29 行.
NOTIC: [8] Use of undefined constant index - assumed 'index' E:\xampp\htdocs\book\data\runtime\Cache\Home\11d56a22871513308fc02b15e919a6ac.php 第 29 行.

[ 2017-04-18T15:47:19+08:00 ] 127.0.0.1 /index.php?m=Home&c=Book&a=index
NOTIC: [8] Use of undefined constant index - assumed 'index' E:\xampp\htdocs\book\data\runtime\Cache\Home\11d56a22871513308fc02b15e919a6ac.php 第 26 行.
NOTIC: [8] Use of undefined constant index - assumed 'index' E:\xampp\htdocs\book\data\runtime\Cache\Home\11d56a22871513308fc02b15e919a6ac.php 第 29 行.
NOTIC: [8] Use of undefined constant index - assumed 'index' E:\xampp\htdocs\book\data\runtime\Cache\Home\11d56a22871513308fc02b15e919a6ac.php 第 29 行.
NOTIC: [8] Use of undefined constant index - assumed 'index' E:\xampp\htdocs\book\data\runtime\Cache\Home\11d56a22871513308fc02b15e919a6ac.php 第 29 行.

[ 2017-04-18T15:47:27+08:00 ] 127.0.0.1 /index.php?m=Home&c=Book&a=index&id=2
NOTIC: [8] Use of undefined constant index - assumed 'index' E:\xampp\htdocs\book\data\runtime\Cache\Home\11d56a22871513308fc02b15e919a6ac.php 第 26 行.
NOTIC: [8] Use of undefined constant index - assumed 'index' E:\xampp\htdocs\book\data\runtime\Cache\Home\11d56a22871513308fc02b15e919a6ac.php 第 29 行.
NOTIC: [8] Use of undefined constant index - assumed 'index' E:\xampp\htdocs\book\data\runtime\Cache\Home\11d56a22871513308fc02b15e919a6ac.php 第 29 行.
NOTIC: [8] Use of undefined constant index - assumed 'index' E:\xampp\htdocs\book\data\runtime\Cache\Home\11d56a22871513308fc02b15e919a6ac.php 第 29 行.

[ 2017-04-18T15:47:27+08:00 ] 127.0.0.1 /index.php?m=Home&c=Book&a=index&id=3
NOTIC: [8] Use of undefined constant index - assumed 'index' E:\xampp\htdocs\book\data\runtime\Cache\Home\11d56a22871513308fc02b15e919a6ac.php 第 26 行.
NOTIC: [8] Use of undefined constant index - assumed 'index' E:\xampp\htdocs\book\data\runtime\Cache\Home\11d56a22871513308fc02b15e919a6ac.php 第 29 行.
NOTIC: [8] Use of undefined constant index - assumed 'index' E:\xampp\htdocs\book\data\runtime\Cache\Home\11d56a22871513308fc02b15e919a6ac.php 第 29 行.
NOTIC: [8] Use of undefined constant index - assumed 'index' E:\xampp\htdocs\book\data\runtime\Cache\Home\11d56a22871513308fc02b15e919a6ac.php 第 29 行.

[ 2017-04-18T15:47:28+08:00 ] 127.0.0.1 /index.php?m=Home&c=Book&a=index&id=5
NOTIC: [8] Use of undefined constant index - assumed 'index' E:\xampp\htdocs\book\data\runtime\Cache\Home\11d56a22871513308fc02b15e919a6ac.php 第 26 行.
NOTIC: [8] Use of undefined constant index - assumed 'index' E:\xampp\htdocs\book\data\runtime\Cache\Home\11d56a22871513308fc02b15e919a6ac.php 第 29 行.
NOTIC: [8] Use of undefined constant index - assumed 'index' E:\xampp\htdocs\book\data\runtime\Cache\Home\11d56a22871513308fc02b15e919a6ac.php 第 29 行.
NOTIC: [8] Use of undefined constant index - assumed 'index' E:\xampp\htdocs\book\data\runtime\Cache\Home\11d56a22871513308fc02b15e919a6ac.php 第 29 行.

[ 2017-04-18T15:47:29+08:00 ] 127.0.0.1 /index.php?m=Home&c=Book&a=index&id=3
NOTIC: [8] Use of undefined constant index - assumed 'index' E:\xampp\htdocs\book\data\runtime\Cache\Home\11d56a22871513308fc02b15e919a6ac.php 第 26 行.
NOTIC: [8] Use of undefined constant index - assumed 'index' E:\xampp\htdocs\book\data\runtime\Cache\Home\11d56a22871513308fc02b15e919a6ac.php 第 29 行.
NOTIC: [8] Use of undefined constant index - assumed 'index' E:\xampp\htdocs\book\data\runtime\Cache\Home\11d56a22871513308fc02b15e919a6ac.php 第 29 行.
NOTIC: [8] Use of undefined constant index - assumed 'index' E:\xampp\htdocs\book\data\runtime\Cache\Home\11d56a22871513308fc02b15e919a6ac.php 第 29 行.

[ 2017-04-18T15:47:30+08:00 ] 127.0.0.1 /index.php?m=Home&c=Book&a=index&id=2
NOTIC: [8] Use of undefined constant index - assumed 'index' E:\xampp\htdocs\book\data\runtime\Cache\Home\11d56a22871513308fc02b15e919a6ac.php 第 26 行.
NOTIC: [8] Use of undefined constant index - assumed 'index' E:\xampp\htdocs\book\data\runtime\Cache\Home\11d56a22871513308fc02b15e919a6ac.php 第 29 行.
NOTIC: [8] Use of undefined constant index - assumed 'index' E:\xampp\htdocs\book\data\runtime\Cache\Home\11d56a22871513308fc02b15e919a6ac.php 第 29 行.
NOTIC: [8] Use of undefined constant index - assumed 'index' E:\xampp\htdocs\book\data\runtime\Cache\Home\11d56a22871513308fc02b15e919a6ac.php 第 29 行.

[ 2017-04-18T15:47:30+08:00 ] 127.0.0.1 /index.php?m=Home&c=Book&a=index
NOTIC: [8] Use of undefined constant index - assumed 'index' E:\xampp\htdocs\book\data\runtime\Cache\Home\11d56a22871513308fc02b15e919a6ac.php 第 26 行.
NOTIC: [8] Use of undefined constant index - assumed 'index' E:\xampp\htdocs\book\data\runtime\Cache\Home\11d56a22871513308fc02b15e919a6ac.php 第 29 行.
NOTIC: [8] Use of undefined constant index - assumed 'index' E:\xampp\htdocs\book\data\runtime\Cache\Home\11d56a22871513308fc02b15e919a6ac.php 第 29 行.
NOTIC: [8] Use of undefined constant index - assumed 'index' E:\xampp\htdocs\book\data\runtime\Cache\Home\11d56a22871513308fc02b15e919a6ac.php 第 29 行.

[ 2017-04-18T15:47:52+08:00 ] 127.0.0.1 /index.php?m=Home&c=Book&a=index&id=2
NOTIC: [8] Use of undefined constant index - assumed 'index' E:\xampp\htdocs\book\data\runtime\Cache\Home\11d56a22871513308fc02b15e919a6ac.php 第 26 行.
NOTIC: [8] Use of undefined constant index - assumed 'index' E:\xampp\htdocs\book\data\runtime\Cache\Home\11d56a22871513308fc02b15e919a6ac.php 第 29 行.
NOTIC: [8] Use of undefined constant index - assumed 'index' E:\xampp\htdocs\book\data\runtime\Cache\Home\11d56a22871513308fc02b15e919a6ac.php 第 29 行.
NOTIC: [8] Use of undefined constant index - assumed 'index' E:\xampp\htdocs\book\data\runtime\Cache\Home\11d56a22871513308fc02b15e919a6ac.php 第 29 行.

[ 2017-04-18T15:47:53+08:00 ] 127.0.0.1 /index.php?m=Home&c=Book&a=index&id=3
NOTIC: [8] Use of undefined constant index - assumed 'index' E:\xampp\htdocs\book\data\runtime\Cache\Home\11d56a22871513308fc02b15e919a6ac.php 第 26 行.
NOTIC: [8] Use of undefined constant index - assumed 'index' E:\xampp\htdocs\book\data\runtime\Cache\Home\11d56a22871513308fc02b15e919a6ac.php 第 29 行.
NOTIC: [8] Use of undefined constant index - assumed 'index' E:\xampp\htdocs\book\data\runtime\Cache\Home\11d56a22871513308fc02b15e919a6ac.php 第 29 行.
NOTIC: [8] Use of undefined constant index - assumed 'index' E:\xampp\htdocs\book\data\runtime\Cache\Home\11d56a22871513308fc02b15e919a6ac.php 第 29 行.

[ 2017-04-18T15:47:54+08:00 ] 127.0.0.1 /index.php?m=Home&c=Book&a=index&id=5
NOTIC: [8] Use of undefined constant index - assumed 'index' E:\xampp\htdocs\book\data\runtime\Cache\Home\11d56a22871513308fc02b15e919a6ac.php 第 26 行.
NOTIC: [8] Use of undefined constant index - assumed 'index' E:\xampp\htdocs\book\data\runtime\Cache\Home\11d56a22871513308fc02b15e919a6ac.php 第 29 行.
NOTIC: [8] Use of undefined constant index - assumed 'index' E:\xampp\htdocs\book\data\runtime\Cache\Home\11d56a22871513308fc02b15e919a6ac.php 第 29 行.
NOTIC: [8] Use of undefined constant index - assumed 'index' E:\xampp\htdocs\book\data\runtime\Cache\Home\11d56a22871513308fc02b15e919a6ac.php 第 29 行.

[ 2017-04-18T15:47:55+08:00 ] 127.0.0.1 /index.php?m=Home&c=Book&a=index&id=3
NOTIC: [8] Use of undefined constant index - assumed 'index' E:\xampp\htdocs\book\data\runtime\Cache\Home\11d56a22871513308fc02b15e919a6ac.php 第 26 行.
NOTIC: [8] Use of undefined constant index - assumed 'index' E:\xampp\htdocs\book\data\runtime\Cache\Home\11d56a22871513308fc02b15e919a6ac.php 第 29 行.
NOTIC: [8] Use of undefined constant index - assumed 'index' E:\xampp\htdocs\book\data\runtime\Cache\Home\11d56a22871513308fc02b15e919a6ac.php 第 29 行.
NOTIC: [8] Use of undefined constant index - assumed 'index' E:\xampp\htdocs\book\data\runtime\Cache\Home\11d56a22871513308fc02b15e919a6ac.php 第 29 行.

[ 2017-04-18T15:47:55+08:00 ] 127.0.0.1 /index.php?m=Home&c=Book&a=index&id=2
NOTIC: [8] Use of undefined constant index - assumed 'index' E:\xampp\htdocs\book\data\runtime\Cache\Home\11d56a22871513308fc02b15e919a6ac.php 第 26 行.
NOTIC: [8] Use of undefined constant index - assumed 'index' E:\xampp\htdocs\book\data\runtime\Cache\Home\11d56a22871513308fc02b15e919a6ac.php 第 29 行.
NOTIC: [8] Use of undefined constant index - assumed 'index' E:\xampp\htdocs\book\data\runtime\Cache\Home\11d56a22871513308fc02b15e919a6ac.php 第 29 行.
NOTIC: [8] Use of undefined constant index - assumed 'index' E:\xampp\htdocs\book\data\runtime\Cache\Home\11d56a22871513308fc02b15e919a6ac.php 第 29 行.

[ 2017-04-18T15:47:56+08:00 ] 127.0.0.1 /index.php?m=Home&c=Book&a=index
NOTIC: [8] Use of undefined constant index - assumed 'index' E:\xampp\htdocs\book\data\runtime\Cache\Home\11d56a22871513308fc02b15e919a6ac.php 第 26 行.
NOTIC: [8] Use of undefined constant index - assumed 'index' E:\xampp\htdocs\book\data\runtime\Cache\Home\11d56a22871513308fc02b15e919a6ac.php 第 29 行.
NOTIC: [8] Use of undefined constant index - assumed 'index' E:\xampp\htdocs\book\data\runtime\Cache\Home\11d56a22871513308fc02b15e919a6ac.php 第 29 行.
NOTIC: [8] Use of undefined constant index - assumed 'index' E:\xampp\htdocs\book\data\runtime\Cache\Home\11d56a22871513308fc02b15e919a6ac.php 第 29 行.

[ 2017-04-18T15:48:00+08:00 ] 127.0.0.1 /index.php?m=Home&c=Book&a=hot
NOTIC: [8] Undefined variable: v E:\xampp\htdocs\book\data\runtime\Cache\Home\2364bec948d3a8afd47a83d00e75c21e.php 第 31 行.
NOTIC: [8] Undefined variable: v E:\xampp\htdocs\book\data\runtime\Cache\Home\2364bec948d3a8afd47a83d00e75c21e.php 第 31 行.

[ 2017-04-18T15:48:03+08:00 ] 127.0.0.1 /index.php?m=Home&c=Book&a=hotsell
NOTIC: [8] Undefined variable: v E:\xampp\htdocs\book\data\runtime\Cache\Home\8edeace2a18b1f4996ed51e98919e3ef.php 第 31 行.
NOTIC: [8] Undefined variable: v E:\xampp\htdocs\book\data\runtime\Cache\Home\8edeace2a18b1f4996ed51e98919e3ef.php 第 31 行.

[ 2017-04-18T15:48:04+08:00 ] 127.0.0.1 /index.php?m=Home&c=Book&a=index
NOTIC: [8] Use of undefined constant index - assumed 'index' E:\xampp\htdocs\book\data\runtime\Cache\Home\11d56a22871513308fc02b15e919a6ac.php 第 26 行.
NOTIC: [8] Use of undefined constant index - assumed 'index' E:\xampp\htdocs\book\data\runtime\Cache\Home\11d56a22871513308fc02b15e919a6ac.php 第 29 行.
NOTIC: [8] Use of undefined constant index - assumed 'index' E:\xampp\htdocs\book\data\runtime\Cache\Home\11d56a22871513308fc02b15e919a6ac.php 第 29 行.
NOTIC: [8] Use of undefined constant index - assumed 'index' E:\xampp\htdocs\book\data\runtime\Cache\Home\11d56a22871513308fc02b15e919a6ac.php 第 29 行.

[ 2017-04-18T15:48:14+08:00 ] 127.0.0.1 /index.php?m=Home&c=Book&a=index&id=2
NOTIC: [8] Use of undefined constant index - assumed 'index' E:\xampp\htdocs\book\data\runtime\Cache\Home\11d56a22871513308fc02b15e919a6ac.php 第 26 行.
NOTIC: [8] Use of undefined constant index - assumed 'index' E:\xampp\htdocs\book\data\runtime\Cache\Home\11d56a22871513308fc02b15e919a6ac.php 第 29 行.
NOTIC: [8] Use of undefined constant index - assumed 'index' E:\xampp\htdocs\book\data\runtime\Cache\Home\11d56a22871513308fc02b15e919a6ac.php 第 29 行.
NOTIC: [8] Use of undefined constant index - assumed 'index' E:\xampp\htdocs\book\data\runtime\Cache\Home\11d56a22871513308fc02b15e919a6ac.php 第 29 行.

[ 2017-04-18T15:48:17+08:00 ] 127.0.0.1 /index.php?m=Home&c=Book&a=index&id=3
NOTIC: [8] Use of undefined constant index - assumed 'index' E:\xampp\htdocs\book\data\runtime\Cache\Home\11d56a22871513308fc02b15e919a6ac.php 第 26 行.
NOTIC: [8] Use of undefined constant index - assumed 'index' E:\xampp\htdocs\book\data\runtime\Cache\Home\11d56a22871513308fc02b15e919a6ac.php 第 29 行.
NOTIC: [8] Use of undefined constant index - assumed 'index' E:\xampp\htdocs\book\data\runtime\Cache\Home\11d56a22871513308fc02b15e919a6ac.php 第 29 行.
NOTIC: [8] Use of undefined constant index - assumed 'index' E:\xampp\htdocs\book\data\runtime\Cache\Home\11d56a22871513308fc02b15e919a6ac.php 第 29 行.

[ 2017-04-18T15:48:19+08:00 ] 127.0.0.1 /index.php?m=Home&c=Book&a=index&id=5
NOTIC: [8] Use of undefined constant index - assumed 'index' E:\xampp\htdocs\book\data\runtime\Cache\Home\11d56a22871513308fc02b15e919a6ac.php 第 26 行.
NOTIC: [8] Use of undefined constant index - assumed 'index' E:\xampp\htdocs\book\data\runtime\Cache\Home\11d56a22871513308fc02b15e919a6ac.php 第 29 行.
NOTIC: [8] Use of undefined constant index - assumed 'index' E:\xampp\htdocs\book\data\runtime\Cache\Home\11d56a22871513308fc02b15e919a6ac.php 第 29 行.
NOTIC: [8] Use of undefined constant index - assumed 'index' E:\xampp\htdocs\book\data\runtime\Cache\Home\11d56a22871513308fc02b15e919a6ac.php 第 29 行.

[ 2017-04-18T15:48:20+08:00 ] 127.0.0.1 /index.php?m=Home&c=Book&a=index
NOTIC: [8] Use of undefined constant index - assumed 'index' E:\xampp\htdocs\book\data\runtime\Cache\Home\11d56a22871513308fc02b15e919a6ac.php 第 26 行.
NOTIC: [8] Use of undefined constant index - assumed 'index' E:\xampp\htdocs\book\data\runtime\Cache\Home\11d56a22871513308fc02b15e919a6ac.php 第 29 行.
NOTIC: [8] Use of undefined constant index - assumed 'index' E:\xampp\htdocs\book\data\runtime\Cache\Home\11d56a22871513308fc02b15e919a6ac.php 第 29 行.
NOTIC: [8] Use of undefined constant index - assumed 'index' E:\xampp\htdocs\book\data\runtime\Cache\Home\11d56a22871513308fc02b15e919a6ac.php 第 29 行.

[ 2017-04-18T15:48:22+08:00 ] 127.0.0.1 /index.php?m=Home&c=Book&a=index&id=2
NOTIC: [8] Use of undefined constant index - assumed 'index' E:\xampp\htdocs\book\data\runtime\Cache\Home\11d56a22871513308fc02b15e919a6ac.php 第 26 行.
NOTIC: [8] Use of undefined constant index - assumed 'index' E:\xampp\htdocs\book\data\runtime\Cache\Home\11d56a22871513308fc02b15e919a6ac.php 第 29 行.
NOTIC: [8] Use of undefined constant index - assumed 'index' E:\xampp\htdocs\book\data\runtime\Cache\Home\11d56a22871513308fc02b15e919a6ac.php 第 29 行.
NOTIC: [8] Use of undefined constant index - assumed 'index' E:\xampp\htdocs\book\data\runtime\Cache\Home\11d56a22871513308fc02b15e919a6ac.php 第 29 行.

[ 2017-04-18T15:48:23+08:00 ] 127.0.0.1 /index.php?m=Home&c=Book&a=index&id=3
NOTIC: [8] Use of undefined constant index - assumed 'index' E:\xampp\htdocs\book\data\runtime\Cache\Home\11d56a22871513308fc02b15e919a6ac.php 第 26 行.
NOTIC: [8] Use of undefined constant index - assumed 'index' E:\xampp\htdocs\book\data\runtime\Cache\Home\11d56a22871513308fc02b15e919a6ac.php 第 29 行.
NOTIC: [8] Use of undefined constant index - assumed 'index' E:\xampp\htdocs\book\data\runtime\Cache\Home\11d56a22871513308fc02b15e919a6ac.php 第 29 行.
NOTIC: [8] Use of undefined constant index - assumed 'index' E:\xampp\htdocs\book\data\runtime\Cache\Home\11d56a22871513308fc02b15e919a6ac.php 第 29 行.

[ 2017-04-18T15:48:24+08:00 ] 127.0.0.1 /index.php?m=Home&c=Book&a=index&id=2
NOTIC: [8] Use of undefined constant index - assumed 'index' E:\xampp\htdocs\book\data\runtime\Cache\Home\11d56a22871513308fc02b15e919a6ac.php 第 26 行.
NOTIC: [8] Use of undefined constant index - assumed 'index' E:\xampp\htdocs\book\data\runtime\Cache\Home\11d56a22871513308fc02b15e919a6ac.php 第 29 行.
NOTIC: [8] Use of undefined constant index - assumed 'index' E:\xampp\htdocs\book\data\runtime\Cache\Home\11d56a22871513308fc02b15e919a6ac.php 第 29 行.
NOTIC: [8] Use of undefined constant index - assumed 'index' E:\xampp\htdocs\book\data\runtime\Cache\Home\11d56a22871513308fc02b15e919a6ac.php 第 29 行.

[ 2017-04-18T15:53:17+08:00 ] 127.0.0.1 /index.php?m=Home&c=Book&a=index
NOTIC: [8] Use of undefined constant index - assumed 'index' E:\xampp\htdocs\book\data\runtime\Cache\Home\11d56a22871513308fc02b15e919a6ac.php 第 26 行.
NOTIC: [8] Use of undefined constant index - assumed 'index' E:\xampp\htdocs\book\data\runtime\Cache\Home\11d56a22871513308fc02b15e919a6ac.php 第 29 行.
NOTIC: [8] Use of undefined constant index - assumed 'index' E:\xampp\htdocs\book\data\runtime\Cache\Home\11d56a22871513308fc02b15e919a6ac.php 第 29 行.
NOTIC: [8] Use of undefined constant index - assumed 'index' E:\xampp\htdocs\book\data\runtime\Cache\Home\11d56a22871513308fc02b15e919a6ac.php 第 29 行.

[ 2017-04-18T15:53:23+08:00 ] 127.0.0.1 /index.php?m=Home&c=Book&a=index
NOTIC: [8] Use of undefined constant index - assumed 'index' E:\xampp\htdocs\book\data\runtime\Cache\Home\11d56a22871513308fc02b15e919a6ac.php 第 26 行.
NOTIC: [8] Use of undefined constant index - assumed 'index' E:\xampp\htdocs\book\data\runtime\Cache\Home\11d56a22871513308fc02b15e919a6ac.php 第 29 行.
NOTIC: [8] Use of undefined constant index - assumed 'index' E:\xampp\htdocs\book\data\runtime\Cache\Home\11d56a22871513308fc02b15e919a6ac.php 第 29 行.
NOTIC: [8] Use of undefined constant index - assumed 'index' E:\xampp\htdocs\book\data\runtime\Cache\Home\11d56a22871513308fc02b15e919a6ac.php 第 29 行.

[ 2017-04-18T15:53:26+08:00 ] 127.0.0.1 /index.php?m=Home&c=Book&a=index&id=5
NOTIC: [8] Use of undefined constant index - assumed 'index' E:\xampp\htdocs\book\data\runtime\Cache\Home\11d56a22871513308fc02b15e919a6ac.php 第 26 行.
NOTIC: [8] Use of undefined constant index - assumed 'index' E:\xampp\htdocs\book\data\runtime\Cache\Home\11d56a22871513308fc02b15e919a6ac.php 第 29 行.
NOTIC: [8] Use of undefined constant index - assumed 'index' E:\xampp\htdocs\book\data\runtime\Cache\Home\11d56a22871513308fc02b15e919a6ac.php 第 29 行.
NOTIC: [8] Use of undefined constant index - assumed 'index' E:\xampp\htdocs\book\data\runtime\Cache\Home\11d56a22871513308fc02b15e919a6ac.php 第 29 行.

[ 2017-04-18T16:02:13+08:00 ] 127.0.0.1 /index.php?m=Home&c=Book&a=index&id=5
NOTIC: [8] Use of undefined constant index - assumed 'index' E:\xampp\htdocs\book\data\runtime\Cache\Home\11d56a22871513308fc02b15e919a6ac.php 第 26 行.
NOTIC: [8] Use of undefined constant index - assumed 'index' E:\xampp\htdocs\book\data\runtime\Cache\Home\11d56a22871513308fc02b15e919a6ac.php 第 29 行.
NOTIC: [8] Use of undefined constant index - assumed 'index' E:\xampp\htdocs\book\data\runtime\Cache\Home\11d56a22871513308fc02b15e919a6ac.php 第 29 行.
NOTIC: [8] Use of undefined constant index - assumed 'index' E:\xampp\htdocs\book\data\runtime\Cache\Home\11d56a22871513308fc02b15e919a6ac.php 第 29 行.

[ 2017-04-18T16:02:16+08:00 ] 127.0.0.1 /index.php?m=Home&c=Book&a=index&id=5
NOTIC: [8] Use of undefined constant index - assumed 'index' E:\xampp\htdocs\book\data\runtime\Cache\Home\11d56a22871513308fc02b15e919a6ac.php 第 26 行.
NOTIC: [8] Use of undefined constant index - assumed 'index' E:\xampp\htdocs\book\data\runtime\Cache\Home\11d56a22871513308fc02b15e919a6ac.php 第 29 行.
NOTIC: [8] Use of undefined constant index - assumed 'index' E:\xampp\htdocs\book\data\runtime\Cache\Home\11d56a22871513308fc02b15e919a6ac.php 第 29 行.
NOTIC: [8] Use of undefined constant index - assumed 'index' E:\xampp\htdocs\book\data\runtime\Cache\Home\11d56a22871513308fc02b15e919a6ac.php 第 29 行.

[ 2017-04-18T16:02:18+08:00 ] 127.0.0.1 /index.php?m=Home&c=Book&a=index&id=5
NOTIC: [8] Use of undefined constant index - assumed 'index' E:\xampp\htdocs\book\data\runtime\Cache\Home\11d56a22871513308fc02b15e919a6ac.php 第 26 行.
NOTIC: [8] Use of undefined constant index - assumed 'index' E:\xampp\htdocs\book\data\runtime\Cache\Home\11d56a22871513308fc02b15e919a6ac.php 第 29 行.
NOTIC: [8] Use of undefined constant index - assumed 'index' E:\xampp\htdocs\book\data\runtime\Cache\Home\11d56a22871513308fc02b15e919a6ac.php 第 29 行.
NOTIC: [8] Use of undefined constant index - assumed 'index' E:\xampp\htdocs\book\data\runtime\Cache\Home\11d56a22871513308fc02b15e919a6ac.php 第 29 行.

[ 2017-04-18T16:02:19+08:00 ] 127.0.0.1 /index.php?m=Home&c=Book&a=index&id=5
NOTIC: [8] Use of undefined constant index - assumed 'index' E:\xampp\htdocs\book\data\runtime\Cache\Home\11d56a22871513308fc02b15e919a6ac.php 第 26 行.
NOTIC: [8] Use of undefined constant index - assumed 'index' E:\xampp\htdocs\book\data\runtime\Cache\Home\11d56a22871513308fc02b15e919a6ac.php 第 29 行.
NOTIC: [8] Use of undefined constant index - assumed 'index' E:\xampp\htdocs\book\data\runtime\Cache\Home\11d56a22871513308fc02b15e919a6ac.php 第 29 行.
NOTIC: [8] Use of undefined constant index - assumed 'index' E:\xampp\htdocs\book\data\runtime\Cache\Home\11d56a22871513308fc02b15e919a6ac.php 第 29 行.

[ 2017-04-18T16:02:21+08:00 ] 127.0.0.1 /index.php?m=Home&c=Book&a=index&id=5
NOTIC: [8] Use of undefined constant index - assumed 'index' E:\xampp\htdocs\book\data\runtime\Cache\Home\11d56a22871513308fc02b15e919a6ac.php 第 26 行.
NOTIC: [8] Use of undefined constant index - assumed 'index' E:\xampp\htdocs\book\data\runtime\Cache\Home\11d56a22871513308fc02b15e919a6ac.php 第 29 行.
NOTIC: [8] Use of undefined constant index - assumed 'index' E:\xampp\htdocs\book\data\runtime\Cache\Home\11d56a22871513308fc02b15e919a6ac.php 第 29 行.
NOTIC: [8] Use of undefined constant index - assumed 'index' E:\xampp\htdocs\book\data\runtime\Cache\Home\11d56a22871513308fc02b15e919a6ac.php 第 29 行.

[ 2017-04-18T16:02:22+08:00 ] 127.0.0.1 /index.php?m=Home&c=Book&a=index&id=5
NOTIC: [8] Use of undefined constant index - assumed 'index' E:\xampp\htdocs\book\data\runtime\Cache\Home\11d56a22871513308fc02b15e919a6ac.php 第 26 行.
NOTIC: [8] Use of undefined constant index - assumed 'index' E:\xampp\htdocs\book\data\runtime\Cache\Home\11d56a22871513308fc02b15e919a6ac.php 第 29 行.
NOTIC: [8] Use of undefined constant index - assumed 'index' E:\xampp\htdocs\book\data\runtime\Cache\Home\11d56a22871513308fc02b15e919a6ac.php 第 29 行.
NOTIC: [8] Use of undefined constant index - assumed 'index' E:\xampp\htdocs\book\data\runtime\Cache\Home\11d56a22871513308fc02b15e919a6ac.php 第 29 行.

[ 2017-04-18T16:02:56+08:00 ] 127.0.0.1 /index.php?m=Home&c=Book&a=index&id=3
NOTIC: [8] Use of undefined constant index - assumed 'index' E:\xampp\htdocs\book\data\runtime\Cache\Home\11d56a22871513308fc02b15e919a6ac.php 第 26 行.
NOTIC: [8] Use of undefined constant index - assumed 'index' E:\xampp\htdocs\book\data\runtime\Cache\Home\11d56a22871513308fc02b15e919a6ac.php 第 29 行.
NOTIC: [8] Use of undefined constant index - assumed 'index' E:\xampp\htdocs\book\data\runtime\Cache\Home\11d56a22871513308fc02b15e919a6ac.php 第 29 行.
NOTIC: [8] Use of undefined constant index - assumed 'index' E:\xampp\htdocs\book\data\runtime\Cache\Home\11d56a22871513308fc02b15e919a6ac.php 第 29 行.

[ 2017-04-18T16:02:58+08:00 ] 127.0.0.1 /index.php?m=Home&c=Book&a=index&id=2
NOTIC: [8] Use of undefined constant index - assumed 'index' E:\xampp\htdocs\book\data\runtime\Cache\Home\11d56a22871513308fc02b15e919a6ac.php 第 26 行.
NOTIC: [8] Use of undefined constant index - assumed 'index' E:\xampp\htdocs\book\data\runtime\Cache\Home\11d56a22871513308fc02b15e919a6ac.php 第 29 行.
NOTIC: [8] Use of undefined constant index - assumed 'index' E:\xampp\htdocs\book\data\runtime\Cache\Home\11d56a22871513308fc02b15e919a6ac.php 第 29 行.
NOTIC: [8] Use of undefined constant index - assumed 'index' E:\xampp\htdocs\book\data\runtime\Cache\Home\11d56a22871513308fc02b15e919a6ac.php 第 29 行.

[ 2017-04-18T16:02:59+08:00 ] 127.0.0.1 /index.php?m=Home&c=Book&a=index
NOTIC: [8] Use of undefined constant index - assumed 'index' E:\xampp\htdocs\book\data\runtime\Cache\Home\11d56a22871513308fc02b15e919a6ac.php 第 26 行.
NOTIC: [8] Use of undefined constant index - assumed 'index' E:\xampp\htdocs\book\data\runtime\Cache\Home\11d56a22871513308fc02b15e919a6ac.php 第 29 行.
NOTIC: [8] Use of undefined constant index - assumed 'index' E:\xampp\htdocs\book\data\runtime\Cache\Home\11d56a22871513308fc02b15e919a6ac.php 第 29 行.
NOTIC: [8] Use of undefined constant index - assumed 'index' E:\xampp\htdocs\book\data\runtime\Cache\Home\11d56a22871513308fc02b15e919a6ac.php 第 29 行.

[ 2017-04-18T16:03:04+08:00 ] 127.0.0.1 /index.php?m=Home&c=Book&a=index&id=3
NOTIC: [8] Use of undefined constant index - assumed 'index' E:\xampp\htdocs\book\data\runtime\Cache\Home\11d56a22871513308fc02b15e919a6ac.php 第 26 行.
NOTIC: [8] Use of undefined constant index - assumed 'index' E:\xampp\htdocs\book\data\runtime\Cache\Home\11d56a22871513308fc02b15e919a6ac.php 第 29 行.
NOTIC: [8] Use of undefined constant index - assumed 'index' E:\xampp\htdocs\book\data\runtime\Cache\Home\11d56a22871513308fc02b15e919a6ac.php 第 29 行.
NOTIC: [8] Use of undefined constant index - assumed 'index' E:\xampp\htdocs\book\data\runtime\Cache\Home\11d56a22871513308fc02b15e919a6ac.php 第 29 行.

[ 2017-04-18T16:03:05+08:00 ] 127.0.0.1 /index.php?m=Home&c=Book&a=index&id=2
NOTIC: [8] Use of undefined constant index - assumed 'index' E:\xampp\htdocs\book\data\runtime\Cache\Home\11d56a22871513308fc02b15e919a6ac.php 第 26 行.
NOTIC: [8] Use of undefined constant index - assumed 'index' E:\xampp\htdocs\book\data\runtime\Cache\Home\11d56a22871513308fc02b15e919a6ac.php 第 29 行.
NOTIC: [8] Use of undefined constant index - assumed 'index' E:\xampp\htdocs\book\data\runtime\Cache\Home\11d56a22871513308fc02b15e919a6ac.php 第 29 行.
NOTIC: [8] Use of undefined constant index - assumed 'index' E:\xampp\htdocs\book\data\runtime\Cache\Home\11d56a22871513308fc02b15e919a6ac.php 第 29 行.

[ 2017-04-18T16:03:07+08:00 ] 127.0.0.1 /index.php?m=Home&c=Book&a=index&id=5
NOTIC: [8] Use of undefined constant index - assumed 'index' E:\xampp\htdocs\book\data\runtime\Cache\Home\11d56a22871513308fc02b15e919a6ac.php 第 26 行.
NOTIC: [8] Use of undefined constant index - assumed 'index' E:\xampp\htdocs\book\data\runtime\Cache\Home\11d56a22871513308fc02b15e919a6ac.php 第 29 行.
NOTIC: [8] Use of undefined constant index - assumed 'index' E:\xampp\htdocs\book\data\runtime\Cache\Home\11d56a22871513308fc02b15e919a6ac.php 第 29 行.
NOTIC: [8] Use of undefined constant index - assumed 'index' E:\xampp\htdocs\book\data\runtime\Cache\Home\11d56a22871513308fc02b15e919a6ac.php 第 29 行.

[ 2017-04-18T16:03:44+08:00 ] 127.0.0.1 /index.php?m=Home&c=Book&a=index&id=5
NOTIC: [8] Use of undefined constant index - assumed 'index' E:\xampp\htdocs\book\data\runtime\Cache\Home\11d56a22871513308fc02b15e919a6ac.php 第 26 行.
NOTIC: [8] Use of undefined constant index - assumed 'index' E:\xampp\htdocs\book\data\runtime\Cache\Home\11d56a22871513308fc02b15e919a6ac.php 第 29 行.
NOTIC: [8] Use of undefined constant index - assumed 'index' E:\xampp\htdocs\book\data\runtime\Cache\Home\11d56a22871513308fc02b15e919a6ac.php 第 29 行.
NOTIC: [8] Use of undefined constant index - assumed 'index' E:\xampp\htdocs\book\data\runtime\Cache\Home\11d56a22871513308fc02b15e919a6ac.php 第 29 行.

[ 2017-04-18T16:03:45+08:00 ] 127.0.0.1 /index.php?m=Home&c=Book&a=index&id=5
NOTIC: [8] Use of undefined constant index - assumed 'index' E:\xampp\htdocs\book\data\runtime\Cache\Home\11d56a22871513308fc02b15e919a6ac.php 第 26 行.
NOTIC: [8] Use of undefined constant index - assumed 'index' E:\xampp\htdocs\book\data\runtime\Cache\Home\11d56a22871513308fc02b15e919a6ac.php 第 29 行.
NOTIC: [8] Use of undefined constant index - assumed 'index' E:\xampp\htdocs\book\data\runtime\Cache\Home\11d56a22871513308fc02b15e919a6ac.php 第 29 行.
NOTIC: [8] Use of undefined constant index - assumed 'index' E:\xampp\htdocs\book\data\runtime\Cache\Home\11d56a22871513308fc02b15e919a6ac.php 第 29 行.

[ 2017-04-18T16:04:41+08:00 ] 127.0.0.1 /index.php?m=Home&c=Book&a=index&id=5
NOTIC: [8] Use of undefined constant index - assumed 'index' E:\xampp\htdocs\book\data\runtime\Cache\Home\11d56a22871513308fc02b15e919a6ac.php 第 26 行.
NOTIC: [8] Use of undefined constant index - assumed 'index' E:\xampp\htdocs\book\data\runtime\Cache\Home\11d56a22871513308fc02b15e919a6ac.php 第 29 行.
NOTIC: [8] Use of undefined constant index - assumed 'index' E:\xampp\htdocs\book\data\runtime\Cache\Home\11d56a22871513308fc02b15e919a6ac.php 第 29 行.
NOTIC: [8] Use of undefined constant index - assumed 'index' E:\xampp\htdocs\book\data\runtime\Cache\Home\11d56a22871513308fc02b15e919a6ac.php 第 29 行.

[ 2017-04-18T16:04:43+08:00 ] 127.0.0.1 /index.php?m=Home&c=Book&a=index&id=5
NOTIC: [8] Use of undefined constant index - assumed 'index' E:\xampp\htdocs\book\data\runtime\Cache\Home\11d56a22871513308fc02b15e919a6ac.php 第 26 行.
NOTIC: [8] Use of undefined constant index - assumed 'index' E:\xampp\htdocs\book\data\runtime\Cache\Home\11d56a22871513308fc02b15e919a6ac.php 第 29 行.
NOTIC: [8] Use of undefined constant index - assumed 'index' E:\xampp\htdocs\book\data\runtime\Cache\Home\11d56a22871513308fc02b15e919a6ac.php 第 29 行.
NOTIC: [8] Use of undefined constant index - assumed 'index' E:\xampp\htdocs\book\data\runtime\Cache\Home\11d56a22871513308fc02b15e919a6ac.php 第 29 行.

[ 2017-04-18T16:07:12+08:00 ] 127.0.0.1 /index.php?m=Home&c=Book&a=index&id=5
NOTIC: [8] Use of undefined constant index - assumed 'index' E:\xampp\htdocs\book\data\runtime\Cache\Home\11d56a22871513308fc02b15e919a6ac.php 第 26 行.
NOTIC: [8] Use of undefined constant index - assumed 'index' E:\xampp\htdocs\book\data\runtime\Cache\Home\11d56a22871513308fc02b15e919a6ac.php 第 29 行.
NOTIC: [8] Use of undefined constant index - assumed 'index' E:\xampp\htdocs\book\data\runtime\Cache\Home\11d56a22871513308fc02b15e919a6ac.php 第 29 行.
NOTIC: [8] Use of undefined constant index - assumed 'index' E:\xampp\htdocs\book\data\runtime\Cache\Home\11d56a22871513308fc02b15e919a6ac.php 第 29 行.

[ 2017-04-18T16:07:27+08:00 ] 127.0.0.1 /index.php?m=Home&c=Book&a=index&id=3
NOTIC: [8] Use of undefined constant index - assumed 'index' E:\xampp\htdocs\book\data\runtime\Cache\Home\11d56a22871513308fc02b15e919a6ac.php 第 26 行.
NOTIC: [8] Use of undefined constant index - assumed 'index' E:\xampp\htdocs\book\data\runtime\Cache\Home\11d56a22871513308fc02b15e919a6ac.php 第 29 行.
NOTIC: [8] Use of undefined constant index - assumed 'index' E:\xampp\htdocs\book\data\runtime\Cache\Home\11d56a22871513308fc02b15e919a6ac.php 第 29 行.
NOTIC: [8] Use of undefined constant index - assumed 'index' E:\xampp\htdocs\book\data\runtime\Cache\Home\11d56a22871513308fc02b15e919a6ac.php 第 29 行.

[ 2017-04-18T16:07:30+08:00 ] 127.0.0.1 /index.php?m=Home&c=Book&a=index&id=5
NOTIC: [8] Use of undefined constant index - assumed 'index' E:\xampp\htdocs\book\data\runtime\Cache\Home\11d56a22871513308fc02b15e919a6ac.php 第 26 行.
NOTIC: [8] Use of undefined constant index - assumed 'index' E:\xampp\htdocs\book\data\runtime\Cache\Home\11d56a22871513308fc02b15e919a6ac.php 第 29 行.
NOTIC: [8] Use of undefined constant index - assumed 'index' E:\xampp\htdocs\book\data\runtime\Cache\Home\11d56a22871513308fc02b15e919a6ac.php 第 29 行.
NOTIC: [8] Use of undefined constant index - assumed 'index' E:\xampp\htdocs\book\data\runtime\Cache\Home\11d56a22871513308fc02b15e919a6ac.php 第 29 行.

[ 2017-04-18T16:11:00+08:00 ] 127.0.0.1 /index.php?m=Home&c=Book&a=index&id=5
NOTIC: [8] Use of undefined constant index - assumed 'index' E:\xampp\htdocs\book\data\runtime\Cache\Home\11d56a22871513308fc02b15e919a6ac.php 第 26 行.
NOTIC: [8] Use of undefined constant index - assumed 'index' E:\xampp\htdocs\book\data\runtime\Cache\Home\11d56a22871513308fc02b15e919a6ac.php 第 29 行.
NOTIC: [8] Use of undefined constant index - assumed 'index' E:\xampp\htdocs\book\data\runtime\Cache\Home\11d56a22871513308fc02b15e919a6ac.php 第 29 行.
NOTIC: [8] Use of undefined constant index - assumed 'index' E:\xampp\htdocs\book\data\runtime\Cache\Home\11d56a22871513308fc02b15e919a6ac.php 第 29 行.

[ 2017-04-18T16:11:06+08:00 ] 127.0.0.1 /index.php?m=Home&c=Book&a=index&id=5
NOTIC: [8] Use of undefined constant index - assumed 'index' E:\xampp\htdocs\book\data\runtime\Cache\Home\11d56a22871513308fc02b15e919a6ac.php 第 26 行.
NOTIC: [8] Use of undefined constant index - assumed 'index' E:\xampp\htdocs\book\data\runtime\Cache\Home\11d56a22871513308fc02b15e919a6ac.php 第 29 行.
NOTIC: [8] Use of undefined constant index - assumed 'index' E:\xampp\htdocs\book\data\runtime\Cache\Home\11d56a22871513308fc02b15e919a6ac.php 第 29 行.
NOTIC: [8] Use of undefined constant index - assumed 'index' E:\xampp\htdocs\book\data\runtime\Cache\Home\11d56a22871513308fc02b15e919a6ac.php 第 29 行.

[ 2017-04-18T16:11:08+08:00 ] 127.0.0.1 /index.php?m=Home&c=Book&a=index
NOTIC: [8] Use of undefined constant index - assumed 'index' E:\xampp\htdocs\book\data\runtime\Cache\Home\11d56a22871513308fc02b15e919a6ac.php 第 26 行.
NOTIC: [8] Use of undefined constant index - assumed 'index' E:\xampp\htdocs\book\data\runtime\Cache\Home\11d56a22871513308fc02b15e919a6ac.php 第 29 行.
NOTIC: [8] Use of undefined constant index - assumed 'index' E:\xampp\htdocs\book\data\runtime\Cache\Home\11d56a22871513308fc02b15e919a6ac.php 第 29 行.
NOTIC: [8] Use of undefined constant index - assumed 'index' E:\xampp\htdocs\book\data\runtime\Cache\Home\11d56a22871513308fc02b15e919a6ac.php 第 29 行.

[ 2017-04-18T16:11:17+08:00 ] 127.0.0.1 /index.php?m=Home&c=Book&a=index&id=2
NOTIC: [8] Use of undefined constant index - assumed 'index' E:\xampp\htdocs\book\data\runtime\Cache\Home\11d56a22871513308fc02b15e919a6ac.php 第 26 行.
NOTIC: [8] Use of undefined constant index - assumed 'index' E:\xampp\htdocs\book\data\runtime\Cache\Home\11d56a22871513308fc02b15e919a6ac.php 第 29 行.
NOTIC: [8] Use of undefined constant index - assumed 'index' E:\xampp\htdocs\book\data\runtime\Cache\Home\11d56a22871513308fc02b15e919a6ac.php 第 29 行.
NOTIC: [8] Use of undefined constant index - assumed 'index' E:\xampp\htdocs\book\data\runtime\Cache\Home\11d56a22871513308fc02b15e919a6ac.php 第 29 行.

[ 2017-04-18T16:11:18+08:00 ] 127.0.0.1 /index.php?m=Home&c=Book&a=index&id=3
NOTIC: [8] Use of undefined constant index - assumed 'index' E:\xampp\htdocs\book\data\runtime\Cache\Home\11d56a22871513308fc02b15e919a6ac.php 第 26 行.
NOTIC: [8] Use of undefined constant index - assumed 'index' E:\xampp\htdocs\book\data\runtime\Cache\Home\11d56a22871513308fc02b15e919a6ac.php 第 29 行.
NOTIC: [8] Use of undefined constant index - assumed 'index' E:\xampp\htdocs\book\data\runtime\Cache\Home\11d56a22871513308fc02b15e919a6ac.php 第 29 行.
NOTIC: [8] Use of undefined constant index - assumed 'index' E:\xampp\htdocs\book\data\runtime\Cache\Home\11d56a22871513308fc02b15e919a6ac.php 第 29 行.

[ 2017-04-18T16:11:19+08:00 ] 127.0.0.1 /index.php?m=Home&c=Book&a=index&id=5
NOTIC: [8] Use of undefined constant index - assumed 'index' E:\xampp\htdocs\book\data\runtime\Cache\Home\11d56a22871513308fc02b15e919a6ac.php 第 26 行.
NOTIC: [8] Use of undefined constant index - assumed 'index' E:\xampp\htdocs\book\data\runtime\Cache\Home\11d56a22871513308fc02b15e919a6ac.php 第 29 行.
NOTIC: [8] Use of undefined constant index - assumed 'index' E:\xampp\htdocs\book\data\runtime\Cache\Home\11d56a22871513308fc02b15e919a6ac.php 第 29 行.
NOTIC: [8] Use of undefined constant index - assumed 'index' E:\xampp\htdocs\book\data\runtime\Cache\Home\11d56a22871513308fc02b15e919a6ac.php 第 29 行.

[ 2017-04-18T16:18:31+08:00 ] 127.0.0.1 /index.php?m=Home&c=Book&a=index&id=5
NOTIC: [8] Use of undefined constant index - assumed 'index' E:\xampp\htdocs\book\data\runtime\Cache\Home\11d56a22871513308fc02b15e919a6ac.php 第 26 行.
NOTIC: [8] Use of undefined constant index - assumed 'index' E:\xampp\htdocs\book\data\runtime\Cache\Home\11d56a22871513308fc02b15e919a6ac.php 第 29 行.
NOTIC: [8] Use of undefined constant index - assumed 'index' E:\xampp\htdocs\book\data\runtime\Cache\Home\11d56a22871513308fc02b15e919a6ac.php 第 29 行.
NOTIC: [8] Use of undefined constant index - assumed 'index' E:\xampp\htdocs\book\data\runtime\Cache\Home\11d56a22871513308fc02b15e919a6ac.php 第 29 行.

[ 2017-04-18T16:18:58+08:00 ] 127.0.0.1 /index.php?m=Home&c=Book&a=index&id=3
NOTIC: [8] Use of undefined constant index - assumed 'index' E:\xampp\htdocs\book\data\runtime\Cache\Home\11d56a22871513308fc02b15e919a6ac.php 第 26 行.
NOTIC: [8] Use of undefined constant index - assumed 'index' E:\xampp\htdocs\book\data\runtime\Cache\Home\11d56a22871513308fc02b15e919a6ac.php 第 29 行.
NOTIC: [8] Use of undefined constant index - assumed 'index' E:\xampp\htdocs\book\data\runtime\Cache\Home\11d56a22871513308fc02b15e919a6ac.php 第 29 行.
NOTIC: [8] Use of undefined constant index - assumed 'index' E:\xampp\htdocs\book\data\runtime\Cache\Home\11d56a22871513308fc02b15e919a6ac.php 第 29 行.

[ 2017-04-18T16:18:59+08:00 ] 127.0.0.1 /index.php?m=Home&c=Book&a=index&id=2
NOTIC: [8] Use of undefined constant index - assumed 'index' E:\xampp\htdocs\book\data\runtime\Cache\Home\11d56a22871513308fc02b15e919a6ac.php 第 26 行.
NOTIC: [8] Use of undefined constant index - assumed 'index' E:\xampp\htdocs\book\data\runtime\Cache\Home\11d56a22871513308fc02b15e919a6ac.php 第 29 行.
NOTIC: [8] Use of undefined constant index - assumed 'index' E:\xampp\htdocs\book\data\runtime\Cache\Home\11d56a22871513308fc02b15e919a6ac.php 第 29 行.
NOTIC: [8] Use of undefined constant index - assumed 'index' E:\xampp\htdocs\book\data\runtime\Cache\Home\11d56a22871513308fc02b15e919a6ac.php 第 29 行.

[ 2017-04-18T16:19:01+08:00 ] 127.0.0.1 /index.php?m=Home&c=Book&a=index
NOTIC: [8] Use of undefined constant index - assumed 'index' E:\xampp\htdocs\book\data\runtime\Cache\Home\11d56a22871513308fc02b15e919a6ac.php 第 26 行.
NOTIC: [8] Use of undefined constant index - assumed 'index' E:\xampp\htdocs\book\data\runtime\Cache\Home\11d56a22871513308fc02b15e919a6ac.php 第 29 行.
NOTIC: [8] Use of undefined constant index - assumed 'index' E:\xampp\htdocs\book\data\runtime\Cache\Home\11d56a22871513308fc02b15e919a6ac.php 第 29 行.
NOTIC: [8] Use of undefined constant index - assumed 'index' E:\xampp\htdocs\book\data\runtime\Cache\Home\11d56a22871513308fc02b15e919a6ac.php 第 29 行.

[ 2017-04-18T19:03:59+08:00 ] 127.0.0.1 /index.php?m=Home&c=Book&a=index&id=2
NOTIC: [8] Use of undefined constant index - assumed 'index' E:\xampp\htdocs\book\data\runtime\Cache\Home\11d56a22871513308fc02b15e919a6ac.php 第 26 行.
NOTIC: [8] Use of undefined constant index - assumed 'index' E:\xampp\htdocs\book\data\runtime\Cache\Home\11d56a22871513308fc02b15e919a6ac.php 第 29 行.
NOTIC: [8] Use of undefined constant index - assumed 'index' E:\xampp\htdocs\book\data\runtime\Cache\Home\11d56a22871513308fc02b15e919a6ac.php 第 29 行.
NOTIC: [8] Use of undefined constant index - assumed 'index' E:\xampp\htdocs\book\data\runtime\Cache\Home\11d56a22871513308fc02b15e919a6ac.php 第 29 行.

[ 2017-04-18T19:04:01+08:00 ] 127.0.0.1 /index.php?m=Home&c=Book&a=index&id=3
NOTIC: [8] Use of undefined constant index - assumed 'index' E:\xampp\htdocs\book\data\runtime\Cache\Home\11d56a22871513308fc02b15e919a6ac.php 第 26 行.
NOTIC: [8] Use of undefined constant index - assumed 'index' E:\xampp\htdocs\book\data\runtime\Cache\Home\11d56a22871513308fc02b15e919a6ac.php 第 29 行.
NOTIC: [8] Use of undefined constant index - assumed 'index' E:\xampp\htdocs\book\data\runtime\Cache\Home\11d56a22871513308fc02b15e919a6ac.php 第 29 行.
NOTIC: [8] Use of undefined constant index - assumed 'index' E:\xampp\htdocs\book\data\runtime\Cache\Home\11d56a22871513308fc02b15e919a6ac.php 第 29 行.

[ 2017-04-18T19:04:02+08:00 ] 127.0.0.1 /index.php?m=Home&c=Book&a=index&id=5
NOTIC: [8] Use of undefined constant index - assumed 'index' E:\xampp\htdocs\book\data\runtime\Cache\Home\11d56a22871513308fc02b15e919a6ac.php 第 26 行.
NOTIC: [8] Use of undefined constant index - assumed 'index' E:\xampp\htdocs\book\data\runtime\Cache\Home\11d56a22871513308fc02b15e919a6ac.php 第 29 行.
NOTIC: [8] Use of undefined constant index - assumed 'index' E:\xampp\htdocs\book\data\runtime\Cache\Home\11d56a22871513308fc02b15e919a6ac.php 第 29 行.
NOTIC: [8] Use of undefined constant index - assumed 'index' E:\xampp\htdocs\book\data\runtime\Cache\Home\11d56a22871513308fc02b15e919a6ac.php 第 29 行.

[ 2017-04-18T19:04:05+08:00 ] 127.0.0.1 /index.php?m=Home&c=Book&a=hot
NOTIC: [8] Undefined variable: v E:\xampp\htdocs\book\data\runtime\Cache\Home\2364bec948d3a8afd47a83d00e75c21e.php 第 31 行.
NOTIC: [8] Undefined variable: v E:\xampp\htdocs\book\data\runtime\Cache\Home\2364bec948d3a8afd47a83d00e75c21e.php 第 31 行.
NOTIC: [8] Undefined variable: v E:\xampp\htdocs\book\data\runtime\Cache\Home\2364bec948d3a8afd47a83d00e75c21e.php 第 31 行.
NOTIC: [8] Undefined variable: v E:\xampp\htdocs\book\data\runtime\Cache\Home\2364bec948d3a8afd47a83d00e75c21e.php 第 31 行.
NOTIC: [8] Undefined variable: v E:\xampp\htdocs\book\data\runtime\Cache\Home\2364bec948d3a8afd47a83d00e75c21e.php 第 31 行.
NOTIC: [8] Undefined variable: v E:\xampp\htdocs\book\data\runtime\Cache\Home\2364bec948d3a8afd47a83d00e75c21e.php 第 31 行.

[ 2017-04-18T19:04:07+08:00 ] 127.0.0.1 /index.php?m=Home&c=Book&a=hotsell
NOTIC: [8] Undefined variable: v E:\xampp\htdocs\book\data\runtime\Cache\Home\8edeace2a18b1f4996ed51e98919e3ef.php 第 31 行.
NOTIC: [8] Undefined variable: v E:\xampp\htdocs\book\data\runtime\Cache\Home\8edeace2a18b1f4996ed51e98919e3ef.php 第 31 行.
NOTIC: [8] Undefined variable: v E:\xampp\htdocs\book\data\runtime\Cache\Home\8edeace2a18b1f4996ed51e98919e3ef.php 第 31 行.
NOTIC: [8] Undefined variable: v E:\xampp\htdocs\book\data\runtime\Cache\Home\8edeace2a18b1f4996ed51e98919e3ef.php 第 31 行.
NOTIC: [8] Undefined variable: v E:\xampp\htdocs\book\data\runtime\Cache\Home\8edeace2a18b1f4996ed51e98919e3ef.php 第 31 行.
NOTIC: [8] Undefined variable: v E:\xampp\htdocs\book\data\runtime\Cache\Home\8edeace2a18b1f4996ed51e98919e3ef.php 第 31 行.

[ 2017-04-18T19:04:49+08:00 ] 127.0.0.1 /index.php?m=Home&c=Book&a=hotsell
NOTIC: [8] Undefined variable: v E:\xampp\htdocs\book\data\runtime\Cache\Home\8edeace2a18b1f4996ed51e98919e3ef.php 第 31 行.
NOTIC: [8] Undefined variable: v E:\xampp\htdocs\book\data\runtime\Cache\Home\8edeace2a18b1f4996ed51e98919e3ef.php 第 31 行.
NOTIC: [8] Undefined variable: v E:\xampp\htdocs\book\data\runtime\Cache\Home\8edeace2a18b1f4996ed51e98919e3ef.php 第 31 行.
NOTIC: [8] Undefined variable: v E:\xampp\htdocs\book\data\runtime\Cache\Home\8edeace2a18b1f4996ed51e98919e3ef.php 第 31 行.
NOTIC: [8] Undefined variable: v E:\xampp\htdocs\book\data\runtime\Cache\Home\8edeace2a18b1f4996ed51e98919e3ef.php 第 31 行.
NOTIC: [8] Undefined variable: v E:\xampp\htdocs\book\data\runtime\Cache\Home\8edeace2a18b1f4996ed51e98919e3ef.php 第 31 行.

[ 2017-04-18T19:04:52+08:00 ] 127.0.0.1 /index.php?m=Home&c=Book&a=hot
NOTIC: [8] Undefined variable: v E:\xampp\htdocs\book\data\runtime\Cache\Home\2364bec948d3a8afd47a83d00e75c21e.php 第 31 行.
NOTIC: [8] Undefined variable: v E:\xampp\htdocs\book\data\runtime\Cache\Home\2364bec948d3a8afd47a83d00e75c21e.php 第 31 行.
NOTIC: [8] Undefined variable: v E:\xampp\htdocs\book\data\runtime\Cache\Home\2364bec948d3a8afd47a83d00e75c21e.php 第 31 行.
NOTIC: [8] Undefined variable: v E:\xampp\htdocs\book\data\runtime\Cache\Home\2364bec948d3a8afd47a83d00e75c21e.php 第 31 行.
NOTIC: [8] Undefined variable: v E:\xampp\htdocs\book\data\runtime\Cache\Home\2364bec948d3a8afd47a83d00e75c21e.php 第 31 行.
NOTIC: [8] Undefined variable: v E:\xampp\htdocs\book\data\runtime\Cache\Home\2364bec948d3a8afd47a83d00e75c21e.php 第 31 行.

[ 2017-04-18T19:04:53+08:00 ] 127.0.0.1 /index.php?m=Home&c=Book&a=index
NOTIC: [8] Use of undefined constant index - assumed 'index' E:\xampp\htdocs\book\data\runtime\Cache\Home\11d56a22871513308fc02b15e919a6ac.php 第 26 行.
NOTIC: [8] Use of undefined constant index - assumed 'index' E:\xampp\htdocs\book\data\runtime\Cache\Home\11d56a22871513308fc02b15e919a6ac.php 第 29 行.
NOTIC: [8] Use of undefined constant index - assumed 'index' E:\xampp\htdocs\book\data\runtime\Cache\Home\11d56a22871513308fc02b15e919a6ac.php 第 29 行.
NOTIC: [8] Use of undefined constant index - assumed 'index' E:\xampp\htdocs\book\data\runtime\Cache\Home\11d56a22871513308fc02b15e919a6ac.php 第 29 行.

[ 2017-04-18T19:12:08+08:00 ] 127.0.0.1 /index.php?m=Home&c=Book&a=index
NOTIC: [8] Use of undefined constant index - assumed 'index' E:\xampp\htdocs\book\data\runtime\Cache\Home\11d56a22871513308fc02b15e919a6ac.php 第 36 行.
NOTIC: [8] Use of undefined constant index - assumed 'index' E:\xampp\htdocs\book\data\runtime\Cache\Home\11d56a22871513308fc02b15e919a6ac.php 第 39 行.
NOTIC: [8] Use of undefined constant index - assumed 'index' E:\xampp\htdocs\book\data\runtime\Cache\Home\11d56a22871513308fc02b15e919a6ac.php 第 39 行.
NOTIC: [8] Use of undefined constant index - assumed 'index' E:\xampp\htdocs\book\data\runtime\Cache\Home\11d56a22871513308fc02b15e919a6ac.php 第 39 行.

[ 2017-04-18T19:12:31+08:00 ] 127.0.0.1 /index.php?m=Home&c=Book&a=index
NOTIC: [8] Use of undefined constant index - assumed 'index' E:\xampp\htdocs\book\data\runtime\Cache\Home\11d56a22871513308fc02b15e919a6ac.php 第 36 行.
NOTIC: [8] Use of undefined constant index - assumed 'index' E:\xampp\htdocs\book\data\runtime\Cache\Home\11d56a22871513308fc02b15e919a6ac.php 第 39 行.
NOTIC: [8] Use of undefined constant index - assumed 'index' E:\xampp\htdocs\book\data\runtime\Cache\Home\11d56a22871513308fc02b15e919a6ac.php 第 39 行.
NOTIC: [8] Use of undefined constant index - assumed 'index' E:\xampp\htdocs\book\data\runtime\Cache\Home\11d56a22871513308fc02b15e919a6ac.php 第 39 行.

[ 2017-04-18T19:12:31+08:00 ] 127.0.0.1 /index.php?m=Home&c=Book&a=index
NOTIC: [8] Use of undefined constant index - assumed 'index' E:\xampp\htdocs\book\data\runtime\Cache\Home\11d56a22871513308fc02b15e919a6ac.php 第 36 行.
NOTIC: [8] Use of undefined constant index - assumed 'index' E:\xampp\htdocs\book\data\runtime\Cache\Home\11d56a22871513308fc02b15e919a6ac.php 第 39 行.
NOTIC: [8] Use of undefined constant index - assumed 'index' E:\xampp\htdocs\book\data\runtime\Cache\Home\11d56a22871513308fc02b15e919a6ac.php 第 39 行.
NOTIC: [8] Use of undefined constant index - assumed 'index' E:\xampp\htdocs\book\data\runtime\Cache\Home\11d56a22871513308fc02b15e919a6ac.php 第 39 行.

[ 2017-04-18T19:12:43+08:00 ] 127.0.0.1 /index.php?m=Home&c=Book&a=index
NOTIC: [8] Use of undefined constant index - assumed 'index' E:\xampp\htdocs\book\data\runtime\Cache\Home\11d56a22871513308fc02b15e919a6ac.php 第 36 行.
NOTIC: [8] Use of undefined constant index - assumed 'index' E:\xampp\htdocs\book\data\runtime\Cache\Home\11d56a22871513308fc02b15e919a6ac.php 第 39 行.
NOTIC: [8] Use of undefined constant index - assumed 'index' E:\xampp\htdocs\book\data\runtime\Cache\Home\11d56a22871513308fc02b15e919a6ac.php 第 39 行.
NOTIC: [8] Use of undefined constant index - assumed 'index' E:\xampp\htdocs\book\data\runtime\Cache\Home\11d56a22871513308fc02b15e919a6ac.php 第 39 行.

[ 2017-04-18T19:14:39+08:00 ] 127.0.0.1 /index.php?m=Home&c=Book&a=index
NOTIC: [8] Use of undefined constant index - assumed 'index' E:\xampp\htdocs\book\data\runtime\Cache\Home\11d56a22871513308fc02b15e919a6ac.php 第 36 行.
NOTIC: [8] Use of undefined constant index - assumed 'index' E:\xampp\htdocs\book\data\runtime\Cache\Home\11d56a22871513308fc02b15e919a6ac.php 第 39 行.
NOTIC: [8] Use of undefined constant index - assumed 'index' E:\xampp\htdocs\book\data\runtime\Cache\Home\11d56a22871513308fc02b15e919a6ac.php 第 39 行.
NOTIC: [8] Use of undefined constant index - assumed 'index' E:\xampp\htdocs\book\data\runtime\Cache\Home\11d56a22871513308fc02b15e919a6ac.php 第 39 行.

[ 2017-04-18T19:14:49+08:00 ] 127.0.0.1 /index.php?m=Home&c=Book&a=hot
NOTIC: [8] Undefined variable: v E:\xampp\htdocs\book\data\runtime\Cache\Home\2364bec948d3a8afd47a83d00e75c21e.php 第 31 行.
NOTIC: [8] Undefined variable: v E:\xampp\htdocs\book\data\runtime\Cache\Home\2364bec948d3a8afd47a83d00e75c21e.php 第 31 行.
NOTIC: [8] Undefined variable: v E:\xampp\htdocs\book\data\runtime\Cache\Home\2364bec948d3a8afd47a83d00e75c21e.php 第 31 行.
NOTIC: [8] Undefined variable: v E:\xampp\htdocs\book\data\runtime\Cache\Home\2364bec948d3a8afd47a83d00e75c21e.php 第 31 行.
NOTIC: [8] Undefined variable: v E:\xampp\htdocs\book\data\runtime\Cache\Home\2364bec948d3a8afd47a83d00e75c21e.php 第 31 行.
NOTIC: [8] Undefined variable: v E:\xampp\htdocs\book\data\runtime\Cache\Home\2364bec948d3a8afd47a83d00e75c21e.php 第 31 行.

[ 2017-04-18T19:16:20+08:00 ] 127.0.0.1 /index.php?m=Home&c=Book&a=hot
NOTIC: [8] Undefined variable: v E:\xampp\htdocs\book\data\runtime\Cache\Home\2364bec948d3a8afd47a83d00e75c21e.php 第 31 行.
NOTIC: [8] Undefined variable: v E:\xampp\htdocs\book\data\runtime\Cache\Home\2364bec948d3a8afd47a83d00e75c21e.php 第 31 行.
NOTIC: [8] Undefined variable: v E:\xampp\htdocs\book\data\runtime\Cache\Home\2364bec948d3a8afd47a83d00e75c21e.php 第 31 行.
NOTIC: [8] Undefined variable: v E:\xampp\htdocs\book\data\runtime\Cache\Home\2364bec948d3a8afd47a83d00e75c21e.php 第 31 行.
NOTIC: [8] Undefined variable: v E:\xampp\htdocs\book\data\runtime\Cache\Home\2364bec948d3a8afd47a83d00e75c21e.php 第 31 行.
NOTIC: [8] Undefined variable: v E:\xampp\htdocs\book\data\runtime\Cache\Home\2364bec948d3a8afd47a83d00e75c21e.php 第 31 行.

[ 2017-04-18T19:16:21+08:00 ] 127.0.0.1 /index.php?m=Home&c=Book&a=index
NOTIC: [8] Use of undefined constant index - assumed 'index' E:\xampp\htdocs\book\data\runtime\Cache\Home\11d56a22871513308fc02b15e919a6ac.php 第 36 行.
NOTIC: [8] Use of undefined constant index - assumed 'index' E:\xampp\htdocs\book\data\runtime\Cache\Home\11d56a22871513308fc02b15e919a6ac.php 第 39 行.
NOTIC: [8] Use of undefined constant index - assumed 'index' E:\xampp\htdocs\book\data\runtime\Cache\Home\11d56a22871513308fc02b15e919a6ac.php 第 39 行.
NOTIC: [8] Use of undefined constant index - assumed 'index' E:\xampp\htdocs\book\data\runtime\Cache\Home\11d56a22871513308fc02b15e919a6ac.php 第 39 行.

[ 2017-04-18T19:16:28+08:00 ] 127.0.0.1 /index.php?m=Home&c=Book&a=index&id=2
NOTIC: [8] Use of undefined constant index - assumed 'index' E:\xampp\htdocs\book\data\runtime\Cache\Home\11d56a22871513308fc02b15e919a6ac.php 第 36 行.
NOTIC: [8] Use of undefined constant index - assumed 'index' E:\xampp\htdocs\book\data\runtime\Cache\Home\11d56a22871513308fc02b15e919a6ac.php 第 39 行.
NOTIC: [8] Use of undefined constant index - assumed 'index' E:\xampp\htdocs\book\data\runtime\Cache\Home\11d56a22871513308fc02b15e919a6ac.php 第 39 行.
NOTIC: [8] Use of undefined constant index - assumed 'index' E:\xampp\htdocs\book\data\runtime\Cache\Home\11d56a22871513308fc02b15e919a6ac.php 第 39 行.

[ 2017-04-18T19:16:34+08:00 ] 127.0.0.1 /index.php?m=Home&c=Book&a=index
NOTIC: [8] Use of undefined constant index - assumed 'index' E:\xampp\htdocs\book\data\runtime\Cache\Home\11d56a22871513308fc02b15e919a6ac.php 第 36 行.
NOTIC: [8] Use of undefined constant index - assumed 'index' E:\xampp\htdocs\book\data\runtime\Cache\Home\11d56a22871513308fc02b15e919a6ac.php 第 39 行.
NOTIC: [8] Use of undefined constant index - assumed 'index' E:\xampp\htdocs\book\data\runtime\Cache\Home\11d56a22871513308fc02b15e919a6ac.php 第 39 行.
NOTIC: [8] Use of undefined constant index - assumed 'index' E:\xampp\htdocs\book\data\runtime\Cache\Home\11d56a22871513308fc02b15e919a6ac.php 第 39 行.

[ 2017-04-18T19:16:40+08:00 ] 127.0.0.1 /index.php?m=Home&c=Book&a=index&id=5
NOTIC: [8] Use of undefined constant index - assumed 'index' E:\xampp\htdocs\book\data\runtime\Cache\Home\11d56a22871513308fc02b15e919a6ac.php 第 36 行.
NOTIC: [8] Use of undefined constant index - assumed 'index' E:\xampp\htdocs\book\data\runtime\Cache\Home\11d56a22871513308fc02b15e919a6ac.php 第 39 行.
NOTIC: [8] Use of undefined constant index - assumed 'index' E:\xampp\htdocs\book\data\runtime\Cache\Home\11d56a22871513308fc02b15e919a6ac.php 第 39 行.
NOTIC: [8] Use of undefined constant index - assumed 'index' E:\xampp\htdocs\book\data\runtime\Cache\Home\11d56a22871513308fc02b15e919a6ac.php 第 39 行.

[ 2017-04-18T19:16:49+08:00 ] 127.0.0.1 /index.php?m=Home&c=Book&a=index&id=3
NOTIC: [8] Use of undefined constant index - assumed 'index' E:\xampp\htdocs\book\data\runtime\Cache\Home\11d56a22871513308fc02b15e919a6ac.php 第 36 行.
NOTIC: [8] Use of undefined constant index - assumed 'index' E:\xampp\htdocs\book\data\runtime\Cache\Home\11d56a22871513308fc02b15e919a6ac.php 第 39 行.
NOTIC: [8] Use of undefined constant index - assumed 'index' E:\xampp\htdocs\book\data\runtime\Cache\Home\11d56a22871513308fc02b15e919a6ac.php 第 39 行.
NOTIC: [8] Use of undefined constant index - assumed 'index' E:\xampp\htdocs\book\data\runtime\Cache\Home\11d56a22871513308fc02b15e919a6ac.php 第 39 行.

[ 2017-04-18T19:16:55+08:00 ] 127.0.0.1 /index.php?m=Home&c=Book&a=index
NOTIC: [8] Use of undefined constant index - assumed 'index' E:\xampp\htdocs\book\data\runtime\Cache\Home\11d56a22871513308fc02b15e919a6ac.php 第 36 行.
NOTIC: [8] Use of undefined constant index - assumed 'index' E:\xampp\htdocs\book\data\runtime\Cache\Home\11d56a22871513308fc02b15e919a6ac.php 第 39 行.
NOTIC: [8] Use of undefined constant index - assumed 'index' E:\xampp\htdocs\book\data\runtime\Cache\Home\11d56a22871513308fc02b15e919a6ac.php 第 39 行.
NOTIC: [8] Use of undefined constant index - assumed 'index' E:\xampp\htdocs\book\data\runtime\Cache\Home\11d56a22871513308fc02b15e919a6ac.php 第 39 行.

[ 2017-04-18T20:42:20+08:00 ] 127.0.0.1 /index.php?m=Home&c=Book&a=hot
NOTIC: [8] Undefined variable: v E:\xampp\htdocs\book\data\runtime\Cache\Home\2364bec948d3a8afd47a83d00e75c21e.php 第 31 行.
NOTIC: [8] Undefined variable: v E:\xampp\htdocs\book\data\runtime\Cache\Home\2364bec948d3a8afd47a83d00e75c21e.php 第 31 行.
NOTIC: [8] Undefined variable: v E:\xampp\htdocs\book\data\runtime\Cache\Home\2364bec948d3a8afd47a83d00e75c21e.php 第 31 行.
NOTIC: [8] Undefined variable: v E:\xampp\htdocs\book\data\runtime\Cache\Home\2364bec948d3a8afd47a83d00e75c21e.php 第 31 行.
NOTIC: [8] Undefined variable: v E:\xampp\htdocs\book\data\runtime\Cache\Home\2364bec948d3a8afd47a83d00e75c21e.php 第 31 行.
NOTIC: [8] Undefined variable: v E:\xampp\htdocs\book\data\runtime\Cache\Home\2364bec948d3a8afd47a83d00e75c21e.php 第 31 行.

[ 2017-04-18T20:42:34+08:00 ] 127.0.0.1 /index.php?m=Home&c=Book&a=hot
NOTIC: [8] Undefined variable: v E:\xampp\htdocs\book\data\runtime\Cache\Home\2364bec948d3a8afd47a83d00e75c21e.php 第 31 行.
NOTIC: [8] Undefined variable: v E:\xampp\htdocs\book\data\runtime\Cache\Home\2364bec948d3a8afd47a83d00e75c21e.php 第 31 行.
NOTIC: [8] Undefined variable: v E:\xampp\htdocs\book\data\runtime\Cache\Home\2364bec948d3a8afd47a83d00e75c21e.php 第 31 行.
NOTIC: [8] Undefined variable: v E:\xampp\htdocs\book\data\runtime\Cache\Home\2364bec948d3a8afd47a83d00e75c21e.php 第 31 行.
NOTIC: [8] Undefined variable: v E:\xampp\htdocs\book\data\runtime\Cache\Home\2364bec948d3a8afd47a83d00e75c21e.php 第 31 行.
NOTIC: [8] Undefined variable: v E:\xampp\htdocs\book\data\runtime\Cache\Home\2364bec948d3a8afd47a83d00e75c21e.php 第 31 行.

[ 2017-04-18T20:43:33+08:00 ] 127.0.0.1 /index.php?m=Home&c=Book&a=hot
NOTIC: [8] Undefined variable: v E:\xampp\htdocs\book\data\runtime\Cache\Home\2364bec948d3a8afd47a83d00e75c21e.php 第 31 行.
NOTIC: [8] Undefined variable: v E:\xampp\htdocs\book\data\runtime\Cache\Home\2364bec948d3a8afd47a83d00e75c21e.php 第 31 行.
NOTIC: [8] Undefined variable: v E:\xampp\htdocs\book\data\runtime\Cache\Home\2364bec948d3a8afd47a83d00e75c21e.php 第 31 行.
NOTIC: [8] Undefined variable: v E:\xampp\htdocs\book\data\runtime\Cache\Home\2364bec948d3a8afd47a83d00e75c21e.php 第 31 行.
NOTIC: [8] Undefined variable: v E:\xampp\htdocs\book\data\runtime\Cache\Home\2364bec948d3a8afd47a83d00e75c21e.php 第 31 行.
NOTIC: [8] Undefined variable: v E:\xampp\htdocs\book\data\runtime\Cache\Home\2364bec948d3a8afd47a83d00e75c21e.php 第 31 行.

[ 2017-04-18T20:44:22+08:00 ] 127.0.0.1 /index.php?m=Home&c=Book&a=hot
NOTIC: [8] Undefined variable: v E:\xampp\htdocs\book\data\runtime\Cache\Home\2364bec948d3a8afd47a83d00e75c21e.php 第 31 行.
NOTIC: [8] Undefined variable: v E:\xampp\htdocs\book\data\runtime\Cache\Home\2364bec948d3a8afd47a83d00e75c21e.php 第 31 行.
NOTIC: [8] Undefined variable: v E:\xampp\htdocs\book\data\runtime\Cache\Home\2364bec948d3a8afd47a83d00e75c21e.php 第 31 行.
NOTIC: [8] Undefined variable: v E:\xampp\htdocs\book\data\runtime\Cache\Home\2364bec948d3a8afd47a83d00e75c21e.php 第 31 行.
NOTIC: [8] Undefined variable: v E:\xampp\htdocs\book\data\runtime\Cache\Home\2364bec948d3a8afd47a83d00e75c21e.php 第 31 行.
NOTIC: [8] Undefined variable: v E:\xampp\htdocs\book\data\runtime\Cache\Home\2364bec948d3a8afd47a83d00e75c21e.php 第 31 行.

[ 2017-04-18T20:44:27+08:00 ] 127.0.0.1 /index.php?m=Home&c=Book&a=hot
NOTIC: [8] Undefined variable: v E:\xampp\htdocs\book\data\runtime\Cache\Home\2364bec948d3a8afd47a83d00e75c21e.php 第 31 行.
NOTIC: [8] Undefined variable: v E:\xampp\htdocs\book\data\runtime\Cache\Home\2364bec948d3a8afd47a83d00e75c21e.php 第 31 行.
NOTIC: [8] Undefined variable: v E:\xampp\htdocs\book\data\runtime\Cache\Home\2364bec948d3a8afd47a83d00e75c21e.php 第 31 行.
NOTIC: [8] Undefined variable: v E:\xampp\htdocs\book\data\runtime\Cache\Home\2364bec948d3a8afd47a83d00e75c21e.php 第 31 行.
NOTIC: [8] Undefined variable: v E:\xampp\htdocs\book\data\runtime\Cache\Home\2364bec948d3a8afd47a83d00e75c21e.php 第 31 行.
NOTIC: [8] Undefined variable: v E:\xampp\htdocs\book\data\runtime\Cache\Home\2364bec948d3a8afd47a83d00e75c21e.php 第 31 行.

[ 2017-04-18T20:44:33+08:00 ] 127.0.0.1 /index.php?m=Home&c=Book&a=hot
NOTIC: [8] Undefined variable: v E:\xampp\htdocs\book\data\runtime\Cache\Home\2364bec948d3a8afd47a83d00e75c21e.php 第 31 行.
NOTIC: [8] Undefined variable: v E:\xampp\htdocs\book\data\runtime\Cache\Home\2364bec948d3a8afd47a83d00e75c21e.php 第 31 行.
NOTIC: [8] Undefined variable: v E:\xampp\htdocs\book\data\runtime\Cache\Home\2364bec948d3a8afd47a83d00e75c21e.php 第 31 行.
NOTIC: [8] Undefined variable: v E:\xampp\htdocs\book\data\runtime\Cache\Home\2364bec948d3a8afd47a83d00e75c21e.php 第 31 行.
NOTIC: [8] Undefined variable: v E:\xampp\htdocs\book\data\runtime\Cache\Home\2364bec948d3a8afd47a83d00e75c21e.php 第 31 行.
NOTIC: [8] Undefined variable: v E:\xampp\htdocs\book\data\runtime\Cache\Home\2364bec948d3a8afd47a83d00e75c21e.php 第 31 行.

[ 2017-04-18T21:03:40+08:00 ] 127.0.0.1 /index.php?m=Home&c=Book&a=hot
NOTIC: [8] Undefined variable: v E:\xampp\htdocs\book\data\runtime\Cache\Home\2364bec948d3a8afd47a83d00e75c21e.php 第 31 行.
NOTIC: [8] Undefined variable: v E:\xampp\htdocs\book\data\runtime\Cache\Home\2364bec948d3a8afd47a83d00e75c21e.php 第 31 行.
NOTIC: [8] Undefined variable: v E:\xampp\htdocs\book\data\runtime\Cache\Home\2364bec948d3a8afd47a83d00e75c21e.php 第 31 行.
NOTIC: [8] Undefined variable: v E:\xampp\htdocs\book\data\runtime\Cache\Home\2364bec948d3a8afd47a83d00e75c21e.php 第 31 行.
NOTIC: [8] Undefined variable: v E:\xampp\htdocs\book\data\runtime\Cache\Home\2364bec948d3a8afd47a83d00e75c21e.php 第 31 行.
NOTIC: [8] Undefined variable: v E:\xampp\htdocs\book\data\runtime\Cache\Home\2364bec948d3a8afd47a83d00e75c21e.php 第 31 行.

