[ 2017-05-12T08:53:46+08:00 ] 127.0.0.1 /index.php?m=Home&c=Book&a=index
NOTIC: [8] Use of undefined constant index - assumed 'index' E:\xampp\htdocs\book\data\runtime\Cache\Home\11d56a22871513308fc02b15e919a6ac.php 第 36 行.
NOTIC: [8] Use of undefined constant index - assumed 'index' E:\xampp\htdocs\book\data\runtime\Cache\Home\11d56a22871513308fc02b15e919a6ac.php 第 39 行.
NOTIC: [8] Use of undefined constant index - assumed 'index' E:\xampp\htdocs\book\data\runtime\Cache\Home\11d56a22871513308fc02b15e919a6ac.php 第 39 行.
NOTIC: [8] Use of undefined constant index - assumed 'index' E:\xampp\htdocs\book\data\runtime\Cache\Home\11d56a22871513308fc02b15e919a6ac.php 第 39 行.

[ 2017-05-12T08:57:55+08:00 ] 127.0.0.1 /index.php?m=Home&c=Book&a=so&so=1
NOTIC: [8] Undefined variable: v E:\xampp\htdocs\book\data\runtime\Cache\Home\506ca348ff48fa2d77d52276fcc469b3.php 第 31 行.
NOTIC: [8] Undefined variable: v E:\xampp\htdocs\book\data\runtime\Cache\Home\506ca348ff48fa2d77d52276fcc469b3.php 第 31 行.
NOTIC: [8] Undefined variable: v E:\xampp\htdocs\book\data\runtime\Cache\Home\506ca348ff48fa2d77d52276fcc469b3.php 第 31 行.
NOTIC: [8] Undefined variable: v E:\xampp\htdocs\book\data\runtime\Cache\Home\506ca348ff48fa2d77d52276fcc469b3.php 第 31 行.
NOTIC: [8] Undefined variable: v E:\xampp\htdocs\book\data\runtime\Cache\Home\506ca348ff48fa2d77d52276fcc469b3.php 第 31 行.
NOTIC: [8] Undefined variable: v E:\xampp\htdocs\book\data\runtime\Cache\Home\506ca348ff48fa2d77d52276fcc469b3.php 第 31 行.

[ 2017-05-12T08:59:09+08:00 ] 127.0.0.1 /index.php?m=Home&c=Book&a=index
NOTIC: [8] Use of undefined constant index - assumed 'index' E:\xampp\htdocs\book\data\runtime\Cache\Home\11d56a22871513308fc02b15e919a6ac.php 第 36 行.
NOTIC: [8] Use of undefined constant index - assumed 'index' E:\xampp\htdocs\book\data\runtime\Cache\Home\11d56a22871513308fc02b15e919a6ac.php 第 39 行.
NOTIC: [8] Use of undefined constant index - assumed 'index' E:\xampp\htdocs\book\data\runtime\Cache\Home\11d56a22871513308fc02b15e919a6ac.php 第 39 行.
NOTIC: [8] Use of undefined constant index - assumed 'index' E:\xampp\htdocs\book\data\runtime\Cache\Home\11d56a22871513308fc02b15e919a6ac.php 第 39 行.

[ 2017-05-12T08:59:13+08:00 ] 127.0.0.1 /index.php?m=Home&c=Book&a=index
NOTIC: [8] Use of undefined constant index - assumed 'index' E:\xampp\htdocs\book\data\runtime\Cache\Home\11d56a22871513308fc02b15e919a6ac.php 第 36 行.
NOTIC: [8] Use of undefined constant index - assumed 'index' E:\xampp\htdocs\book\data\runtime\Cache\Home\11d56a22871513308fc02b15e919a6ac.php 第 39 行.
NOTIC: [8] Use of undefined constant index - assumed 'index' E:\xampp\htdocs\book\data\runtime\Cache\Home\11d56a22871513308fc02b15e919a6ac.php 第 39 行.
NOTIC: [8] Use of undefined constant index - assumed 'index' E:\xampp\htdocs\book\data\runtime\Cache\Home\11d56a22871513308fc02b15e919a6ac.php 第 39 行.

[ 2017-05-12T09:00:19+08:00 ] 127.0.0.1 /index.php?m=Home&c=Book&a=so&so=1
NOTIC: [8] Undefined variable: v E:\xampp\htdocs\book\data\runtime\Cache\Home\506ca348ff48fa2d77d52276fcc469b3.php 第 31 行.
NOTIC: [8] Undefined variable: v E:\xampp\htdocs\book\data\runtime\Cache\Home\506ca348ff48fa2d77d52276fcc469b3.php 第 31 行.
NOTIC: [8] Undefined variable: v E:\xampp\htdocs\book\data\runtime\Cache\Home\506ca348ff48fa2d77d52276fcc469b3.php 第 31 行.
NOTIC: [8] Undefined variable: v E:\xampp\htdocs\book\data\runtime\Cache\Home\506ca348ff48fa2d77d52276fcc469b3.php 第 31 行.
NOTIC: [8] Undefined variable: v E:\xampp\htdocs\book\data\runtime\Cache\Home\506ca348ff48fa2d77d52276fcc469b3.php 第 31 行.
NOTIC: [8] Undefined variable: v E:\xampp\htdocs\book\data\runtime\Cache\Home\506ca348ff48fa2d77d52276fcc469b3.php 第 31 行.

[ 2017-05-12T09:09:12+08:00 ] 127.0.0.1 /index.php?m=Home&c=Book&a=index
NOTIC: [8] Use of undefined constant index - assumed 'index' E:\xampp\htdocs\book\data\runtime\Cache\Home\11d56a22871513308fc02b15e919a6ac.php 第 36 行.
NOTIC: [8] Use of undefined constant index - assumed 'index' E:\xampp\htdocs\book\data\runtime\Cache\Home\11d56a22871513308fc02b15e919a6ac.php 第 39 行.
NOTIC: [8] Use of undefined constant index - assumed 'index' E:\xampp\htdocs\book\data\runtime\Cache\Home\11d56a22871513308fc02b15e919a6ac.php 第 39 行.
NOTIC: [8] Use of undefined constant index - assumed 'index' E:\xampp\htdocs\book\data\runtime\Cache\Home\11d56a22871513308fc02b15e919a6ac.php 第 39 行.

[ 2017-05-12T09:12:32+08:00 ] 127.0.0.1 /index.php?m=Home&c=Book&a=index
NOTIC: [8] Use of undefined constant index - assumed 'index' E:\xampp\htdocs\book\data\runtime\Cache\Home\11d56a22871513308fc02b15e919a6ac.php 第 36 行.
NOTIC: [8] Use of undefined constant index - assumed 'index' E:\xampp\htdocs\book\data\runtime\Cache\Home\11d56a22871513308fc02b15e919a6ac.php 第 39 行.
NOTIC: [8] Use of undefined constant index - assumed 'index' E:\xampp\htdocs\book\data\runtime\Cache\Home\11d56a22871513308fc02b15e919a6ac.php 第 39 行.
NOTIC: [8] Use of undefined constant index - assumed 'index' E:\xampp\htdocs\book\data\runtime\Cache\Home\11d56a22871513308fc02b15e919a6ac.php 第 39 行.

[ 2017-05-12T09:14:30+08:00 ] 127.0.0.1 /index.php?m=Home&c=Book&a=so&so=1
NOTIC: [8] Undefined variable: v E:\xampp\htdocs\book\data\runtime\Cache\Home\506ca348ff48fa2d77d52276fcc469b3.php 第 31 行.
NOTIC: [8] Undefined variable: v E:\xampp\htdocs\book\data\runtime\Cache\Home\506ca348ff48fa2d77d52276fcc469b3.php 第 31 行.
NOTIC: [8] Undefined variable: v E:\xampp\htdocs\book\data\runtime\Cache\Home\506ca348ff48fa2d77d52276fcc469b3.php 第 31 行.
NOTIC: [8] Undefined variable: v E:\xampp\htdocs\book\data\runtime\Cache\Home\506ca348ff48fa2d77d52276fcc469b3.php 第 31 行.
NOTIC: [8] Undefined variable: v E:\xampp\htdocs\book\data\runtime\Cache\Home\506ca348ff48fa2d77d52276fcc469b3.php 第 31 行.
NOTIC: [8] Undefined variable: v E:\xampp\htdocs\book\data\runtime\Cache\Home\506ca348ff48fa2d77d52276fcc469b3.php 第 31 行.

[ 2017-05-12T09:15:08+08:00 ] 127.0.0.1 /index.php?m=Home&c=Book&a=so&so=1
NOTIC: [8] Undefined variable: v E:\xampp\htdocs\book\data\runtime\Cache\Home\506ca348ff48fa2d77d52276fcc469b3.php 第 31 行.
NOTIC: [8] Undefined variable: v E:\xampp\htdocs\book\data\runtime\Cache\Home\506ca348ff48fa2d77d52276fcc469b3.php 第 31 行.
NOTIC: [8] Undefined variable: v E:\xampp\htdocs\book\data\runtime\Cache\Home\506ca348ff48fa2d77d52276fcc469b3.php 第 31 行.
NOTIC: [8] Undefined variable: v E:\xampp\htdocs\book\data\runtime\Cache\Home\506ca348ff48fa2d77d52276fcc469b3.php 第 31 行.
NOTIC: [8] Undefined variable: v E:\xampp\htdocs\book\data\runtime\Cache\Home\506ca348ff48fa2d77d52276fcc469b3.php 第 31 行.
NOTIC: [8] Undefined variable: v E:\xampp\htdocs\book\data\runtime\Cache\Home\506ca348ff48fa2d77d52276fcc469b3.php 第 31 行.

[ 2017-05-12T09:16:17+08:00 ] 127.0.0.1 /index.php?m=Home&c=Book&a=so&so=1
NOTIC: [8] Undefined variable: v E:\xampp\htdocs\book\data\runtime\Cache\Home\506ca348ff48fa2d77d52276fcc469b3.php 第 31 行.
NOTIC: [8] Undefined variable: v E:\xampp\htdocs\book\data\runtime\Cache\Home\506ca348ff48fa2d77d52276fcc469b3.php 第 31 行.
NOTIC: [8] Undefined variable: v E:\xampp\htdocs\book\data\runtime\Cache\Home\506ca348ff48fa2d77d52276fcc469b3.php 第 31 行.
NOTIC: [8] Undefined variable: v E:\xampp\htdocs\book\data\runtime\Cache\Home\506ca348ff48fa2d77d52276fcc469b3.php 第 31 行.
NOTIC: [8] Undefined variable: v E:\xampp\htdocs\book\data\runtime\Cache\Home\506ca348ff48fa2d77d52276fcc469b3.php 第 31 行.
NOTIC: [8] Undefined variable: v E:\xampp\htdocs\book\data\runtime\Cache\Home\506ca348ff48fa2d77d52276fcc469b3.php 第 31 行.

[ 2017-05-12T09:37:20+08:00 ] 127.0.0.1 /index.php?m=Home&c=Book&a=index
NOTIC: [8] Use of undefined constant index - assumed 'index' E:\xampp\htdocs\book\data\runtime\Cache\Home\11d56a22871513308fc02b15e919a6ac.php 第 36 行.
NOTIC: [8] Use of undefined constant index - assumed 'index' E:\xampp\htdocs\book\data\runtime\Cache\Home\11d56a22871513308fc02b15e919a6ac.php 第 39 行.
NOTIC: [8] Use of undefined constant index - assumed 'index' E:\xampp\htdocs\book\data\runtime\Cache\Home\11d56a22871513308fc02b15e919a6ac.php 第 39 行.
NOTIC: [8] Use of undefined constant index - assumed 'index' E:\xampp\htdocs\book\data\runtime\Cache\Home\11d56a22871513308fc02b15e919a6ac.php 第 39 行.

[ 2017-05-12T09:37:43+08:00 ] 127.0.0.1 /index.php?m=Home&c=Book&a=so&so=%E8%80%83%E7%A0%94
NOTIC: [8] Undefined variable: v E:\xampp\htdocs\book\data\runtime\Cache\Home\506ca348ff48fa2d77d52276fcc469b3.php 第 31 行.

[ 2017-05-12T09:38:32+08:00 ] 127.0.0.1 /index.php?m=Home&c=Book&a=so&so=%E8%80%83%E7%A0%94
NOTIC: [8] Undefined variable: v E:\xampp\htdocs\book\data\runtime\Cache\Home\506ca348ff48fa2d77d52276fcc469b3.php 第 31 行.

[ 2017-05-12T09:38:42+08:00 ] 127.0.0.1 /index.php?m=Home&c=Book&a=so&so=%E8%80%83%E7%A0%94
NOTIC: [8] Undefined variable: v E:\xampp\htdocs\book\data\runtime\Cache\Home\506ca348ff48fa2d77d52276fcc469b3.php 第 31 行.

[ 2017-05-12T09:38:47+08:00 ] 127.0.0.1 /index.php?m=Home&c=Book&a=so&so=%E8%80%83%E7%A0%94
NOTIC: [8] Undefined variable: v E:\xampp\htdocs\book\data\runtime\Cache\Home\506ca348ff48fa2d77d52276fcc469b3.php 第 31 行.

[ 2017-05-12T09:42:01+08:00 ] 127.0.0.1 /index.php?m=Home&c=Book&a=so&so=%E8%80%83%E7%A0%94
NOTIC: [8] Undefined variable: v E:\xampp\htdocs\book\data\runtime\Cache\Home\506ca348ff48fa2d77d52276fcc469b3.php 第 31 行.

[ 2017-05-12T09:42:36+08:00 ] 127.0.0.1 /index.php?m=Home&c=Book&a=so&so=%E8%80%83%E7%A0%94
NOTIC: [8] Undefined variable: v E:\xampp\htdocs\book\data\runtime\Cache\Home\506ca348ff48fa2d77d52276fcc469b3.php 第 31 行.

[ 2017-05-12T10:44:08+08:00 ] 127.0.0.1 /index.php?m=Home&c=Book&a=index
NOTIC: [8] Use of undefined constant index - assumed 'index' E:\xampp\htdocs\book\data\runtime\Cache\Home\11d56a22871513308fc02b15e919a6ac.php 第 36 行.
NOTIC: [8] Use of undefined constant index - assumed 'index' E:\xampp\htdocs\book\data\runtime\Cache\Home\11d56a22871513308fc02b15e919a6ac.php 第 39 行.
NOTIC: [8] Use of undefined constant index - assumed 'index' E:\xampp\htdocs\book\data\runtime\Cache\Home\11d56a22871513308fc02b15e919a6ac.php 第 39 行.
NOTIC: [8] Use of undefined constant index - assumed 'index' E:\xampp\htdocs\book\data\runtime\Cache\Home\11d56a22871513308fc02b15e919a6ac.php 第 39 行.

[ 2017-05-12T10:44:51+08:00 ] 127.0.0.1 /index.php?m=Home&c=Book&a=index
NOTIC: [8] Use of undefined constant index - assumed 'index' E:\xampp\htdocs\book\data\runtime\Cache\Home\11d56a22871513308fc02b15e919a6ac.php 第 36 行.
NOTIC: [8] Use of undefined constant index - assumed 'index' E:\xampp\htdocs\book\data\runtime\Cache\Home\11d56a22871513308fc02b15e919a6ac.php 第 39 行.
NOTIC: [8] Use of undefined constant index - assumed 'index' E:\xampp\htdocs\book\data\runtime\Cache\Home\11d56a22871513308fc02b15e919a6ac.php 第 39 行.
NOTIC: [8] Use of undefined constant index - assumed 'index' E:\xampp\htdocs\book\data\runtime\Cache\Home\11d56a22871513308fc02b15e919a6ac.php 第 39 行.

[ 2017-05-12T10:45:05+08:00 ] 127.0.0.1 /index.php?m=Home&c=Book&a=index&id=2
NOTIC: [8] Use of undefined constant index - assumed 'index' E:\xampp\htdocs\book\data\runtime\Cache\Home\11d56a22871513308fc02b15e919a6ac.php 第 36 行.
NOTIC: [8] Use of undefined constant index - assumed 'index' E:\xampp\htdocs\book\data\runtime\Cache\Home\11d56a22871513308fc02b15e919a6ac.php 第 39 行.
NOTIC: [8] Use of undefined constant index - assumed 'index' E:\xampp\htdocs\book\data\runtime\Cache\Home\11d56a22871513308fc02b15e919a6ac.php 第 39 行.
NOTIC: [8] Use of undefined constant index - assumed 'index' E:\xampp\htdocs\book\data\runtime\Cache\Home\11d56a22871513308fc02b15e919a6ac.php 第 39 行.

[ 2017-05-12T10:45:21+08:00 ] 127.0.0.1 /index.php?m=Home&c=Book&a=index
NOTIC: [8] Use of undefined constant index - assumed 'index' E:\xampp\htdocs\book\data\runtime\Cache\Home\11d56a22871513308fc02b15e919a6ac.php 第 36 行.
NOTIC: [8] Use of undefined constant index - assumed 'index' E:\xampp\htdocs\book\data\runtime\Cache\Home\11d56a22871513308fc02b15e919a6ac.php 第 39 行.
NOTIC: [8] Use of undefined constant index - assumed 'index' E:\xampp\htdocs\book\data\runtime\Cache\Home\11d56a22871513308fc02b15e919a6ac.php 第 39 行.
NOTIC: [8] Use of undefined constant index - assumed 'index' E:\xampp\htdocs\book\data\runtime\Cache\Home\11d56a22871513308fc02b15e919a6ac.php 第 39 行.

[ 2017-05-12T10:48:14+08:00 ] 127.0.0.1 /index.php?m=Home&c=Book&a=index
NOTIC: [8] Use of undefined constant index - assumed 'index' E:\xampp\htdocs\book\data\runtime\Cache\Home\11d56a22871513308fc02b15e919a6ac.php 第 36 行.
NOTIC: [8] Use of undefined constant index - assumed 'index' E:\xampp\htdocs\book\data\runtime\Cache\Home\11d56a22871513308fc02b15e919a6ac.php 第 39 行.
NOTIC: [8] Use of undefined constant index - assumed 'index' E:\xampp\htdocs\book\data\runtime\Cache\Home\11d56a22871513308fc02b15e919a6ac.php 第 39 行.
NOTIC: [8] Use of undefined constant index - assumed 'index' E:\xampp\htdocs\book\data\runtime\Cache\Home\11d56a22871513308fc02b15e919a6ac.php 第 39 行.

[ 2017-05-12T10:48:26+08:00 ] 127.0.0.1 /index.php?m=Home&c=Book&a=index
NOTIC: [8] Use of undefined constant index - assumed 'index' E:\xampp\htdocs\book\data\runtime\Cache\Home\11d56a22871513308fc02b15e919a6ac.php 第 36 行.
NOTIC: [8] Use of undefined constant index - assumed 'index' E:\xampp\htdocs\book\data\runtime\Cache\Home\11d56a22871513308fc02b15e919a6ac.php 第 39 行.
NOTIC: [8] Use of undefined constant index - assumed 'index' E:\xampp\htdocs\book\data\runtime\Cache\Home\11d56a22871513308fc02b15e919a6ac.php 第 39 行.
NOTIC: [8] Use of undefined constant index - assumed 'index' E:\xampp\htdocs\book\data\runtime\Cache\Home\11d56a22871513308fc02b15e919a6ac.php 第 39 行.

[ 2017-05-12T10:51:06+08:00 ] 127.0.0.1 /index.php?m=Home&c=Book&a=index
NOTIC: [8] Use of undefined constant index - assumed 'index' E:\xampp\htdocs\book\data\runtime\Cache\Home\11d56a22871513308fc02b15e919a6ac.php 第 36 行.
NOTIC: [8] Use of undefined constant index - assumed 'index' E:\xampp\htdocs\book\data\runtime\Cache\Home\11d56a22871513308fc02b15e919a6ac.php 第 39 行.
NOTIC: [8] Use of undefined constant index - assumed 'index' E:\xampp\htdocs\book\data\runtime\Cache\Home\11d56a22871513308fc02b15e919a6ac.php 第 39 行.
NOTIC: [8] Use of undefined constant index - assumed 'index' E:\xampp\htdocs\book\data\runtime\Cache\Home\11d56a22871513308fc02b15e919a6ac.php 第 39 行.

[ 2017-05-12T10:51:08+08:00 ] 127.0.0.1 /index.php?m=Home&c=Book&a=index&id=2
NOTIC: [8] Use of undefined constant index - assumed 'index' E:\xampp\htdocs\book\data\runtime\Cache\Home\11d56a22871513308fc02b15e919a6ac.php 第 36 行.
NOTIC: [8] Use of undefined constant index - assumed 'index' E:\xampp\htdocs\book\data\runtime\Cache\Home\11d56a22871513308fc02b15e919a6ac.php 第 39 行.
NOTIC: [8] Use of undefined constant index - assumed 'index' E:\xampp\htdocs\book\data\runtime\Cache\Home\11d56a22871513308fc02b15e919a6ac.php 第 39 行.
NOTIC: [8] Use of undefined constant index - assumed 'index' E:\xampp\htdocs\book\data\runtime\Cache\Home\11d56a22871513308fc02b15e919a6ac.php 第 39 行.

[ 2017-05-12T10:51:13+08:00 ] 127.0.0.1 /index.php?m=Home&c=Book&a=index
NOTIC: [8] Use of undefined constant index - assumed 'index' E:\xampp\htdocs\book\data\runtime\Cache\Home\11d56a22871513308fc02b15e919a6ac.php 第 36 行.
NOTIC: [8] Use of undefined constant index - assumed 'index' E:\xampp\htdocs\book\data\runtime\Cache\Home\11d56a22871513308fc02b15e919a6ac.php 第 39 行.
NOTIC: [8] Use of undefined constant index - assumed 'index' E:\xampp\htdocs\book\data\runtime\Cache\Home\11d56a22871513308fc02b15e919a6ac.php 第 39 行.
NOTIC: [8] Use of undefined constant index - assumed 'index' E:\xampp\htdocs\book\data\runtime\Cache\Home\11d56a22871513308fc02b15e919a6ac.php 第 39 行.

[ 2017-05-12T10:51:49+08:00 ] 127.0.0.1 /index.php?m=Home&c=Book&a=index
NOTIC: [8] Use of undefined constant index - assumed 'index' E:\xampp\htdocs\book\data\runtime\Cache\Home\11d56a22871513308fc02b15e919a6ac.php 第 36 行.
NOTIC: [8] Use of undefined constant index - assumed 'index' E:\xampp\htdocs\book\data\runtime\Cache\Home\11d56a22871513308fc02b15e919a6ac.php 第 39 行.
NOTIC: [8] Use of undefined constant index - assumed 'index' E:\xampp\htdocs\book\data\runtime\Cache\Home\11d56a22871513308fc02b15e919a6ac.php 第 39 行.
NOTIC: [8] Use of undefined constant index - assumed 'index' E:\xampp\htdocs\book\data\runtime\Cache\Home\11d56a22871513308fc02b15e919a6ac.php 第 39 行.

[ 2017-05-12T10:51:53+08:00 ] 127.0.0.1 /index.php?m=Home&c=Book&a=index&id=5
NOTIC: [8] Use of undefined constant index - assumed 'index' E:\xampp\htdocs\book\data\runtime\Cache\Home\11d56a22871513308fc02b15e919a6ac.php 第 36 行.
NOTIC: [8] Use of undefined constant index - assumed 'index' E:\xampp\htdocs\book\data\runtime\Cache\Home\11d56a22871513308fc02b15e919a6ac.php 第 39 行.
NOTIC: [8] Use of undefined constant index - assumed 'index' E:\xampp\htdocs\book\data\runtime\Cache\Home\11d56a22871513308fc02b15e919a6ac.php 第 39 行.
NOTIC: [8] Use of undefined constant index - assumed 'index' E:\xampp\htdocs\book\data\runtime\Cache\Home\11d56a22871513308fc02b15e919a6ac.php 第 39 行.

[ 2017-05-12T10:52:25+08:00 ] 127.0.0.1 /index.php?m=Home&c=Book&a=index
NOTIC: [8] Use of undefined constant index - assumed 'index' E:\xampp\htdocs\book\data\runtime\Cache\Home\11d56a22871513308fc02b15e919a6ac.php 第 36 行.
NOTIC: [8] Use of undefined constant index - assumed 'index' E:\xampp\htdocs\book\data\runtime\Cache\Home\11d56a22871513308fc02b15e919a6ac.php 第 39 行.
NOTIC: [8] Use of undefined constant index - assumed 'index' E:\xampp\htdocs\book\data\runtime\Cache\Home\11d56a22871513308fc02b15e919a6ac.php 第 39 行.
NOTIC: [8] Use of undefined constant index - assumed 'index' E:\xampp\htdocs\book\data\runtime\Cache\Home\11d56a22871513308fc02b15e919a6ac.php 第 39 行.

[ 2017-05-12T10:53:26+08:00 ] 127.0.0.1 /index.php?m=Home&c=Book&a=index
NOTIC: [8] Use of undefined constant index - assumed 'index' E:\xampp\htdocs\book\data\runtime\Cache\Home\11d56a22871513308fc02b15e919a6ac.php 第 36 行.
NOTIC: [8] Use of undefined constant index - assumed 'index' E:\xampp\htdocs\book\data\runtime\Cache\Home\11d56a22871513308fc02b15e919a6ac.php 第 39 行.
NOTIC: [8] Use of undefined constant index - assumed 'index' E:\xampp\htdocs\book\data\runtime\Cache\Home\11d56a22871513308fc02b15e919a6ac.php 第 39 行.
NOTIC: [8] Use of undefined constant index - assumed 'index' E:\xampp\htdocs\book\data\runtime\Cache\Home\11d56a22871513308fc02b15e919a6ac.php 第 39 行.

[ 2017-05-12T10:53:32+08:00 ] 127.0.0.1 /index.php?m=Home&c=Book&a=index&id=2
NOTIC: [8] Use of undefined constant index - assumed 'index' E:\xampp\htdocs\book\data\runtime\Cache\Home\11d56a22871513308fc02b15e919a6ac.php 第 36 行.
NOTIC: [8] Use of undefined constant index - assumed 'index' E:\xampp\htdocs\book\data\runtime\Cache\Home\11d56a22871513308fc02b15e919a6ac.php 第 39 行.
NOTIC: [8] Use of undefined constant index - assumed 'index' E:\xampp\htdocs\book\data\runtime\Cache\Home\11d56a22871513308fc02b15e919a6ac.php 第 39 行.
NOTIC: [8] Use of undefined constant index - assumed 'index' E:\xampp\htdocs\book\data\runtime\Cache\Home\11d56a22871513308fc02b15e919a6ac.php 第 39 行.

[ 2017-05-12T10:53:59+08:00 ] 127.0.0.1 /index.php?m=Home&c=Book&a=index
NOTIC: [8] Use of undefined constant index - assumed 'index' E:\xampp\htdocs\book\data\runtime\Cache\Home\11d56a22871513308fc02b15e919a6ac.php 第 36 行.
NOTIC: [8] Use of undefined constant index - assumed 'index' E:\xampp\htdocs\book\data\runtime\Cache\Home\11d56a22871513308fc02b15e919a6ac.php 第 39 行.
NOTIC: [8] Use of undefined constant index - assumed 'index' E:\xampp\htdocs\book\data\runtime\Cache\Home\11d56a22871513308fc02b15e919a6ac.php 第 39 行.
NOTIC: [8] Use of undefined constant index - assumed 'index' E:\xampp\htdocs\book\data\runtime\Cache\Home\11d56a22871513308fc02b15e919a6ac.php 第 39 行.

[ 2017-05-12T10:55:51+08:00 ] 127.0.0.1 /index.php?m=Home&c=Book&a=index
NOTIC: [8] Use of undefined constant index - assumed 'index' E:\xampp\htdocs\book\data\runtime\Cache\Home\11d56a22871513308fc02b15e919a6ac.php 第 36 行.
NOTIC: [8] Use of undefined constant index - assumed 'index' E:\xampp\htdocs\book\data\runtime\Cache\Home\11d56a22871513308fc02b15e919a6ac.php 第 39 行.
NOTIC: [8] Use of undefined constant index - assumed 'index' E:\xampp\htdocs\book\data\runtime\Cache\Home\11d56a22871513308fc02b15e919a6ac.php 第 39 行.
NOTIC: [8] Use of undefined constant index - assumed 'index' E:\xampp\htdocs\book\data\runtime\Cache\Home\11d56a22871513308fc02b15e919a6ac.php 第 39 行.

[ 2017-05-12T10:56:12+08:00 ] 127.0.0.1 /index.php?m=Home&c=Book&a=index
NOTIC: [8] Use of undefined constant index - assumed 'index' E:\xampp\htdocs\book\data\runtime\Cache\Home\11d56a22871513308fc02b15e919a6ac.php 第 36 行.
NOTIC: [8] Use of undefined constant index - assumed 'index' E:\xampp\htdocs\book\data\runtime\Cache\Home\11d56a22871513308fc02b15e919a6ac.php 第 39 行.
NOTIC: [8] Use of undefined constant index - assumed 'index' E:\xampp\htdocs\book\data\runtime\Cache\Home\11d56a22871513308fc02b15e919a6ac.php 第 39 行.
NOTIC: [8] Use of undefined constant index - assumed 'index' E:\xampp\htdocs\book\data\runtime\Cache\Home\11d56a22871513308fc02b15e919a6ac.php 第 39 行.

[ 2017-05-12T20:41:10+08:00 ] 127.0.0.1 /index.php?m=Home&c=Book&a=index
NOTIC: [8] Use of undefined constant index - assumed 'index' E:\xampp\htdocs\book\data\runtime\Cache\Home\11d56a22871513308fc02b15e919a6ac.php 第 36 行.
NOTIC: [8] Use of undefined constant index - assumed 'index' E:\xampp\htdocs\book\data\runtime\Cache\Home\11d56a22871513308fc02b15e919a6ac.php 第 39 行.
NOTIC: [8] Use of undefined constant index - assumed 'index' E:\xampp\htdocs\book\data\runtime\Cache\Home\11d56a22871513308fc02b15e919a6ac.php 第 39 行.
NOTIC: [8] Use of undefined constant index - assumed 'index' E:\xampp\htdocs\book\data\runtime\Cache\Home\11d56a22871513308fc02b15e919a6ac.php 第 39 行.

[ 2017-05-12T23:28:55+08:00 ] 127.0.0.1 /index.php?m=Home&c=Book&a=index
NOTIC: [8] Use of undefined constant index - assumed 'index' E:\xampp\htdocs\book\data\runtime\Cache\Home\11d56a22871513308fc02b15e919a6ac.php 第 36 行.
NOTIC: [8] Use of undefined constant index - assumed 'index' E:\xampp\htdocs\book\data\runtime\Cache\Home\11d56a22871513308fc02b15e919a6ac.php 第 39 行.
NOTIC: [8] Use of undefined constant index - assumed 'index' E:\xampp\htdocs\book\data\runtime\Cache\Home\11d56a22871513308fc02b15e919a6ac.php 第 39 行.
NOTIC: [8] Use of undefined constant index - assumed 'index' E:\xampp\htdocs\book\data\runtime\Cache\Home\11d56a22871513308fc02b15e919a6ac.php 第 39 行.

