[ 2017-05-09T22:47:58+08:00 ] 127.0.0.1 /index.php?m=Admin&c=Index&a=index
NOTIC: [8] Undefined index: admin_avatar E:\xampp\htdocs\book\data\runtime\Cache\Admin\eaaaa69a3a7994270bfd9e5a4028ad15.php 第 106 行.

[ 2017-05-09T22:48:03+08:00 ] 127.0.0.1 /index.php?m=Admin&c=Goodscate&a=cate_list
NOTIC: [8] Undefined index: admin_avatar E:\xampp\htdocs\book\data\runtime\Cache\Admin\a7bc057e57ea30574f193f6ba2ba4503.php 第 106 行.

[ 2017-05-09T22:52:52+08:00 ] 127.0.0.1 /index.php?m=Admin&c=Goodscate&a=cate_list
NOTIC: [8] Undefined index: admin_avatar E:\xampp\htdocs\book\data\runtime\Cache\Admin\a7bc057e57ea30574f193f6ba2ba4503.php 第 106 行.

[ 2017-05-09T22:52:54+08:00 ] 127.0.0.1 /index.php?m=Admin&c=Goodscate&a=cate_list
NOTIC: [8] Undefined index: admin_avatar E:\xampp\htdocs\book\data\runtime\Cache\Admin\a7bc057e57ea30574f193f6ba2ba4503.php 第 106 行.

[ 2017-05-09T22:52:55+08:00 ] 127.0.0.1 /index.php?m=Admin&c=Goodscate&a=cate_list
NOTIC: [8] Undefined index: admin_avatar E:\xampp\htdocs\book\data\runtime\Cache\Admin\a7bc057e57ea30574f193f6ba2ba4503.php 第 106 行.

[ 2017-05-09T22:52:57+08:00 ] 127.0.0.1 /index.php?m=Admin&c=Goodscate&a=cate_list
NOTIC: [8] Undefined index: admin_avatar E:\xampp\htdocs\book\data\runtime\Cache\Admin\a7bc057e57ea30574f193f6ba2ba4503.php 第 106 行.

[ 2017-05-09T22:54:42+08:00 ] 127.0.0.1 /index.php?m=Admin&c=Goodscate&a=cate_edit&id=3
NOTIC: [8] Undefined index: admin_avatar E:\xampp\htdocs\book\data\runtime\Cache\Admin\29ac499ae95ae3d913f43cb6a2f76b91.php 第 106 行.

[ 2017-05-09T22:54:48+08:00 ] 127.0.0.1 /index.php?m=Admin&c=Index&a=index
NOTIC: [8] Undefined index: admin_avatar E:\xampp\htdocs\book\data\runtime\Cache\Admin\eaaaa69a3a7994270bfd9e5a4028ad15.php 第 106 行.

[ 2017-05-09T22:54:51+08:00 ] 127.0.0.1 /index.php?m=Admin&c=Goodscate&a=cate_list
NOTIC: [8] Undefined index: admin_avatar E:\xampp\htdocs\book\data\runtime\Cache\Admin\a7bc057e57ea30574f193f6ba2ba4503.php 第 106 行.

[ 2017-05-09T22:54:54+08:00 ] 127.0.0.1 /index.php?m=Admin&c=Goods&a=goods_list
NOTIC: [8] Undefined index: admin_avatar E:\xampp\htdocs\book\data\runtime\Cache\Admin\425a42625ce3f7f36746b46498f2ab35.php 第 106 行.
NOTIC: [8] Undefined variable: diyflag E:\xampp\htdocs\book\data\runtime\Cache\Admin\425a42625ce3f7f36746b46498f2ab35.php 第 256 行.
NOTIC: [8] Undefined index: news_flag E:\xampp\htdocs\book\data\runtime\Cache\Admin\425a42625ce3f7f36746b46498f2ab35.php 第 342 行.
NOTIC: [8] Undefined index: news_flag E:\xampp\htdocs\book\data\runtime\Cache\Admin\425a42625ce3f7f36746b46498f2ab35.php 第 343 行.
NOTIC: [8] Undefined index: news_flag E:\xampp\htdocs\book\data\runtime\Cache\Admin\425a42625ce3f7f36746b46498f2ab35.php 第 344 行.
NOTIC: [8] Undefined index: news_flag E:\xampp\htdocs\book\data\runtime\Cache\Admin\425a42625ce3f7f36746b46498f2ab35.php 第 345 行.
NOTIC: [8] Undefined index: news_flag E:\xampp\htdocs\book\data\runtime\Cache\Admin\425a42625ce3f7f36746b46498f2ab35.php 第 346 行.
NOTIC: [8] Undefined index: news_flag E:\xampp\htdocs\book\data\runtime\Cache\Admin\425a42625ce3f7f36746b46498f2ab35.php 第 347 行.
NOTIC: [8] Undefined index: news_flag E:\xampp\htdocs\book\data\runtime\Cache\Admin\425a42625ce3f7f36746b46498f2ab35.php 第 348 行.
NOTIC: [8] Undefined index: news_flag E:\xampp\htdocs\book\data\runtime\Cache\Admin\425a42625ce3f7f36746b46498f2ab35.php 第 349 行.
NOTIC: [8] Undefined index: news_flag E:\xampp\htdocs\book\data\runtime\Cache\Admin\425a42625ce3f7f36746b46498f2ab35.php 第 350 行.
NOTIC: [8] Undefined index: news_flag E:\xampp\htdocs\book\data\runtime\Cache\Admin\425a42625ce3f7f36746b46498f2ab35.php 第 342 行.
NOTIC: [8] Undefined index: news_flag E:\xampp\htdocs\book\data\runtime\Cache\Admin\425a42625ce3f7f36746b46498f2ab35.php 第 343 行.
NOTIC: [8] Undefined index: news_flag E:\xampp\htdocs\book\data\runtime\Cache\Admin\425a42625ce3f7f36746b46498f2ab35.php 第 344 行.
NOTIC: [8] Undefined index: news_flag E:\xampp\htdocs\book\data\runtime\Cache\Admin\425a42625ce3f7f36746b46498f2ab35.php 第 345 行.
NOTIC: [8] Undefined index: news_flag E:\xampp\htdocs\book\data\runtime\Cache\Admin\425a42625ce3f7f36746b46498f2ab35.php 第 346 行.
NOTIC: [8] Undefined index: news_flag E:\xampp\htdocs\book\data\runtime\Cache\Admin\425a42625ce3f7f36746b46498f2ab35.php 第 347 行.
NOTIC: [8] Undefined index: news_flag E:\xampp\htdocs\book\data\runtime\Cache\Admin\425a42625ce3f7f36746b46498f2ab35.php 第 348 行.
NOTIC: [8] Undefined index: news_flag E:\xampp\htdocs\book\data\runtime\Cache\Admin\425a42625ce3f7f36746b46498f2ab35.php 第 349 行.
NOTIC: [8] Undefined index: news_flag E:\xampp\htdocs\book\data\runtime\Cache\Admin\425a42625ce3f7f36746b46498f2ab35.php 第 350 行.

[ 2017-05-09T22:54:57+08:00 ] 127.0.0.1 /index.php?m=Admin&c=Goods&a=goods_add
NOTIC: [8] Undefined index: parentid E:\xampp\htdocs\book\ThinkPHP\Library\Org\Util\Leftnav.class.php 第 58 行.
NOTIC: [8] Undefined index: parentid E:\xampp\htdocs\book\ThinkPHP\Library\Org\Util\Leftnav.class.php 第 58 行.
NOTIC: [8] Undefined index: parentid E:\xampp\htdocs\book\ThinkPHP\Library\Org\Util\Leftnav.class.php 第 58 行.
NOTIC: [8] Undefined index: parentid E:\xampp\htdocs\book\ThinkPHP\Library\Org\Util\Leftnav.class.php 第 58 行.
NOTIC: [8] Undefined index: parentid E:\xampp\htdocs\book\ThinkPHP\Library\Org\Util\Leftnav.class.php 第 58 行.
NOTIC: [8] Undefined index: parentid E:\xampp\htdocs\book\ThinkPHP\Library\Org\Util\Leftnav.class.php 第 58 行.
NOTIC: [8] Undefined index: parentid E:\xampp\htdocs\book\ThinkPHP\Library\Org\Util\Leftnav.class.php 第 58 行.
NOTIC: [8] Undefined index: parentid E:\xampp\htdocs\book\ThinkPHP\Library\Org\Util\Leftnav.class.php 第 58 行.
NOTIC: [8] Undefined index: parentid E:\xampp\htdocs\book\ThinkPHP\Library\Org\Util\Leftnav.class.php 第 58 行.
NOTIC: [8] Undefined index: parentid E:\xampp\htdocs\book\ThinkPHP\Library\Org\Util\Leftnav.class.php 第 58 行.
NOTIC: [8] Undefined index: parentid E:\xampp\htdocs\book\ThinkPHP\Library\Org\Util\Leftnav.class.php 第 58 行.
NOTIC: [8] Undefined index: parentid E:\xampp\htdocs\book\ThinkPHP\Library\Org\Util\Leftnav.class.php 第 58 行.
NOTIC: [8] Undefined index: parentid E:\xampp\htdocs\book\ThinkPHP\Library\Org\Util\Leftnav.class.php 第 58 行.
NOTIC: [8] Undefined index: parentid E:\xampp\htdocs\book\ThinkPHP\Library\Org\Util\Leftnav.class.php 第 58 行.
NOTIC: [8] Undefined index: parentid E:\xampp\htdocs\book\ThinkPHP\Library\Org\Util\Leftnav.class.php 第 58 行.
NOTIC: [8] Undefined index: parentid E:\xampp\htdocs\book\ThinkPHP\Library\Org\Util\Leftnav.class.php 第 58 行.
NOTIC: [8] Undefined index: parentid E:\xampp\htdocs\book\ThinkPHP\Library\Org\Util\Leftnav.class.php 第 58 行.
NOTIC: [8] Undefined index: parentid E:\xampp\htdocs\book\ThinkPHP\Library\Org\Util\Leftnav.class.php 第 58 行.
NOTIC: [8] Undefined index: parentid E:\xampp\htdocs\book\ThinkPHP\Library\Org\Util\Leftnav.class.php 第 58 行.
NOTIC: [8] Undefined index: parentid E:\xampp\htdocs\book\ThinkPHP\Library\Org\Util\Leftnav.class.php 第 58 行.
NOTIC: [8] Undefined index: parentid E:\xampp\htdocs\book\ThinkPHP\Library\Org\Util\Leftnav.class.php 第 58 行.
NOTIC: [8] Undefined index: parentid E:\xampp\htdocs\book\ThinkPHP\Library\Org\Util\Leftnav.class.php 第 58 行.
NOTIC: [8] Undefined index: parentid E:\xampp\htdocs\book\ThinkPHP\Library\Org\Util\Leftnav.class.php 第 58 行.
NOTIC: [8] Undefined index: parentid E:\xampp\htdocs\book\ThinkPHP\Library\Org\Util\Leftnav.class.php 第 58 行.
NOTIC: [8] Undefined index: parentid E:\xampp\htdocs\book\ThinkPHP\Library\Org\Util\Leftnav.class.php 第 58 行.
NOTIC: [8] Undefined index: parentid E:\xampp\htdocs\book\ThinkPHP\Library\Org\Util\Leftnav.class.php 第 58 行.
NOTIC: [8] Undefined index: parentid E:\xampp\htdocs\book\ThinkPHP\Library\Org\Util\Leftnav.class.php 第 58 行.
NOTIC: [8] Undefined index: parentid E:\xampp\htdocs\book\ThinkPHP\Library\Org\Util\Leftnav.class.php 第 58 行.
NOTIC: [8] Undefined index: parentid E:\xampp\htdocs\book\ThinkPHP\Library\Org\Util\Leftnav.class.php 第 58 行.
NOTIC: [8] Undefined index: parentid E:\xampp\htdocs\book\ThinkPHP\Library\Org\Util\Leftnav.class.php 第 58 行.
NOTIC: [8] Undefined index: parentid E:\xampp\htdocs\book\ThinkPHP\Library\Org\Util\Leftnav.class.php 第 58 行.
NOTIC: [8] Undefined index: parentid E:\xampp\htdocs\book\ThinkPHP\Library\Org\Util\Leftnav.class.php 第 58 行.
NOTIC: [8] Undefined index: parentid E:\xampp\htdocs\book\ThinkPHP\Library\Org\Util\Leftnav.class.php 第 58 行.
NOTIC: [8] Undefined index: parentid E:\xampp\htdocs\book\ThinkPHP\Library\Org\Util\Leftnav.class.php 第 58 行.
NOTIC: [8] Undefined index: parentid E:\xampp\htdocs\book\ThinkPHP\Library\Org\Util\Leftnav.class.php 第 58 行.
NOTIC: [8] Undefined index: parentid E:\xampp\htdocs\book\ThinkPHP\Library\Org\Util\Leftnav.class.php 第 58 行.
NOTIC: [8] Undefined index: parentid E:\xampp\htdocs\book\ThinkPHP\Library\Org\Util\Leftnav.class.php 第 58 行.
NOTIC: [8] Undefined index: parentid E:\xampp\htdocs\book\ThinkPHP\Library\Org\Util\Leftnav.class.php 第 58 行.
NOTIC: [8] Undefined index: parentid E:\xampp\htdocs\book\ThinkPHP\Library\Org\Util\Leftnav.class.php 第 58 行.
NOTIC: [8] Undefined index: parentid E:\xampp\htdocs\book\ThinkPHP\Library\Org\Util\Leftnav.class.php 第 58 行.
NOTIC: [8] Undefined index: parentid E:\xampp\htdocs\book\ThinkPHP\Library\Org\Util\Leftnav.class.php 第 58 行.
NOTIC: [8] Undefined index: parentid E:\xampp\htdocs\book\ThinkPHP\Library\Org\Util\Leftnav.class.php 第 58 行.
NOTIC: [8] Undefined index: admin_avatar E:\xampp\htdocs\book\data\runtime\Cache\Admin\6f5b7e80bfd12b03c2bb4b1eaa73c32b.php 第 106 行.
NOTIC: [8] Undefined variable: source E:\xampp\htdocs\book\data\runtime\Cache\Admin\6f5b7e80bfd12b03c2bb4b1eaa73c32b.php 第 304 行.

[ 2017-05-09T22:55:01+08:00 ] 127.0.0.1 /index.php?m=Admin&c=Goods&a=goods_list
NOTIC: [8] Undefined index: admin_avatar E:\xampp\htdocs\book\data\runtime\Cache\Admin\425a42625ce3f7f36746b46498f2ab35.php 第 106 行.
NOTIC: [8] Undefined variable: diyflag E:\xampp\htdocs\book\data\runtime\Cache\Admin\425a42625ce3f7f36746b46498f2ab35.php 第 256 行.
NOTIC: [8] Undefined index: news_flag E:\xampp\htdocs\book\data\runtime\Cache\Admin\425a42625ce3f7f36746b46498f2ab35.php 第 342 行.
NOTIC: [8] Undefined index: news_flag E:\xampp\htdocs\book\data\runtime\Cache\Admin\425a42625ce3f7f36746b46498f2ab35.php 第 343 行.
NOTIC: [8] Undefined index: news_flag E:\xampp\htdocs\book\data\runtime\Cache\Admin\425a42625ce3f7f36746b46498f2ab35.php 第 344 行.
NOTIC: [8] Undefined index: news_flag E:\xampp\htdocs\book\data\runtime\Cache\Admin\425a42625ce3f7f36746b46498f2ab35.php 第 345 行.
NOTIC: [8] Undefined index: news_flag E:\xampp\htdocs\book\data\runtime\Cache\Admin\425a42625ce3f7f36746b46498f2ab35.php 第 346 行.
NOTIC: [8] Undefined index: news_flag E:\xampp\htdocs\book\data\runtime\Cache\Admin\425a42625ce3f7f36746b46498f2ab35.php 第 347 行.
NOTIC: [8] Undefined index: news_flag E:\xampp\htdocs\book\data\runtime\Cache\Admin\425a42625ce3f7f36746b46498f2ab35.php 第 348 行.
NOTIC: [8] Undefined index: news_flag E:\xampp\htdocs\book\data\runtime\Cache\Admin\425a42625ce3f7f36746b46498f2ab35.php 第 349 行.
NOTIC: [8] Undefined index: news_flag E:\xampp\htdocs\book\data\runtime\Cache\Admin\425a42625ce3f7f36746b46498f2ab35.php 第 350 行.
NOTIC: [8] Undefined index: news_flag E:\xampp\htdocs\book\data\runtime\Cache\Admin\425a42625ce3f7f36746b46498f2ab35.php 第 342 行.
NOTIC: [8] Undefined index: news_flag E:\xampp\htdocs\book\data\runtime\Cache\Admin\425a42625ce3f7f36746b46498f2ab35.php 第 343 行.
NOTIC: [8] Undefined index: news_flag E:\xampp\htdocs\book\data\runtime\Cache\Admin\425a42625ce3f7f36746b46498f2ab35.php 第 344 行.
NOTIC: [8] Undefined index: news_flag E:\xampp\htdocs\book\data\runtime\Cache\Admin\425a42625ce3f7f36746b46498f2ab35.php 第 345 行.
NOTIC: [8] Undefined index: news_flag E:\xampp\htdocs\book\data\runtime\Cache\Admin\425a42625ce3f7f36746b46498f2ab35.php 第 346 行.
NOTIC: [8] Undefined index: news_flag E:\xampp\htdocs\book\data\runtime\Cache\Admin\425a42625ce3f7f36746b46498f2ab35.php 第 347 行.
NOTIC: [8] Undefined index: news_flag E:\xampp\htdocs\book\data\runtime\Cache\Admin\425a42625ce3f7f36746b46498f2ab35.php 第 348 行.
NOTIC: [8] Undefined index: news_flag E:\xampp\htdocs\book\data\runtime\Cache\Admin\425a42625ce3f7f36746b46498f2ab35.php 第 349 行.
NOTIC: [8] Undefined index: news_flag E:\xampp\htdocs\book\data\runtime\Cache\Admin\425a42625ce3f7f36746b46498f2ab35.php 第 350 行.

[ 2017-05-09T22:55:03+08:00 ] 127.0.0.1 /index.php?m=Admin&c=Goods&a=log_list
NOTIC: [8] Undefined variable: map E:\xampp\htdocs\book\app\Admin\Controller\GoodsController.class.php 第 27 行.
NOTIC: [8] Undefined variable: map E:\xampp\htdocs\book\app\Admin\Controller\GoodsController.class.php 第 37 行.
NOTIC: [8] Undefined index: admin_avatar E:\xampp\htdocs\book\data\runtime\Cache\Admin\d37e305567b311d533734c0323a7b055.php 第 106 行.
NOTIC: [8] Undefined variable: keytype E:\xampp\htdocs\book\data\runtime\Cache\Admin\d37e305567b311d533734c0323a7b055.php 第 251 行.
NOTIC: [8] Undefined variable: keytype E:\xampp\htdocs\book\data\runtime\Cache\Admin\d37e305567b311d533734c0323a7b055.php 第 251 行.
NOTIC: [8] Undefined variable: keytype E:\xampp\htdocs\book\data\runtime\Cache\Admin\d37e305567b311d533734c0323a7b055.php 第 252 行.
NOTIC: [8] Undefined variable: diyflag E:\xampp\htdocs\book\data\runtime\Cache\Admin\d37e305567b311d533734c0323a7b055.php 第 256 行.
NOTIC: [8] Undefined variable: opentype_check E:\xampp\htdocs\book\data\runtime\Cache\Admin\d37e305567b311d533734c0323a7b055.php 第 260 行.
NOTIC: [8] Undefined variable: opentype_check E:\xampp\htdocs\book\data\runtime\Cache\Admin\d37e305567b311d533734c0323a7b055.php 第 261 行.
NOTIC: [8] Undefined variable: sldate E:\xampp\htdocs\book\data\runtime\Cache\Admin\d37e305567b311d533734c0323a7b055.php 第 270 行.
NOTIC: [8] Undefined variable: keyy E:\xampp\htdocs\book\data\runtime\Cache\Admin\d37e305567b311d533734c0323a7b055.php 第 280 行.
NOTIC: [8] Undefined index: n_id E:\xampp\htdocs\book\data\runtime\Cache\Admin\d37e305567b311d533734c0323a7b055.php 第 334 行.
NOTIC: [8] Undefined index: news_auto E:\xampp\htdocs\book\data\runtime\Cache\Admin\d37e305567b311d533734c0323a7b055.php 第 339 行.
NOTIC: [8] Undefined index: n_id E:\xampp\htdocs\book\data\runtime\Cache\Admin\d37e305567b311d533734c0323a7b055.php 第 347 行.
NOTIC: [8] Undefined index: n_id E:\xampp\htdocs\book\data\runtime\Cache\Admin\d37e305567b311d533734c0323a7b055.php 第 348 行.
NOTIC: [8] Undefined index: n_id E:\xampp\htdocs\book\data\runtime\Cache\Admin\d37e305567b311d533734c0323a7b055.php 第 354 行.
NOTIC: [8] Undefined index: n_id E:\xampp\htdocs\book\data\runtime\Cache\Admin\d37e305567b311d533734c0323a7b055.php 第 357 行.
NOTIC: [8] Undefined index: n_id E:\xampp\htdocs\book\data\runtime\Cache\Admin\d37e305567b311d533734c0323a7b055.php 第 360 行.
NOTIC: [8] Undefined index: n_id E:\xampp\htdocs\book\data\runtime\Cache\Admin\d37e305567b311d533734c0323a7b055.php 第 363 行.
NOTIC: [8] Undefined index: n_id E:\xampp\htdocs\book\data\runtime\Cache\Admin\d37e305567b311d533734c0323a7b055.php 第 374 行.
NOTIC: [8] Undefined index: n_id E:\xampp\htdocs\book\data\runtime\Cache\Admin\d37e305567b311d533734c0323a7b055.php 第 382 行.
NOTIC: [8] Undefined index: n_id E:\xampp\htdocs\book\data\runtime\Cache\Admin\d37e305567b311d533734c0323a7b055.php 第 334 行.
NOTIC: [8] Undefined index: news_auto E:\xampp\htdocs\book\data\runtime\Cache\Admin\d37e305567b311d533734c0323a7b055.php 第 339 行.
NOTIC: [8] Undefined index: n_id E:\xampp\htdocs\book\data\runtime\Cache\Admin\d37e305567b311d533734c0323a7b055.php 第 343 行.
NOTIC: [8] Undefined index: n_id E:\xampp\htdocs\book\data\runtime\Cache\Admin\d37e305567b311d533734c0323a7b055.php 第 344 行.
NOTIC: [8] Undefined index: n_id E:\xampp\htdocs\book\data\runtime\Cache\Admin\d37e305567b311d533734c0323a7b055.php 第 354 行.
NOTIC: [8] Undefined index: n_id E:\xampp\htdocs\book\data\runtime\Cache\Admin\d37e305567b311d533734c0323a7b055.php 第 357 行.
NOTIC: [8] Undefined index: n_id E:\xampp\htdocs\book\data\runtime\Cache\Admin\d37e305567b311d533734c0323a7b055.php 第 360 行.
NOTIC: [8] Undefined index: n_id E:\xampp\htdocs\book\data\runtime\Cache\Admin\d37e305567b311d533734c0323a7b055.php 第 363 行.
NOTIC: [8] Undefined index: n_id E:\xampp\htdocs\book\data\runtime\Cache\Admin\d37e305567b311d533734c0323a7b055.php 第 374 行.
NOTIC: [8] Undefined index: n_id E:\xampp\htdocs\book\data\runtime\Cache\Admin\d37e305567b311d533734c0323a7b055.php 第 382 行.

[ 2017-05-09T22:55:06+08:00 ] 127.0.0.1 /index.php?m=Admin&c=Goods&a=goods_list
NOTIC: [8] Undefined index: admin_avatar E:\xampp\htdocs\book\data\runtime\Cache\Admin\425a42625ce3f7f36746b46498f2ab35.php 第 106 行.
NOTIC: [8] Undefined variable: diyflag E:\xampp\htdocs\book\data\runtime\Cache\Admin\425a42625ce3f7f36746b46498f2ab35.php 第 256 行.
NOTIC: [8] Undefined index: news_flag E:\xampp\htdocs\book\data\runtime\Cache\Admin\425a42625ce3f7f36746b46498f2ab35.php 第 342 行.
NOTIC: [8] Undefined index: news_flag E:\xampp\htdocs\book\data\runtime\Cache\Admin\425a42625ce3f7f36746b46498f2ab35.php 第 343 行.
NOTIC: [8] Undefined index: news_flag E:\xampp\htdocs\book\data\runtime\Cache\Admin\425a42625ce3f7f36746b46498f2ab35.php 第 344 行.
NOTIC: [8] Undefined index: news_flag E:\xampp\htdocs\book\data\runtime\Cache\Admin\425a42625ce3f7f36746b46498f2ab35.php 第 345 行.
NOTIC: [8] Undefined index: news_flag E:\xampp\htdocs\book\data\runtime\Cache\Admin\425a42625ce3f7f36746b46498f2ab35.php 第 346 行.
NOTIC: [8] Undefined index: news_flag E:\xampp\htdocs\book\data\runtime\Cache\Admin\425a42625ce3f7f36746b46498f2ab35.php 第 347 行.
NOTIC: [8] Undefined index: news_flag E:\xampp\htdocs\book\data\runtime\Cache\Admin\425a42625ce3f7f36746b46498f2ab35.php 第 348 行.
NOTIC: [8] Undefined index: news_flag E:\xampp\htdocs\book\data\runtime\Cache\Admin\425a42625ce3f7f36746b46498f2ab35.php 第 349 行.
NOTIC: [8] Undefined index: news_flag E:\xampp\htdocs\book\data\runtime\Cache\Admin\425a42625ce3f7f36746b46498f2ab35.php 第 350 行.
NOTIC: [8] Undefined index: news_flag E:\xampp\htdocs\book\data\runtime\Cache\Admin\425a42625ce3f7f36746b46498f2ab35.php 第 342 行.
NOTIC: [8] Undefined index: news_flag E:\xampp\htdocs\book\data\runtime\Cache\Admin\425a42625ce3f7f36746b46498f2ab35.php 第 343 行.
NOTIC: [8] Undefined index: news_flag E:\xampp\htdocs\book\data\runtime\Cache\Admin\425a42625ce3f7f36746b46498f2ab35.php 第 344 行.
NOTIC: [8] Undefined index: news_flag E:\xampp\htdocs\book\data\runtime\Cache\Admin\425a42625ce3f7f36746b46498f2ab35.php 第 345 行.
NOTIC: [8] Undefined index: news_flag E:\xampp\htdocs\book\data\runtime\Cache\Admin\425a42625ce3f7f36746b46498f2ab35.php 第 346 行.
NOTIC: [8] Undefined index: news_flag E:\xampp\htdocs\book\data\runtime\Cache\Admin\425a42625ce3f7f36746b46498f2ab35.php 第 347 行.
NOTIC: [8] Undefined index: news_flag E:\xampp\htdocs\book\data\runtime\Cache\Admin\425a42625ce3f7f36746b46498f2ab35.php 第 348 行.
NOTIC: [8] Undefined index: news_flag E:\xampp\htdocs\book\data\runtime\Cache\Admin\425a42625ce3f7f36746b46498f2ab35.php 第 349 行.
NOTIC: [8] Undefined index: news_flag E:\xampp\htdocs\book\data\runtime\Cache\Admin\425a42625ce3f7f36746b46498f2ab35.php 第 350 行.

[ 2017-05-09T22:56:03+08:00 ] 127.0.0.1 /index.php?m=Admin&c=Goods&a=goods_add
NOTIC: [8] Undefined index: parentid E:\xampp\htdocs\book\ThinkPHP\Library\Org\Util\Leftnav.class.php 第 58 行.
NOTIC: [8] Undefined index: parentid E:\xampp\htdocs\book\ThinkPHP\Library\Org\Util\Leftnav.class.php 第 58 行.
NOTIC: [8] Undefined index: parentid E:\xampp\htdocs\book\ThinkPHP\Library\Org\Util\Leftnav.class.php 第 58 行.
NOTIC: [8] Undefined index: parentid E:\xampp\htdocs\book\ThinkPHP\Library\Org\Util\Leftnav.class.php 第 58 行.
NOTIC: [8] Undefined index: parentid E:\xampp\htdocs\book\ThinkPHP\Library\Org\Util\Leftnav.class.php 第 58 行.
NOTIC: [8] Undefined index: parentid E:\xampp\htdocs\book\ThinkPHP\Library\Org\Util\Leftnav.class.php 第 58 行.
NOTIC: [8] Undefined index: parentid E:\xampp\htdocs\book\ThinkPHP\Library\Org\Util\Leftnav.class.php 第 58 行.
NOTIC: [8] Undefined index: parentid E:\xampp\htdocs\book\ThinkPHP\Library\Org\Util\Leftnav.class.php 第 58 行.
NOTIC: [8] Undefined index: parentid E:\xampp\htdocs\book\ThinkPHP\Library\Org\Util\Leftnav.class.php 第 58 行.
NOTIC: [8] Undefined index: parentid E:\xampp\htdocs\book\ThinkPHP\Library\Org\Util\Leftnav.class.php 第 58 行.
NOTIC: [8] Undefined index: parentid E:\xampp\htdocs\book\ThinkPHP\Library\Org\Util\Leftnav.class.php 第 58 行.
NOTIC: [8] Undefined index: parentid E:\xampp\htdocs\book\ThinkPHP\Library\Org\Util\Leftnav.class.php 第 58 行.
NOTIC: [8] Undefined index: parentid E:\xampp\htdocs\book\ThinkPHP\Library\Org\Util\Leftnav.class.php 第 58 行.
NOTIC: [8] Undefined index: parentid E:\xampp\htdocs\book\ThinkPHP\Library\Org\Util\Leftnav.class.php 第 58 行.
NOTIC: [8] Undefined index: parentid E:\xampp\htdocs\book\ThinkPHP\Library\Org\Util\Leftnav.class.php 第 58 行.
NOTIC: [8] Undefined index: parentid E:\xampp\htdocs\book\ThinkPHP\Library\Org\Util\Leftnav.class.php 第 58 行.
NOTIC: [8] Undefined index: parentid E:\xampp\htdocs\book\ThinkPHP\Library\Org\Util\Leftnav.class.php 第 58 行.
NOTIC: [8] Undefined index: parentid E:\xampp\htdocs\book\ThinkPHP\Library\Org\Util\Leftnav.class.php 第 58 行.
NOTIC: [8] Undefined index: parentid E:\xampp\htdocs\book\ThinkPHP\Library\Org\Util\Leftnav.class.php 第 58 行.
NOTIC: [8] Undefined index: parentid E:\xampp\htdocs\book\ThinkPHP\Library\Org\Util\Leftnav.class.php 第 58 行.
NOTIC: [8] Undefined index: parentid E:\xampp\htdocs\book\ThinkPHP\Library\Org\Util\Leftnav.class.php 第 58 行.
NOTIC: [8] Undefined index: parentid E:\xampp\htdocs\book\ThinkPHP\Library\Org\Util\Leftnav.class.php 第 58 行.
NOTIC: [8] Undefined index: parentid E:\xampp\htdocs\book\ThinkPHP\Library\Org\Util\Leftnav.class.php 第 58 行.
NOTIC: [8] Undefined index: parentid E:\xampp\htdocs\book\ThinkPHP\Library\Org\Util\Leftnav.class.php 第 58 行.
NOTIC: [8] Undefined index: parentid E:\xampp\htdocs\book\ThinkPHP\Library\Org\Util\Leftnav.class.php 第 58 行.
NOTIC: [8] Undefined index: parentid E:\xampp\htdocs\book\ThinkPHP\Library\Org\Util\Leftnav.class.php 第 58 行.
NOTIC: [8] Undefined index: parentid E:\xampp\htdocs\book\ThinkPHP\Library\Org\Util\Leftnav.class.php 第 58 行.
NOTIC: [8] Undefined index: parentid E:\xampp\htdocs\book\ThinkPHP\Library\Org\Util\Leftnav.class.php 第 58 行.
NOTIC: [8] Undefined index: parentid E:\xampp\htdocs\book\ThinkPHP\Library\Org\Util\Leftnav.class.php 第 58 行.
NOTIC: [8] Undefined index: parentid E:\xampp\htdocs\book\ThinkPHP\Library\Org\Util\Leftnav.class.php 第 58 行.
NOTIC: [8] Undefined index: parentid E:\xampp\htdocs\book\ThinkPHP\Library\Org\Util\Leftnav.class.php 第 58 行.
NOTIC: [8] Undefined index: parentid E:\xampp\htdocs\book\ThinkPHP\Library\Org\Util\Leftnav.class.php 第 58 行.
NOTIC: [8] Undefined index: parentid E:\xampp\htdocs\book\ThinkPHP\Library\Org\Util\Leftnav.class.php 第 58 行.
NOTIC: [8] Undefined index: parentid E:\xampp\htdocs\book\ThinkPHP\Library\Org\Util\Leftnav.class.php 第 58 行.
NOTIC: [8] Undefined index: parentid E:\xampp\htdocs\book\ThinkPHP\Library\Org\Util\Leftnav.class.php 第 58 行.
NOTIC: [8] Undefined index: parentid E:\xampp\htdocs\book\ThinkPHP\Library\Org\Util\Leftnav.class.php 第 58 行.
NOTIC: [8] Undefined index: parentid E:\xampp\htdocs\book\ThinkPHP\Library\Org\Util\Leftnav.class.php 第 58 行.
NOTIC: [8] Undefined index: parentid E:\xampp\htdocs\book\ThinkPHP\Library\Org\Util\Leftnav.class.php 第 58 行.
NOTIC: [8] Undefined index: parentid E:\xampp\htdocs\book\ThinkPHP\Library\Org\Util\Leftnav.class.php 第 58 行.
NOTIC: [8] Undefined index: parentid E:\xampp\htdocs\book\ThinkPHP\Library\Org\Util\Leftnav.class.php 第 58 行.
NOTIC: [8] Undefined index: parentid E:\xampp\htdocs\book\ThinkPHP\Library\Org\Util\Leftnav.class.php 第 58 行.
NOTIC: [8] Undefined index: parentid E:\xampp\htdocs\book\ThinkPHP\Library\Org\Util\Leftnav.class.php 第 58 行.
NOTIC: [8] Undefined index: admin_avatar E:\xampp\htdocs\book\data\runtime\Cache\Admin\6f5b7e80bfd12b03c2bb4b1eaa73c32b.php 第 106 行.
NOTIC: [8] Undefined variable: source E:\xampp\htdocs\book\data\runtime\Cache\Admin\6f5b7e80bfd12b03c2bb4b1eaa73c32b.php 第 304 行.

[ 2017-05-09T22:56:05+08:00 ] 127.0.0.1 /index.php?m=Admin&c=Goods&a=log_list
NOTIC: [8] Undefined variable: map E:\xampp\htdocs\book\app\Admin\Controller\GoodsController.class.php 第 27 行.
NOTIC: [8] Undefined variable: map E:\xampp\htdocs\book\app\Admin\Controller\GoodsController.class.php 第 37 行.
NOTIC: [8] Undefined index: admin_avatar E:\xampp\htdocs\book\data\runtime\Cache\Admin\d37e305567b311d533734c0323a7b055.php 第 106 行.
NOTIC: [8] Undefined variable: keytype E:\xampp\htdocs\book\data\runtime\Cache\Admin\d37e305567b311d533734c0323a7b055.php 第 251 行.
NOTIC: [8] Undefined variable: keytype E:\xampp\htdocs\book\data\runtime\Cache\Admin\d37e305567b311d533734c0323a7b055.php 第 251 行.
NOTIC: [8] Undefined variable: keytype E:\xampp\htdocs\book\data\runtime\Cache\Admin\d37e305567b311d533734c0323a7b055.php 第 252 行.
NOTIC: [8] Undefined variable: diyflag E:\xampp\htdocs\book\data\runtime\Cache\Admin\d37e305567b311d533734c0323a7b055.php 第 256 行.
NOTIC: [8] Undefined variable: opentype_check E:\xampp\htdocs\book\data\runtime\Cache\Admin\d37e305567b311d533734c0323a7b055.php 第 260 行.
NOTIC: [8] Undefined variable: opentype_check E:\xampp\htdocs\book\data\runtime\Cache\Admin\d37e305567b311d533734c0323a7b055.php 第 261 行.
NOTIC: [8] Undefined variable: sldate E:\xampp\htdocs\book\data\runtime\Cache\Admin\d37e305567b311d533734c0323a7b055.php 第 270 行.
NOTIC: [8] Undefined variable: keyy E:\xampp\htdocs\book\data\runtime\Cache\Admin\d37e305567b311d533734c0323a7b055.php 第 280 行.
NOTIC: [8] Undefined index: n_id E:\xampp\htdocs\book\data\runtime\Cache\Admin\d37e305567b311d533734c0323a7b055.php 第 334 行.
NOTIC: [8] Undefined index: news_auto E:\xampp\htdocs\book\data\runtime\Cache\Admin\d37e305567b311d533734c0323a7b055.php 第 339 行.
NOTIC: [8] Undefined index: n_id E:\xampp\htdocs\book\data\runtime\Cache\Admin\d37e305567b311d533734c0323a7b055.php 第 347 行.
NOTIC: [8] Undefined index: n_id E:\xampp\htdocs\book\data\runtime\Cache\Admin\d37e305567b311d533734c0323a7b055.php 第 348 行.
NOTIC: [8] Undefined index: n_id E:\xampp\htdocs\book\data\runtime\Cache\Admin\d37e305567b311d533734c0323a7b055.php 第 354 行.
NOTIC: [8] Undefined index: n_id E:\xampp\htdocs\book\data\runtime\Cache\Admin\d37e305567b311d533734c0323a7b055.php 第 357 行.
NOTIC: [8] Undefined index: n_id E:\xampp\htdocs\book\data\runtime\Cache\Admin\d37e305567b311d533734c0323a7b055.php 第 360 行.
NOTIC: [8] Undefined index: n_id E:\xampp\htdocs\book\data\runtime\Cache\Admin\d37e305567b311d533734c0323a7b055.php 第 363 行.
NOTIC: [8] Undefined index: n_id E:\xampp\htdocs\book\data\runtime\Cache\Admin\d37e305567b311d533734c0323a7b055.php 第 374 行.
NOTIC: [8] Undefined index: n_id E:\xampp\htdocs\book\data\runtime\Cache\Admin\d37e305567b311d533734c0323a7b055.php 第 382 行.
NOTIC: [8] Undefined index: n_id E:\xampp\htdocs\book\data\runtime\Cache\Admin\d37e305567b311d533734c0323a7b055.php 第 334 行.
NOTIC: [8] Undefined index: news_auto E:\xampp\htdocs\book\data\runtime\Cache\Admin\d37e305567b311d533734c0323a7b055.php 第 339 行.
NOTIC: [8] Undefined index: n_id E:\xampp\htdocs\book\data\runtime\Cache\Admin\d37e305567b311d533734c0323a7b055.php 第 343 行.
NOTIC: [8] Undefined index: n_id E:\xampp\htdocs\book\data\runtime\Cache\Admin\d37e305567b311d533734c0323a7b055.php 第 344 行.
NOTIC: [8] Undefined index: n_id E:\xampp\htdocs\book\data\runtime\Cache\Admin\d37e305567b311d533734c0323a7b055.php 第 354 行.
NOTIC: [8] Undefined index: n_id E:\xampp\htdocs\book\data\runtime\Cache\Admin\d37e305567b311d533734c0323a7b055.php 第 357 行.
NOTIC: [8] Undefined index: n_id E:\xampp\htdocs\book\data\runtime\Cache\Admin\d37e305567b311d533734c0323a7b055.php 第 360 行.
NOTIC: [8] Undefined index: n_id E:\xampp\htdocs\book\data\runtime\Cache\Admin\d37e305567b311d533734c0323a7b055.php 第 363 行.
NOTIC: [8] Undefined index: n_id E:\xampp\htdocs\book\data\runtime\Cache\Admin\d37e305567b311d533734c0323a7b055.php 第 374 行.
NOTIC: [8] Undefined index: n_id E:\xampp\htdocs\book\data\runtime\Cache\Admin\d37e305567b311d533734c0323a7b055.php 第 382 行.

[ 2017-05-09T22:56:08+08:00 ] 127.0.0.1 /index.php?m=Admin&c=Goods&a=goods_list
NOTIC: [8] Undefined index: admin_avatar E:\xampp\htdocs\book\data\runtime\Cache\Admin\425a42625ce3f7f36746b46498f2ab35.php 第 106 行.
NOTIC: [8] Undefined variable: diyflag E:\xampp\htdocs\book\data\runtime\Cache\Admin\425a42625ce3f7f36746b46498f2ab35.php 第 256 行.
NOTIC: [8] Undefined index: news_flag E:\xampp\htdocs\book\data\runtime\Cache\Admin\425a42625ce3f7f36746b46498f2ab35.php 第 342 行.
NOTIC: [8] Undefined index: news_flag E:\xampp\htdocs\book\data\runtime\Cache\Admin\425a42625ce3f7f36746b46498f2ab35.php 第 343 行.
NOTIC: [8] Undefined index: news_flag E:\xampp\htdocs\book\data\runtime\Cache\Admin\425a42625ce3f7f36746b46498f2ab35.php 第 344 行.
NOTIC: [8] Undefined index: news_flag E:\xampp\htdocs\book\data\runtime\Cache\Admin\425a42625ce3f7f36746b46498f2ab35.php 第 345 行.
NOTIC: [8] Undefined index: news_flag E:\xampp\htdocs\book\data\runtime\Cache\Admin\425a42625ce3f7f36746b46498f2ab35.php 第 346 行.
NOTIC: [8] Undefined index: news_flag E:\xampp\htdocs\book\data\runtime\Cache\Admin\425a42625ce3f7f36746b46498f2ab35.php 第 347 行.
NOTIC: [8] Undefined index: news_flag E:\xampp\htdocs\book\data\runtime\Cache\Admin\425a42625ce3f7f36746b46498f2ab35.php 第 348 行.
NOTIC: [8] Undefined index: news_flag E:\xampp\htdocs\book\data\runtime\Cache\Admin\425a42625ce3f7f36746b46498f2ab35.php 第 349 行.
NOTIC: [8] Undefined index: news_flag E:\xampp\htdocs\book\data\runtime\Cache\Admin\425a42625ce3f7f36746b46498f2ab35.php 第 350 行.
NOTIC: [8] Undefined index: news_flag E:\xampp\htdocs\book\data\runtime\Cache\Admin\425a42625ce3f7f36746b46498f2ab35.php 第 342 行.
NOTIC: [8] Undefined index: news_flag E:\xampp\htdocs\book\data\runtime\Cache\Admin\425a42625ce3f7f36746b46498f2ab35.php 第 343 行.
NOTIC: [8] Undefined index: news_flag E:\xampp\htdocs\book\data\runtime\Cache\Admin\425a42625ce3f7f36746b46498f2ab35.php 第 344 行.
NOTIC: [8] Undefined index: news_flag E:\xampp\htdocs\book\data\runtime\Cache\Admin\425a42625ce3f7f36746b46498f2ab35.php 第 345 行.
NOTIC: [8] Undefined index: news_flag E:\xampp\htdocs\book\data\runtime\Cache\Admin\425a42625ce3f7f36746b46498f2ab35.php 第 346 行.
NOTIC: [8] Undefined index: news_flag E:\xampp\htdocs\book\data\runtime\Cache\Admin\425a42625ce3f7f36746b46498f2ab35.php 第 347 行.
NOTIC: [8] Undefined index: news_flag E:\xampp\htdocs\book\data\runtime\Cache\Admin\425a42625ce3f7f36746b46498f2ab35.php 第 348 行.
NOTIC: [8] Undefined index: news_flag E:\xampp\htdocs\book\data\runtime\Cache\Admin\425a42625ce3f7f36746b46498f2ab35.php 第 349 行.
NOTIC: [8] Undefined index: news_flag E:\xampp\htdocs\book\data\runtime\Cache\Admin\425a42625ce3f7f36746b46498f2ab35.php 第 350 行.

[ 2017-05-09T22:56:11+08:00 ] 127.0.0.1 /index.php?m=Admin&c=Goods&a=goods_add
NOTIC: [8] Undefined index: parentid E:\xampp\htdocs\book\ThinkPHP\Library\Org\Util\Leftnav.class.php 第 58 行.
NOTIC: [8] Undefined index: parentid E:\xampp\htdocs\book\ThinkPHP\Library\Org\Util\Leftnav.class.php 第 58 行.
NOTIC: [8] Undefined index: parentid E:\xampp\htdocs\book\ThinkPHP\Library\Org\Util\Leftnav.class.php 第 58 行.
NOTIC: [8] Undefined index: parentid E:\xampp\htdocs\book\ThinkPHP\Library\Org\Util\Leftnav.class.php 第 58 行.
NOTIC: [8] Undefined index: parentid E:\xampp\htdocs\book\ThinkPHP\Library\Org\Util\Leftnav.class.php 第 58 行.
NOTIC: [8] Undefined index: parentid E:\xampp\htdocs\book\ThinkPHP\Library\Org\Util\Leftnav.class.php 第 58 行.
NOTIC: [8] Undefined index: parentid E:\xampp\htdocs\book\ThinkPHP\Library\Org\Util\Leftnav.class.php 第 58 行.
NOTIC: [8] Undefined index: parentid E:\xampp\htdocs\book\ThinkPHP\Library\Org\Util\Leftnav.class.php 第 58 行.
NOTIC: [8] Undefined index: parentid E:\xampp\htdocs\book\ThinkPHP\Library\Org\Util\Leftnav.class.php 第 58 行.
NOTIC: [8] Undefined index: parentid E:\xampp\htdocs\book\ThinkPHP\Library\Org\Util\Leftnav.class.php 第 58 行.
NOTIC: [8] Undefined index: parentid E:\xampp\htdocs\book\ThinkPHP\Library\Org\Util\Leftnav.class.php 第 58 行.
NOTIC: [8] Undefined index: parentid E:\xampp\htdocs\book\ThinkPHP\Library\Org\Util\Leftnav.class.php 第 58 行.
NOTIC: [8] Undefined index: parentid E:\xampp\htdocs\book\ThinkPHP\Library\Org\Util\Leftnav.class.php 第 58 行.
NOTIC: [8] Undefined index: parentid E:\xampp\htdocs\book\ThinkPHP\Library\Org\Util\Leftnav.class.php 第 58 行.
NOTIC: [8] Undefined index: parentid E:\xampp\htdocs\book\ThinkPHP\Library\Org\Util\Leftnav.class.php 第 58 行.
NOTIC: [8] Undefined index: parentid E:\xampp\htdocs\book\ThinkPHP\Library\Org\Util\Leftnav.class.php 第 58 行.
NOTIC: [8] Undefined index: parentid E:\xampp\htdocs\book\ThinkPHP\Library\Org\Util\Leftnav.class.php 第 58 行.
NOTIC: [8] Undefined index: parentid E:\xampp\htdocs\book\ThinkPHP\Library\Org\Util\Leftnav.class.php 第 58 行.
NOTIC: [8] Undefined index: parentid E:\xampp\htdocs\book\ThinkPHP\Library\Org\Util\Leftnav.class.php 第 58 行.
NOTIC: [8] Undefined index: parentid E:\xampp\htdocs\book\ThinkPHP\Library\Org\Util\Leftnav.class.php 第 58 行.
NOTIC: [8] Undefined index: parentid E:\xampp\htdocs\book\ThinkPHP\Library\Org\Util\Leftnav.class.php 第 58 行.
NOTIC: [8] Undefined index: parentid E:\xampp\htdocs\book\ThinkPHP\Library\Org\Util\Leftnav.class.php 第 58 行.
NOTIC: [8] Undefined index: parentid E:\xampp\htdocs\book\ThinkPHP\Library\Org\Util\Leftnav.class.php 第 58 行.
NOTIC: [8] Undefined index: parentid E:\xampp\htdocs\book\ThinkPHP\Library\Org\Util\Leftnav.class.php 第 58 行.
NOTIC: [8] Undefined index: parentid E:\xampp\htdocs\book\ThinkPHP\Library\Org\Util\Leftnav.class.php 第 58 行.
NOTIC: [8] Undefined index: parentid E:\xampp\htdocs\book\ThinkPHP\Library\Org\Util\Leftnav.class.php 第 58 行.
NOTIC: [8] Undefined index: parentid E:\xampp\htdocs\book\ThinkPHP\Library\Org\Util\Leftnav.class.php 第 58 行.
NOTIC: [8] Undefined index: parentid E:\xampp\htdocs\book\ThinkPHP\Library\Org\Util\Leftnav.class.php 第 58 行.
NOTIC: [8] Undefined index: parentid E:\xampp\htdocs\book\ThinkPHP\Library\Org\Util\Leftnav.class.php 第 58 行.
NOTIC: [8] Undefined index: parentid E:\xampp\htdocs\book\ThinkPHP\Library\Org\Util\Leftnav.class.php 第 58 行.
NOTIC: [8] Undefined index: parentid E:\xampp\htdocs\book\ThinkPHP\Library\Org\Util\Leftnav.class.php 第 58 行.
NOTIC: [8] Undefined index: parentid E:\xampp\htdocs\book\ThinkPHP\Library\Org\Util\Leftnav.class.php 第 58 行.
NOTIC: [8] Undefined index: parentid E:\xampp\htdocs\book\ThinkPHP\Library\Org\Util\Leftnav.class.php 第 58 行.
NOTIC: [8] Undefined index: parentid E:\xampp\htdocs\book\ThinkPHP\Library\Org\Util\Leftnav.class.php 第 58 行.
NOTIC: [8] Undefined index: parentid E:\xampp\htdocs\book\ThinkPHP\Library\Org\Util\Leftnav.class.php 第 58 行.
NOTIC: [8] Undefined index: parentid E:\xampp\htdocs\book\ThinkPHP\Library\Org\Util\Leftnav.class.php 第 58 行.
NOTIC: [8] Undefined index: parentid E:\xampp\htdocs\book\ThinkPHP\Library\Org\Util\Leftnav.class.php 第 58 行.
NOTIC: [8] Undefined index: parentid E:\xampp\htdocs\book\ThinkPHP\Library\Org\Util\Leftnav.class.php 第 58 行.
NOTIC: [8] Undefined index: parentid E:\xampp\htdocs\book\ThinkPHP\Library\Org\Util\Leftnav.class.php 第 58 行.
NOTIC: [8] Undefined index: parentid E:\xampp\htdocs\book\ThinkPHP\Library\Org\Util\Leftnav.class.php 第 58 行.
NOTIC: [8] Undefined index: parentid E:\xampp\htdocs\book\ThinkPHP\Library\Org\Util\Leftnav.class.php 第 58 行.
NOTIC: [8] Undefined index: parentid E:\xampp\htdocs\book\ThinkPHP\Library\Org\Util\Leftnav.class.php 第 58 行.
NOTIC: [8] Undefined index: admin_avatar E:\xampp\htdocs\book\data\runtime\Cache\Admin\6f5b7e80bfd12b03c2bb4b1eaa73c32b.php 第 106 行.
NOTIC: [8] Undefined variable: source E:\xampp\htdocs\book\data\runtime\Cache\Admin\6f5b7e80bfd12b03c2bb4b1eaa73c32b.php 第 304 行.

[ 2017-05-09T22:56:12+08:00 ] 127.0.0.1 /index.php?m=Admin&c=Goods&a=log_list
NOTIC: [8] Undefined variable: map E:\xampp\htdocs\book\app\Admin\Controller\GoodsController.class.php 第 27 行.
NOTIC: [8] Undefined variable: map E:\xampp\htdocs\book\app\Admin\Controller\GoodsController.class.php 第 37 行.
NOTIC: [8] Undefined index: admin_avatar E:\xampp\htdocs\book\data\runtime\Cache\Admin\d37e305567b311d533734c0323a7b055.php 第 106 行.
NOTIC: [8] Undefined variable: keytype E:\xampp\htdocs\book\data\runtime\Cache\Admin\d37e305567b311d533734c0323a7b055.php 第 251 行.
NOTIC: [8] Undefined variable: keytype E:\xampp\htdocs\book\data\runtime\Cache\Admin\d37e305567b311d533734c0323a7b055.php 第 251 行.
NOTIC: [8] Undefined variable: keytype E:\xampp\htdocs\book\data\runtime\Cache\Admin\d37e305567b311d533734c0323a7b055.php 第 252 行.
NOTIC: [8] Undefined variable: diyflag E:\xampp\htdocs\book\data\runtime\Cache\Admin\d37e305567b311d533734c0323a7b055.php 第 256 行.
NOTIC: [8] Undefined variable: opentype_check E:\xampp\htdocs\book\data\runtime\Cache\Admin\d37e305567b311d533734c0323a7b055.php 第 260 行.
NOTIC: [8] Undefined variable: opentype_check E:\xampp\htdocs\book\data\runtime\Cache\Admin\d37e305567b311d533734c0323a7b055.php 第 261 行.
NOTIC: [8] Undefined variable: sldate E:\xampp\htdocs\book\data\runtime\Cache\Admin\d37e305567b311d533734c0323a7b055.php 第 270 行.
NOTIC: [8] Undefined variable: keyy E:\xampp\htdocs\book\data\runtime\Cache\Admin\d37e305567b311d533734c0323a7b055.php 第 280 行.
NOTIC: [8] Undefined index: n_id E:\xampp\htdocs\book\data\runtime\Cache\Admin\d37e305567b311d533734c0323a7b055.php 第 334 行.
NOTIC: [8] Undefined index: news_auto E:\xampp\htdocs\book\data\runtime\Cache\Admin\d37e305567b311d533734c0323a7b055.php 第 339 行.
NOTIC: [8] Undefined index: n_id E:\xampp\htdocs\book\data\runtime\Cache\Admin\d37e305567b311d533734c0323a7b055.php 第 347 行.
NOTIC: [8] Undefined index: n_id E:\xampp\htdocs\book\data\runtime\Cache\Admin\d37e305567b311d533734c0323a7b055.php 第 348 行.
NOTIC: [8] Undefined index: n_id E:\xampp\htdocs\book\data\runtime\Cache\Admin\d37e305567b311d533734c0323a7b055.php 第 354 行.
NOTIC: [8] Undefined index: n_id E:\xampp\htdocs\book\data\runtime\Cache\Admin\d37e305567b311d533734c0323a7b055.php 第 357 行.
NOTIC: [8] Undefined index: n_id E:\xampp\htdocs\book\data\runtime\Cache\Admin\d37e305567b311d533734c0323a7b055.php 第 360 行.
NOTIC: [8] Undefined index: n_id E:\xampp\htdocs\book\data\runtime\Cache\Admin\d37e305567b311d533734c0323a7b055.php 第 363 行.
NOTIC: [8] Undefined index: n_id E:\xampp\htdocs\book\data\runtime\Cache\Admin\d37e305567b311d533734c0323a7b055.php 第 374 行.
NOTIC: [8] Undefined index: n_id E:\xampp\htdocs\book\data\runtime\Cache\Admin\d37e305567b311d533734c0323a7b055.php 第 382 行.
NOTIC: [8] Undefined index: n_id E:\xampp\htdocs\book\data\runtime\Cache\Admin\d37e305567b311d533734c0323a7b055.php 第 334 行.
NOTIC: [8] Undefined index: news_auto E:\xampp\htdocs\book\data\runtime\Cache\Admin\d37e305567b311d533734c0323a7b055.php 第 339 行.
NOTIC: [8] Undefined index: n_id E:\xampp\htdocs\book\data\runtime\Cache\Admin\d37e305567b311d533734c0323a7b055.php 第 343 行.
NOTIC: [8] Undefined index: n_id E:\xampp\htdocs\book\data\runtime\Cache\Admin\d37e305567b311d533734c0323a7b055.php 第 344 行.
NOTIC: [8] Undefined index: n_id E:\xampp\htdocs\book\data\runtime\Cache\Admin\d37e305567b311d533734c0323a7b055.php 第 354 行.
NOTIC: [8] Undefined index: n_id E:\xampp\htdocs\book\data\runtime\Cache\Admin\d37e305567b311d533734c0323a7b055.php 第 357 行.
NOTIC: [8] Undefined index: n_id E:\xampp\htdocs\book\data\runtime\Cache\Admin\d37e305567b311d533734c0323a7b055.php 第 360 行.
NOTIC: [8] Undefined index: n_id E:\xampp\htdocs\book\data\runtime\Cache\Admin\d37e305567b311d533734c0323a7b055.php 第 363 行.
NOTIC: [8] Undefined index: n_id E:\xampp\htdocs\book\data\runtime\Cache\Admin\d37e305567b311d533734c0323a7b055.php 第 374 行.
NOTIC: [8] Undefined index: n_id E:\xampp\htdocs\book\data\runtime\Cache\Admin\d37e305567b311d533734c0323a7b055.php 第 382 行.

[ 2017-05-09T22:56:17+08:00 ] 127.0.0.1 /index.php?m=Admin&c=Goods&a=goods_list
NOTIC: [8] Undefined index: admin_avatar E:\xampp\htdocs\book\data\runtime\Cache\Admin\425a42625ce3f7f36746b46498f2ab35.php 第 106 行.
NOTIC: [8] Undefined variable: diyflag E:\xampp\htdocs\book\data\runtime\Cache\Admin\425a42625ce3f7f36746b46498f2ab35.php 第 256 行.
NOTIC: [8] Undefined index: news_flag E:\xampp\htdocs\book\data\runtime\Cache\Admin\425a42625ce3f7f36746b46498f2ab35.php 第 342 行.
NOTIC: [8] Undefined index: news_flag E:\xampp\htdocs\book\data\runtime\Cache\Admin\425a42625ce3f7f36746b46498f2ab35.php 第 343 行.
NOTIC: [8] Undefined index: news_flag E:\xampp\htdocs\book\data\runtime\Cache\Admin\425a42625ce3f7f36746b46498f2ab35.php 第 344 行.
NOTIC: [8] Undefined index: news_flag E:\xampp\htdocs\book\data\runtime\Cache\Admin\425a42625ce3f7f36746b46498f2ab35.php 第 345 行.
NOTIC: [8] Undefined index: news_flag E:\xampp\htdocs\book\data\runtime\Cache\Admin\425a42625ce3f7f36746b46498f2ab35.php 第 346 行.
NOTIC: [8] Undefined index: news_flag E:\xampp\htdocs\book\data\runtime\Cache\Admin\425a42625ce3f7f36746b46498f2ab35.php 第 347 行.
NOTIC: [8] Undefined index: news_flag E:\xampp\htdocs\book\data\runtime\Cache\Admin\425a42625ce3f7f36746b46498f2ab35.php 第 348 行.
NOTIC: [8] Undefined index: news_flag E:\xampp\htdocs\book\data\runtime\Cache\Admin\425a42625ce3f7f36746b46498f2ab35.php 第 349 行.
NOTIC: [8] Undefined index: news_flag E:\xampp\htdocs\book\data\runtime\Cache\Admin\425a42625ce3f7f36746b46498f2ab35.php 第 350 行.
NOTIC: [8] Undefined index: news_flag E:\xampp\htdocs\book\data\runtime\Cache\Admin\425a42625ce3f7f36746b46498f2ab35.php 第 342 行.
NOTIC: [8] Undefined index: news_flag E:\xampp\htdocs\book\data\runtime\Cache\Admin\425a42625ce3f7f36746b46498f2ab35.php 第 343 行.
NOTIC: [8] Undefined index: news_flag E:\xampp\htdocs\book\data\runtime\Cache\Admin\425a42625ce3f7f36746b46498f2ab35.php 第 344 行.
NOTIC: [8] Undefined index: news_flag E:\xampp\htdocs\book\data\runtime\Cache\Admin\425a42625ce3f7f36746b46498f2ab35.php 第 345 行.
NOTIC: [8] Undefined index: news_flag E:\xampp\htdocs\book\data\runtime\Cache\Admin\425a42625ce3f7f36746b46498f2ab35.php 第 346 行.
NOTIC: [8] Undefined index: news_flag E:\xampp\htdocs\book\data\runtime\Cache\Admin\425a42625ce3f7f36746b46498f2ab35.php 第 347 行.
NOTIC: [8] Undefined index: news_flag E:\xampp\htdocs\book\data\runtime\Cache\Admin\425a42625ce3f7f36746b46498f2ab35.php 第 348 行.
NOTIC: [8] Undefined index: news_flag E:\xampp\htdocs\book\data\runtime\Cache\Admin\425a42625ce3f7f36746b46498f2ab35.php 第 349 行.
NOTIC: [8] Undefined index: news_flag E:\xampp\htdocs\book\data\runtime\Cache\Admin\425a42625ce3f7f36746b46498f2ab35.php 第 350 行.

[ 2017-05-09T22:56:20+08:00 ] 127.0.0.1 /index.php?m=Admin&c=Goods&a=log_list
NOTIC: [8] Undefined variable: map E:\xampp\htdocs\book\app\Admin\Controller\GoodsController.class.php 第 27 行.
NOTIC: [8] Undefined variable: map E:\xampp\htdocs\book\app\Admin\Controller\GoodsController.class.php 第 37 行.
NOTIC: [8] Undefined index: admin_avatar E:\xampp\htdocs\book\data\runtime\Cache\Admin\d37e305567b311d533734c0323a7b055.php 第 106 行.
NOTIC: [8] Undefined variable: keytype E:\xampp\htdocs\book\data\runtime\Cache\Admin\d37e305567b311d533734c0323a7b055.php 第 251 行.
NOTIC: [8] Undefined variable: keytype E:\xampp\htdocs\book\data\runtime\Cache\Admin\d37e305567b311d533734c0323a7b055.php 第 251 行.
NOTIC: [8] Undefined variable: keytype E:\xampp\htdocs\book\data\runtime\Cache\Admin\d37e305567b311d533734c0323a7b055.php 第 252 行.
NOTIC: [8] Undefined variable: diyflag E:\xampp\htdocs\book\data\runtime\Cache\Admin\d37e305567b311d533734c0323a7b055.php 第 256 行.
NOTIC: [8] Undefined variable: opentype_check E:\xampp\htdocs\book\data\runtime\Cache\Admin\d37e305567b311d533734c0323a7b055.php 第 260 行.
NOTIC: [8] Undefined variable: opentype_check E:\xampp\htdocs\book\data\runtime\Cache\Admin\d37e305567b311d533734c0323a7b055.php 第 261 行.
NOTIC: [8] Undefined variable: sldate E:\xampp\htdocs\book\data\runtime\Cache\Admin\d37e305567b311d533734c0323a7b055.php 第 270 行.
NOTIC: [8] Undefined variable: keyy E:\xampp\htdocs\book\data\runtime\Cache\Admin\d37e305567b311d533734c0323a7b055.php 第 280 行.
NOTIC: [8] Undefined index: n_id E:\xampp\htdocs\book\data\runtime\Cache\Admin\d37e305567b311d533734c0323a7b055.php 第 334 行.
NOTIC: [8] Undefined index: news_auto E:\xampp\htdocs\book\data\runtime\Cache\Admin\d37e305567b311d533734c0323a7b055.php 第 339 行.
NOTIC: [8] Undefined index: n_id E:\xampp\htdocs\book\data\runtime\Cache\Admin\d37e305567b311d533734c0323a7b055.php 第 347 行.
NOTIC: [8] Undefined index: n_id E:\xampp\htdocs\book\data\runtime\Cache\Admin\d37e305567b311d533734c0323a7b055.php 第 348 行.
NOTIC: [8] Undefined index: n_id E:\xampp\htdocs\book\data\runtime\Cache\Admin\d37e305567b311d533734c0323a7b055.php 第 354 行.
NOTIC: [8] Undefined index: n_id E:\xampp\htdocs\book\data\runtime\Cache\Admin\d37e305567b311d533734c0323a7b055.php 第 357 行.
NOTIC: [8] Undefined index: n_id E:\xampp\htdocs\book\data\runtime\Cache\Admin\d37e305567b311d533734c0323a7b055.php 第 360 行.
NOTIC: [8] Undefined index: n_id E:\xampp\htdocs\book\data\runtime\Cache\Admin\d37e305567b311d533734c0323a7b055.php 第 363 行.
NOTIC: [8] Undefined index: n_id E:\xampp\htdocs\book\data\runtime\Cache\Admin\d37e305567b311d533734c0323a7b055.php 第 374 行.
NOTIC: [8] Undefined index: n_id E:\xampp\htdocs\book\data\runtime\Cache\Admin\d37e305567b311d533734c0323a7b055.php 第 382 行.
NOTIC: [8] Undefined index: n_id E:\xampp\htdocs\book\data\runtime\Cache\Admin\d37e305567b311d533734c0323a7b055.php 第 334 行.
NOTIC: [8] Undefined index: news_auto E:\xampp\htdocs\book\data\runtime\Cache\Admin\d37e305567b311d533734c0323a7b055.php 第 339 行.
NOTIC: [8] Undefined index: n_id E:\xampp\htdocs\book\data\runtime\Cache\Admin\d37e305567b311d533734c0323a7b055.php 第 343 行.
NOTIC: [8] Undefined index: n_id E:\xampp\htdocs\book\data\runtime\Cache\Admin\d37e305567b311d533734c0323a7b055.php 第 344 行.
NOTIC: [8] Undefined index: n_id E:\xampp\htdocs\book\data\runtime\Cache\Admin\d37e305567b311d533734c0323a7b055.php 第 354 行.
NOTIC: [8] Undefined index: n_id E:\xampp\htdocs\book\data\runtime\Cache\Admin\d37e305567b311d533734c0323a7b055.php 第 357 行.
NOTIC: [8] Undefined index: n_id E:\xampp\htdocs\book\data\runtime\Cache\Admin\d37e305567b311d533734c0323a7b055.php 第 360 行.
NOTIC: [8] Undefined index: n_id E:\xampp\htdocs\book\data\runtime\Cache\Admin\d37e305567b311d533734c0323a7b055.php 第 363 行.
NOTIC: [8] Undefined index: n_id E:\xampp\htdocs\book\data\runtime\Cache\Admin\d37e305567b311d533734c0323a7b055.php 第 374 行.
NOTIC: [8] Undefined index: n_id E:\xampp\htdocs\book\data\runtime\Cache\Admin\d37e305567b311d533734c0323a7b055.php 第 382 行.

[ 2017-05-09T22:56:22+08:00 ] 127.0.0.1 /index.php?m=Admin&c=Goods&a=goods_list
NOTIC: [8] Undefined index: admin_avatar E:\xampp\htdocs\book\data\runtime\Cache\Admin\425a42625ce3f7f36746b46498f2ab35.php 第 106 行.
NOTIC: [8] Undefined variable: diyflag E:\xampp\htdocs\book\data\runtime\Cache\Admin\425a42625ce3f7f36746b46498f2ab35.php 第 256 行.
NOTIC: [8] Undefined index: news_flag E:\xampp\htdocs\book\data\runtime\Cache\Admin\425a42625ce3f7f36746b46498f2ab35.php 第 342 行.
NOTIC: [8] Undefined index: news_flag E:\xampp\htdocs\book\data\runtime\Cache\Admin\425a42625ce3f7f36746b46498f2ab35.php 第 343 行.
NOTIC: [8] Undefined index: news_flag E:\xampp\htdocs\book\data\runtime\Cache\Admin\425a42625ce3f7f36746b46498f2ab35.php 第 344 行.
NOTIC: [8] Undefined index: news_flag E:\xampp\htdocs\book\data\runtime\Cache\Admin\425a42625ce3f7f36746b46498f2ab35.php 第 345 行.
NOTIC: [8] Undefined index: news_flag E:\xampp\htdocs\book\data\runtime\Cache\Admin\425a42625ce3f7f36746b46498f2ab35.php 第 346 行.
NOTIC: [8] Undefined index: news_flag E:\xampp\htdocs\book\data\runtime\Cache\Admin\425a42625ce3f7f36746b46498f2ab35.php 第 347 行.
NOTIC: [8] Undefined index: news_flag E:\xampp\htdocs\book\data\runtime\Cache\Admin\425a42625ce3f7f36746b46498f2ab35.php 第 348 行.
NOTIC: [8] Undefined index: news_flag E:\xampp\htdocs\book\data\runtime\Cache\Admin\425a42625ce3f7f36746b46498f2ab35.php 第 349 行.
NOTIC: [8] Undefined index: news_flag E:\xampp\htdocs\book\data\runtime\Cache\Admin\425a42625ce3f7f36746b46498f2ab35.php 第 350 行.
NOTIC: [8] Undefined index: news_flag E:\xampp\htdocs\book\data\runtime\Cache\Admin\425a42625ce3f7f36746b46498f2ab35.php 第 342 行.
NOTIC: [8] Undefined index: news_flag E:\xampp\htdocs\book\data\runtime\Cache\Admin\425a42625ce3f7f36746b46498f2ab35.php 第 343 行.
NOTIC: [8] Undefined index: news_flag E:\xampp\htdocs\book\data\runtime\Cache\Admin\425a42625ce3f7f36746b46498f2ab35.php 第 344 行.
NOTIC: [8] Undefined index: news_flag E:\xampp\htdocs\book\data\runtime\Cache\Admin\425a42625ce3f7f36746b46498f2ab35.php 第 345 行.
NOTIC: [8] Undefined index: news_flag E:\xampp\htdocs\book\data\runtime\Cache\Admin\425a42625ce3f7f36746b46498f2ab35.php 第 346 行.
NOTIC: [8] Undefined index: news_flag E:\xampp\htdocs\book\data\runtime\Cache\Admin\425a42625ce3f7f36746b46498f2ab35.php 第 347 行.
NOTIC: [8] Undefined index: news_flag E:\xampp\htdocs\book\data\runtime\Cache\Admin\425a42625ce3f7f36746b46498f2ab35.php 第 348 行.
NOTIC: [8] Undefined index: news_flag E:\xampp\htdocs\book\data\runtime\Cache\Admin\425a42625ce3f7f36746b46498f2ab35.php 第 349 行.
NOTIC: [8] Undefined index: news_flag E:\xampp\htdocs\book\data\runtime\Cache\Admin\425a42625ce3f7f36746b46498f2ab35.php 第 350 行.

[ 2017-05-09T22:57:58+08:00 ] 127.0.0.1 /index.php?m=Admin&c=Goods&a=log_list
NOTIC: [8] Undefined variable: map E:\xampp\htdocs\book\app\Admin\Controller\GoodsController.class.php 第 27 行.
NOTIC: [8] Undefined variable: map E:\xampp\htdocs\book\app\Admin\Controller\GoodsController.class.php 第 37 行.
NOTIC: [8] Undefined index: admin_avatar E:\xampp\htdocs\book\data\runtime\Cache\Admin\d37e305567b311d533734c0323a7b055.php 第 106 行.
NOTIC: [8] Undefined variable: keytype E:\xampp\htdocs\book\data\runtime\Cache\Admin\d37e305567b311d533734c0323a7b055.php 第 251 行.
NOTIC: [8] Undefined variable: keytype E:\xampp\htdocs\book\data\runtime\Cache\Admin\d37e305567b311d533734c0323a7b055.php 第 251 行.
NOTIC: [8] Undefined variable: keytype E:\xampp\htdocs\book\data\runtime\Cache\Admin\d37e305567b311d533734c0323a7b055.php 第 252 行.
NOTIC: [8] Undefined variable: diyflag E:\xampp\htdocs\book\data\runtime\Cache\Admin\d37e305567b311d533734c0323a7b055.php 第 256 行.
NOTIC: [8] Undefined variable: opentype_check E:\xampp\htdocs\book\data\runtime\Cache\Admin\d37e305567b311d533734c0323a7b055.php 第 260 行.
NOTIC: [8] Undefined variable: opentype_check E:\xampp\htdocs\book\data\runtime\Cache\Admin\d37e305567b311d533734c0323a7b055.php 第 261 行.
NOTIC: [8] Undefined variable: sldate E:\xampp\htdocs\book\data\runtime\Cache\Admin\d37e305567b311d533734c0323a7b055.php 第 270 行.
NOTIC: [8] Undefined variable: keyy E:\xampp\htdocs\book\data\runtime\Cache\Admin\d37e305567b311d533734c0323a7b055.php 第 280 行.
NOTIC: [8] Undefined index: n_id E:\xampp\htdocs\book\data\runtime\Cache\Admin\d37e305567b311d533734c0323a7b055.php 第 334 行.
NOTIC: [8] Undefined index: news_auto E:\xampp\htdocs\book\data\runtime\Cache\Admin\d37e305567b311d533734c0323a7b055.php 第 339 行.
NOTIC: [8] Undefined index: n_id E:\xampp\htdocs\book\data\runtime\Cache\Admin\d37e305567b311d533734c0323a7b055.php 第 347 行.
NOTIC: [8] Undefined index: n_id E:\xampp\htdocs\book\data\runtime\Cache\Admin\d37e305567b311d533734c0323a7b055.php 第 348 行.
NOTIC: [8] Undefined index: n_id E:\xampp\htdocs\book\data\runtime\Cache\Admin\d37e305567b311d533734c0323a7b055.php 第 354 行.
NOTIC: [8] Undefined index: n_id E:\xampp\htdocs\book\data\runtime\Cache\Admin\d37e305567b311d533734c0323a7b055.php 第 357 行.
NOTIC: [8] Undefined index: n_id E:\xampp\htdocs\book\data\runtime\Cache\Admin\d37e305567b311d533734c0323a7b055.php 第 360 行.
NOTIC: [8] Undefined index: n_id E:\xampp\htdocs\book\data\runtime\Cache\Admin\d37e305567b311d533734c0323a7b055.php 第 363 行.
NOTIC: [8] Undefined index: n_id E:\xampp\htdocs\book\data\runtime\Cache\Admin\d37e305567b311d533734c0323a7b055.php 第 374 行.
NOTIC: [8] Undefined index: n_id E:\xampp\htdocs\book\data\runtime\Cache\Admin\d37e305567b311d533734c0323a7b055.php 第 382 行.
NOTIC: [8] Undefined index: n_id E:\xampp\htdocs\book\data\runtime\Cache\Admin\d37e305567b311d533734c0323a7b055.php 第 334 行.
NOTIC: [8] Undefined index: news_auto E:\xampp\htdocs\book\data\runtime\Cache\Admin\d37e305567b311d533734c0323a7b055.php 第 339 行.
NOTIC: [8] Undefined index: n_id E:\xampp\htdocs\book\data\runtime\Cache\Admin\d37e305567b311d533734c0323a7b055.php 第 343 行.
NOTIC: [8] Undefined index: n_id E:\xampp\htdocs\book\data\runtime\Cache\Admin\d37e305567b311d533734c0323a7b055.php 第 344 行.
NOTIC: [8] Undefined index: n_id E:\xampp\htdocs\book\data\runtime\Cache\Admin\d37e305567b311d533734c0323a7b055.php 第 354 行.
NOTIC: [8] Undefined index: n_id E:\xampp\htdocs\book\data\runtime\Cache\Admin\d37e305567b311d533734c0323a7b055.php 第 357 行.
NOTIC: [8] Undefined index: n_id E:\xampp\htdocs\book\data\runtime\Cache\Admin\d37e305567b311d533734c0323a7b055.php 第 360 行.
NOTIC: [8] Undefined index: n_id E:\xampp\htdocs\book\data\runtime\Cache\Admin\d37e305567b311d533734c0323a7b055.php 第 363 行.
NOTIC: [8] Undefined index: n_id E:\xampp\htdocs\book\data\runtime\Cache\Admin\d37e305567b311d533734c0323a7b055.php 第 374 行.
NOTIC: [8] Undefined index: n_id E:\xampp\htdocs\book\data\runtime\Cache\Admin\d37e305567b311d533734c0323a7b055.php 第 382 行.

[ 2017-05-09T22:59:24+08:00 ] 127.0.0.1 /index.php?m=Admin&c=Goods&a=goods_list
NOTIC: [8] Undefined index: admin_avatar E:\xampp\htdocs\book\data\runtime\Cache\Admin\425a42625ce3f7f36746b46498f2ab35.php 第 106 行.
NOTIC: [8] Undefined variable: diyflag E:\xampp\htdocs\book\data\runtime\Cache\Admin\425a42625ce3f7f36746b46498f2ab35.php 第 256 行.
NOTIC: [8] Undefined index: news_flag E:\xampp\htdocs\book\data\runtime\Cache\Admin\425a42625ce3f7f36746b46498f2ab35.php 第 342 行.
NOTIC: [8] Undefined index: news_flag E:\xampp\htdocs\book\data\runtime\Cache\Admin\425a42625ce3f7f36746b46498f2ab35.php 第 343 行.
NOTIC: [8] Undefined index: news_flag E:\xampp\htdocs\book\data\runtime\Cache\Admin\425a42625ce3f7f36746b46498f2ab35.php 第 344 行.
NOTIC: [8] Undefined index: news_flag E:\xampp\htdocs\book\data\runtime\Cache\Admin\425a42625ce3f7f36746b46498f2ab35.php 第 345 行.
NOTIC: [8] Undefined index: news_flag E:\xampp\htdocs\book\data\runtime\Cache\Admin\425a42625ce3f7f36746b46498f2ab35.php 第 346 行.
NOTIC: [8] Undefined index: news_flag E:\xampp\htdocs\book\data\runtime\Cache\Admin\425a42625ce3f7f36746b46498f2ab35.php 第 347 行.
NOTIC: [8] Undefined index: news_flag E:\xampp\htdocs\book\data\runtime\Cache\Admin\425a42625ce3f7f36746b46498f2ab35.php 第 348 行.
NOTIC: [8] Undefined index: news_flag E:\xampp\htdocs\book\data\runtime\Cache\Admin\425a42625ce3f7f36746b46498f2ab35.php 第 349 行.
NOTIC: [8] Undefined index: news_flag E:\xampp\htdocs\book\data\runtime\Cache\Admin\425a42625ce3f7f36746b46498f2ab35.php 第 350 行.
NOTIC: [8] Undefined index: news_flag E:\xampp\htdocs\book\data\runtime\Cache\Admin\425a42625ce3f7f36746b46498f2ab35.php 第 342 行.
NOTIC: [8] Undefined index: news_flag E:\xampp\htdocs\book\data\runtime\Cache\Admin\425a42625ce3f7f36746b46498f2ab35.php 第 343 行.
NOTIC: [8] Undefined index: news_flag E:\xampp\htdocs\book\data\runtime\Cache\Admin\425a42625ce3f7f36746b46498f2ab35.php 第 344 行.
NOTIC: [8] Undefined index: news_flag E:\xampp\htdocs\book\data\runtime\Cache\Admin\425a42625ce3f7f36746b46498f2ab35.php 第 345 行.
NOTIC: [8] Undefined index: news_flag E:\xampp\htdocs\book\data\runtime\Cache\Admin\425a42625ce3f7f36746b46498f2ab35.php 第 346 行.
NOTIC: [8] Undefined index: news_flag E:\xampp\htdocs\book\data\runtime\Cache\Admin\425a42625ce3f7f36746b46498f2ab35.php 第 347 行.
NOTIC: [8] Undefined index: news_flag E:\xampp\htdocs\book\data\runtime\Cache\Admin\425a42625ce3f7f36746b46498f2ab35.php 第 348 行.
NOTIC: [8] Undefined index: news_flag E:\xampp\htdocs\book\data\runtime\Cache\Admin\425a42625ce3f7f36746b46498f2ab35.php 第 349 行.
NOTIC: [8] Undefined index: news_flag E:\xampp\htdocs\book\data\runtime\Cache\Admin\425a42625ce3f7f36746b46498f2ab35.php 第 350 行.

[ 2017-05-09T23:00:37+08:00 ] 127.0.0.1 /index.php?m=Admin&c=Goods&a=log_list
NOTIC: [8] Undefined variable: map E:\xampp\htdocs\book\app\Admin\Controller\GoodsController.class.php 第 27 行.
NOTIC: [8] Undefined variable: map E:\xampp\htdocs\book\app\Admin\Controller\GoodsController.class.php 第 37 行.
NOTIC: [8] Undefined index: admin_avatar E:\xampp\htdocs\book\data\runtime\Cache\Admin\d37e305567b311d533734c0323a7b055.php 第 106 行.
NOTIC: [8] Undefined variable: keytype E:\xampp\htdocs\book\data\runtime\Cache\Admin\d37e305567b311d533734c0323a7b055.php 第 251 行.
NOTIC: [8] Undefined variable: keytype E:\xampp\htdocs\book\data\runtime\Cache\Admin\d37e305567b311d533734c0323a7b055.php 第 251 行.
NOTIC: [8] Undefined variable: keytype E:\xampp\htdocs\book\data\runtime\Cache\Admin\d37e305567b311d533734c0323a7b055.php 第 252 行.
NOTIC: [8] Undefined variable: diyflag E:\xampp\htdocs\book\data\runtime\Cache\Admin\d37e305567b311d533734c0323a7b055.php 第 256 行.
NOTIC: [8] Undefined variable: opentype_check E:\xampp\htdocs\book\data\runtime\Cache\Admin\d37e305567b311d533734c0323a7b055.php 第 260 行.
NOTIC: [8] Undefined variable: opentype_check E:\xampp\htdocs\book\data\runtime\Cache\Admin\d37e305567b311d533734c0323a7b055.php 第 261 行.
NOTIC: [8] Undefined variable: sldate E:\xampp\htdocs\book\data\runtime\Cache\Admin\d37e305567b311d533734c0323a7b055.php 第 270 行.
NOTIC: [8] Undefined variable: keyy E:\xampp\htdocs\book\data\runtime\Cache\Admin\d37e305567b311d533734c0323a7b055.php 第 280 行.
NOTIC: [8] Undefined index: n_id E:\xampp\htdocs\book\data\runtime\Cache\Admin\d37e305567b311d533734c0323a7b055.php 第 334 行.
NOTIC: [8] Undefined index: news_auto E:\xampp\htdocs\book\data\runtime\Cache\Admin\d37e305567b311d533734c0323a7b055.php 第 339 行.
NOTIC: [8] Undefined index: n_id E:\xampp\htdocs\book\data\runtime\Cache\Admin\d37e305567b311d533734c0323a7b055.php 第 347 行.
NOTIC: [8] Undefined index: n_id E:\xampp\htdocs\book\data\runtime\Cache\Admin\d37e305567b311d533734c0323a7b055.php 第 348 行.
NOTIC: [8] Undefined index: n_id E:\xampp\htdocs\book\data\runtime\Cache\Admin\d37e305567b311d533734c0323a7b055.php 第 354 行.
NOTIC: [8] Undefined index: n_id E:\xampp\htdocs\book\data\runtime\Cache\Admin\d37e305567b311d533734c0323a7b055.php 第 357 行.
NOTIC: [8] Undefined index: n_id E:\xampp\htdocs\book\data\runtime\Cache\Admin\d37e305567b311d533734c0323a7b055.php 第 360 行.
NOTIC: [8] Undefined index: n_id E:\xampp\htdocs\book\data\runtime\Cache\Admin\d37e305567b311d533734c0323a7b055.php 第 363 行.
NOTIC: [8] Undefined index: n_id E:\xampp\htdocs\book\data\runtime\Cache\Admin\d37e305567b311d533734c0323a7b055.php 第 374 行.
NOTIC: [8] Undefined index: n_id E:\xampp\htdocs\book\data\runtime\Cache\Admin\d37e305567b311d533734c0323a7b055.php 第 382 行.
NOTIC: [8] Undefined index: n_id E:\xampp\htdocs\book\data\runtime\Cache\Admin\d37e305567b311d533734c0323a7b055.php 第 334 行.
NOTIC: [8] Undefined index: news_auto E:\xampp\htdocs\book\data\runtime\Cache\Admin\d37e305567b311d533734c0323a7b055.php 第 339 行.
NOTIC: [8] Undefined index: n_id E:\xampp\htdocs\book\data\runtime\Cache\Admin\d37e305567b311d533734c0323a7b055.php 第 343 行.
NOTIC: [8] Undefined index: n_id E:\xampp\htdocs\book\data\runtime\Cache\Admin\d37e305567b311d533734c0323a7b055.php 第 344 行.
NOTIC: [8] Undefined index: n_id E:\xampp\htdocs\book\data\runtime\Cache\Admin\d37e305567b311d533734c0323a7b055.php 第 354 行.
NOTIC: [8] Undefined index: n_id E:\xampp\htdocs\book\data\runtime\Cache\Admin\d37e305567b311d533734c0323a7b055.php 第 357 行.
NOTIC: [8] Undefined index: n_id E:\xampp\htdocs\book\data\runtime\Cache\Admin\d37e305567b311d533734c0323a7b055.php 第 360 行.
NOTIC: [8] Undefined index: n_id E:\xampp\htdocs\book\data\runtime\Cache\Admin\d37e305567b311d533734c0323a7b055.php 第 363 行.
NOTIC: [8] Undefined index: n_id E:\xampp\htdocs\book\data\runtime\Cache\Admin\d37e305567b311d533734c0323a7b055.php 第 374 行.
NOTIC: [8] Undefined index: n_id E:\xampp\htdocs\book\data\runtime\Cache\Admin\d37e305567b311d533734c0323a7b055.php 第 382 行.

