[ 2017-04-18T15:49:02+08:00 ] 127.0.0.1 /index.php?m=Admin&c=Index&a=index
NOTIC: [8] Undefined index: admin_avatar E:\xampp\htdocs\book\data\runtime\Cache\Admin\eaaaa69a3a7994270bfd9e5a4028ad15.php 第 106 行.

[ 2017-04-18T15:49:09+08:00 ] 127.0.0.1 /index.php?m=Admin&c=Books&a=books_add
NOTIC: [8] Undefined index: parentid E:\xampp\htdocs\book\ThinkPHP\Library\Org\Util\Leftnav.class.php 第 58 行.
NOTIC: [8] Undefined index: parentid E:\xampp\htdocs\book\ThinkPHP\Library\Org\Util\Leftnav.class.php 第 58 行.
NOTIC: [8] Undefined index: parentid E:\xampp\htdocs\book\ThinkPHP\Library\Org\Util\Leftnav.class.php 第 58 行.
NOTIC: [8] Undefined index: parentid E:\xampp\htdocs\book\ThinkPHP\Library\Org\Util\Leftnav.class.php 第 58 行.
NOTIC: [8] Undefined index: parentid E:\xampp\htdocs\book\ThinkPHP\Library\Org\Util\Leftnav.class.php 第 58 行.
NOTIC: [8] Undefined index: parentid E:\xampp\htdocs\book\ThinkPHP\Library\Org\Util\Leftnav.class.php 第 58 行.
NOTIC: [8] Undefined index: parentid E:\xampp\htdocs\book\ThinkPHP\Library\Org\Util\Leftnav.class.php 第 58 行.
NOTIC: [8] Undefined index: parentid E:\xampp\htdocs\book\ThinkPHP\Library\Org\Util\Leftnav.class.php 第 58 行.
NOTIC: [8] Undefined index: parentid E:\xampp\htdocs\book\ThinkPHP\Library\Org\Util\Leftnav.class.php 第 58 行.
NOTIC: [8] Undefined index: parentid E:\xampp\htdocs\book\ThinkPHP\Library\Org\Util\Leftnav.class.php 第 58 行.
NOTIC: [8] Undefined index: parentid E:\xampp\htdocs\book\ThinkPHP\Library\Org\Util\Leftnav.class.php 第 58 行.
NOTIC: [8] Undefined index: parentid E:\xampp\htdocs\book\ThinkPHP\Library\Org\Util\Leftnav.class.php 第 58 行.
NOTIC: [8] Undefined index: parentid E:\xampp\htdocs\book\ThinkPHP\Library\Org\Util\Leftnav.class.php 第 58 行.
NOTIC: [8] Undefined index: parentid E:\xampp\htdocs\book\ThinkPHP\Library\Org\Util\Leftnav.class.php 第 58 行.
NOTIC: [8] Undefined index: parentid E:\xampp\htdocs\book\ThinkPHP\Library\Org\Util\Leftnav.class.php 第 58 行.
NOTIC: [8] Undefined index: parentid E:\xampp\htdocs\book\ThinkPHP\Library\Org\Util\Leftnav.class.php 第 58 行.
NOTIC: [8] Undefined index: parentid E:\xampp\htdocs\book\ThinkPHP\Library\Org\Util\Leftnav.class.php 第 58 行.
NOTIC: [8] Undefined index: parentid E:\xampp\htdocs\book\ThinkPHP\Library\Org\Util\Leftnav.class.php 第 58 行.
NOTIC: [8] Undefined index: parentid E:\xampp\htdocs\book\ThinkPHP\Library\Org\Util\Leftnav.class.php 第 58 行.
NOTIC: [8] Undefined index: parentid E:\xampp\htdocs\book\ThinkPHP\Library\Org\Util\Leftnav.class.php 第 58 行.
NOTIC: [8] Undefined index: parentid E:\xampp\htdocs\book\ThinkPHP\Library\Org\Util\Leftnav.class.php 第 58 行.
NOTIC: [8] Undefined index: parentid E:\xampp\htdocs\book\ThinkPHP\Library\Org\Util\Leftnav.class.php 第 58 行.
NOTIC: [8] Undefined index: parentid E:\xampp\htdocs\book\ThinkPHP\Library\Org\Util\Leftnav.class.php 第 58 行.
NOTIC: [8] Undefined index: parentid E:\xampp\htdocs\book\ThinkPHP\Library\Org\Util\Leftnav.class.php 第 58 行.
NOTIC: [8] Undefined index: parentid E:\xampp\htdocs\book\ThinkPHP\Library\Org\Util\Leftnav.class.php 第 58 行.
NOTIC: [8] Undefined index: parentid E:\xampp\htdocs\book\ThinkPHP\Library\Org\Util\Leftnav.class.php 第 58 行.
NOTIC: [8] Undefined index: parentid E:\xampp\htdocs\book\ThinkPHP\Library\Org\Util\Leftnav.class.php 第 58 行.
NOTIC: [8] Undefined index: parentid E:\xampp\htdocs\book\ThinkPHP\Library\Org\Util\Leftnav.class.php 第 58 行.
NOTIC: [8] Undefined index: parentid E:\xampp\htdocs\book\ThinkPHP\Library\Org\Util\Leftnav.class.php 第 58 行.
NOTIC: [8] Undefined index: parentid E:\xampp\htdocs\book\ThinkPHP\Library\Org\Util\Leftnav.class.php 第 58 行.
NOTIC: [8] Undefined index: admin_avatar E:\xampp\htdocs\book\data\runtime\Cache\Admin\067b329e4d6f00410015e6a12d9c9f3a.php 第 106 行.

[ 2017-04-18T15:51:43+08:00 ] 127.0.0.1 /index.php?m=Admin&c=Books&a=books_runadd
NOTIC: [8] Undefined index: pic_one E:\xampp\htdocs\book\app\Admin\Controller\BooksController.class.php 第 100 行.
NOTIC: [8] Undefined index: pic_all E:\xampp\htdocs\book\app\Admin\Controller\BooksController.class.php 第 100 行.
NOTIC: [2] Invalid argument supplied for foreach() E:\xampp\htdocs\book\app\Admin\Controller\BooksController.class.php 第 139 行.
NOTIC: [8] Undefined variable: picall_url E:\xampp\htdocs\book\app\Admin\Controller\BooksController.class.php 第 153 行.
NOTIC: [8] Undefined variable: img_url E:\xampp\htdocs\book\app\Admin\Controller\BooksController.class.php 第 155 行.

[ 2017-04-18T15:51:45+08:00 ] 127.0.0.1 /index.php?m=Admin&c=Books&a=books_list
NOTIC: [8] Undefined index: admin_avatar E:\xampp\htdocs\book\data\runtime\Cache\Admin\a6303065b0b17d9f11caecacbce0c76e.php 第 106 行.

[ 2017-04-18T15:51:48+08:00 ] 127.0.0.1 /index.php?m=Admin&c=Books&a=books_add
NOTIC: [8] Undefined index: parentid E:\xampp\htdocs\book\ThinkPHP\Library\Org\Util\Leftnav.class.php 第 58 行.
NOTIC: [8] Undefined index: parentid E:\xampp\htdocs\book\ThinkPHP\Library\Org\Util\Leftnav.class.php 第 58 行.
NOTIC: [8] Undefined index: parentid E:\xampp\htdocs\book\ThinkPHP\Library\Org\Util\Leftnav.class.php 第 58 行.
NOTIC: [8] Undefined index: parentid E:\xampp\htdocs\book\ThinkPHP\Library\Org\Util\Leftnav.class.php 第 58 行.
NOTIC: [8] Undefined index: parentid E:\xampp\htdocs\book\ThinkPHP\Library\Org\Util\Leftnav.class.php 第 58 行.
NOTIC: [8] Undefined index: parentid E:\xampp\htdocs\book\ThinkPHP\Library\Org\Util\Leftnav.class.php 第 58 行.
NOTIC: [8] Undefined index: parentid E:\xampp\htdocs\book\ThinkPHP\Library\Org\Util\Leftnav.class.php 第 58 行.
NOTIC: [8] Undefined index: parentid E:\xampp\htdocs\book\ThinkPHP\Library\Org\Util\Leftnav.class.php 第 58 行.
NOTIC: [8] Undefined index: parentid E:\xampp\htdocs\book\ThinkPHP\Library\Org\Util\Leftnav.class.php 第 58 行.
NOTIC: [8] Undefined index: parentid E:\xampp\htdocs\book\ThinkPHP\Library\Org\Util\Leftnav.class.php 第 58 行.
NOTIC: [8] Undefined index: parentid E:\xampp\htdocs\book\ThinkPHP\Library\Org\Util\Leftnav.class.php 第 58 行.
NOTIC: [8] Undefined index: parentid E:\xampp\htdocs\book\ThinkPHP\Library\Org\Util\Leftnav.class.php 第 58 行.
NOTIC: [8] Undefined index: parentid E:\xampp\htdocs\book\ThinkPHP\Library\Org\Util\Leftnav.class.php 第 58 行.
NOTIC: [8] Undefined index: parentid E:\xampp\htdocs\book\ThinkPHP\Library\Org\Util\Leftnav.class.php 第 58 行.
NOTIC: [8] Undefined index: parentid E:\xampp\htdocs\book\ThinkPHP\Library\Org\Util\Leftnav.class.php 第 58 行.
NOTIC: [8] Undefined index: parentid E:\xampp\htdocs\book\ThinkPHP\Library\Org\Util\Leftnav.class.php 第 58 行.
NOTIC: [8] Undefined index: parentid E:\xampp\htdocs\book\ThinkPHP\Library\Org\Util\Leftnav.class.php 第 58 行.
NOTIC: [8] Undefined index: parentid E:\xampp\htdocs\book\ThinkPHP\Library\Org\Util\Leftnav.class.php 第 58 行.
NOTIC: [8] Undefined index: parentid E:\xampp\htdocs\book\ThinkPHP\Library\Org\Util\Leftnav.class.php 第 58 行.
NOTIC: [8] Undefined index: parentid E:\xampp\htdocs\book\ThinkPHP\Library\Org\Util\Leftnav.class.php 第 58 行.
NOTIC: [8] Undefined index: parentid E:\xampp\htdocs\book\ThinkPHP\Library\Org\Util\Leftnav.class.php 第 58 行.
NOTIC: [8] Undefined index: parentid E:\xampp\htdocs\book\ThinkPHP\Library\Org\Util\Leftnav.class.php 第 58 行.
NOTIC: [8] Undefined index: parentid E:\xampp\htdocs\book\ThinkPHP\Library\Org\Util\Leftnav.class.php 第 58 行.
NOTIC: [8] Undefined index: parentid E:\xampp\htdocs\book\ThinkPHP\Library\Org\Util\Leftnav.class.php 第 58 行.
NOTIC: [8] Undefined index: parentid E:\xampp\htdocs\book\ThinkPHP\Library\Org\Util\Leftnav.class.php 第 58 行.
NOTIC: [8] Undefined index: parentid E:\xampp\htdocs\book\ThinkPHP\Library\Org\Util\Leftnav.class.php 第 58 行.
NOTIC: [8] Undefined index: parentid E:\xampp\htdocs\book\ThinkPHP\Library\Org\Util\Leftnav.class.php 第 58 行.
NOTIC: [8] Undefined index: parentid E:\xampp\htdocs\book\ThinkPHP\Library\Org\Util\Leftnav.class.php 第 58 行.
NOTIC: [8] Undefined index: parentid E:\xampp\htdocs\book\ThinkPHP\Library\Org\Util\Leftnav.class.php 第 58 行.
NOTIC: [8] Undefined index: parentid E:\xampp\htdocs\book\ThinkPHP\Library\Org\Util\Leftnav.class.php 第 58 行.
NOTIC: [8] Undefined index: admin_avatar E:\xampp\htdocs\book\data\runtime\Cache\Admin\067b329e4d6f00410015e6a12d9c9f3a.php 第 106 行.

[ 2017-04-18T15:52:22+08:00 ] 127.0.0.1 /index.php?m=Admin&c=Books&a=books_runadd
NOTIC: [8] Undefined index: pic_one E:\xampp\htdocs\book\app\Admin\Controller\BooksController.class.php 第 100 行.
NOTIC: [8] Undefined index: pic_all E:\xampp\htdocs\book\app\Admin\Controller\BooksController.class.php 第 100 行.
NOTIC: [2] Invalid argument supplied for foreach() E:\xampp\htdocs\book\app\Admin\Controller\BooksController.class.php 第 139 行.
NOTIC: [8] Undefined variable: picall_url E:\xampp\htdocs\book\app\Admin\Controller\BooksController.class.php 第 153 行.
NOTIC: [8] Undefined variable: img_url E:\xampp\htdocs\book\app\Admin\Controller\BooksController.class.php 第 155 行.

[ 2017-04-18T15:52:23+08:00 ] 127.0.0.1 /index.php?m=Admin&c=Books&a=books_list
NOTIC: [8] Undefined index: admin_avatar E:\xampp\htdocs\book\data\runtime\Cache\Admin\a6303065b0b17d9f11caecacbce0c76e.php 第 106 行.

[ 2017-04-18T15:52:33+08:00 ] 127.0.0.1 /index.php?m=Admin&c=Books&a=books_edit&n_id=3
NOTIC: [8] Undefined index: parentid E:\xampp\htdocs\book\ThinkPHP\Library\Org\Util\Leftnav.class.php 第 58 行.
NOTIC: [8] Undefined index: parentid E:\xampp\htdocs\book\ThinkPHP\Library\Org\Util\Leftnav.class.php 第 58 行.
NOTIC: [8] Undefined index: parentid E:\xampp\htdocs\book\ThinkPHP\Library\Org\Util\Leftnav.class.php 第 58 行.
NOTIC: [8] Undefined index: parentid E:\xampp\htdocs\book\ThinkPHP\Library\Org\Util\Leftnav.class.php 第 58 行.
NOTIC: [8] Undefined index: parentid E:\xampp\htdocs\book\ThinkPHP\Library\Org\Util\Leftnav.class.php 第 58 行.
NOTIC: [8] Undefined index: parentid E:\xampp\htdocs\book\ThinkPHP\Library\Org\Util\Leftnav.class.php 第 58 行.
NOTIC: [8] Undefined index: parentid E:\xampp\htdocs\book\ThinkPHP\Library\Org\Util\Leftnav.class.php 第 58 行.
NOTIC: [8] Undefined index: parentid E:\xampp\htdocs\book\ThinkPHP\Library\Org\Util\Leftnav.class.php 第 58 行.
NOTIC: [8] Undefined index: parentid E:\xampp\htdocs\book\ThinkPHP\Library\Org\Util\Leftnav.class.php 第 58 行.
NOTIC: [8] Undefined index: parentid E:\xampp\htdocs\book\ThinkPHP\Library\Org\Util\Leftnav.class.php 第 58 行.
NOTIC: [8] Undefined index: parentid E:\xampp\htdocs\book\ThinkPHP\Library\Org\Util\Leftnav.class.php 第 58 行.
NOTIC: [8] Undefined index: parentid E:\xampp\htdocs\book\ThinkPHP\Library\Org\Util\Leftnav.class.php 第 58 行.
NOTIC: [8] Undefined index: parentid E:\xampp\htdocs\book\ThinkPHP\Library\Org\Util\Leftnav.class.php 第 58 行.
NOTIC: [8] Undefined index: parentid E:\xampp\htdocs\book\ThinkPHP\Library\Org\Util\Leftnav.class.php 第 58 行.
NOTIC: [8] Undefined index: parentid E:\xampp\htdocs\book\ThinkPHP\Library\Org\Util\Leftnav.class.php 第 58 行.
NOTIC: [8] Undefined index: parentid E:\xampp\htdocs\book\ThinkPHP\Library\Org\Util\Leftnav.class.php 第 58 行.
NOTIC: [8] Undefined index: parentid E:\xampp\htdocs\book\ThinkPHP\Library\Org\Util\Leftnav.class.php 第 58 行.
NOTIC: [8] Undefined index: parentid E:\xampp\htdocs\book\ThinkPHP\Library\Org\Util\Leftnav.class.php 第 58 行.
NOTIC: [8] Undefined index: parentid E:\xampp\htdocs\book\ThinkPHP\Library\Org\Util\Leftnav.class.php 第 58 行.
NOTIC: [8] Undefined index: parentid E:\xampp\htdocs\book\ThinkPHP\Library\Org\Util\Leftnav.class.php 第 58 行.
NOTIC: [8] Undefined index: parentid E:\xampp\htdocs\book\ThinkPHP\Library\Org\Util\Leftnav.class.php 第 58 行.
NOTIC: [8] Undefined index: parentid E:\xampp\htdocs\book\ThinkPHP\Library\Org\Util\Leftnav.class.php 第 58 行.
NOTIC: [8] Undefined index: parentid E:\xampp\htdocs\book\ThinkPHP\Library\Org\Util\Leftnav.class.php 第 58 行.
NOTIC: [8] Undefined index: parentid E:\xampp\htdocs\book\ThinkPHP\Library\Org\Util\Leftnav.class.php 第 58 行.
NOTIC: [8] Undefined index: parentid E:\xampp\htdocs\book\ThinkPHP\Library\Org\Util\Leftnav.class.php 第 58 行.
NOTIC: [8] Undefined index: parentid E:\xampp\htdocs\book\ThinkPHP\Library\Org\Util\Leftnav.class.php 第 58 行.
NOTIC: [8] Undefined index: parentid E:\xampp\htdocs\book\ThinkPHP\Library\Org\Util\Leftnav.class.php 第 58 行.
NOTIC: [8] Undefined index: parentid E:\xampp\htdocs\book\ThinkPHP\Library\Org\Util\Leftnav.class.php 第 58 行.
NOTIC: [8] Undefined index: parentid E:\xampp\htdocs\book\ThinkPHP\Library\Org\Util\Leftnav.class.php 第 58 行.
NOTIC: [8] Undefined index: parentid E:\xampp\htdocs\book\ThinkPHP\Library\Org\Util\Leftnav.class.php 第 58 行.
NOTIC: [8] Undefined index: admin_avatar E:\xampp\htdocs\book\data\runtime\Cache\Admin\fc084d7cc87aa6c6d588369460620353.php 第 106 行.
NOTIC: [8] Undefined index: news_titleshort E:\xampp\htdocs\book\data\runtime\Cache\Admin\fc084d7cc87aa6c6d588369460620353.php 第 276 行.

[ 2017-04-18T15:52:52+08:00 ] 127.0.0.1 /index.php?m=Admin&c=Borrow&a=index
NOTIC: [8] Undefined variable: map E:\xampp\htdocs\book\app\Admin\Controller\BorrowController.class.php 第 16 行.
NOTIC: [8] Undefined variable: map E:\xampp\htdocs\book\app\Admin\Controller\BorrowController.class.php 第 26 行.
NOTIC: [8] Undefined index: admin_avatar E:\xampp\htdocs\book\data\runtime\Cache\Admin\9d543dd219145434ed23285575c3f793.php 第 106 行.
NOTIC: [8] Undefined variable: keytype E:\xampp\htdocs\book\data\runtime\Cache\Admin\9d543dd219145434ed23285575c3f793.php 第 251 行.
NOTIC: [8] Undefined variable: keytype E:\xampp\htdocs\book\data\runtime\Cache\Admin\9d543dd219145434ed23285575c3f793.php 第 251 行.
NOTIC: [8] Undefined variable: keytype E:\xampp\htdocs\book\data\runtime\Cache\Admin\9d543dd219145434ed23285575c3f793.php 第 252 行.
NOTIC: [8] Undefined variable: diyflag E:\xampp\htdocs\book\data\runtime\Cache\Admin\9d543dd219145434ed23285575c3f793.php 第 256 行.
NOTIC: [8] Undefined variable: opentype_check E:\xampp\htdocs\book\data\runtime\Cache\Admin\9d543dd219145434ed23285575c3f793.php 第 260 行.
NOTIC: [8] Undefined variable: opentype_check E:\xampp\htdocs\book\data\runtime\Cache\Admin\9d543dd219145434ed23285575c3f793.php 第 261 行.
NOTIC: [8] Undefined variable: sldate E:\xampp\htdocs\book\data\runtime\Cache\Admin\9d543dd219145434ed23285575c3f793.php 第 270 行.
NOTIC: [8] Undefined variable: keyy E:\xampp\htdocs\book\data\runtime\Cache\Admin\9d543dd219145434ed23285575c3f793.php 第 280 行.
NOTIC: [8] Undefined index: n_id E:\xampp\htdocs\book\data\runtime\Cache\Admin\9d543dd219145434ed23285575c3f793.php 第 334 行.
NOTIC: [8] Undefined index: news_auto E:\xampp\htdocs\book\data\runtime\Cache\Admin\9d543dd219145434ed23285575c3f793.php 第 339 行.
NOTIC: [8] Undefined index: n_id E:\xampp\htdocs\book\data\runtime\Cache\Admin\9d543dd219145434ed23285575c3f793.php 第 348 行.
NOTIC: [8] Undefined index: n_id E:\xampp\htdocs\book\data\runtime\Cache\Admin\9d543dd219145434ed23285575c3f793.php 第 349 行.
NOTIC: [8] Undefined index: n_id E:\xampp\htdocs\book\data\runtime\Cache\Admin\9d543dd219145434ed23285575c3f793.php 第 359 行.
NOTIC: [8] Undefined index: n_id E:\xampp\htdocs\book\data\runtime\Cache\Admin\9d543dd219145434ed23285575c3f793.php 第 365 行.
NOTIC: [8] Undefined index: n_id E:\xampp\htdocs\book\data\runtime\Cache\Admin\9d543dd219145434ed23285575c3f793.php 第 376 行.
NOTIC: [8] Undefined index: n_id E:\xampp\htdocs\book\data\runtime\Cache\Admin\9d543dd219145434ed23285575c3f793.php 第 384 行.
NOTIC: [8] Undefined index: n_id E:\xampp\htdocs\book\data\runtime\Cache\Admin\9d543dd219145434ed23285575c3f793.php 第 334 行.
NOTIC: [8] Undefined index: news_auto E:\xampp\htdocs\book\data\runtime\Cache\Admin\9d543dd219145434ed23285575c3f793.php 第 339 行.
NOTIC: [8] Undefined index: n_id E:\xampp\htdocs\book\data\runtime\Cache\Admin\9d543dd219145434ed23285575c3f793.php 第 348 行.
NOTIC: [8] Undefined index: n_id E:\xampp\htdocs\book\data\runtime\Cache\Admin\9d543dd219145434ed23285575c3f793.php 第 349 行.
NOTIC: [8] Undefined index: n_id E:\xampp\htdocs\book\data\runtime\Cache\Admin\9d543dd219145434ed23285575c3f793.php 第 359 行.
NOTIC: [8] Undefined index: n_id E:\xampp\htdocs\book\data\runtime\Cache\Admin\9d543dd219145434ed23285575c3f793.php 第 365 行.
NOTIC: [8] Undefined index: n_id E:\xampp\htdocs\book\data\runtime\Cache\Admin\9d543dd219145434ed23285575c3f793.php 第 376 行.
NOTIC: [8] Undefined index: n_id E:\xampp\htdocs\book\data\runtime\Cache\Admin\9d543dd219145434ed23285575c3f793.php 第 384 行.
NOTIC: [8] Undefined index: n_id E:\xampp\htdocs\book\data\runtime\Cache\Admin\9d543dd219145434ed23285575c3f793.php 第 334 行.
NOTIC: [8] Undefined index: news_auto E:\xampp\htdocs\book\data\runtime\Cache\Admin\9d543dd219145434ed23285575c3f793.php 第 339 行.
NOTIC: [8] Undefined index: n_id E:\xampp\htdocs\book\data\runtime\Cache\Admin\9d543dd219145434ed23285575c3f793.php 第 348 行.
NOTIC: [8] Undefined index: n_id E:\xampp\htdocs\book\data\runtime\Cache\Admin\9d543dd219145434ed23285575c3f793.php 第 349 行.
NOTIC: [8] Undefined index: n_id E:\xampp\htdocs\book\data\runtime\Cache\Admin\9d543dd219145434ed23285575c3f793.php 第 359 行.
NOTIC: [8] Undefined index: n_id E:\xampp\htdocs\book\data\runtime\Cache\Admin\9d543dd219145434ed23285575c3f793.php 第 365 行.
NOTIC: [8] Undefined index: n_id E:\xampp\htdocs\book\data\runtime\Cache\Admin\9d543dd219145434ed23285575c3f793.php 第 376 行.
NOTIC: [8] Undefined index: n_id E:\xampp\htdocs\book\data\runtime\Cache\Admin\9d543dd219145434ed23285575c3f793.php 第 384 行.
NOTIC: [8] Undefined index: n_id E:\xampp\htdocs\book\data\runtime\Cache\Admin\9d543dd219145434ed23285575c3f793.php 第 334 行.
NOTIC: [8] Undefined index: news_auto E:\xampp\htdocs\book\data\runtime\Cache\Admin\9d543dd219145434ed23285575c3f793.php 第 339 行.
NOTIC: [8] Undefined index: n_id E:\xampp\htdocs\book\data\runtime\Cache\Admin\9d543dd219145434ed23285575c3f793.php 第 348 行.
NOTIC: [8] Undefined index: n_id E:\xampp\htdocs\book\data\runtime\Cache\Admin\9d543dd219145434ed23285575c3f793.php 第 349 行.
NOTIC: [8] Undefined index: n_id E:\xampp\htdocs\book\data\runtime\Cache\Admin\9d543dd219145434ed23285575c3f793.php 第 359 行.
NOTIC: [8] Undefined index: n_id E:\xampp\htdocs\book\data\runtime\Cache\Admin\9d543dd219145434ed23285575c3f793.php 第 365 行.
NOTIC: [8] Undefined index: n_id E:\xampp\htdocs\book\data\runtime\Cache\Admin\9d543dd219145434ed23285575c3f793.php 第 376 行.
NOTIC: [8] Undefined index: n_id E:\xampp\htdocs\book\data\runtime\Cache\Admin\9d543dd219145434ed23285575c3f793.php 第 384 行.
NOTIC: [8] Undefined index: n_id E:\xampp\htdocs\book\data\runtime\Cache\Admin\9d543dd219145434ed23285575c3f793.php 第 334 行.
NOTIC: [8] Undefined index: news_auto E:\xampp\htdocs\book\data\runtime\Cache\Admin\9d543dd219145434ed23285575c3f793.php 第 339 行.
NOTIC: [8] Undefined index: n_id E:\xampp\htdocs\book\data\runtime\Cache\Admin\9d543dd219145434ed23285575c3f793.php 第 348 行.
NOTIC: [8] Undefined index: n_id E:\xampp\htdocs\book\data\runtime\Cache\Admin\9d543dd219145434ed23285575c3f793.php 第 349 行.
NOTIC: [8] Undefined index: n_id E:\xampp\htdocs\book\data\runtime\Cache\Admin\9d543dd219145434ed23285575c3f793.php 第 359 行.
NOTIC: [8] Undefined index: n_id E:\xampp\htdocs\book\data\runtime\Cache\Admin\9d543dd219145434ed23285575c3f793.php 第 365 行.
NOTIC: [8] Undefined index: n_id E:\xampp\htdocs\book\data\runtime\Cache\Admin\9d543dd219145434ed23285575c3f793.php 第 376 行.
NOTIC: [8] Undefined index: n_id E:\xampp\htdocs\book\data\runtime\Cache\Admin\9d543dd219145434ed23285575c3f793.php 第 384 行.
NOTIC: [8] Undefined index: n_id E:\xampp\htdocs\book\data\runtime\Cache\Admin\9d543dd219145434ed23285575c3f793.php 第 334 行.
NOTIC: [8] Undefined index: news_auto E:\xampp\htdocs\book\data\runtime\Cache\Admin\9d543dd219145434ed23285575c3f793.php 第 339 行.
NOTIC: [8] Undefined index: n_id E:\xampp\htdocs\book\data\runtime\Cache\Admin\9d543dd219145434ed23285575c3f793.php 第 348 行.
NOTIC: [8] Undefined index: n_id E:\xampp\htdocs\book\data\runtime\Cache\Admin\9d543dd219145434ed23285575c3f793.php 第 349 行.
NOTIC: [8] Undefined index: n_id E:\xampp\htdocs\book\data\runtime\Cache\Admin\9d543dd219145434ed23285575c3f793.php 第 359 行.
NOTIC: [8] Undefined index: n_id E:\xampp\htdocs\book\data\runtime\Cache\Admin\9d543dd219145434ed23285575c3f793.php 第 365 行.
NOTIC: [8] Undefined index: n_id E:\xampp\htdocs\book\data\runtime\Cache\Admin\9d543dd219145434ed23285575c3f793.php 第 376 行.
NOTIC: [8] Undefined index: n_id E:\xampp\htdocs\book\data\runtime\Cache\Admin\9d543dd219145434ed23285575c3f793.php 第 384 行.
NOTIC: [8] Undefined index: n_id E:\xampp\htdocs\book\data\runtime\Cache\Admin\9d543dd219145434ed23285575c3f793.php 第 334 行.
NOTIC: [8] Undefined index: news_auto E:\xampp\htdocs\book\data\runtime\Cache\Admin\9d543dd219145434ed23285575c3f793.php 第 339 行.
NOTIC: [8] Undefined index: n_id E:\xampp\htdocs\book\data\runtime\Cache\Admin\9d543dd219145434ed23285575c3f793.php 第 348 行.
NOTIC: [8] Undefined index: n_id E:\xampp\htdocs\book\data\runtime\Cache\Admin\9d543dd219145434ed23285575c3f793.php 第 349 行.
NOTIC: [8] Undefined index: n_id E:\xampp\htdocs\book\data\runtime\Cache\Admin\9d543dd219145434ed23285575c3f793.php 第 359 行.
NOTIC: [8] Undefined index: n_id E:\xampp\htdocs\book\data\runtime\Cache\Admin\9d543dd219145434ed23285575c3f793.php 第 365 行.
NOTIC: [8] Undefined index: n_id E:\xampp\htdocs\book\data\runtime\Cache\Admin\9d543dd219145434ed23285575c3f793.php 第 376 行.
NOTIC: [8] Undefined index: n_id E:\xampp\htdocs\book\data\runtime\Cache\Admin\9d543dd219145434ed23285575c3f793.php 第 384 行.
NOTIC: [8] Undefined index: n_id E:\xampp\htdocs\book\data\runtime\Cache\Admin\9d543dd219145434ed23285575c3f793.php 第 334 行.
NOTIC: [8] Undefined index: news_auto E:\xampp\htdocs\book\data\runtime\Cache\Admin\9d543dd219145434ed23285575c3f793.php 第 339 行.
NOTIC: [8] Undefined index: n_id E:\xampp\htdocs\book\data\runtime\Cache\Admin\9d543dd219145434ed23285575c3f793.php 第 348 行.
NOTIC: [8] Undefined index: n_id E:\xampp\htdocs\book\data\runtime\Cache\Admin\9d543dd219145434ed23285575c3f793.php 第 349 行.
NOTIC: [8] Undefined index: n_id E:\xampp\htdocs\book\data\runtime\Cache\Admin\9d543dd219145434ed23285575c3f793.php 第 359 行.
NOTIC: [8] Undefined index: n_id E:\xampp\htdocs\book\data\runtime\Cache\Admin\9d543dd219145434ed23285575c3f793.php 第 365 行.
NOTIC: [8] Undefined index: n_id E:\xampp\htdocs\book\data\runtime\Cache\Admin\9d543dd219145434ed23285575c3f793.php 第 376 行.
NOTIC: [8] Undefined index: n_id E:\xampp\htdocs\book\data\runtime\Cache\Admin\9d543dd219145434ed23285575c3f793.php 第 384 行.
NOTIC: [8] Undefined index: n_id E:\xampp\htdocs\book\data\runtime\Cache\Admin\9d543dd219145434ed23285575c3f793.php 第 334 行.
NOTIC: [8] Undefined index: news_auto E:\xampp\htdocs\book\data\runtime\Cache\Admin\9d543dd219145434ed23285575c3f793.php 第 339 行.
NOTIC: [8] Undefined index: n_id E:\xampp\htdocs\book\data\runtime\Cache\Admin\9d543dd219145434ed23285575c3f793.php 第 348 行.
NOTIC: [8] Undefined index: n_id E:\xampp\htdocs\book\data\runtime\Cache\Admin\9d543dd219145434ed23285575c3f793.php 第 349 行.
NOTIC: [8] Undefined index: n_id E:\xampp\htdocs\book\data\runtime\Cache\Admin\9d543dd219145434ed23285575c3f793.php 第 359 行.
NOTIC: [8] Undefined index: n_id E:\xampp\htdocs\book\data\runtime\Cache\Admin\9d543dd219145434ed23285575c3f793.php 第 365 行.
NOTIC: [8] Undefined index: n_id E:\xampp\htdocs\book\data\runtime\Cache\Admin\9d543dd219145434ed23285575c3f793.php 第 376 行.
NOTIC: [8] Undefined index: n_id E:\xampp\htdocs\book\data\runtime\Cache\Admin\9d543dd219145434ed23285575c3f793.php 第 384 行.
NOTIC: [8] Undefined index: n_id E:\xampp\htdocs\book\data\runtime\Cache\Admin\9d543dd219145434ed23285575c3f793.php 第 334 行.
NOTIC: [8] Undefined index: news_auto E:\xampp\htdocs\book\data\runtime\Cache\Admin\9d543dd219145434ed23285575c3f793.php 第 339 行.
NOTIC: [8] Undefined index: n_id E:\xampp\htdocs\book\data\runtime\Cache\Admin\9d543dd219145434ed23285575c3f793.php 第 344 行.
NOTIC: [8] Undefined index: n_id E:\xampp\htdocs\book\data\runtime\Cache\Admin\9d543dd219145434ed23285575c3f793.php 第 345 行.
NOTIC: [8] Undefined index: n_id E:\xampp\htdocs\book\data\runtime\Cache\Admin\9d543dd219145434ed23285575c3f793.php 第 359 行.
NOTIC: [8] Undefined index: n_id E:\xampp\htdocs\book\data\runtime\Cache\Admin\9d543dd219145434ed23285575c3f793.php 第 365 行.
NOTIC: [8] Undefined index: n_id E:\xampp\htdocs\book\data\runtime\Cache\Admin\9d543dd219145434ed23285575c3f793.php 第 376 行.
NOTIC: [8] Undefined index: n_id E:\xampp\htdocs\book\data\runtime\Cache\Admin\9d543dd219145434ed23285575c3f793.php 第 384 行.

[ 2017-04-18T15:52:53+08:00 ] 127.0.0.1 /index.php?m=Admin&c=Borrow&a=index
NOTIC: [8] Undefined variable: map E:\xampp\htdocs\book\app\Admin\Controller\BorrowController.class.php 第 16 行.
NOTIC: [8] Undefined variable: map E:\xampp\htdocs\book\app\Admin\Controller\BorrowController.class.php 第 26 行.
NOTIC: [8] Undefined index: admin_avatar E:\xampp\htdocs\book\data\runtime\Cache\Admin\9d543dd219145434ed23285575c3f793.php 第 106 行.
NOTIC: [8] Undefined variable: keytype E:\xampp\htdocs\book\data\runtime\Cache\Admin\9d543dd219145434ed23285575c3f793.php 第 251 行.
NOTIC: [8] Undefined variable: keytype E:\xampp\htdocs\book\data\runtime\Cache\Admin\9d543dd219145434ed23285575c3f793.php 第 251 行.
NOTIC: [8] Undefined variable: keytype E:\xampp\htdocs\book\data\runtime\Cache\Admin\9d543dd219145434ed23285575c3f793.php 第 252 行.
NOTIC: [8] Undefined variable: diyflag E:\xampp\htdocs\book\data\runtime\Cache\Admin\9d543dd219145434ed23285575c3f793.php 第 256 行.
NOTIC: [8] Undefined variable: opentype_check E:\xampp\htdocs\book\data\runtime\Cache\Admin\9d543dd219145434ed23285575c3f793.php 第 260 行.
NOTIC: [8] Undefined variable: opentype_check E:\xampp\htdocs\book\data\runtime\Cache\Admin\9d543dd219145434ed23285575c3f793.php 第 261 行.
NOTIC: [8] Undefined variable: sldate E:\xampp\htdocs\book\data\runtime\Cache\Admin\9d543dd219145434ed23285575c3f793.php 第 270 行.
NOTIC: [8] Undefined variable: keyy E:\xampp\htdocs\book\data\runtime\Cache\Admin\9d543dd219145434ed23285575c3f793.php 第 280 行.
NOTIC: [8] Undefined index: n_id E:\xampp\htdocs\book\data\runtime\Cache\Admin\9d543dd219145434ed23285575c3f793.php 第 334 行.
NOTIC: [8] Undefined index: news_auto E:\xampp\htdocs\book\data\runtime\Cache\Admin\9d543dd219145434ed23285575c3f793.php 第 339 行.
NOTIC: [8] Undefined index: n_id E:\xampp\htdocs\book\data\runtime\Cache\Admin\9d543dd219145434ed23285575c3f793.php 第 348 行.
NOTIC: [8] Undefined index: n_id E:\xampp\htdocs\book\data\runtime\Cache\Admin\9d543dd219145434ed23285575c3f793.php 第 349 行.
NOTIC: [8] Undefined index: n_id E:\xampp\htdocs\book\data\runtime\Cache\Admin\9d543dd219145434ed23285575c3f793.php 第 359 行.
NOTIC: [8] Undefined index: n_id E:\xampp\htdocs\book\data\runtime\Cache\Admin\9d543dd219145434ed23285575c3f793.php 第 365 行.
NOTIC: [8] Undefined index: n_id E:\xampp\htdocs\book\data\runtime\Cache\Admin\9d543dd219145434ed23285575c3f793.php 第 376 行.
NOTIC: [8] Undefined index: n_id E:\xampp\htdocs\book\data\runtime\Cache\Admin\9d543dd219145434ed23285575c3f793.php 第 384 行.
NOTIC: [8] Undefined index: n_id E:\xampp\htdocs\book\data\runtime\Cache\Admin\9d543dd219145434ed23285575c3f793.php 第 334 行.
NOTIC: [8] Undefined index: news_auto E:\xampp\htdocs\book\data\runtime\Cache\Admin\9d543dd219145434ed23285575c3f793.php 第 339 行.
NOTIC: [8] Undefined index: n_id E:\xampp\htdocs\book\data\runtime\Cache\Admin\9d543dd219145434ed23285575c3f793.php 第 348 行.
NOTIC: [8] Undefined index: n_id E:\xampp\htdocs\book\data\runtime\Cache\Admin\9d543dd219145434ed23285575c3f793.php 第 349 行.
NOTIC: [8] Undefined index: n_id E:\xampp\htdocs\book\data\runtime\Cache\Admin\9d543dd219145434ed23285575c3f793.php 第 359 行.
NOTIC: [8] Undefined index: n_id E:\xampp\htdocs\book\data\runtime\Cache\Admin\9d543dd219145434ed23285575c3f793.php 第 365 行.
NOTIC: [8] Undefined index: n_id E:\xampp\htdocs\book\data\runtime\Cache\Admin\9d543dd219145434ed23285575c3f793.php 第 376 行.
NOTIC: [8] Undefined index: n_id E:\xampp\htdocs\book\data\runtime\Cache\Admin\9d543dd219145434ed23285575c3f793.php 第 384 行.
NOTIC: [8] Undefined index: n_id E:\xampp\htdocs\book\data\runtime\Cache\Admin\9d543dd219145434ed23285575c3f793.php 第 334 行.
NOTIC: [8] Undefined index: news_auto E:\xampp\htdocs\book\data\runtime\Cache\Admin\9d543dd219145434ed23285575c3f793.php 第 339 行.
NOTIC: [8] Undefined index: n_id E:\xampp\htdocs\book\data\runtime\Cache\Admin\9d543dd219145434ed23285575c3f793.php 第 348 行.
NOTIC: [8] Undefined index: n_id E:\xampp\htdocs\book\data\runtime\Cache\Admin\9d543dd219145434ed23285575c3f793.php 第 349 行.
NOTIC: [8] Undefined index: n_id E:\xampp\htdocs\book\data\runtime\Cache\Admin\9d543dd219145434ed23285575c3f793.php 第 359 行.
NOTIC: [8] Undefined index: n_id E:\xampp\htdocs\book\data\runtime\Cache\Admin\9d543dd219145434ed23285575c3f793.php 第 365 行.
NOTIC: [8] Undefined index: n_id E:\xampp\htdocs\book\data\runtime\Cache\Admin\9d543dd219145434ed23285575c3f793.php 第 376 行.
NOTIC: [8] Undefined index: n_id E:\xampp\htdocs\book\data\runtime\Cache\Admin\9d543dd219145434ed23285575c3f793.php 第 384 行.
NOTIC: [8] Undefined index: n_id E:\xampp\htdocs\book\data\runtime\Cache\Admin\9d543dd219145434ed23285575c3f793.php 第 334 行.
NOTIC: [8] Undefined index: news_auto E:\xampp\htdocs\book\data\runtime\Cache\Admin\9d543dd219145434ed23285575c3f793.php 第 339 行.
NOTIC: [8] Undefined index: n_id E:\xampp\htdocs\book\data\runtime\Cache\Admin\9d543dd219145434ed23285575c3f793.php 第 348 行.
NOTIC: [8] Undefined index: n_id E:\xampp\htdocs\book\data\runtime\Cache\Admin\9d543dd219145434ed23285575c3f793.php 第 349 行.
NOTIC: [8] Undefined index: n_id E:\xampp\htdocs\book\data\runtime\Cache\Admin\9d543dd219145434ed23285575c3f793.php 第 359 行.
NOTIC: [8] Undefined index: n_id E:\xampp\htdocs\book\data\runtime\Cache\Admin\9d543dd219145434ed23285575c3f793.php 第 365 行.
NOTIC: [8] Undefined index: n_id E:\xampp\htdocs\book\data\runtime\Cache\Admin\9d543dd219145434ed23285575c3f793.php 第 376 行.
NOTIC: [8] Undefined index: n_id E:\xampp\htdocs\book\data\runtime\Cache\Admin\9d543dd219145434ed23285575c3f793.php 第 384 行.
NOTIC: [8] Undefined index: n_id E:\xampp\htdocs\book\data\runtime\Cache\Admin\9d543dd219145434ed23285575c3f793.php 第 334 行.
NOTIC: [8] Undefined index: news_auto E:\xampp\htdocs\book\data\runtime\Cache\Admin\9d543dd219145434ed23285575c3f793.php 第 339 行.
NOTIC: [8] Undefined index: n_id E:\xampp\htdocs\book\data\runtime\Cache\Admin\9d543dd219145434ed23285575c3f793.php 第 348 行.
NOTIC: [8] Undefined index: n_id E:\xampp\htdocs\book\data\runtime\Cache\Admin\9d543dd219145434ed23285575c3f793.php 第 349 行.
NOTIC: [8] Undefined index: n_id E:\xampp\htdocs\book\data\runtime\Cache\Admin\9d543dd219145434ed23285575c3f793.php 第 359 行.
NOTIC: [8] Undefined index: n_id E:\xampp\htdocs\book\data\runtime\Cache\Admin\9d543dd219145434ed23285575c3f793.php 第 365 行.
NOTIC: [8] Undefined index: n_id E:\xampp\htdocs\book\data\runtime\Cache\Admin\9d543dd219145434ed23285575c3f793.php 第 376 行.
NOTIC: [8] Undefined index: n_id E:\xampp\htdocs\book\data\runtime\Cache\Admin\9d543dd219145434ed23285575c3f793.php 第 384 行.
NOTIC: [8] Undefined index: n_id E:\xampp\htdocs\book\data\runtime\Cache\Admin\9d543dd219145434ed23285575c3f793.php 第 334 行.
NOTIC: [8] Undefined index: news_auto E:\xampp\htdocs\book\data\runtime\Cache\Admin\9d543dd219145434ed23285575c3f793.php 第 339 行.
NOTIC: [8] Undefined index: n_id E:\xampp\htdocs\book\data\runtime\Cache\Admin\9d543dd219145434ed23285575c3f793.php 第 348 行.
NOTIC: [8] Undefined index: n_id E:\xampp\htdocs\book\data\runtime\Cache\Admin\9d543dd219145434ed23285575c3f793.php 第 349 行.
NOTIC: [8] Undefined index: n_id E:\xampp\htdocs\book\data\runtime\Cache\Admin\9d543dd219145434ed23285575c3f793.php 第 359 行.
NOTIC: [8] Undefined index: n_id E:\xampp\htdocs\book\data\runtime\Cache\Admin\9d543dd219145434ed23285575c3f793.php 第 365 行.
NOTIC: [8] Undefined index: n_id E:\xampp\htdocs\book\data\runtime\Cache\Admin\9d543dd219145434ed23285575c3f793.php 第 376 行.
NOTIC: [8] Undefined index: n_id E:\xampp\htdocs\book\data\runtime\Cache\Admin\9d543dd219145434ed23285575c3f793.php 第 384 行.
NOTIC: [8] Undefined index: n_id E:\xampp\htdocs\book\data\runtime\Cache\Admin\9d543dd219145434ed23285575c3f793.php 第 334 行.
NOTIC: [8] Undefined index: news_auto E:\xampp\htdocs\book\data\runtime\Cache\Admin\9d543dd219145434ed23285575c3f793.php 第 339 行.
NOTIC: [8] Undefined index: n_id E:\xampp\htdocs\book\data\runtime\Cache\Admin\9d543dd219145434ed23285575c3f793.php 第 348 行.
NOTIC: [8] Undefined index: n_id E:\xampp\htdocs\book\data\runtime\Cache\Admin\9d543dd219145434ed23285575c3f793.php 第 349 行.
NOTIC: [8] Undefined index: n_id E:\xampp\htdocs\book\data\runtime\Cache\Admin\9d543dd219145434ed23285575c3f793.php 第 359 行.
NOTIC: [8] Undefined index: n_id E:\xampp\htdocs\book\data\runtime\Cache\Admin\9d543dd219145434ed23285575c3f793.php 第 365 行.
NOTIC: [8] Undefined index: n_id E:\xampp\htdocs\book\data\runtime\Cache\Admin\9d543dd219145434ed23285575c3f793.php 第 376 行.
NOTIC: [8] Undefined index: n_id E:\xampp\htdocs\book\data\runtime\Cache\Admin\9d543dd219145434ed23285575c3f793.php 第 384 行.
NOTIC: [8] Undefined index: n_id E:\xampp\htdocs\book\data\runtime\Cache\Admin\9d543dd219145434ed23285575c3f793.php 第 334 行.
NOTIC: [8] Undefined index: news_auto E:\xampp\htdocs\book\data\runtime\Cache\Admin\9d543dd219145434ed23285575c3f793.php 第 339 行.
NOTIC: [8] Undefined index: n_id E:\xampp\htdocs\book\data\runtime\Cache\Admin\9d543dd219145434ed23285575c3f793.php 第 348 行.
NOTIC: [8] Undefined index: n_id E:\xampp\htdocs\book\data\runtime\Cache\Admin\9d543dd219145434ed23285575c3f793.php 第 349 行.
NOTIC: [8] Undefined index: n_id E:\xampp\htdocs\book\data\runtime\Cache\Admin\9d543dd219145434ed23285575c3f793.php 第 359 行.
NOTIC: [8] Undefined index: n_id E:\xampp\htdocs\book\data\runtime\Cache\Admin\9d543dd219145434ed23285575c3f793.php 第 365 行.
NOTIC: [8] Undefined index: n_id E:\xampp\htdocs\book\data\runtime\Cache\Admin\9d543dd219145434ed23285575c3f793.php 第 376 行.
NOTIC: [8] Undefined index: n_id E:\xampp\htdocs\book\data\runtime\Cache\Admin\9d543dd219145434ed23285575c3f793.php 第 384 行.
NOTIC: [8] Undefined index: n_id E:\xampp\htdocs\book\data\runtime\Cache\Admin\9d543dd219145434ed23285575c3f793.php 第 334 行.
NOTIC: [8] Undefined index: news_auto E:\xampp\htdocs\book\data\runtime\Cache\Admin\9d543dd219145434ed23285575c3f793.php 第 339 行.
NOTIC: [8] Undefined index: n_id E:\xampp\htdocs\book\data\runtime\Cache\Admin\9d543dd219145434ed23285575c3f793.php 第 348 行.
NOTIC: [8] Undefined index: n_id E:\xampp\htdocs\book\data\runtime\Cache\Admin\9d543dd219145434ed23285575c3f793.php 第 349 行.
NOTIC: [8] Undefined index: n_id E:\xampp\htdocs\book\data\runtime\Cache\Admin\9d543dd219145434ed23285575c3f793.php 第 359 行.
NOTIC: [8] Undefined index: n_id E:\xampp\htdocs\book\data\runtime\Cache\Admin\9d543dd219145434ed23285575c3f793.php 第 365 行.
NOTIC: [8] Undefined index: n_id E:\xampp\htdocs\book\data\runtime\Cache\Admin\9d543dd219145434ed23285575c3f793.php 第 376 行.
NOTIC: [8] Undefined index: n_id E:\xampp\htdocs\book\data\runtime\Cache\Admin\9d543dd219145434ed23285575c3f793.php 第 384 行.
NOTIC: [8] Undefined index: n_id E:\xampp\htdocs\book\data\runtime\Cache\Admin\9d543dd219145434ed23285575c3f793.php 第 334 行.
NOTIC: [8] Undefined index: news_auto E:\xampp\htdocs\book\data\runtime\Cache\Admin\9d543dd219145434ed23285575c3f793.php 第 339 行.
NOTIC: [8] Undefined index: n_id E:\xampp\htdocs\book\data\runtime\Cache\Admin\9d543dd219145434ed23285575c3f793.php 第 344 行.
NOTIC: [8] Undefined index: n_id E:\xampp\htdocs\book\data\runtime\Cache\Admin\9d543dd219145434ed23285575c3f793.php 第 345 行.
NOTIC: [8] Undefined index: n_id E:\xampp\htdocs\book\data\runtime\Cache\Admin\9d543dd219145434ed23285575c3f793.php 第 359 行.
NOTIC: [8] Undefined index: n_id E:\xampp\htdocs\book\data\runtime\Cache\Admin\9d543dd219145434ed23285575c3f793.php 第 365 行.
NOTIC: [8] Undefined index: n_id E:\xampp\htdocs\book\data\runtime\Cache\Admin\9d543dd219145434ed23285575c3f793.php 第 376 行.
NOTIC: [8] Undefined index: n_id E:\xampp\htdocs\book\data\runtime\Cache\Admin\9d543dd219145434ed23285575c3f793.php 第 384 行.

[ 2017-04-18T15:52:55+08:00 ] 127.0.0.1 /index.php?m=Admin&c=Books&a=books_list
NOTIC: [8] Undefined index: admin_avatar E:\xampp\htdocs\book\data\runtime\Cache\Admin\a6303065b0b17d9f11caecacbce0c76e.php 第 106 行.

[ 2017-04-18T15:56:04+08:00 ] 127.0.0.1 /index.php?m=Admin&c=Books&a=books_list&p=1
NOTIC: [8] Undefined index: admin_avatar E:\xampp\htdocs\book\data\runtime\Cache\Admin\a6303065b0b17d9f11caecacbce0c76e.php 第 106 行.

[ 2017-04-18T15:56:10+08:00 ] 127.0.0.1 /index.php?m=Admin&c=Books&a=books_list&p=1
NOTIC: [8] Undefined index: admin_avatar E:\xampp\htdocs\book\data\runtime\Cache\Admin\a6303065b0b17d9f11caecacbce0c76e.php 第 106 行.

[ 2017-04-18T16:03:22+08:00 ] 127.0.0.1 /index.php?m=Admin&c=Books&a=books_add
NOTIC: [8] Undefined index: parentid E:\xampp\htdocs\book\ThinkPHP\Library\Org\Util\Leftnav.class.php 第 58 行.
NOTIC: [8] Undefined index: parentid E:\xampp\htdocs\book\ThinkPHP\Library\Org\Util\Leftnav.class.php 第 58 行.
NOTIC: [8] Undefined index: parentid E:\xampp\htdocs\book\ThinkPHP\Library\Org\Util\Leftnav.class.php 第 58 行.
NOTIC: [8] Undefined index: parentid E:\xampp\htdocs\book\ThinkPHP\Library\Org\Util\Leftnav.class.php 第 58 行.
NOTIC: [8] Undefined index: parentid E:\xampp\htdocs\book\ThinkPHP\Library\Org\Util\Leftnav.class.php 第 58 行.
NOTIC: [8] Undefined index: parentid E:\xampp\htdocs\book\ThinkPHP\Library\Org\Util\Leftnav.class.php 第 58 行.
NOTIC: [8] Undefined index: parentid E:\xampp\htdocs\book\ThinkPHP\Library\Org\Util\Leftnav.class.php 第 58 行.
NOTIC: [8] Undefined index: parentid E:\xampp\htdocs\book\ThinkPHP\Library\Org\Util\Leftnav.class.php 第 58 行.
NOTIC: [8] Undefined index: parentid E:\xampp\htdocs\book\ThinkPHP\Library\Org\Util\Leftnav.class.php 第 58 行.
NOTIC: [8] Undefined index: parentid E:\xampp\htdocs\book\ThinkPHP\Library\Org\Util\Leftnav.class.php 第 58 行.
NOTIC: [8] Undefined index: parentid E:\xampp\htdocs\book\ThinkPHP\Library\Org\Util\Leftnav.class.php 第 58 行.
NOTIC: [8] Undefined index: parentid E:\xampp\htdocs\book\ThinkPHP\Library\Org\Util\Leftnav.class.php 第 58 行.
NOTIC: [8] Undefined index: parentid E:\xampp\htdocs\book\ThinkPHP\Library\Org\Util\Leftnav.class.php 第 58 行.
NOTIC: [8] Undefined index: parentid E:\xampp\htdocs\book\ThinkPHP\Library\Org\Util\Leftnav.class.php 第 58 行.
NOTIC: [8] Undefined index: parentid E:\xampp\htdocs\book\ThinkPHP\Library\Org\Util\Leftnav.class.php 第 58 行.
NOTIC: [8] Undefined index: parentid E:\xampp\htdocs\book\ThinkPHP\Library\Org\Util\Leftnav.class.php 第 58 行.
NOTIC: [8] Undefined index: parentid E:\xampp\htdocs\book\ThinkPHP\Library\Org\Util\Leftnav.class.php 第 58 行.
NOTIC: [8] Undefined index: parentid E:\xampp\htdocs\book\ThinkPHP\Library\Org\Util\Leftnav.class.php 第 58 行.
NOTIC: [8] Undefined index: parentid E:\xampp\htdocs\book\ThinkPHP\Library\Org\Util\Leftnav.class.php 第 58 行.
NOTIC: [8] Undefined index: parentid E:\xampp\htdocs\book\ThinkPHP\Library\Org\Util\Leftnav.class.php 第 58 行.
NOTIC: [8] Undefined index: parentid E:\xampp\htdocs\book\ThinkPHP\Library\Org\Util\Leftnav.class.php 第 58 行.
NOTIC: [8] Undefined index: parentid E:\xampp\htdocs\book\ThinkPHP\Library\Org\Util\Leftnav.class.php 第 58 行.
NOTIC: [8] Undefined index: parentid E:\xampp\htdocs\book\ThinkPHP\Library\Org\Util\Leftnav.class.php 第 58 行.
NOTIC: [8] Undefined index: parentid E:\xampp\htdocs\book\ThinkPHP\Library\Org\Util\Leftnav.class.php 第 58 行.
NOTIC: [8] Undefined index: parentid E:\xampp\htdocs\book\ThinkPHP\Library\Org\Util\Leftnav.class.php 第 58 行.
NOTIC: [8] Undefined index: parentid E:\xampp\htdocs\book\ThinkPHP\Library\Org\Util\Leftnav.class.php 第 58 行.
NOTIC: [8] Undefined index: parentid E:\xampp\htdocs\book\ThinkPHP\Library\Org\Util\Leftnav.class.php 第 58 行.
NOTIC: [8] Undefined index: parentid E:\xampp\htdocs\book\ThinkPHP\Library\Org\Util\Leftnav.class.php 第 58 行.
NOTIC: [8] Undefined index: parentid E:\xampp\htdocs\book\ThinkPHP\Library\Org\Util\Leftnav.class.php 第 58 行.
NOTIC: [8] Undefined index: parentid E:\xampp\htdocs\book\ThinkPHP\Library\Org\Util\Leftnav.class.php 第 58 行.
NOTIC: [8] Undefined index: admin_avatar E:\xampp\htdocs\book\data\runtime\Cache\Admin\067b329e4d6f00410015e6a12d9c9f3a.php 第 106 行.

[ 2017-04-18T16:03:37+08:00 ] 127.0.0.1 /index.php?m=Admin&c=Books&a=books_runadd
NOTIC: [8] Undefined index: pic_one E:\xampp\htdocs\book\app\Admin\Controller\BooksController.class.php 第 100 行.
NOTIC: [8] Undefined index: pic_all E:\xampp\htdocs\book\app\Admin\Controller\BooksController.class.php 第 100 行.
NOTIC: [2] Invalid argument supplied for foreach() E:\xampp\htdocs\book\app\Admin\Controller\BooksController.class.php 第 139 行.
NOTIC: [8] Undefined variable: picall_url E:\xampp\htdocs\book\app\Admin\Controller\BooksController.class.php 第 153 行.
NOTIC: [8] Undefined variable: img_url E:\xampp\htdocs\book\app\Admin\Controller\BooksController.class.php 第 155 行.

[ 2017-04-18T16:03:39+08:00 ] 127.0.0.1 /index.php?m=Admin&c=Books&a=books_list
NOTIC: [8] Undefined index: admin_avatar E:\xampp\htdocs\book\data\runtime\Cache\Admin\a6303065b0b17d9f11caecacbce0c76e.php 第 106 行.

[ 2017-04-18T16:11:36+08:00 ] 127.0.0.1 /index.php?m=Admin&c=Books&a=books_list
NOTIC: [8] Undefined index: admin_avatar E:\xampp\htdocs\book\data\runtime\Cache\Admin\a6303065b0b17d9f11caecacbce0c76e.php 第 106 行.

[ 2017-04-18T16:11:38+08:00 ] 127.0.0.1 /index.php?m=Admin&c=Books&a=books_list
NOTIC: [8] Undefined index: admin_avatar E:\xampp\htdocs\book\data\runtime\Cache\Admin\a6303065b0b17d9f11caecacbce0c76e.php 第 106 行.

[ 2017-04-18T16:12:45+08:00 ] 127.0.0.1 /index.php?m=Admin&c=Books&a=books_add
NOTIC: [8] Undefined index: parentid E:\xampp\htdocs\book\ThinkPHP\Library\Org\Util\Leftnav.class.php 第 58 行.
NOTIC: [8] Undefined index: parentid E:\xampp\htdocs\book\ThinkPHP\Library\Org\Util\Leftnav.class.php 第 58 行.
NOTIC: [8] Undefined index: parentid E:\xampp\htdocs\book\ThinkPHP\Library\Org\Util\Leftnav.class.php 第 58 行.
NOTIC: [8] Undefined index: parentid E:\xampp\htdocs\book\ThinkPHP\Library\Org\Util\Leftnav.class.php 第 58 行.
NOTIC: [8] Undefined index: parentid E:\xampp\htdocs\book\ThinkPHP\Library\Org\Util\Leftnav.class.php 第 58 行.
NOTIC: [8] Undefined index: parentid E:\xampp\htdocs\book\ThinkPHP\Library\Org\Util\Leftnav.class.php 第 58 行.
NOTIC: [8] Undefined index: parentid E:\xampp\htdocs\book\ThinkPHP\Library\Org\Util\Leftnav.class.php 第 58 行.
NOTIC: [8] Undefined index: parentid E:\xampp\htdocs\book\ThinkPHP\Library\Org\Util\Leftnav.class.php 第 58 行.
NOTIC: [8] Undefined index: parentid E:\xampp\htdocs\book\ThinkPHP\Library\Org\Util\Leftnav.class.php 第 58 行.
NOTIC: [8] Undefined index: parentid E:\xampp\htdocs\book\ThinkPHP\Library\Org\Util\Leftnav.class.php 第 58 行.
NOTIC: [8] Undefined index: parentid E:\xampp\htdocs\book\ThinkPHP\Library\Org\Util\Leftnav.class.php 第 58 行.
NOTIC: [8] Undefined index: parentid E:\xampp\htdocs\book\ThinkPHP\Library\Org\Util\Leftnav.class.php 第 58 行.
NOTIC: [8] Undefined index: parentid E:\xampp\htdocs\book\ThinkPHP\Library\Org\Util\Leftnav.class.php 第 58 行.
NOTIC: [8] Undefined index: parentid E:\xampp\htdocs\book\ThinkPHP\Library\Org\Util\Leftnav.class.php 第 58 行.
NOTIC: [8] Undefined index: parentid E:\xampp\htdocs\book\ThinkPHP\Library\Org\Util\Leftnav.class.php 第 58 行.
NOTIC: [8] Undefined index: parentid E:\xampp\htdocs\book\ThinkPHP\Library\Org\Util\Leftnav.class.php 第 58 行.
NOTIC: [8] Undefined index: parentid E:\xampp\htdocs\book\ThinkPHP\Library\Org\Util\Leftnav.class.php 第 58 行.
NOTIC: [8] Undefined index: parentid E:\xampp\htdocs\book\ThinkPHP\Library\Org\Util\Leftnav.class.php 第 58 行.
NOTIC: [8] Undefined index: parentid E:\xampp\htdocs\book\ThinkPHP\Library\Org\Util\Leftnav.class.php 第 58 行.
NOTIC: [8] Undefined index: parentid E:\xampp\htdocs\book\ThinkPHP\Library\Org\Util\Leftnav.class.php 第 58 行.
NOTIC: [8] Undefined index: parentid E:\xampp\htdocs\book\ThinkPHP\Library\Org\Util\Leftnav.class.php 第 58 行.
NOTIC: [8] Undefined index: parentid E:\xampp\htdocs\book\ThinkPHP\Library\Org\Util\Leftnav.class.php 第 58 行.
NOTIC: [8] Undefined index: parentid E:\xampp\htdocs\book\ThinkPHP\Library\Org\Util\Leftnav.class.php 第 58 行.
NOTIC: [8] Undefined index: parentid E:\xampp\htdocs\book\ThinkPHP\Library\Org\Util\Leftnav.class.php 第 58 行.
NOTIC: [8] Undefined index: parentid E:\xampp\htdocs\book\ThinkPHP\Library\Org\Util\Leftnav.class.php 第 58 行.
NOTIC: [8] Undefined index: parentid E:\xampp\htdocs\book\ThinkPHP\Library\Org\Util\Leftnav.class.php 第 58 行.
NOTIC: [8] Undefined index: parentid E:\xampp\htdocs\book\ThinkPHP\Library\Org\Util\Leftnav.class.php 第 58 行.
NOTIC: [8] Undefined index: parentid E:\xampp\htdocs\book\ThinkPHP\Library\Org\Util\Leftnav.class.php 第 58 行.
NOTIC: [8] Undefined index: parentid E:\xampp\htdocs\book\ThinkPHP\Library\Org\Util\Leftnav.class.php 第 58 行.
NOTIC: [8] Undefined index: parentid E:\xampp\htdocs\book\ThinkPHP\Library\Org\Util\Leftnav.class.php 第 58 行.
NOTIC: [8] Undefined index: admin_avatar E:\xampp\htdocs\book\data\runtime\Cache\Admin\067b329e4d6f00410015e6a12d9c9f3a.php 第 106 行.

[ 2017-04-18T16:13:05+08:00 ] 127.0.0.1 /index.php?m=Admin&c=Books&a=books_runadd
NOTIC: [8] Undefined index: pic_one E:\xampp\htdocs\book\app\Admin\Controller\BooksController.class.php 第 100 行.
NOTIC: [8] Undefined index: pic_all E:\xampp\htdocs\book\app\Admin\Controller\BooksController.class.php 第 100 行.
NOTIC: [2] Invalid argument supplied for foreach() E:\xampp\htdocs\book\app\Admin\Controller\BooksController.class.php 第 139 行.
NOTIC: [8] Undefined variable: picall_url E:\xampp\htdocs\book\app\Admin\Controller\BooksController.class.php 第 153 行.
NOTIC: [8] Undefined variable: img_url E:\xampp\htdocs\book\app\Admin\Controller\BooksController.class.php 第 155 行.

[ 2017-04-18T16:13:06+08:00 ] 127.0.0.1 /index.php?m=Admin&c=Books&a=books_list
NOTIC: [8] Undefined index: admin_avatar E:\xampp\htdocs\book\data\runtime\Cache\Admin\a6303065b0b17d9f11caecacbce0c76e.php 第 106 行.

[ 2017-04-18T16:13:16+08:00 ] 127.0.0.1 /index.php?m=Admin&c=Books&a=books_add
NOTIC: [8] Undefined index: parentid E:\xampp\htdocs\book\ThinkPHP\Library\Org\Util\Leftnav.class.php 第 58 行.
NOTIC: [8] Undefined index: parentid E:\xampp\htdocs\book\ThinkPHP\Library\Org\Util\Leftnav.class.php 第 58 行.
NOTIC: [8] Undefined index: parentid E:\xampp\htdocs\book\ThinkPHP\Library\Org\Util\Leftnav.class.php 第 58 行.
NOTIC: [8] Undefined index: parentid E:\xampp\htdocs\book\ThinkPHP\Library\Org\Util\Leftnav.class.php 第 58 行.
NOTIC: [8] Undefined index: parentid E:\xampp\htdocs\book\ThinkPHP\Library\Org\Util\Leftnav.class.php 第 58 行.
NOTIC: [8] Undefined index: parentid E:\xampp\htdocs\book\ThinkPHP\Library\Org\Util\Leftnav.class.php 第 58 行.
NOTIC: [8] Undefined index: parentid E:\xampp\htdocs\book\ThinkPHP\Library\Org\Util\Leftnav.class.php 第 58 行.
NOTIC: [8] Undefined index: parentid E:\xampp\htdocs\book\ThinkPHP\Library\Org\Util\Leftnav.class.php 第 58 行.
NOTIC: [8] Undefined index: parentid E:\xampp\htdocs\book\ThinkPHP\Library\Org\Util\Leftnav.class.php 第 58 行.
NOTIC: [8] Undefined index: parentid E:\xampp\htdocs\book\ThinkPHP\Library\Org\Util\Leftnav.class.php 第 58 行.
NOTIC: [8] Undefined index: parentid E:\xampp\htdocs\book\ThinkPHP\Library\Org\Util\Leftnav.class.php 第 58 行.
NOTIC: [8] Undefined index: parentid E:\xampp\htdocs\book\ThinkPHP\Library\Org\Util\Leftnav.class.php 第 58 行.
NOTIC: [8] Undefined index: parentid E:\xampp\htdocs\book\ThinkPHP\Library\Org\Util\Leftnav.class.php 第 58 行.
NOTIC: [8] Undefined index: parentid E:\xampp\htdocs\book\ThinkPHP\Library\Org\Util\Leftnav.class.php 第 58 行.
NOTIC: [8] Undefined index: parentid E:\xampp\htdocs\book\ThinkPHP\Library\Org\Util\Leftnav.class.php 第 58 行.
NOTIC: [8] Undefined index: parentid E:\xampp\htdocs\book\ThinkPHP\Library\Org\Util\Leftnav.class.php 第 58 行.
NOTIC: [8] Undefined index: parentid E:\xampp\htdocs\book\ThinkPHP\Library\Org\Util\Leftnav.class.php 第 58 行.
NOTIC: [8] Undefined index: parentid E:\xampp\htdocs\book\ThinkPHP\Library\Org\Util\Leftnav.class.php 第 58 行.
NOTIC: [8] Undefined index: parentid E:\xampp\htdocs\book\ThinkPHP\Library\Org\Util\Leftnav.class.php 第 58 行.
NOTIC: [8] Undefined index: parentid E:\xampp\htdocs\book\ThinkPHP\Library\Org\Util\Leftnav.class.php 第 58 行.
NOTIC: [8] Undefined index: parentid E:\xampp\htdocs\book\ThinkPHP\Library\Org\Util\Leftnav.class.php 第 58 行.
NOTIC: [8] Undefined index: parentid E:\xampp\htdocs\book\ThinkPHP\Library\Org\Util\Leftnav.class.php 第 58 行.
NOTIC: [8] Undefined index: parentid E:\xampp\htdocs\book\ThinkPHP\Library\Org\Util\Leftnav.class.php 第 58 行.
NOTIC: [8] Undefined index: parentid E:\xampp\htdocs\book\ThinkPHP\Library\Org\Util\Leftnav.class.php 第 58 行.
NOTIC: [8] Undefined index: parentid E:\xampp\htdocs\book\ThinkPHP\Library\Org\Util\Leftnav.class.php 第 58 行.
NOTIC: [8] Undefined index: parentid E:\xampp\htdocs\book\ThinkPHP\Library\Org\Util\Leftnav.class.php 第 58 行.
NOTIC: [8] Undefined index: parentid E:\xampp\htdocs\book\ThinkPHP\Library\Org\Util\Leftnav.class.php 第 58 行.
NOTIC: [8] Undefined index: parentid E:\xampp\htdocs\book\ThinkPHP\Library\Org\Util\Leftnav.class.php 第 58 行.
NOTIC: [8] Undefined index: parentid E:\xampp\htdocs\book\ThinkPHP\Library\Org\Util\Leftnav.class.php 第 58 行.
NOTIC: [8] Undefined index: parentid E:\xampp\htdocs\book\ThinkPHP\Library\Org\Util\Leftnav.class.php 第 58 行.
NOTIC: [8] Undefined index: admin_avatar E:\xampp\htdocs\book\data\runtime\Cache\Admin\067b329e4d6f00410015e6a12d9c9f3a.php 第 106 行.

[ 2017-04-18T16:13:27+08:00 ] 127.0.0.1 /index.php?m=Admin&c=Books&a=books_runadd
NOTIC: [8] Undefined index: pic_one E:\xampp\htdocs\book\app\Admin\Controller\BooksController.class.php 第 100 行.
NOTIC: [8] Undefined index: pic_all E:\xampp\htdocs\book\app\Admin\Controller\BooksController.class.php 第 100 行.
NOTIC: [2] Invalid argument supplied for foreach() E:\xampp\htdocs\book\app\Admin\Controller\BooksController.class.php 第 139 行.
NOTIC: [8] Undefined variable: picall_url E:\xampp\htdocs\book\app\Admin\Controller\BooksController.class.php 第 153 行.
NOTIC: [8] Undefined variable: img_url E:\xampp\htdocs\book\app\Admin\Controller\BooksController.class.php 第 155 行.

[ 2017-04-18T16:13:28+08:00 ] 127.0.0.1 /index.php?m=Admin&c=Books&a=books_list
NOTIC: [8] Undefined index: admin_avatar E:\xampp\htdocs\book\data\runtime\Cache\Admin\a6303065b0b17d9f11caecacbce0c76e.php 第 106 行.

[ 2017-04-18T16:13:35+08:00 ] 127.0.0.1 /index.php?m=Admin&c=Books&a=books_add
NOTIC: [8] Undefined index: parentid E:\xampp\htdocs\book\ThinkPHP\Library\Org\Util\Leftnav.class.php 第 58 行.
NOTIC: [8] Undefined index: parentid E:\xampp\htdocs\book\ThinkPHP\Library\Org\Util\Leftnav.class.php 第 58 行.
NOTIC: [8] Undefined index: parentid E:\xampp\htdocs\book\ThinkPHP\Library\Org\Util\Leftnav.class.php 第 58 行.
NOTIC: [8] Undefined index: parentid E:\xampp\htdocs\book\ThinkPHP\Library\Org\Util\Leftnav.class.php 第 58 行.
NOTIC: [8] Undefined index: parentid E:\xampp\htdocs\book\ThinkPHP\Library\Org\Util\Leftnav.class.php 第 58 行.
NOTIC: [8] Undefined index: parentid E:\xampp\htdocs\book\ThinkPHP\Library\Org\Util\Leftnav.class.php 第 58 行.
NOTIC: [8] Undefined index: parentid E:\xampp\htdocs\book\ThinkPHP\Library\Org\Util\Leftnav.class.php 第 58 行.
NOTIC: [8] Undefined index: parentid E:\xampp\htdocs\book\ThinkPHP\Library\Org\Util\Leftnav.class.php 第 58 行.
NOTIC: [8] Undefined index: parentid E:\xampp\htdocs\book\ThinkPHP\Library\Org\Util\Leftnav.class.php 第 58 行.
NOTIC: [8] Undefined index: parentid E:\xampp\htdocs\book\ThinkPHP\Library\Org\Util\Leftnav.class.php 第 58 行.
NOTIC: [8] Undefined index: parentid E:\xampp\htdocs\book\ThinkPHP\Library\Org\Util\Leftnav.class.php 第 58 行.
NOTIC: [8] Undefined index: parentid E:\xampp\htdocs\book\ThinkPHP\Library\Org\Util\Leftnav.class.php 第 58 行.
NOTIC: [8] Undefined index: parentid E:\xampp\htdocs\book\ThinkPHP\Library\Org\Util\Leftnav.class.php 第 58 行.
NOTIC: [8] Undefined index: parentid E:\xampp\htdocs\book\ThinkPHP\Library\Org\Util\Leftnav.class.php 第 58 行.
NOTIC: [8] Undefined index: parentid E:\xampp\htdocs\book\ThinkPHP\Library\Org\Util\Leftnav.class.php 第 58 行.
NOTIC: [8] Undefined index: parentid E:\xampp\htdocs\book\ThinkPHP\Library\Org\Util\Leftnav.class.php 第 58 行.
NOTIC: [8] Undefined index: parentid E:\xampp\htdocs\book\ThinkPHP\Library\Org\Util\Leftnav.class.php 第 58 行.
NOTIC: [8] Undefined index: parentid E:\xampp\htdocs\book\ThinkPHP\Library\Org\Util\Leftnav.class.php 第 58 行.
NOTIC: [8] Undefined index: parentid E:\xampp\htdocs\book\ThinkPHP\Library\Org\Util\Leftnav.class.php 第 58 行.
NOTIC: [8] Undefined index: parentid E:\xampp\htdocs\book\ThinkPHP\Library\Org\Util\Leftnav.class.php 第 58 行.
NOTIC: [8] Undefined index: parentid E:\xampp\htdocs\book\ThinkPHP\Library\Org\Util\Leftnav.class.php 第 58 行.
NOTIC: [8] Undefined index: parentid E:\xampp\htdocs\book\ThinkPHP\Library\Org\Util\Leftnav.class.php 第 58 行.
NOTIC: [8] Undefined index: parentid E:\xampp\htdocs\book\ThinkPHP\Library\Org\Util\Leftnav.class.php 第 58 行.
NOTIC: [8] Undefined index: parentid E:\xampp\htdocs\book\ThinkPHP\Library\Org\Util\Leftnav.class.php 第 58 行.
NOTIC: [8] Undefined index: parentid E:\xampp\htdocs\book\ThinkPHP\Library\Org\Util\Leftnav.class.php 第 58 行.
NOTIC: [8] Undefined index: parentid E:\xampp\htdocs\book\ThinkPHP\Library\Org\Util\Leftnav.class.php 第 58 行.
NOTIC: [8] Undefined index: parentid E:\xampp\htdocs\book\ThinkPHP\Library\Org\Util\Leftnav.class.php 第 58 行.
NOTIC: [8] Undefined index: parentid E:\xampp\htdocs\book\ThinkPHP\Library\Org\Util\Leftnav.class.php 第 58 行.
NOTIC: [8] Undefined index: parentid E:\xampp\htdocs\book\ThinkPHP\Library\Org\Util\Leftnav.class.php 第 58 行.
NOTIC: [8] Undefined index: parentid E:\xampp\htdocs\book\ThinkPHP\Library\Org\Util\Leftnav.class.php 第 58 行.
NOTIC: [8] Undefined index: admin_avatar E:\xampp\htdocs\book\data\runtime\Cache\Admin\067b329e4d6f00410015e6a12d9c9f3a.php 第 106 行.

[ 2017-04-18T16:14:12+08:00 ] 127.0.0.1 /index.php?m=Admin&c=Books&a=books_runadd
NOTIC: [8] Undefined index: pic_one E:\xampp\htdocs\book\app\Admin\Controller\BooksController.class.php 第 100 行.
NOTIC: [8] Undefined index: pic_all E:\xampp\htdocs\book\app\Admin\Controller\BooksController.class.php 第 100 行.
NOTIC: [2] Invalid argument supplied for foreach() E:\xampp\htdocs\book\app\Admin\Controller\BooksController.class.php 第 139 行.
NOTIC: [8] Undefined variable: picall_url E:\xampp\htdocs\book\app\Admin\Controller\BooksController.class.php 第 153 行.
NOTIC: [8] Undefined variable: img_url E:\xampp\htdocs\book\app\Admin\Controller\BooksController.class.php 第 155 行.

[ 2017-04-18T16:14:13+08:00 ] 127.0.0.1 /index.php?m=Admin&c=Books&a=books_list
NOTIC: [8] Undefined index: admin_avatar E:\xampp\htdocs\book\data\runtime\Cache\Admin\a6303065b0b17d9f11caecacbce0c76e.php 第 106 行.

[ 2017-04-18T20:32:53+08:00 ] 127.0.0.1 /index.php?m=Admin&c=Books&a=books_add
NOTIC: [8] Undefined index: parentid E:\xampp\htdocs\book\ThinkPHP\Library\Org\Util\Leftnav.class.php 第 58 行.
NOTIC: [8] Undefined index: parentid E:\xampp\htdocs\book\ThinkPHP\Library\Org\Util\Leftnav.class.php 第 58 行.
NOTIC: [8] Undefined index: parentid E:\xampp\htdocs\book\ThinkPHP\Library\Org\Util\Leftnav.class.php 第 58 行.
NOTIC: [8] Undefined index: parentid E:\xampp\htdocs\book\ThinkPHP\Library\Org\Util\Leftnav.class.php 第 58 行.
NOTIC: [8] Undefined index: parentid E:\xampp\htdocs\book\ThinkPHP\Library\Org\Util\Leftnav.class.php 第 58 行.
NOTIC: [8] Undefined index: parentid E:\xampp\htdocs\book\ThinkPHP\Library\Org\Util\Leftnav.class.php 第 58 行.
NOTIC: [8] Undefined index: parentid E:\xampp\htdocs\book\ThinkPHP\Library\Org\Util\Leftnav.class.php 第 58 行.
NOTIC: [8] Undefined index: parentid E:\xampp\htdocs\book\ThinkPHP\Library\Org\Util\Leftnav.class.php 第 58 行.
NOTIC: [8] Undefined index: parentid E:\xampp\htdocs\book\ThinkPHP\Library\Org\Util\Leftnav.class.php 第 58 行.
NOTIC: [8] Undefined index: parentid E:\xampp\htdocs\book\ThinkPHP\Library\Org\Util\Leftnav.class.php 第 58 行.
NOTIC: [8] Undefined index: parentid E:\xampp\htdocs\book\ThinkPHP\Library\Org\Util\Leftnav.class.php 第 58 行.
NOTIC: [8] Undefined index: parentid E:\xampp\htdocs\book\ThinkPHP\Library\Org\Util\Leftnav.class.php 第 58 行.
NOTIC: [8] Undefined index: parentid E:\xampp\htdocs\book\ThinkPHP\Library\Org\Util\Leftnav.class.php 第 58 行.
NOTIC: [8] Undefined index: parentid E:\xampp\htdocs\book\ThinkPHP\Library\Org\Util\Leftnav.class.php 第 58 行.
NOTIC: [8] Undefined index: parentid E:\xampp\htdocs\book\ThinkPHP\Library\Org\Util\Leftnav.class.php 第 58 行.
NOTIC: [8] Undefined index: parentid E:\xampp\htdocs\book\ThinkPHP\Library\Org\Util\Leftnav.class.php 第 58 行.
NOTIC: [8] Undefined index: parentid E:\xampp\htdocs\book\ThinkPHP\Library\Org\Util\Leftnav.class.php 第 58 行.
NOTIC: [8] Undefined index: parentid E:\xampp\htdocs\book\ThinkPHP\Library\Org\Util\Leftnav.class.php 第 58 行.
NOTIC: [8] Undefined index: parentid E:\xampp\htdocs\book\ThinkPHP\Library\Org\Util\Leftnav.class.php 第 58 行.
NOTIC: [8] Undefined index: parentid E:\xampp\htdocs\book\ThinkPHP\Library\Org\Util\Leftnav.class.php 第 58 行.
NOTIC: [8] Undefined index: parentid E:\xampp\htdocs\book\ThinkPHP\Library\Org\Util\Leftnav.class.php 第 58 行.
NOTIC: [8] Undefined index: parentid E:\xampp\htdocs\book\ThinkPHP\Library\Org\Util\Leftnav.class.php 第 58 行.
NOTIC: [8] Undefined index: parentid E:\xampp\htdocs\book\ThinkPHP\Library\Org\Util\Leftnav.class.php 第 58 行.
NOTIC: [8] Undefined index: parentid E:\xampp\htdocs\book\ThinkPHP\Library\Org\Util\Leftnav.class.php 第 58 行.
NOTIC: [8] Undefined index: parentid E:\xampp\htdocs\book\ThinkPHP\Library\Org\Util\Leftnav.class.php 第 58 行.
NOTIC: [8] Undefined index: parentid E:\xampp\htdocs\book\ThinkPHP\Library\Org\Util\Leftnav.class.php 第 58 行.
NOTIC: [8] Undefined index: parentid E:\xampp\htdocs\book\ThinkPHP\Library\Org\Util\Leftnav.class.php 第 58 行.
NOTIC: [8] Undefined index: parentid E:\xampp\htdocs\book\ThinkPHP\Library\Org\Util\Leftnav.class.php 第 58 行.
NOTIC: [8] Undefined index: parentid E:\xampp\htdocs\book\ThinkPHP\Library\Org\Util\Leftnav.class.php 第 58 行.
NOTIC: [8] Undefined index: parentid E:\xampp\htdocs\book\ThinkPHP\Library\Org\Util\Leftnav.class.php 第 58 行.
NOTIC: [8] Undefined index: admin_avatar E:\xampp\htdocs\book\data\runtime\Cache\Admin\067b329e4d6f00410015e6a12d9c9f3a.php 第 106 行.

