[ 2017-05-13T11:13:43+08:00 ] 127.0.0.1 /index.php?m=Admin&c=Borrow&a=index
NOTIC: [8] Undefined variable: map E:\xampp\htdocs\book\app\Admin\Controller\BorrowController.class.php 第 16 行.
NOTIC: [8] Undefined variable: map E:\xampp\htdocs\book\app\Admin\Controller\BorrowController.class.php 第 26 行.
NOTIC: [8] Undefined variable: keytype E:\xampp\htdocs\book\data\runtime\Cache\Admin\9d543dd219145434ed23285575c3f793.php 第 251 行.
NOTIC: [8] Undefined variable: keytype E:\xampp\htdocs\book\data\runtime\Cache\Admin\9d543dd219145434ed23285575c3f793.php 第 251 行.
NOTIC: [8] Undefined variable: keytype E:\xampp\htdocs\book\data\runtime\Cache\Admin\9d543dd219145434ed23285575c3f793.php 第 252 行.
NOTIC: [8] Undefined variable: diyflag E:\xampp\htdocs\book\data\runtime\Cache\Admin\9d543dd219145434ed23285575c3f793.php 第 256 行.
NOTIC: [8] Undefined variable: opentype_check E:\xampp\htdocs\book\data\runtime\Cache\Admin\9d543dd219145434ed23285575c3f793.php 第 260 行.
NOTIC: [8] Undefined variable: opentype_check E:\xampp\htdocs\book\data\runtime\Cache\Admin\9d543dd219145434ed23285575c3f793.php 第 261 行.
NOTIC: [8] Undefined variable: sldate E:\xampp\htdocs\book\data\runtime\Cache\Admin\9d543dd219145434ed23285575c3f793.php 第 270 行.
NOTIC: [8] Undefined variable: keyy E:\xampp\htdocs\book\data\runtime\Cache\Admin\9d543dd219145434ed23285575c3f793.php 第 280 行.
NOTIC: [8] Undefined index: n_id E:\xampp\htdocs\book\data\runtime\Cache\Admin\9d543dd219145434ed23285575c3f793.php 第 334 行.
NOTIC: [8] Undefined index: news_auto E:\xampp\htdocs\book\data\runtime\Cache\Admin\9d543dd219145434ed23285575c3f793.php 第 339 行.
NOTIC: [8] Undefined index: n_id E:\xampp\htdocs\book\data\runtime\Cache\Admin\9d543dd219145434ed23285575c3f793.php 第 349 行.
NOTIC: [8] Undefined index: n_id E:\xampp\htdocs\book\data\runtime\Cache\Admin\9d543dd219145434ed23285575c3f793.php 第 359 行.
NOTIC: [8] Undefined index: n_id E:\xampp\htdocs\book\data\runtime\Cache\Admin\9d543dd219145434ed23285575c3f793.php 第 365 行.
NOTIC: [8] Undefined index: n_id E:\xampp\htdocs\book\data\runtime\Cache\Admin\9d543dd219145434ed23285575c3f793.php 第 376 行.
NOTIC: [8] Undefined index: n_id E:\xampp\htdocs\book\data\runtime\Cache\Admin\9d543dd219145434ed23285575c3f793.php 第 384 行.
NOTIC: [8] Undefined index: n_id E:\xampp\htdocs\book\data\runtime\Cache\Admin\9d543dd219145434ed23285575c3f793.php 第 334 行.
NOTIC: [8] Undefined index: news_auto E:\xampp\htdocs\book\data\runtime\Cache\Admin\9d543dd219145434ed23285575c3f793.php 第 339 行.
NOTIC: [8] Undefined index: n_id E:\xampp\htdocs\book\data\runtime\Cache\Admin\9d543dd219145434ed23285575c3f793.php 第 349 行.
NOTIC: [8] Undefined index: n_id E:\xampp\htdocs\book\data\runtime\Cache\Admin\9d543dd219145434ed23285575c3f793.php 第 359 行.
NOTIC: [8] Undefined index: n_id E:\xampp\htdocs\book\data\runtime\Cache\Admin\9d543dd219145434ed23285575c3f793.php 第 365 行.
NOTIC: [8] Undefined index: n_id E:\xampp\htdocs\book\data\runtime\Cache\Admin\9d543dd219145434ed23285575c3f793.php 第 376 行.
NOTIC: [8] Undefined index: n_id E:\xampp\htdocs\book\data\runtime\Cache\Admin\9d543dd219145434ed23285575c3f793.php 第 384 行.
NOTIC: [8] Undefined index: n_id E:\xampp\htdocs\book\data\runtime\Cache\Admin\9d543dd219145434ed23285575c3f793.php 第 334 行.
NOTIC: [8] Undefined index: news_auto E:\xampp\htdocs\book\data\runtime\Cache\Admin\9d543dd219145434ed23285575c3f793.php 第 339 行.
NOTIC: [8] Undefined index: n_id E:\xampp\htdocs\book\data\runtime\Cache\Admin\9d543dd219145434ed23285575c3f793.php 第 349 行.
NOTIC: [8] Undefined index: n_id E:\xampp\htdocs\book\data\runtime\Cache\Admin\9d543dd219145434ed23285575c3f793.php 第 359 行.
NOTIC: [8] Undefined index: n_id E:\xampp\htdocs\book\data\runtime\Cache\Admin\9d543dd219145434ed23285575c3f793.php 第 365 行.
NOTIC: [8] Undefined index: n_id E:\xampp\htdocs\book\data\runtime\Cache\Admin\9d543dd219145434ed23285575c3f793.php 第 376 行.
NOTIC: [8] Undefined index: n_id E:\xampp\htdocs\book\data\runtime\Cache\Admin\9d543dd219145434ed23285575c3f793.php 第 384 行.
NOTIC: [8] Undefined index: n_id E:\xampp\htdocs\book\data\runtime\Cache\Admin\9d543dd219145434ed23285575c3f793.php 第 334 行.
NOTIC: [8] Undefined index: news_auto E:\xampp\htdocs\book\data\runtime\Cache\Admin\9d543dd219145434ed23285575c3f793.php 第 339 行.
NOTIC: [8] Undefined index: n_id E:\xampp\htdocs\book\data\runtime\Cache\Admin\9d543dd219145434ed23285575c3f793.php 第 349 行.
NOTIC: [8] Undefined index: n_id E:\xampp\htdocs\book\data\runtime\Cache\Admin\9d543dd219145434ed23285575c3f793.php 第 359 行.
NOTIC: [8] Undefined index: n_id E:\xampp\htdocs\book\data\runtime\Cache\Admin\9d543dd219145434ed23285575c3f793.php 第 365 行.
NOTIC: [8] Undefined index: n_id E:\xampp\htdocs\book\data\runtime\Cache\Admin\9d543dd219145434ed23285575c3f793.php 第 376 行.
NOTIC: [8] Undefined index: n_id E:\xampp\htdocs\book\data\runtime\Cache\Admin\9d543dd219145434ed23285575c3f793.php 第 384 行.
NOTIC: [8] Undefined index: n_id E:\xampp\htdocs\book\data\runtime\Cache\Admin\9d543dd219145434ed23285575c3f793.php 第 334 行.
NOTIC: [8] Undefined index: news_auto E:\xampp\htdocs\book\data\runtime\Cache\Admin\9d543dd219145434ed23285575c3f793.php 第 339 行.
NOTIC: [8] Undefined index: n_id E:\xampp\htdocs\book\data\runtime\Cache\Admin\9d543dd219145434ed23285575c3f793.php 第 349 行.
NOTIC: [8] Undefined index: n_id E:\xampp\htdocs\book\data\runtime\Cache\Admin\9d543dd219145434ed23285575c3f793.php 第 359 行.
NOTIC: [8] Undefined index: n_id E:\xampp\htdocs\book\data\runtime\Cache\Admin\9d543dd219145434ed23285575c3f793.php 第 365 行.
NOTIC: [8] Undefined index: n_id E:\xampp\htdocs\book\data\runtime\Cache\Admin\9d543dd219145434ed23285575c3f793.php 第 376 行.
NOTIC: [8] Undefined index: n_id E:\xampp\htdocs\book\data\runtime\Cache\Admin\9d543dd219145434ed23285575c3f793.php 第 384 行.
NOTIC: [8] Undefined index: n_id E:\xampp\htdocs\book\data\runtime\Cache\Admin\9d543dd219145434ed23285575c3f793.php 第 334 行.
NOTIC: [8] Undefined index: news_auto E:\xampp\htdocs\book\data\runtime\Cache\Admin\9d543dd219145434ed23285575c3f793.php 第 339 行.
NOTIC: [8] Undefined index: n_id E:\xampp\htdocs\book\data\runtime\Cache\Admin\9d543dd219145434ed23285575c3f793.php 第 349 行.
NOTIC: [8] Undefined index: n_id E:\xampp\htdocs\book\data\runtime\Cache\Admin\9d543dd219145434ed23285575c3f793.php 第 359 行.
NOTIC: [8] Undefined index: n_id E:\xampp\htdocs\book\data\runtime\Cache\Admin\9d543dd219145434ed23285575c3f793.php 第 365 行.
NOTIC: [8] Undefined index: n_id E:\xampp\htdocs\book\data\runtime\Cache\Admin\9d543dd219145434ed23285575c3f793.php 第 376 行.
NOTIC: [8] Undefined index: n_id E:\xampp\htdocs\book\data\runtime\Cache\Admin\9d543dd219145434ed23285575c3f793.php 第 384 行.
NOTIC: [8] Undefined index: n_id E:\xampp\htdocs\book\data\runtime\Cache\Admin\9d543dd219145434ed23285575c3f793.php 第 334 行.
NOTIC: [8] Undefined index: news_auto E:\xampp\htdocs\book\data\runtime\Cache\Admin\9d543dd219145434ed23285575c3f793.php 第 339 行.
NOTIC: [8] Undefined index: n_id E:\xampp\htdocs\book\data\runtime\Cache\Admin\9d543dd219145434ed23285575c3f793.php 第 349 行.
NOTIC: [8] Undefined index: n_id E:\xampp\htdocs\book\data\runtime\Cache\Admin\9d543dd219145434ed23285575c3f793.php 第 359 行.
NOTIC: [8] Undefined index: n_id E:\xampp\htdocs\book\data\runtime\Cache\Admin\9d543dd219145434ed23285575c3f793.php 第 365 行.
NOTIC: [8] Undefined index: n_id E:\xampp\htdocs\book\data\runtime\Cache\Admin\9d543dd219145434ed23285575c3f793.php 第 376 行.
NOTIC: [8] Undefined index: n_id E:\xampp\htdocs\book\data\runtime\Cache\Admin\9d543dd219145434ed23285575c3f793.php 第 384 行.
NOTIC: [8] Undefined index: n_id E:\xampp\htdocs\book\data\runtime\Cache\Admin\9d543dd219145434ed23285575c3f793.php 第 334 行.
NOTIC: [8] Undefined index: news_auto E:\xampp\htdocs\book\data\runtime\Cache\Admin\9d543dd219145434ed23285575c3f793.php 第 339 行.
NOTIC: [8] Undefined index: n_id E:\xampp\htdocs\book\data\runtime\Cache\Admin\9d543dd219145434ed23285575c3f793.php 第 349 行.
NOTIC: [8] Undefined index: n_id E:\xampp\htdocs\book\data\runtime\Cache\Admin\9d543dd219145434ed23285575c3f793.php 第 359 行.
NOTIC: [8] Undefined index: n_id E:\xampp\htdocs\book\data\runtime\Cache\Admin\9d543dd219145434ed23285575c3f793.php 第 365 行.
NOTIC: [8] Undefined index: n_id E:\xampp\htdocs\book\data\runtime\Cache\Admin\9d543dd219145434ed23285575c3f793.php 第 376 行.
NOTIC: [8] Undefined index: n_id E:\xampp\htdocs\book\data\runtime\Cache\Admin\9d543dd219145434ed23285575c3f793.php 第 384 行.
NOTIC: [8] Undefined index: n_id E:\xampp\htdocs\book\data\runtime\Cache\Admin\9d543dd219145434ed23285575c3f793.php 第 334 行.
NOTIC: [8] Undefined index: news_auto E:\xampp\htdocs\book\data\runtime\Cache\Admin\9d543dd219145434ed23285575c3f793.php 第 339 行.
NOTIC: [8] Undefined index: n_id E:\xampp\htdocs\book\data\runtime\Cache\Admin\9d543dd219145434ed23285575c3f793.php 第 349 行.
NOTIC: [8] Undefined index: n_id E:\xampp\htdocs\book\data\runtime\Cache\Admin\9d543dd219145434ed23285575c3f793.php 第 359 行.
NOTIC: [8] Undefined index: n_id E:\xampp\htdocs\book\data\runtime\Cache\Admin\9d543dd219145434ed23285575c3f793.php 第 365 行.
NOTIC: [8] Undefined index: n_id E:\xampp\htdocs\book\data\runtime\Cache\Admin\9d543dd219145434ed23285575c3f793.php 第 376 行.
NOTIC: [8] Undefined index: n_id E:\xampp\htdocs\book\data\runtime\Cache\Admin\9d543dd219145434ed23285575c3f793.php 第 384 行.
NOTIC: [8] Undefined index: n_id E:\xampp\htdocs\book\data\runtime\Cache\Admin\9d543dd219145434ed23285575c3f793.php 第 334 行.
NOTIC: [8] Undefined index: news_auto E:\xampp\htdocs\book\data\runtime\Cache\Admin\9d543dd219145434ed23285575c3f793.php 第 339 行.
NOTIC: [8] Undefined index: n_id E:\xampp\htdocs\book\data\runtime\Cache\Admin\9d543dd219145434ed23285575c3f793.php 第 349 行.
NOTIC: [8] Undefined index: n_id E:\xampp\htdocs\book\data\runtime\Cache\Admin\9d543dd219145434ed23285575c3f793.php 第 359 行.
NOTIC: [8] Undefined index: n_id E:\xampp\htdocs\book\data\runtime\Cache\Admin\9d543dd219145434ed23285575c3f793.php 第 365 行.
NOTIC: [8] Undefined index: n_id E:\xampp\htdocs\book\data\runtime\Cache\Admin\9d543dd219145434ed23285575c3f793.php 第 376 行.
NOTIC: [8] Undefined index: n_id E:\xampp\htdocs\book\data\runtime\Cache\Admin\9d543dd219145434ed23285575c3f793.php 第 384 行.

[ 2017-05-13T11:14:08+08:00 ] 127.0.0.1 /index.php?m=Admin&c=Borrow&a=index
NOTIC: [8] Undefined variable: map E:\xampp\htdocs\book\app\Admin\Controller\BorrowController.class.php 第 16 行.
NOTIC: [8] Undefined variable: map E:\xampp\htdocs\book\app\Admin\Controller\BorrowController.class.php 第 26 行.
NOTIC: [8] Undefined variable: keytype E:\xampp\htdocs\book\data\runtime\Cache\Admin\9d543dd219145434ed23285575c3f793.php 第 251 行.
NOTIC: [8] Undefined variable: keytype E:\xampp\htdocs\book\data\runtime\Cache\Admin\9d543dd219145434ed23285575c3f793.php 第 251 行.
NOTIC: [8] Undefined variable: keytype E:\xampp\htdocs\book\data\runtime\Cache\Admin\9d543dd219145434ed23285575c3f793.php 第 252 行.
NOTIC: [8] Undefined variable: diyflag E:\xampp\htdocs\book\data\runtime\Cache\Admin\9d543dd219145434ed23285575c3f793.php 第 256 行.
NOTIC: [8] Undefined variable: opentype_check E:\xampp\htdocs\book\data\runtime\Cache\Admin\9d543dd219145434ed23285575c3f793.php 第 260 行.
NOTIC: [8] Undefined variable: opentype_check E:\xampp\htdocs\book\data\runtime\Cache\Admin\9d543dd219145434ed23285575c3f793.php 第 261 行.
NOTIC: [8] Undefined variable: sldate E:\xampp\htdocs\book\data\runtime\Cache\Admin\9d543dd219145434ed23285575c3f793.php 第 270 行.
NOTIC: [8] Undefined variable: keyy E:\xampp\htdocs\book\data\runtime\Cache\Admin\9d543dd219145434ed23285575c3f793.php 第 280 行.
NOTIC: [8] Undefined index: n_id E:\xampp\htdocs\book\data\runtime\Cache\Admin\9d543dd219145434ed23285575c3f793.php 第 334 行.
NOTIC: [8] Undefined index: news_auto E:\xampp\htdocs\book\data\runtime\Cache\Admin\9d543dd219145434ed23285575c3f793.php 第 339 行.
NOTIC: [8] Undefined index: n_id E:\xampp\htdocs\book\data\runtime\Cache\Admin\9d543dd219145434ed23285575c3f793.php 第 349 行.
NOTIC: [8] Undefined index: n_id E:\xampp\htdocs\book\data\runtime\Cache\Admin\9d543dd219145434ed23285575c3f793.php 第 359 行.
NOTIC: [8] Undefined index: n_id E:\xampp\htdocs\book\data\runtime\Cache\Admin\9d543dd219145434ed23285575c3f793.php 第 365 行.
NOTIC: [8] Undefined index: n_id E:\xampp\htdocs\book\data\runtime\Cache\Admin\9d543dd219145434ed23285575c3f793.php 第 376 行.
NOTIC: [8] Undefined index: n_id E:\xampp\htdocs\book\data\runtime\Cache\Admin\9d543dd219145434ed23285575c3f793.php 第 384 行.
NOTIC: [8] Undefined index: n_id E:\xampp\htdocs\book\data\runtime\Cache\Admin\9d543dd219145434ed23285575c3f793.php 第 334 行.
NOTIC: [8] Undefined index: news_auto E:\xampp\htdocs\book\data\runtime\Cache\Admin\9d543dd219145434ed23285575c3f793.php 第 339 行.
NOTIC: [8] Undefined index: n_id E:\xampp\htdocs\book\data\runtime\Cache\Admin\9d543dd219145434ed23285575c3f793.php 第 349 行.
NOTIC: [8] Undefined index: n_id E:\xampp\htdocs\book\data\runtime\Cache\Admin\9d543dd219145434ed23285575c3f793.php 第 359 行.
NOTIC: [8] Undefined index: n_id E:\xampp\htdocs\book\data\runtime\Cache\Admin\9d543dd219145434ed23285575c3f793.php 第 365 行.
NOTIC: [8] Undefined index: n_id E:\xampp\htdocs\book\data\runtime\Cache\Admin\9d543dd219145434ed23285575c3f793.php 第 376 行.
NOTIC: [8] Undefined index: n_id E:\xampp\htdocs\book\data\runtime\Cache\Admin\9d543dd219145434ed23285575c3f793.php 第 384 行.
NOTIC: [8] Undefined index: n_id E:\xampp\htdocs\book\data\runtime\Cache\Admin\9d543dd219145434ed23285575c3f793.php 第 334 行.
NOTIC: [8] Undefined index: news_auto E:\xampp\htdocs\book\data\runtime\Cache\Admin\9d543dd219145434ed23285575c3f793.php 第 339 行.
NOTIC: [8] Undefined index: n_id E:\xampp\htdocs\book\data\runtime\Cache\Admin\9d543dd219145434ed23285575c3f793.php 第 349 行.
NOTIC: [8] Undefined index: n_id E:\xampp\htdocs\book\data\runtime\Cache\Admin\9d543dd219145434ed23285575c3f793.php 第 359 行.
NOTIC: [8] Undefined index: n_id E:\xampp\htdocs\book\data\runtime\Cache\Admin\9d543dd219145434ed23285575c3f793.php 第 365 行.
NOTIC: [8] Undefined index: n_id E:\xampp\htdocs\book\data\runtime\Cache\Admin\9d543dd219145434ed23285575c3f793.php 第 376 行.
NOTIC: [8] Undefined index: n_id E:\xampp\htdocs\book\data\runtime\Cache\Admin\9d543dd219145434ed23285575c3f793.php 第 384 行.
NOTIC: [8] Undefined index: n_id E:\xampp\htdocs\book\data\runtime\Cache\Admin\9d543dd219145434ed23285575c3f793.php 第 334 行.
NOTIC: [8] Undefined index: news_auto E:\xampp\htdocs\book\data\runtime\Cache\Admin\9d543dd219145434ed23285575c3f793.php 第 339 行.
NOTIC: [8] Undefined index: n_id E:\xampp\htdocs\book\data\runtime\Cache\Admin\9d543dd219145434ed23285575c3f793.php 第 349 行.
NOTIC: [8] Undefined index: n_id E:\xampp\htdocs\book\data\runtime\Cache\Admin\9d543dd219145434ed23285575c3f793.php 第 359 行.
NOTIC: [8] Undefined index: n_id E:\xampp\htdocs\book\data\runtime\Cache\Admin\9d543dd219145434ed23285575c3f793.php 第 365 行.
NOTIC: [8] Undefined index: n_id E:\xampp\htdocs\book\data\runtime\Cache\Admin\9d543dd219145434ed23285575c3f793.php 第 376 行.
NOTIC: [8] Undefined index: n_id E:\xampp\htdocs\book\data\runtime\Cache\Admin\9d543dd219145434ed23285575c3f793.php 第 384 行.
NOTIC: [8] Undefined index: n_id E:\xampp\htdocs\book\data\runtime\Cache\Admin\9d543dd219145434ed23285575c3f793.php 第 334 行.
NOTIC: [8] Undefined index: news_auto E:\xampp\htdocs\book\data\runtime\Cache\Admin\9d543dd219145434ed23285575c3f793.php 第 339 行.
NOTIC: [8] Undefined index: n_id E:\xampp\htdocs\book\data\runtime\Cache\Admin\9d543dd219145434ed23285575c3f793.php 第 349 行.
NOTIC: [8] Undefined index: n_id E:\xampp\htdocs\book\data\runtime\Cache\Admin\9d543dd219145434ed23285575c3f793.php 第 359 行.
NOTIC: [8] Undefined index: n_id E:\xampp\htdocs\book\data\runtime\Cache\Admin\9d543dd219145434ed23285575c3f793.php 第 365 行.
NOTIC: [8] Undefined index: n_id E:\xampp\htdocs\book\data\runtime\Cache\Admin\9d543dd219145434ed23285575c3f793.php 第 376 行.
NOTIC: [8] Undefined index: n_id E:\xampp\htdocs\book\data\runtime\Cache\Admin\9d543dd219145434ed23285575c3f793.php 第 384 行.
NOTIC: [8] Undefined index: n_id E:\xampp\htdocs\book\data\runtime\Cache\Admin\9d543dd219145434ed23285575c3f793.php 第 334 行.
NOTIC: [8] Undefined index: news_auto E:\xampp\htdocs\book\data\runtime\Cache\Admin\9d543dd219145434ed23285575c3f793.php 第 339 行.
NOTIC: [8] Undefined index: n_id E:\xampp\htdocs\book\data\runtime\Cache\Admin\9d543dd219145434ed23285575c3f793.php 第 349 行.
NOTIC: [8] Undefined index: n_id E:\xampp\htdocs\book\data\runtime\Cache\Admin\9d543dd219145434ed23285575c3f793.php 第 359 行.
NOTIC: [8] Undefined index: n_id E:\xampp\htdocs\book\data\runtime\Cache\Admin\9d543dd219145434ed23285575c3f793.php 第 365 行.
NOTIC: [8] Undefined index: n_id E:\xampp\htdocs\book\data\runtime\Cache\Admin\9d543dd219145434ed23285575c3f793.php 第 376 行.
NOTIC: [8] Undefined index: n_id E:\xampp\htdocs\book\data\runtime\Cache\Admin\9d543dd219145434ed23285575c3f793.php 第 384 行.
NOTIC: [8] Undefined index: n_id E:\xampp\htdocs\book\data\runtime\Cache\Admin\9d543dd219145434ed23285575c3f793.php 第 334 行.
NOTIC: [8] Undefined index: news_auto E:\xampp\htdocs\book\data\runtime\Cache\Admin\9d543dd219145434ed23285575c3f793.php 第 339 行.
NOTIC: [8] Undefined index: n_id E:\xampp\htdocs\book\data\runtime\Cache\Admin\9d543dd219145434ed23285575c3f793.php 第 349 行.
NOTIC: [8] Undefined index: n_id E:\xampp\htdocs\book\data\runtime\Cache\Admin\9d543dd219145434ed23285575c3f793.php 第 359 行.
NOTIC: [8] Undefined index: n_id E:\xampp\htdocs\book\data\runtime\Cache\Admin\9d543dd219145434ed23285575c3f793.php 第 365 行.
NOTIC: [8] Undefined index: n_id E:\xampp\htdocs\book\data\runtime\Cache\Admin\9d543dd219145434ed23285575c3f793.php 第 376 行.
NOTIC: [8] Undefined index: n_id E:\xampp\htdocs\book\data\runtime\Cache\Admin\9d543dd219145434ed23285575c3f793.php 第 384 行.
NOTIC: [8] Undefined index: n_id E:\xampp\htdocs\book\data\runtime\Cache\Admin\9d543dd219145434ed23285575c3f793.php 第 334 行.
NOTIC: [8] Undefined index: news_auto E:\xampp\htdocs\book\data\runtime\Cache\Admin\9d543dd219145434ed23285575c3f793.php 第 339 行.
NOTIC: [8] Undefined index: n_id E:\xampp\htdocs\book\data\runtime\Cache\Admin\9d543dd219145434ed23285575c3f793.php 第 349 行.
NOTIC: [8] Undefined index: n_id E:\xampp\htdocs\book\data\runtime\Cache\Admin\9d543dd219145434ed23285575c3f793.php 第 359 行.
NOTIC: [8] Undefined index: n_id E:\xampp\htdocs\book\data\runtime\Cache\Admin\9d543dd219145434ed23285575c3f793.php 第 365 行.
NOTIC: [8] Undefined index: n_id E:\xampp\htdocs\book\data\runtime\Cache\Admin\9d543dd219145434ed23285575c3f793.php 第 376 行.
NOTIC: [8] Undefined index: n_id E:\xampp\htdocs\book\data\runtime\Cache\Admin\9d543dd219145434ed23285575c3f793.php 第 384 行.
NOTIC: [8] Undefined index: n_id E:\xampp\htdocs\book\data\runtime\Cache\Admin\9d543dd219145434ed23285575c3f793.php 第 334 行.
NOTIC: [8] Undefined index: news_auto E:\xampp\htdocs\book\data\runtime\Cache\Admin\9d543dd219145434ed23285575c3f793.php 第 339 行.
NOTIC: [8] Undefined index: n_id E:\xampp\htdocs\book\data\runtime\Cache\Admin\9d543dd219145434ed23285575c3f793.php 第 349 行.
NOTIC: [8] Undefined index: n_id E:\xampp\htdocs\book\data\runtime\Cache\Admin\9d543dd219145434ed23285575c3f793.php 第 359 行.
NOTIC: [8] Undefined index: n_id E:\xampp\htdocs\book\data\runtime\Cache\Admin\9d543dd219145434ed23285575c3f793.php 第 365 行.
NOTIC: [8] Undefined index: n_id E:\xampp\htdocs\book\data\runtime\Cache\Admin\9d543dd219145434ed23285575c3f793.php 第 376 行.
NOTIC: [8] Undefined index: n_id E:\xampp\htdocs\book\data\runtime\Cache\Admin\9d543dd219145434ed23285575c3f793.php 第 384 行.
NOTIC: [8] Undefined index: n_id E:\xampp\htdocs\book\data\runtime\Cache\Admin\9d543dd219145434ed23285575c3f793.php 第 334 行.
NOTIC: [8] Undefined index: news_auto E:\xampp\htdocs\book\data\runtime\Cache\Admin\9d543dd219145434ed23285575c3f793.php 第 339 行.
NOTIC: [8] Undefined index: n_id E:\xampp\htdocs\book\data\runtime\Cache\Admin\9d543dd219145434ed23285575c3f793.php 第 349 行.
NOTIC: [8] Undefined index: n_id E:\xampp\htdocs\book\data\runtime\Cache\Admin\9d543dd219145434ed23285575c3f793.php 第 359 行.
NOTIC: [8] Undefined index: n_id E:\xampp\htdocs\book\data\runtime\Cache\Admin\9d543dd219145434ed23285575c3f793.php 第 365 行.
NOTIC: [8] Undefined index: n_id E:\xampp\htdocs\book\data\runtime\Cache\Admin\9d543dd219145434ed23285575c3f793.php 第 376 行.
NOTIC: [8] Undefined index: n_id E:\xampp\htdocs\book\data\runtime\Cache\Admin\9d543dd219145434ed23285575c3f793.php 第 384 行.

[ 2017-05-13T11:14:10+08:00 ] 127.0.0.1 /index.php?m=Admin&c=Borrow&a=index&p=2
NOTIC: [8] Undefined variable: map E:\xampp\htdocs\book\app\Admin\Controller\BorrowController.class.php 第 16 行.
NOTIC: [8] Undefined variable: map E:\xampp\htdocs\book\app\Admin\Controller\BorrowController.class.php 第 26 行.
NOTIC: [8] Undefined variable: keytype E:\xampp\htdocs\book\data\runtime\Cache\Admin\9d543dd219145434ed23285575c3f793.php 第 251 行.
NOTIC: [8] Undefined variable: keytype E:\xampp\htdocs\book\data\runtime\Cache\Admin\9d543dd219145434ed23285575c3f793.php 第 251 行.
NOTIC: [8] Undefined variable: keytype E:\xampp\htdocs\book\data\runtime\Cache\Admin\9d543dd219145434ed23285575c3f793.php 第 252 行.
NOTIC: [8] Undefined variable: diyflag E:\xampp\htdocs\book\data\runtime\Cache\Admin\9d543dd219145434ed23285575c3f793.php 第 256 行.
NOTIC: [8] Undefined variable: opentype_check E:\xampp\htdocs\book\data\runtime\Cache\Admin\9d543dd219145434ed23285575c3f793.php 第 260 行.
NOTIC: [8] Undefined variable: opentype_check E:\xampp\htdocs\book\data\runtime\Cache\Admin\9d543dd219145434ed23285575c3f793.php 第 261 行.
NOTIC: [8] Undefined variable: sldate E:\xampp\htdocs\book\data\runtime\Cache\Admin\9d543dd219145434ed23285575c3f793.php 第 270 行.
NOTIC: [8] Undefined variable: keyy E:\xampp\htdocs\book\data\runtime\Cache\Admin\9d543dd219145434ed23285575c3f793.php 第 280 行.
NOTIC: [8] Undefined index: n_id E:\xampp\htdocs\book\data\runtime\Cache\Admin\9d543dd219145434ed23285575c3f793.php 第 334 行.
NOTIC: [8] Undefined index: news_auto E:\xampp\htdocs\book\data\runtime\Cache\Admin\9d543dd219145434ed23285575c3f793.php 第 339 行.
NOTIC: [8] Undefined index: n_id E:\xampp\htdocs\book\data\runtime\Cache\Admin\9d543dd219145434ed23285575c3f793.php 第 345 行.
NOTIC: [8] Undefined index: n_id E:\xampp\htdocs\book\data\runtime\Cache\Admin\9d543dd219145434ed23285575c3f793.php 第 359 行.
NOTIC: [8] Undefined index: n_id E:\xampp\htdocs\book\data\runtime\Cache\Admin\9d543dd219145434ed23285575c3f793.php 第 365 行.
NOTIC: [8] Undefined index: n_id E:\xampp\htdocs\book\data\runtime\Cache\Admin\9d543dd219145434ed23285575c3f793.php 第 376 行.
NOTIC: [8] Undefined index: n_id E:\xampp\htdocs\book\data\runtime\Cache\Admin\9d543dd219145434ed23285575c3f793.php 第 384 行.
NOTIC: [8] Undefined index: n_id E:\xampp\htdocs\book\data\runtime\Cache\Admin\9d543dd219145434ed23285575c3f793.php 第 334 行.
NOTIC: [8] Undefined index: news_auto E:\xampp\htdocs\book\data\runtime\Cache\Admin\9d543dd219145434ed23285575c3f793.php 第 339 行.
NOTIC: [8] Undefined index: n_id E:\xampp\htdocs\book\data\runtime\Cache\Admin\9d543dd219145434ed23285575c3f793.php 第 345 行.
NOTIC: [8] Undefined index: n_id E:\xampp\htdocs\book\data\runtime\Cache\Admin\9d543dd219145434ed23285575c3f793.php 第 359 行.
NOTIC: [8] Undefined index: n_id E:\xampp\htdocs\book\data\runtime\Cache\Admin\9d543dd219145434ed23285575c3f793.php 第 365 行.
NOTIC: [8] Undefined index: n_id E:\xampp\htdocs\book\data\runtime\Cache\Admin\9d543dd219145434ed23285575c3f793.php 第 376 行.
NOTIC: [8] Undefined index: n_id E:\xampp\htdocs\book\data\runtime\Cache\Admin\9d543dd219145434ed23285575c3f793.php 第 384 行.
NOTIC: [8] Undefined index: n_id E:\xampp\htdocs\book\data\runtime\Cache\Admin\9d543dd219145434ed23285575c3f793.php 第 334 行.
NOTIC: [8] Undefined index: news_auto E:\xampp\htdocs\book\data\runtime\Cache\Admin\9d543dd219145434ed23285575c3f793.php 第 339 行.
NOTIC: [8] Undefined index: n_id E:\xampp\htdocs\book\data\runtime\Cache\Admin\9d543dd219145434ed23285575c3f793.php 第 345 行.
NOTIC: [8] Undefined index: n_id E:\xampp\htdocs\book\data\runtime\Cache\Admin\9d543dd219145434ed23285575c3f793.php 第 359 行.
NOTIC: [8] Undefined index: n_id E:\xampp\htdocs\book\data\runtime\Cache\Admin\9d543dd219145434ed23285575c3f793.php 第 365 行.
NOTIC: [8] Undefined index: n_id E:\xampp\htdocs\book\data\runtime\Cache\Admin\9d543dd219145434ed23285575c3f793.php 第 376 行.
NOTIC: [8] Undefined index: n_id E:\xampp\htdocs\book\data\runtime\Cache\Admin\9d543dd219145434ed23285575c3f793.php 第 384 行.
NOTIC: [8] Undefined index: n_id E:\xampp\htdocs\book\data\runtime\Cache\Admin\9d543dd219145434ed23285575c3f793.php 第 334 行.
NOTIC: [8] Undefined index: news_auto E:\xampp\htdocs\book\data\runtime\Cache\Admin\9d543dd219145434ed23285575c3f793.php 第 339 行.
NOTIC: [8] Undefined index: n_id E:\xampp\htdocs\book\data\runtime\Cache\Admin\9d543dd219145434ed23285575c3f793.php 第 345 行.
NOTIC: [8] Undefined index: n_id E:\xampp\htdocs\book\data\runtime\Cache\Admin\9d543dd219145434ed23285575c3f793.php 第 359 行.
NOTIC: [8] Undefined index: n_id E:\xampp\htdocs\book\data\runtime\Cache\Admin\9d543dd219145434ed23285575c3f793.php 第 365 行.
NOTIC: [8] Undefined index: n_id E:\xampp\htdocs\book\data\runtime\Cache\Admin\9d543dd219145434ed23285575c3f793.php 第 376 行.
NOTIC: [8] Undefined index: n_id E:\xampp\htdocs\book\data\runtime\Cache\Admin\9d543dd219145434ed23285575c3f793.php 第 384 行.
NOTIC: [8] Undefined index: n_id E:\xampp\htdocs\book\data\runtime\Cache\Admin\9d543dd219145434ed23285575c3f793.php 第 334 行.
NOTIC: [8] Undefined index: news_auto E:\xampp\htdocs\book\data\runtime\Cache\Admin\9d543dd219145434ed23285575c3f793.php 第 339 行.
NOTIC: [8] Undefined index: n_id E:\xampp\htdocs\book\data\runtime\Cache\Admin\9d543dd219145434ed23285575c3f793.php 第 345 行.
NOTIC: [8] Undefined index: n_id E:\xampp\htdocs\book\data\runtime\Cache\Admin\9d543dd219145434ed23285575c3f793.php 第 359 行.
NOTIC: [8] Undefined index: n_id E:\xampp\htdocs\book\data\runtime\Cache\Admin\9d543dd219145434ed23285575c3f793.php 第 365 行.
NOTIC: [8] Undefined index: n_id E:\xampp\htdocs\book\data\runtime\Cache\Admin\9d543dd219145434ed23285575c3f793.php 第 376 行.
NOTIC: [8] Undefined index: n_id E:\xampp\htdocs\book\data\runtime\Cache\Admin\9d543dd219145434ed23285575c3f793.php 第 384 行.
NOTIC: [8] Undefined index: n_id E:\xampp\htdocs\book\data\runtime\Cache\Admin\9d543dd219145434ed23285575c3f793.php 第 334 行.
NOTIC: [8] Undefined index: news_auto E:\xampp\htdocs\book\data\runtime\Cache\Admin\9d543dd219145434ed23285575c3f793.php 第 339 行.
NOTIC: [8] Undefined index: n_id E:\xampp\htdocs\book\data\runtime\Cache\Admin\9d543dd219145434ed23285575c3f793.php 第 345 行.
NOTIC: [8] Undefined index: n_id E:\xampp\htdocs\book\data\runtime\Cache\Admin\9d543dd219145434ed23285575c3f793.php 第 359 行.
NOTIC: [8] Undefined index: n_id E:\xampp\htdocs\book\data\runtime\Cache\Admin\9d543dd219145434ed23285575c3f793.php 第 365 行.
NOTIC: [8] Undefined index: n_id E:\xampp\htdocs\book\data\runtime\Cache\Admin\9d543dd219145434ed23285575c3f793.php 第 376 行.
NOTIC: [8] Undefined index: n_id E:\xampp\htdocs\book\data\runtime\Cache\Admin\9d543dd219145434ed23285575c3f793.php 第 384 行.
NOTIC: [8] Undefined index: n_id E:\xampp\htdocs\book\data\runtime\Cache\Admin\9d543dd219145434ed23285575c3f793.php 第 334 行.
NOTIC: [8] Undefined index: news_auto E:\xampp\htdocs\book\data\runtime\Cache\Admin\9d543dd219145434ed23285575c3f793.php 第 339 行.
NOTIC: [8] Undefined index: n_id E:\xampp\htdocs\book\data\runtime\Cache\Admin\9d543dd219145434ed23285575c3f793.php 第 345 行.
NOTIC: [8] Undefined index: n_id E:\xampp\htdocs\book\data\runtime\Cache\Admin\9d543dd219145434ed23285575c3f793.php 第 359 行.
NOTIC: [8] Undefined index: n_id E:\xampp\htdocs\book\data\runtime\Cache\Admin\9d543dd219145434ed23285575c3f793.php 第 365 行.
NOTIC: [8] Undefined index: n_id E:\xampp\htdocs\book\data\runtime\Cache\Admin\9d543dd219145434ed23285575c3f793.php 第 376 行.
NOTIC: [8] Undefined index: n_id E:\xampp\htdocs\book\data\runtime\Cache\Admin\9d543dd219145434ed23285575c3f793.php 第 384 行.
NOTIC: [8] Undefined index: n_id E:\xampp\htdocs\book\data\runtime\Cache\Admin\9d543dd219145434ed23285575c3f793.php 第 334 行.
NOTIC: [8] Undefined index: news_auto E:\xampp\htdocs\book\data\runtime\Cache\Admin\9d543dd219145434ed23285575c3f793.php 第 339 行.
NOTIC: [8] Undefined index: n_id E:\xampp\htdocs\book\data\runtime\Cache\Admin\9d543dd219145434ed23285575c3f793.php 第 345 行.
NOTIC: [8] Undefined index: n_id E:\xampp\htdocs\book\data\runtime\Cache\Admin\9d543dd219145434ed23285575c3f793.php 第 359 行.
NOTIC: [8] Undefined index: n_id E:\xampp\htdocs\book\data\runtime\Cache\Admin\9d543dd219145434ed23285575c3f793.php 第 365 行.
NOTIC: [8] Undefined index: n_id E:\xampp\htdocs\book\data\runtime\Cache\Admin\9d543dd219145434ed23285575c3f793.php 第 376 行.
NOTIC: [8] Undefined index: n_id E:\xampp\htdocs\book\data\runtime\Cache\Admin\9d543dd219145434ed23285575c3f793.php 第 384 行.
NOTIC: [8] Undefined index: n_id E:\xampp\htdocs\book\data\runtime\Cache\Admin\9d543dd219145434ed23285575c3f793.php 第 334 行.
NOTIC: [8] Undefined index: news_auto E:\xampp\htdocs\book\data\runtime\Cache\Admin\9d543dd219145434ed23285575c3f793.php 第 339 行.
NOTIC: [8] Undefined index: n_id E:\xampp\htdocs\book\data\runtime\Cache\Admin\9d543dd219145434ed23285575c3f793.php 第 345 行.
NOTIC: [8] Undefined index: n_id E:\xampp\htdocs\book\data\runtime\Cache\Admin\9d543dd219145434ed23285575c3f793.php 第 359 行.
NOTIC: [8] Undefined index: n_id E:\xampp\htdocs\book\data\runtime\Cache\Admin\9d543dd219145434ed23285575c3f793.php 第 365 行.
NOTIC: [8] Undefined index: n_id E:\xampp\htdocs\book\data\runtime\Cache\Admin\9d543dd219145434ed23285575c3f793.php 第 376 行.
NOTIC: [8] Undefined index: n_id E:\xampp\htdocs\book\data\runtime\Cache\Admin\9d543dd219145434ed23285575c3f793.php 第 384 行.
NOTIC: [8] Undefined index: n_id E:\xampp\htdocs\book\data\runtime\Cache\Admin\9d543dd219145434ed23285575c3f793.php 第 334 行.
NOTIC: [8] Undefined index: news_auto E:\xampp\htdocs\book\data\runtime\Cache\Admin\9d543dd219145434ed23285575c3f793.php 第 339 行.
NOTIC: [8] Undefined index: n_id E:\xampp\htdocs\book\data\runtime\Cache\Admin\9d543dd219145434ed23285575c3f793.php 第 345 行.
NOTIC: [8] Undefined index: n_id E:\xampp\htdocs\book\data\runtime\Cache\Admin\9d543dd219145434ed23285575c3f793.php 第 359 行.
NOTIC: [8] Undefined index: n_id E:\xampp\htdocs\book\data\runtime\Cache\Admin\9d543dd219145434ed23285575c3f793.php 第 365 行.
NOTIC: [8] Undefined index: n_id E:\xampp\htdocs\book\data\runtime\Cache\Admin\9d543dd219145434ed23285575c3f793.php 第 376 行.
NOTIC: [8] Undefined index: n_id E:\xampp\htdocs\book\data\runtime\Cache\Admin\9d543dd219145434ed23285575c3f793.php 第 384 行.

[ 2017-05-13T11:14:15+08:00 ] 127.0.0.1 /index.php?m=Admin&c=Borrow&a=index&p=3
NOTIC: [8] Undefined variable: map E:\xampp\htdocs\book\app\Admin\Controller\BorrowController.class.php 第 16 行.
NOTIC: [8] Undefined variable: map E:\xampp\htdocs\book\app\Admin\Controller\BorrowController.class.php 第 26 行.
NOTIC: [8] Undefined variable: keytype E:\xampp\htdocs\book\data\runtime\Cache\Admin\9d543dd219145434ed23285575c3f793.php 第 251 行.
NOTIC: [8] Undefined variable: keytype E:\xampp\htdocs\book\data\runtime\Cache\Admin\9d543dd219145434ed23285575c3f793.php 第 251 行.
NOTIC: [8] Undefined variable: keytype E:\xampp\htdocs\book\data\runtime\Cache\Admin\9d543dd219145434ed23285575c3f793.php 第 252 行.
NOTIC: [8] Undefined variable: diyflag E:\xampp\htdocs\book\data\runtime\Cache\Admin\9d543dd219145434ed23285575c3f793.php 第 256 行.
NOTIC: [8] Undefined variable: opentype_check E:\xampp\htdocs\book\data\runtime\Cache\Admin\9d543dd219145434ed23285575c3f793.php 第 260 行.
NOTIC: [8] Undefined variable: opentype_check E:\xampp\htdocs\book\data\runtime\Cache\Admin\9d543dd219145434ed23285575c3f793.php 第 261 行.
NOTIC: [8] Undefined variable: sldate E:\xampp\htdocs\book\data\runtime\Cache\Admin\9d543dd219145434ed23285575c3f793.php 第 270 行.
NOTIC: [8] Undefined variable: keyy E:\xampp\htdocs\book\data\runtime\Cache\Admin\9d543dd219145434ed23285575c3f793.php 第 280 行.
NOTIC: [8] Undefined index: n_id E:\xampp\htdocs\book\data\runtime\Cache\Admin\9d543dd219145434ed23285575c3f793.php 第 334 行.
NOTIC: [8] Undefined index: news_auto E:\xampp\htdocs\book\data\runtime\Cache\Admin\9d543dd219145434ed23285575c3f793.php 第 339 行.
NOTIC: [8] Undefined index: n_id E:\xampp\htdocs\book\data\runtime\Cache\Admin\9d543dd219145434ed23285575c3f793.php 第 345 行.
NOTIC: [8] Undefined index: n_id E:\xampp\htdocs\book\data\runtime\Cache\Admin\9d543dd219145434ed23285575c3f793.php 第 359 行.
NOTIC: [8] Undefined index: n_id E:\xampp\htdocs\book\data\runtime\Cache\Admin\9d543dd219145434ed23285575c3f793.php 第 365 行.
NOTIC: [8] Undefined index: n_id E:\xampp\htdocs\book\data\runtime\Cache\Admin\9d543dd219145434ed23285575c3f793.php 第 376 行.
NOTIC: [8] Undefined index: n_id E:\xampp\htdocs\book\data\runtime\Cache\Admin\9d543dd219145434ed23285575c3f793.php 第 384 行.
NOTIC: [8] Undefined index: n_id E:\xampp\htdocs\book\data\runtime\Cache\Admin\9d543dd219145434ed23285575c3f793.php 第 334 行.
NOTIC: [8] Undefined index: news_auto E:\xampp\htdocs\book\data\runtime\Cache\Admin\9d543dd219145434ed23285575c3f793.php 第 339 行.
NOTIC: [8] Undefined index: n_id E:\xampp\htdocs\book\data\runtime\Cache\Admin\9d543dd219145434ed23285575c3f793.php 第 345 行.
NOTIC: [8] Undefined index: n_id E:\xampp\htdocs\book\data\runtime\Cache\Admin\9d543dd219145434ed23285575c3f793.php 第 359 行.
NOTIC: [8] Undefined index: n_id E:\xampp\htdocs\book\data\runtime\Cache\Admin\9d543dd219145434ed23285575c3f793.php 第 365 行.
NOTIC: [8] Undefined index: n_id E:\xampp\htdocs\book\data\runtime\Cache\Admin\9d543dd219145434ed23285575c3f793.php 第 376 行.
NOTIC: [8] Undefined index: n_id E:\xampp\htdocs\book\data\runtime\Cache\Admin\9d543dd219145434ed23285575c3f793.php 第 384 行.

[ 2017-05-13T11:14:18+08:00 ] 127.0.0.1 /index.php?m=Admin&c=Borrow&a=index&p=2
NOTIC: [8] Undefined variable: map E:\xampp\htdocs\book\app\Admin\Controller\BorrowController.class.php 第 16 行.
NOTIC: [8] Undefined variable: map E:\xampp\htdocs\book\app\Admin\Controller\BorrowController.class.php 第 26 行.
NOTIC: [8] Undefined variable: keytype E:\xampp\htdocs\book\data\runtime\Cache\Admin\9d543dd219145434ed23285575c3f793.php 第 251 行.
NOTIC: [8] Undefined variable: keytype E:\xampp\htdocs\book\data\runtime\Cache\Admin\9d543dd219145434ed23285575c3f793.php 第 251 行.
NOTIC: [8] Undefined variable: keytype E:\xampp\htdocs\book\data\runtime\Cache\Admin\9d543dd219145434ed23285575c3f793.php 第 252 行.
NOTIC: [8] Undefined variable: diyflag E:\xampp\htdocs\book\data\runtime\Cache\Admin\9d543dd219145434ed23285575c3f793.php 第 256 行.
NOTIC: [8] Undefined variable: opentype_check E:\xampp\htdocs\book\data\runtime\Cache\Admin\9d543dd219145434ed23285575c3f793.php 第 260 行.
NOTIC: [8] Undefined variable: opentype_check E:\xampp\htdocs\book\data\runtime\Cache\Admin\9d543dd219145434ed23285575c3f793.php 第 261 行.
NOTIC: [8] Undefined variable: sldate E:\xampp\htdocs\book\data\runtime\Cache\Admin\9d543dd219145434ed23285575c3f793.php 第 270 行.
NOTIC: [8] Undefined variable: keyy E:\xampp\htdocs\book\data\runtime\Cache\Admin\9d543dd219145434ed23285575c3f793.php 第 280 行.
NOTIC: [8] Undefined index: n_id E:\xampp\htdocs\book\data\runtime\Cache\Admin\9d543dd219145434ed23285575c3f793.php 第 334 行.
NOTIC: [8] Undefined index: news_auto E:\xampp\htdocs\book\data\runtime\Cache\Admin\9d543dd219145434ed23285575c3f793.php 第 339 行.
NOTIC: [8] Undefined index: n_id E:\xampp\htdocs\book\data\runtime\Cache\Admin\9d543dd219145434ed23285575c3f793.php 第 345 行.
NOTIC: [8] Undefined index: n_id E:\xampp\htdocs\book\data\runtime\Cache\Admin\9d543dd219145434ed23285575c3f793.php 第 359 行.
NOTIC: [8] Undefined index: n_id E:\xampp\htdocs\book\data\runtime\Cache\Admin\9d543dd219145434ed23285575c3f793.php 第 365 行.
NOTIC: [8] Undefined index: n_id E:\xampp\htdocs\book\data\runtime\Cache\Admin\9d543dd219145434ed23285575c3f793.php 第 376 行.
NOTIC: [8] Undefined index: n_id E:\xampp\htdocs\book\data\runtime\Cache\Admin\9d543dd219145434ed23285575c3f793.php 第 384 行.
NOTIC: [8] Undefined index: n_id E:\xampp\htdocs\book\data\runtime\Cache\Admin\9d543dd219145434ed23285575c3f793.php 第 334 行.
NOTIC: [8] Undefined index: news_auto E:\xampp\htdocs\book\data\runtime\Cache\Admin\9d543dd219145434ed23285575c3f793.php 第 339 行.
NOTIC: [8] Undefined index: n_id E:\xampp\htdocs\book\data\runtime\Cache\Admin\9d543dd219145434ed23285575c3f793.php 第 345 行.
NOTIC: [8] Undefined index: n_id E:\xampp\htdocs\book\data\runtime\Cache\Admin\9d543dd219145434ed23285575c3f793.php 第 359 行.
NOTIC: [8] Undefined index: n_id E:\xampp\htdocs\book\data\runtime\Cache\Admin\9d543dd219145434ed23285575c3f793.php 第 365 行.
NOTIC: [8] Undefined index: n_id E:\xampp\htdocs\book\data\runtime\Cache\Admin\9d543dd219145434ed23285575c3f793.php 第 376 行.
NOTIC: [8] Undefined index: n_id E:\xampp\htdocs\book\data\runtime\Cache\Admin\9d543dd219145434ed23285575c3f793.php 第 384 行.
NOTIC: [8] Undefined index: n_id E:\xampp\htdocs\book\data\runtime\Cache\Admin\9d543dd219145434ed23285575c3f793.php 第 334 行.
NOTIC: [8] Undefined index: news_auto E:\xampp\htdocs\book\data\runtime\Cache\Admin\9d543dd219145434ed23285575c3f793.php 第 339 行.
NOTIC: [8] Undefined index: n_id E:\xampp\htdocs\book\data\runtime\Cache\Admin\9d543dd219145434ed23285575c3f793.php 第 345 行.
NOTIC: [8] Undefined index: n_id E:\xampp\htdocs\book\data\runtime\Cache\Admin\9d543dd219145434ed23285575c3f793.php 第 359 行.
NOTIC: [8] Undefined index: n_id E:\xampp\htdocs\book\data\runtime\Cache\Admin\9d543dd219145434ed23285575c3f793.php 第 365 行.
NOTIC: [8] Undefined index: n_id E:\xampp\htdocs\book\data\runtime\Cache\Admin\9d543dd219145434ed23285575c3f793.php 第 376 行.
NOTIC: [8] Undefined index: n_id E:\xampp\htdocs\book\data\runtime\Cache\Admin\9d543dd219145434ed23285575c3f793.php 第 384 行.
NOTIC: [8] Undefined index: n_id E:\xampp\htdocs\book\data\runtime\Cache\Admin\9d543dd219145434ed23285575c3f793.php 第 334 行.
NOTIC: [8] Undefined index: news_auto E:\xampp\htdocs\book\data\runtime\Cache\Admin\9d543dd219145434ed23285575c3f793.php 第 339 行.
NOTIC: [8] Undefined index: n_id E:\xampp\htdocs\book\data\runtime\Cache\Admin\9d543dd219145434ed23285575c3f793.php 第 345 行.
NOTIC: [8] Undefined index: n_id E:\xampp\htdocs\book\data\runtime\Cache\Admin\9d543dd219145434ed23285575c3f793.php 第 359 行.
NOTIC: [8] Undefined index: n_id E:\xampp\htdocs\book\data\runtime\Cache\Admin\9d543dd219145434ed23285575c3f793.php 第 365 行.
NOTIC: [8] Undefined index: n_id E:\xampp\htdocs\book\data\runtime\Cache\Admin\9d543dd219145434ed23285575c3f793.php 第 376 行.
NOTIC: [8] Undefined index: n_id E:\xampp\htdocs\book\data\runtime\Cache\Admin\9d543dd219145434ed23285575c3f793.php 第 384 行.
NOTIC: [8] Undefined index: n_id E:\xampp\htdocs\book\data\runtime\Cache\Admin\9d543dd219145434ed23285575c3f793.php 第 334 行.
NOTIC: [8] Undefined index: news_auto E:\xampp\htdocs\book\data\runtime\Cache\Admin\9d543dd219145434ed23285575c3f793.php 第 339 行.
NOTIC: [8] Undefined index: n_id E:\xampp\htdocs\book\data\runtime\Cache\Admin\9d543dd219145434ed23285575c3f793.php 第 345 行.
NOTIC: [8] Undefined index: n_id E:\xampp\htdocs\book\data\runtime\Cache\Admin\9d543dd219145434ed23285575c3f793.php 第 359 行.
NOTIC: [8] Undefined index: n_id E:\xampp\htdocs\book\data\runtime\Cache\Admin\9d543dd219145434ed23285575c3f793.php 第 365 行.
NOTIC: [8] Undefined index: n_id E:\xampp\htdocs\book\data\runtime\Cache\Admin\9d543dd219145434ed23285575c3f793.php 第 376 行.
NOTIC: [8] Undefined index: n_id E:\xampp\htdocs\book\data\runtime\Cache\Admin\9d543dd219145434ed23285575c3f793.php 第 384 行.
NOTIC: [8] Undefined index: n_id E:\xampp\htdocs\book\data\runtime\Cache\Admin\9d543dd219145434ed23285575c3f793.php 第 334 行.
NOTIC: [8] Undefined index: news_auto E:\xampp\htdocs\book\data\runtime\Cache\Admin\9d543dd219145434ed23285575c3f793.php 第 339 行.
NOTIC: [8] Undefined index: n_id E:\xampp\htdocs\book\data\runtime\Cache\Admin\9d543dd219145434ed23285575c3f793.php 第 345 行.
NOTIC: [8] Undefined index: n_id E:\xampp\htdocs\book\data\runtime\Cache\Admin\9d543dd219145434ed23285575c3f793.php 第 359 行.
NOTIC: [8] Undefined index: n_id E:\xampp\htdocs\book\data\runtime\Cache\Admin\9d543dd219145434ed23285575c3f793.php 第 365 行.
NOTIC: [8] Undefined index: n_id E:\xampp\htdocs\book\data\runtime\Cache\Admin\9d543dd219145434ed23285575c3f793.php 第 376 行.
NOTIC: [8] Undefined index: n_id E:\xampp\htdocs\book\data\runtime\Cache\Admin\9d543dd219145434ed23285575c3f793.php 第 384 行.
NOTIC: [8] Undefined index: n_id E:\xampp\htdocs\book\data\runtime\Cache\Admin\9d543dd219145434ed23285575c3f793.php 第 334 行.
NOTIC: [8] Undefined index: news_auto E:\xampp\htdocs\book\data\runtime\Cache\Admin\9d543dd219145434ed23285575c3f793.php 第 339 行.
NOTIC: [8] Undefined index: n_id E:\xampp\htdocs\book\data\runtime\Cache\Admin\9d543dd219145434ed23285575c3f793.php 第 345 行.
NOTIC: [8] Undefined index: n_id E:\xampp\htdocs\book\data\runtime\Cache\Admin\9d543dd219145434ed23285575c3f793.php 第 359 行.
NOTIC: [8] Undefined index: n_id E:\xampp\htdocs\book\data\runtime\Cache\Admin\9d543dd219145434ed23285575c3f793.php 第 365 行.
NOTIC: [8] Undefined index: n_id E:\xampp\htdocs\book\data\runtime\Cache\Admin\9d543dd219145434ed23285575c3f793.php 第 376 行.
NOTIC: [8] Undefined index: n_id E:\xampp\htdocs\book\data\runtime\Cache\Admin\9d543dd219145434ed23285575c3f793.php 第 384 行.
NOTIC: [8] Undefined index: n_id E:\xampp\htdocs\book\data\runtime\Cache\Admin\9d543dd219145434ed23285575c3f793.php 第 334 行.
NOTIC: [8] Undefined index: news_auto E:\xampp\htdocs\book\data\runtime\Cache\Admin\9d543dd219145434ed23285575c3f793.php 第 339 行.
NOTIC: [8] Undefined index: n_id E:\xampp\htdocs\book\data\runtime\Cache\Admin\9d543dd219145434ed23285575c3f793.php 第 345 行.
NOTIC: [8] Undefined index: n_id E:\xampp\htdocs\book\data\runtime\Cache\Admin\9d543dd219145434ed23285575c3f793.php 第 359 行.
NOTIC: [8] Undefined index: n_id E:\xampp\htdocs\book\data\runtime\Cache\Admin\9d543dd219145434ed23285575c3f793.php 第 365 行.
NOTIC: [8] Undefined index: n_id E:\xampp\htdocs\book\data\runtime\Cache\Admin\9d543dd219145434ed23285575c3f793.php 第 376 行.
NOTIC: [8] Undefined index: n_id E:\xampp\htdocs\book\data\runtime\Cache\Admin\9d543dd219145434ed23285575c3f793.php 第 384 行.
NOTIC: [8] Undefined index: n_id E:\xampp\htdocs\book\data\runtime\Cache\Admin\9d543dd219145434ed23285575c3f793.php 第 334 行.
NOTIC: [8] Undefined index: news_auto E:\xampp\htdocs\book\data\runtime\Cache\Admin\9d543dd219145434ed23285575c3f793.php 第 339 行.
NOTIC: [8] Undefined index: n_id E:\xampp\htdocs\book\data\runtime\Cache\Admin\9d543dd219145434ed23285575c3f793.php 第 345 行.
NOTIC: [8] Undefined index: n_id E:\xampp\htdocs\book\data\runtime\Cache\Admin\9d543dd219145434ed23285575c3f793.php 第 359 行.
NOTIC: [8] Undefined index: n_id E:\xampp\htdocs\book\data\runtime\Cache\Admin\9d543dd219145434ed23285575c3f793.php 第 365 行.
NOTIC: [8] Undefined index: n_id E:\xampp\htdocs\book\data\runtime\Cache\Admin\9d543dd219145434ed23285575c3f793.php 第 376 行.
NOTIC: [8] Undefined index: n_id E:\xampp\htdocs\book\data\runtime\Cache\Admin\9d543dd219145434ed23285575c3f793.php 第 384 行.
NOTIC: [8] Undefined index: n_id E:\xampp\htdocs\book\data\runtime\Cache\Admin\9d543dd219145434ed23285575c3f793.php 第 334 行.
NOTIC: [8] Undefined index: news_auto E:\xampp\htdocs\book\data\runtime\Cache\Admin\9d543dd219145434ed23285575c3f793.php 第 339 行.
NOTIC: [8] Undefined index: n_id E:\xampp\htdocs\book\data\runtime\Cache\Admin\9d543dd219145434ed23285575c3f793.php 第 345 行.
NOTIC: [8] Undefined index: n_id E:\xampp\htdocs\book\data\runtime\Cache\Admin\9d543dd219145434ed23285575c3f793.php 第 359 行.
NOTIC: [8] Undefined index: n_id E:\xampp\htdocs\book\data\runtime\Cache\Admin\9d543dd219145434ed23285575c3f793.php 第 365 行.
NOTIC: [8] Undefined index: n_id E:\xampp\htdocs\book\data\runtime\Cache\Admin\9d543dd219145434ed23285575c3f793.php 第 376 行.
NOTIC: [8] Undefined index: n_id E:\xampp\htdocs\book\data\runtime\Cache\Admin\9d543dd219145434ed23285575c3f793.php 第 384 行.

[ 2017-05-13T11:14:50+08:00 ] 127.0.0.1 /index.php?m=Admin&c=Books&a=books_add
NOTIC: [8] Undefined index: parentid E:\xampp\htdocs\book\ThinkPHP\Library\Org\Util\Leftnav.class.php 第 58 行.
NOTIC: [8] Undefined index: parentid E:\xampp\htdocs\book\ThinkPHP\Library\Org\Util\Leftnav.class.php 第 58 行.
NOTIC: [8] Undefined index: parentid E:\xampp\htdocs\book\ThinkPHP\Library\Org\Util\Leftnav.class.php 第 58 行.
NOTIC: [8] Undefined index: parentid E:\xampp\htdocs\book\ThinkPHP\Library\Org\Util\Leftnav.class.php 第 58 行.
NOTIC: [8] Undefined index: parentid E:\xampp\htdocs\book\ThinkPHP\Library\Org\Util\Leftnav.class.php 第 58 行.
NOTIC: [8] Undefined index: parentid E:\xampp\htdocs\book\ThinkPHP\Library\Org\Util\Leftnav.class.php 第 58 行.
NOTIC: [8] Undefined index: parentid E:\xampp\htdocs\book\ThinkPHP\Library\Org\Util\Leftnav.class.php 第 58 行.
NOTIC: [8] Undefined index: parentid E:\xampp\htdocs\book\ThinkPHP\Library\Org\Util\Leftnav.class.php 第 58 行.
NOTIC: [8] Undefined index: parentid E:\xampp\htdocs\book\ThinkPHP\Library\Org\Util\Leftnav.class.php 第 58 行.
NOTIC: [8] Undefined index: parentid E:\xampp\htdocs\book\ThinkPHP\Library\Org\Util\Leftnav.class.php 第 58 行.
NOTIC: [8] Undefined index: parentid E:\xampp\htdocs\book\ThinkPHP\Library\Org\Util\Leftnav.class.php 第 58 行.
NOTIC: [8] Undefined index: parentid E:\xampp\htdocs\book\ThinkPHP\Library\Org\Util\Leftnav.class.php 第 58 行.
NOTIC: [8] Undefined index: parentid E:\xampp\htdocs\book\ThinkPHP\Library\Org\Util\Leftnav.class.php 第 58 行.
NOTIC: [8] Undefined index: parentid E:\xampp\htdocs\book\ThinkPHP\Library\Org\Util\Leftnav.class.php 第 58 行.
NOTIC: [8] Undefined index: parentid E:\xampp\htdocs\book\ThinkPHP\Library\Org\Util\Leftnav.class.php 第 58 行.
NOTIC: [8] Undefined index: parentid E:\xampp\htdocs\book\ThinkPHP\Library\Org\Util\Leftnav.class.php 第 58 行.
NOTIC: [8] Undefined index: parentid E:\xampp\htdocs\book\ThinkPHP\Library\Org\Util\Leftnav.class.php 第 58 行.
NOTIC: [8] Undefined index: parentid E:\xampp\htdocs\book\ThinkPHP\Library\Org\Util\Leftnav.class.php 第 58 行.
NOTIC: [8] Undefined index: parentid E:\xampp\htdocs\book\ThinkPHP\Library\Org\Util\Leftnav.class.php 第 58 行.
NOTIC: [8] Undefined index: parentid E:\xampp\htdocs\book\ThinkPHP\Library\Org\Util\Leftnav.class.php 第 58 行.
NOTIC: [8] Undefined index: parentid E:\xampp\htdocs\book\ThinkPHP\Library\Org\Util\Leftnav.class.php 第 58 行.
NOTIC: [8] Undefined index: parentid E:\xampp\htdocs\book\ThinkPHP\Library\Org\Util\Leftnav.class.php 第 58 行.
NOTIC: [8] Undefined index: parentid E:\xampp\htdocs\book\ThinkPHP\Library\Org\Util\Leftnav.class.php 第 58 行.
NOTIC: [8] Undefined index: parentid E:\xampp\htdocs\book\ThinkPHP\Library\Org\Util\Leftnav.class.php 第 58 行.
NOTIC: [8] Undefined index: parentid E:\xampp\htdocs\book\ThinkPHP\Library\Org\Util\Leftnav.class.php 第 58 行.
NOTIC: [8] Undefined index: parentid E:\xampp\htdocs\book\ThinkPHP\Library\Org\Util\Leftnav.class.php 第 58 行.
NOTIC: [8] Undefined index: parentid E:\xampp\htdocs\book\ThinkPHP\Library\Org\Util\Leftnav.class.php 第 58 行.
NOTIC: [8] Undefined index: parentid E:\xampp\htdocs\book\ThinkPHP\Library\Org\Util\Leftnav.class.php 第 58 行.
NOTIC: [8] Undefined index: parentid E:\xampp\htdocs\book\ThinkPHP\Library\Org\Util\Leftnav.class.php 第 58 行.
NOTIC: [8] Undefined index: parentid E:\xampp\htdocs\book\ThinkPHP\Library\Org\Util\Leftnav.class.php 第 58 行.

[ 2017-05-13T11:15:25+08:00 ] 127.0.0.1 /index.php?m=Admin&c=Goods&a=goods_list
NOTIC: [8] Undefined variable: diyflag E:\xampp\htdocs\book\data\runtime\Cache\Admin\425a42625ce3f7f36746b46498f2ab35.php 第 256 行.
NOTIC: [8] Undefined index: news_flag E:\xampp\htdocs\book\data\runtime\Cache\Admin\425a42625ce3f7f36746b46498f2ab35.php 第 342 行.
NOTIC: [8] Undefined index: news_flag E:\xampp\htdocs\book\data\runtime\Cache\Admin\425a42625ce3f7f36746b46498f2ab35.php 第 343 行.
NOTIC: [8] Undefined index: news_flag E:\xampp\htdocs\book\data\runtime\Cache\Admin\425a42625ce3f7f36746b46498f2ab35.php 第 344 行.
NOTIC: [8] Undefined index: news_flag E:\xampp\htdocs\book\data\runtime\Cache\Admin\425a42625ce3f7f36746b46498f2ab35.php 第 345 行.
NOTIC: [8] Undefined index: news_flag E:\xampp\htdocs\book\data\runtime\Cache\Admin\425a42625ce3f7f36746b46498f2ab35.php 第 346 行.
NOTIC: [8] Undefined index: news_flag E:\xampp\htdocs\book\data\runtime\Cache\Admin\425a42625ce3f7f36746b46498f2ab35.php 第 347 行.
NOTIC: [8] Undefined index: news_flag E:\xampp\htdocs\book\data\runtime\Cache\Admin\425a42625ce3f7f36746b46498f2ab35.php 第 348 行.
NOTIC: [8] Undefined index: news_flag E:\xampp\htdocs\book\data\runtime\Cache\Admin\425a42625ce3f7f36746b46498f2ab35.php 第 349 行.
NOTIC: [8] Undefined index: news_flag E:\xampp\htdocs\book\data\runtime\Cache\Admin\425a42625ce3f7f36746b46498f2ab35.php 第 350 行.
NOTIC: [8] Undefined index: news_flag E:\xampp\htdocs\book\data\runtime\Cache\Admin\425a42625ce3f7f36746b46498f2ab35.php 第 342 行.
NOTIC: [8] Undefined index: news_flag E:\xampp\htdocs\book\data\runtime\Cache\Admin\425a42625ce3f7f36746b46498f2ab35.php 第 343 行.
NOTIC: [8] Undefined index: news_flag E:\xampp\htdocs\book\data\runtime\Cache\Admin\425a42625ce3f7f36746b46498f2ab35.php 第 344 行.
NOTIC: [8] Undefined index: news_flag E:\xampp\htdocs\book\data\runtime\Cache\Admin\425a42625ce3f7f36746b46498f2ab35.php 第 345 行.
NOTIC: [8] Undefined index: news_flag E:\xampp\htdocs\book\data\runtime\Cache\Admin\425a42625ce3f7f36746b46498f2ab35.php 第 346 行.
NOTIC: [8] Undefined index: news_flag E:\xampp\htdocs\book\data\runtime\Cache\Admin\425a42625ce3f7f36746b46498f2ab35.php 第 347 行.
NOTIC: [8] Undefined index: news_flag E:\xampp\htdocs\book\data\runtime\Cache\Admin\425a42625ce3f7f36746b46498f2ab35.php 第 348 行.
NOTIC: [8] Undefined index: news_flag E:\xampp\htdocs\book\data\runtime\Cache\Admin\425a42625ce3f7f36746b46498f2ab35.php 第 349 行.
NOTIC: [8] Undefined index: news_flag E:\xampp\htdocs\book\data\runtime\Cache\Admin\425a42625ce3f7f36746b46498f2ab35.php 第 350 行.
NOTIC: [8] Undefined index: news_flag E:\xampp\htdocs\book\data\runtime\Cache\Admin\425a42625ce3f7f36746b46498f2ab35.php 第 342 行.
NOTIC: [8] Undefined index: news_flag E:\xampp\htdocs\book\data\runtime\Cache\Admin\425a42625ce3f7f36746b46498f2ab35.php 第 343 行.
NOTIC: [8] Undefined index: news_flag E:\xampp\htdocs\book\data\runtime\Cache\Admin\425a42625ce3f7f36746b46498f2ab35.php 第 344 行.
NOTIC: [8] Undefined index: news_flag E:\xampp\htdocs\book\data\runtime\Cache\Admin\425a42625ce3f7f36746b46498f2ab35.php 第 345 行.
NOTIC: [8] Undefined index: news_flag E:\xampp\htdocs\book\data\runtime\Cache\Admin\425a42625ce3f7f36746b46498f2ab35.php 第 346 行.
NOTIC: [8] Undefined index: news_flag E:\xampp\htdocs\book\data\runtime\Cache\Admin\425a42625ce3f7f36746b46498f2ab35.php 第 347 行.
NOTIC: [8] Undefined index: news_flag E:\xampp\htdocs\book\data\runtime\Cache\Admin\425a42625ce3f7f36746b46498f2ab35.php 第 348 行.
NOTIC: [8] Undefined index: news_flag E:\xampp\htdocs\book\data\runtime\Cache\Admin\425a42625ce3f7f36746b46498f2ab35.php 第 349 行.
NOTIC: [8] Undefined index: news_flag E:\xampp\htdocs\book\data\runtime\Cache\Admin\425a42625ce3f7f36746b46498f2ab35.php 第 350 行.

